[ 2015-12-31T10:40:41+08:00 ] 127.0.0.1 /Api/index/changephone
INFO: [ app_init ] --START--
INFO: Run Behavior\BuildLiteBehavior [ RunTime:0.000013s ]
INFO: [ app_init ] --END-- [ RunTime:0.000444s ]
INFO: [ app_begin ] --START--
INFO: Run Behavior\ReadHtmlCacheBehavior [ RunTime:0.000639s ]
INFO: [ app_begin ] --END-- [ RunTime:0.000692s ]
SQL: SHOW COLUMNS FROM `t_changephone` [ RunTime:0.0094s ]
SQL: SHOW COLUMNS FROM `t_user` [ RunTime:0.0084s ]
SQL: SELECT * FROM `t_user` WHERE `id` = 1 LIMIT 1   [ RunTime:0.0103s ]
SQL: SELECT * FROM `t_user` WHERE `id` = 111192 LIMIT 1   [ RunTime:0.0108s ]
SQL: INSERT INTO `t_changephone` (`uid`,`phone`,`userid`,`uphone`,`addtime`) VALUES ('1','15104232025','111192','18301034592','1451529641') [ RunTime:0.0132s ]

[ 2015-12-31T11:19:16+08:00 ] 127.0.0.1 /Api/index/changephone
INFO: [ app_init ] --START--
INFO: Run Behavior\BuildLiteBehavior [ RunTime:0.000015s ]
INFO: [ app_init ] --END-- [ RunTime:0.000544s ]
INFO: [ app_begin ] --START--
INFO: Run Behavior\ReadHtmlCacheBehavior [ RunTime:0.000842s ]
INFO: [ app_begin ] --END-- [ RunTime:0.000921s ]
ERR: 非法操作:changephone

[ 2015-12-31T11:19:29+08:00 ] 127.0.0.1 /Api/index/addchangephone
INFO: [ app_init ] --START--
INFO: Run Behavior\BuildLiteBehavior [ RunTime:0.000014s ]
INFO: [ app_init ] --END-- [ RunTime:0.000462s ]
INFO: [ app_begin ] --START--
INFO: Run Behavior\ReadHtmlCacheBehavior [ RunTime:0.000701s ]
INFO: [ app_begin ] --END-- [ RunTime:0.000757s ]
SQL: SHOW COLUMNS FROM `t_changephone` [ RunTime:0.0095s ]
SQL: SHOW COLUMNS FROM `t_user` [ RunTime:0.0115s ]
SQL: SELECT * FROM `t_changephone` WHERE `uid` = 1 AND `userid` = 111192 LIMIT 1   [ RunTime:0.0088s ]
SQL: UPDATE `t_changephone` SET `state`='1',`addtime`='1451531969' WHERE `uid` = 1 AND `userid` = 111192 [ RunTime:0.0141s ]

[ 2015-12-31T11:19:43+08:00 ] 127.0.0.1 /Api/index/addchangephone
INFO: [ app_init ] --START--
INFO: Run Behavior\BuildLiteBehavior [ RunTime:0.000014s ]
INFO: [ app_init ] --END-- [ RunTime:0.000510s ]
INFO: [ app_begin ] --START--
INFO: Run Behavior\ReadHtmlCacheBehavior [ RunTime:0.000788s ]
INFO: [ app_begin ] --END-- [ RunTime:0.000854s ]
SQL: SHOW COLUMNS FROM `t_changephone` [ RunTime:0.0102s ]
SQL: SHOW COLUMNS FROM `t_user` [ RunTime:0.0135s ]
SQL: SELECT * FROM `t_changephone` WHERE `uid` = 1 AND `userid` = 111192 LIMIT 1   [ RunTime:0.0122s ]

[ 2015-12-31T11:19:49+08:00 ] 127.0.0.1 /Api/index/addchangephone
INFO: [ app_init ] --START--
INFO: Run Behavior\BuildLiteBehavior [ RunTime:0.000014s ]
INFO: [ app_init ] --END-- [ RunTime:0.000456s ]
INFO: [ app_begin ] --START--
INFO: Run Behavior\ReadHtmlCacheBehavior [ RunTime:0.000669s ]
INFO: [ app_begin ] --END-- [ RunTime:0.000725s ]
SQL: SHOW COLUMNS FROM `t_changephone` [ RunTime:0.0113s ]
SQL: SHOW COLUMNS FROM `t_user` [ RunTime:0.0113s ]
SQL: SELECT * FROM `t_changephone` WHERE `uid` = 1 AND `userid` = 111192 LIMIT 1   [ RunTime:0.0097s ]
SQL: UPDATE `t_changephone` SET `state`='1',`addtime`='1451531989' WHERE `uid` = 1 AND `userid` = 111192 [ RunTime:0.0099s ]

[ 2015-12-31T11:20:09+08:00 ] 127.0.0.1 /Api/index/showchangephone
INFO: [ app_init ] --START--
INFO: Run Behavior\BuildLiteBehavior [ RunTime:0.000013s ]
INFO: [ app_init ] --END-- [ RunTime:0.000522s ]
INFO: [ app_begin ] --START--
INFO: Run Behavior\ReadHtmlCacheBehavior [ RunTime:0.000737s ]
INFO: [ app_begin ] --END-- [ RunTime:0.000801s ]
SQL: SHOW COLUMNS FROM `t_changephone` [ RunTime:0.0107s ]
SQL: SELECT * FROM `t_changephone` WHERE `uid` = 1 AND `userid` = 111192 LIMIT 1   [ RunTime:0.0084s ]

[ 2015-12-31T11:20:46+08:00 ] 127.0.0.1 /Api/index/statechangephone
INFO: [ app_init ] --START--
INFO: Run Behavior\BuildLiteBehavior [ RunTime:0.000014s ]
INFO: [ app_init ] --END-- [ RunTime:0.000561s ]
INFO: [ app_begin ] --START--
INFO: Run Behavior\ReadHtmlCacheBehavior [ RunTime:0.000793s ]
INFO: [ app_begin ] --END-- [ RunTime:0.000846s ]
SQL: SHOW COLUMNS FROM `t_changephone` [ RunTime:0.0106s ]
SQL: UPDATE `t_changephone` SET `state`='2' WHERE `uid` = 1 AND `userid` = 111192 [ RunTime:0.0076s ]

[ 2015-12-31T11:50:38+08:00 ] 127.0.0.1 /Api/index/groupmessage
INFO: [ app_init ] --START--
INFO: Run Behavior\BuildLiteBehavior [ RunTime:0.000015s ]
INFO: [ app_init ] --END-- [ RunTime:0.000561s ]
INFO: [ app_begin ] --START--
INFO: Run Behavior\ReadHtmlCacheBehavior [ RunTime:0.000712s ]
INFO: [ app_begin ] --END-- [ RunTime:0.000767s ]

[ 2015-12-31T11:50:48+08:00 ] 127.0.0.1 /Api/index/groupmessage
INFO: [ app_init ] --START--
INFO: Run Behavior\BuildLiteBehavior [ RunTime:0.000013s ]
INFO: [ app_init ] --END-- [ RunTime:0.000450s ]
INFO: [ app_begin ] --START--
INFO: Run Behavior\ReadHtmlCacheBehavior [ RunTime:0.000533s ]
INFO: [ app_begin ] --END-- [ RunTime:0.000582s ]
SQL: SHOW COLUMNS FROM `t_groupuser` [ RunTime:0.0180s ]
SQL: SHOW COLUMNS FROM `t_message` [ RunTime:0.0191s ]
SQL: SELECT `group_id` FROM `t_groupuser` WHERE ( user_id = 111192 and level >3 )  [ RunTime:0.0120s ]

[ 2015-12-31T11:51:53+08:00 ] 127.0.0.1 /Api/index/groupmessage
INFO: [ app_init ] --START--
INFO: Run Behavior\BuildLiteBehavior [ RunTime:0.000015s ]
INFO: [ app_init ] --END-- [ RunTime:0.000492s ]
INFO: [ app_begin ] --START--
INFO: Run Behavior\ReadHtmlCacheBehavior [ RunTime:0.000572s ]
INFO: [ app_begin ] --END-- [ RunTime:0.000629s ]
SQL: SHOW COLUMNS FROM `t_groupuser` [ RunTime:0.0111s ]
SQL: SHOW COLUMNS FROM `t_message` [ RunTime:0.0110s ]
SQL: SELECT `group_id` FROM `t_groupuser` WHERE ( user_id = 111192 and level >3 )  [ RunTime:0.0103s ]

[ 2015-12-31T11:52:08+08:00 ] 127.0.0.1 /Api/index/groupmessage
INFO: [ app_init ] --START--
INFO: Run Behavior\BuildLiteBehavior [ RunTime:0.000014s ]
INFO: [ app_init ] --END-- [ RunTime:0.000491s ]
INFO: [ app_begin ] --START--
INFO: Run Behavior\ReadHtmlCacheBehavior [ RunTime:0.000576s ]
INFO: [ app_begin ] --END-- [ RunTime:0.000633s ]
SQL: SHOW COLUMNS FROM `t_groupuser` [ RunTime:0.0239s ]
SQL: SHOW COLUMNS FROM `t_message` [ RunTime:0.0119s ]
SQL: SELECT `group_id` FROM `t_groupuser` WHERE ( user_id = 111192 and level >3 )  [ RunTime:0.0132s ]

[ 2015-12-31T11:58:48+08:00 ] 127.0.0.1 /Api/index/groupmessage
INFO: [ app_init ] --START--
INFO: Run Behavior\BuildLiteBehavior [ RunTime:0.000016s ]
INFO: [ app_init ] --END-- [ RunTime:0.000625s ]
INFO: [ app_begin ] --START--
INFO: Run Behavior\ReadHtmlCacheBehavior [ RunTime:0.000983s ]
INFO: [ app_begin ] --END-- [ RunTime:0.001105s ]
SQL: SHOW COLUMNS FROM `t_groupuser` [ RunTime:0.0154s ]
SQL: SHOW COLUMNS FROM `t_message` [ RunTime:0.0106s ]
SQL: SELECT `group_id` FROM `t_groupuser` WHERE ( user_id = 111192 and level >3 )  [ RunTime:0.0100s ]
ERR: SQLSTATE[42S22]: Column not found: 1054 Unknown column 'joingroup' in 'where clause'

[ 2015-12-31T11:59:16+08:00 ] 127.0.0.1 /Api/index/groupmessage
INFO: [ app_init ] --START--
INFO: Run Behavior\BuildLiteBehavior [ RunTime:0.000016s ]
INFO: [ app_init ] --END-- [ RunTime:0.000563s ]
INFO: [ app_begin ] --START--
INFO: Run Behavior\ReadHtmlCacheBehavior [ RunTime:0.000774s ]
INFO: [ app_begin ] --END-- [ RunTime:0.000863s ]
SQL: SHOW COLUMNS FROM `t_groupuser` [ RunTime:0.0092s ]
SQL: SHOW COLUMNS FROM `t_message` [ RunTime:0.0090s ]
SQL: SELECT `group_id` FROM `t_groupuser` WHERE ( user_id = 111192 and level >3 )  [ RunTime:0.0105s ]
ERR: SQLSTATE[42S22]: Column not found: 1054 Unknown column 'joingroup' in 'where clause'

[ 2015-12-31T11:59:31+08:00 ] 127.0.0.1 /Api/index/groupmessage
INFO: [ app_init ] --START--
INFO: Run Behavior\BuildLiteBehavior [ RunTime:0.000024s ]
INFO: [ app_init ] --END-- [ RunTime:0.001028s ]
INFO: [ app_begin ] --START--
INFO: Run Behavior\ReadHtmlCacheBehavior [ RunTime:0.000572s ]
INFO: [ app_begin ] --END-- [ RunTime:0.000636s ]
SQL: SHOW COLUMNS FROM `t_groupuser` [ RunTime:0.0102s ]
SQL: SHOW COLUMNS FROM `t_message` [ RunTime:0.0086s ]
SQL: SELECT `group_id` FROM `t_groupuser` WHERE ( user_id = 111192 and level >3 )  [ RunTime:0.0084s ]
ERR: SQLSTATE[42S22]: Column not found: 1054 Unknown column 'joingroup' in 'where clause'

[ 2015-12-31T12:00:15+08:00 ] 127.0.0.1 /Api/index/groupmessage
INFO: [ app_init ] --START--
INFO: Run Behavior\BuildLiteBehavior [ RunTime:0.000014s ]
INFO: [ app_init ] --END-- [ RunTime:0.000437s ]
INFO: [ app_begin ] --START--
INFO: Run Behavior\ReadHtmlCacheBehavior [ RunTime:0.000559s ]
INFO: [ app_begin ] --END-- [ RunTime:0.000620s ]
SQL: SHOW COLUMNS FROM `t_groupuser` [ RunTime:0.0108s ]
SQL: SHOW COLUMNS FROM `t_message` [ RunTime:0.0112s ]
SQL: SELECT `group_id` FROM `t_groupuser` WHERE ( user_id = 111192 and level >3 )  [ RunTime:0.0079s ]
SQL: SELECT * FROM `t_message` WHERE ( (type = "joingroup")  )  [ RunTime:0.0111s ]

[ 2015-12-31T12:00:32+08:00 ] 127.0.0.1 /Api/index/groupmessage
INFO: [ app_init ] --START--
INFO: Run Behavior\BuildLiteBehavior [ RunTime:0.000020s ]
INFO: [ app_init ] --END-- [ RunTime:0.000667s ]
INFO: [ app_begin ] --START--
INFO: Run Behavior\ReadHtmlCacheBehavior [ RunTime:0.000630s ]
INFO: [ app_begin ] --END-- [ RunTime:0.000729s ]
SQL: SHOW COLUMNS FROM `t_groupuser` [ RunTime:0.0093s ]
SQL: SHOW COLUMNS FROM `t_message` [ RunTime:0.0084s ]
SQL: SELECT `group_id` FROM `t_groupuser` WHERE ( user_id = 111192 and level >3 )  [ RunTime:0.0134s ]
SQL: SELECT * FROM `t_message` WHERE ( (type = "joingroup")  )  [ RunTime:0.0104s ]

[ 2015-12-31T12:01:59+08:00 ] 127.0.0.1 /Api/index/groupmessage
INFO: [ app_init ] --START--
INFO: Run Behavior\BuildLiteBehavior [ RunTime:0.000014s ]
INFO: [ app_init ] --END-- [ RunTime:0.000568s ]
INFO: [ app_begin ] --START--
INFO: Run Behavior\ReadHtmlCacheBehavior [ RunTime:0.000733s ]
INFO: [ app_begin ] --END-- [ RunTime:0.000787s ]
SQL: SHOW COLUMNS FROM `t_groupuser` [ RunTime:0.0116s ]
SQL: SHOW COLUMNS FROM `t_message` [ RunTime:0.0127s ]
SQL: SELECT `group_id` FROM `t_groupuser` WHERE ( user_id = 111192 and level >3 )  [ RunTime:0.0088s ]
SQL: SELECT * FROM `t_message` WHERE ( (type = "joingroup") or (type = "groupbyfriend") )  [ RunTime:0.0093s ]

[ 2015-12-31T12:02:21+08:00 ] 127.0.0.1 /Api/index/groupmessage
INFO: [ app_init ] --START--
INFO: Run Behavior\BuildLiteBehavior [ RunTime:0.000027s ]
INFO: [ app_init ] --END-- [ RunTime:0.000704s ]
INFO: [ app_begin ] --START--
INFO: Run Behavior\ReadHtmlCacheBehavior [ RunTime:0.001099s ]
INFO: [ app_begin ] --END-- [ RunTime:0.001191s ]
SQL: SHOW COLUMNS FROM `t_groupuser` [ RunTime:0.0129s ]
SQL: SHOW COLUMNS FROM `t_message` [ RunTime:0.0101s ]
SQL: SELECT `group_id` FROM `t_groupuser` WHERE ( user_id = 111192 and level >3 )  [ RunTime:0.0081s ]

[ 2015-12-31T12:02:52+08:00 ] 127.0.0.1 /Api/index/groupmessage
INFO: [ app_init ] --START--
INFO: Run Behavior\BuildLiteBehavior [ RunTime:0.000018s ]
INFO: [ app_init ] --END-- [ RunTime:0.000465s ]
INFO: [ app_begin ] --START--
INFO: Run Behavior\ReadHtmlCacheBehavior [ RunTime:0.000671s ]
INFO: [ app_begin ] --END-- [ RunTime:0.000742s ]
SQL: SHOW COLUMNS FROM `t_groupuser` [ RunTime:0.0122s ]
SQL: SHOW COLUMNS FROM `t_message` [ RunTime:0.0132s ]
SQL: SELECT `group_id` FROM `t_groupuser` WHERE ( user_id = 111192 and level >3 )  [ RunTime:0.0092s ]

[ 2015-12-31T12:03:10+08:00 ] 127.0.0.1 /Api/index/groupmessage
INFO: [ app_init ] --START--
INFO: Run Behavior\BuildLiteBehavior [ RunTime:0.000014s ]
INFO: [ app_init ] --END-- [ RunTime:0.000464s ]
INFO: [ app_begin ] --START--
INFO: Run Behavior\ReadHtmlCacheBehavior [ RunTime:0.000535s ]
INFO: [ app_begin ] --END-- [ RunTime:0.000590s ]
SQL: SHOW COLUMNS FROM `t_groupuser` [ RunTime:0.0099s ]
SQL: SHOW COLUMNS FROM `t_message` [ RunTime:0.0105s ]
SQL: SELECT `group_id` FROM `t_groupuser` WHERE ( user_id = 111192 and level >3 )  [ RunTime:0.0096s ]
SQL: SELECT * FROM `t_message` WHERE `typeid` IN (385,386) AND ( (type = "joingroup") )  [ RunTime:0.0096s ]

[ 2015-12-31T12:36:52+08:00 ] 127.0.0.1 /Api/index/groupmessage
INFO: [ app_init ] --START--
INFO: Run Behavior\BuildLiteBehavior [ RunTime:0.000020s ]
INFO: [ app_init ] --END-- [ RunTime:0.000688s ]
INFO: [ app_begin ] --START--
INFO: Run Behavior\ReadHtmlCacheBehavior [ RunTime:0.000924s ]
INFO: [ app_begin ] --END-- [ RunTime:0.001040s ]
SQL: SHOW COLUMNS FROM `t_groupuser` [ RunTime:0.0110s ]
SQL: SHOW COLUMNS FROM `t_message` [ RunTime:0.0118s ]
SQL: SELECT `group_id` FROM `t_groupuser` WHERE ( user_id = 111192 and level >3 )  [ RunTime:0.0111s ]
SQL: SELECT * FROM `t_message` WHERE `typeid` IN (385,386) AND ( (type = "joingroup") ) ORDER BY addtime desc LIMIT 0,15   [ RunTime:0.0111s ]

[ 2015-12-31T12:37:15+08:00 ] 127.0.0.1 /Api/index/groupmessage
INFO: [ app_init ] --START--
INFO: Run Behavior\BuildLiteBehavior [ RunTime:0.000014s ]
INFO: [ app_init ] --END-- [ RunTime:0.000399s ]
INFO: [ app_begin ] --START--
INFO: Run Behavior\ReadHtmlCacheBehavior [ RunTime:0.000535s ]
INFO: [ app_begin ] --END-- [ RunTime:0.000591s ]
SQL: SHOW COLUMNS FROM `t_groupuser` [ RunTime:0.0104s ]
SQL: SHOW COLUMNS FROM `t_message` [ RunTime:0.0105s ]
SQL: SELECT `group_id` FROM `t_groupuser` WHERE ( user_id = 111192 and level >3 )  [ RunTime:0.0168s ]
SQL: SELECT * FROM `t_message` WHERE `typeid` IN (385,386) AND ( (type = "joingroup") ) ORDER BY addtime desc LIMIT 0,15   [ RunTime:0.0202s ]

[ 2015-12-31T12:47:48+08:00 ] 127.0.0.1 /Api/index/groupmessage
INFO: [ app_init ] --START--
INFO: Run Behavior\BuildLiteBehavior [ RunTime:0.000019s ]
INFO: [ app_init ] --END-- [ RunTime:0.000470s ]
INFO: [ app_begin ] --START--
INFO: Run Behavior\ReadHtmlCacheBehavior [ RunTime:0.000672s ]
INFO: [ app_begin ] --END-- [ RunTime:0.000732s ]
SQL: SHOW COLUMNS FROM `t_groupuser` [ RunTime:0.0114s ]
SQL: SHOW COLUMNS FROM `t_message` [ RunTime:0.0117s ]
SQL: SELECT `group_id` FROM `t_groupuser` WHERE ( user_id = 111192 and level >3 )  [ RunTime:0.0162s ]
SQL: SELECT * FROM `t_message` WHERE `typeid` IN (385,386) AND ( (type = "joingroup") ) ORDER BY addtime desc LIMIT 0,15   [ RunTime:0.0090s ]
SQL: SHOW COLUMNS FROM `t_user` [ RunTime:0.0107s ]
SQL: SELECT `simg` FROM `t_user` WHERE ( id = '111196' ) LIMIT 1   [ RunTime:0.0094s ]
SQL: SELECT `simg` FROM `t_user` WHERE ( id = '111197' ) LIMIT 1   [ RunTime:0.0108s ]

[ 2015-12-31T17:27:42+08:00 ] 127.0.0.1 /Api/index/handlegroup
INFO: [ app_init ] --START--
INFO: Run Behavior\BuildLiteBehavior [ RunTime:0.000023s ]
INFO: [ app_init ] --END-- [ RunTime:0.000736s ]
INFO: [ app_begin ] --START--
INFO: Run Behavior\ReadHtmlCacheBehavior [ RunTime:0.001034s ]
INFO: [ app_begin ] --END-- [ RunTime:0.001142s ]
SQL: SHOW COLUMNS FROM `t_message` [ RunTime:0.0119s ]
SQL: SELECT * FROM `t_message` WHERE `id` = 56 LIMIT 1   [ RunTime:0.0099s ]
SQL: SHOW COLUMNS FROM `t_groupuser` [ RunTime:0.0091s ]
SQL: SHOW COLUMNS FROM `t_groups` [ RunTime:0.0103s ]
SQL: SHOW COLUMNS FROM `t_user` [ RunTime:0.0110s ]
SQL: SELECT * FROM `t_groups` WHERE `id` = 385 LIMIT 1   [ RunTime:0.0094s ]
SQL: SELECT * FROM `t_user` WHERE `id` = 111197 LIMIT 1   [ RunTime:0.0229s ]
SQL: UPDATE `t_message` SET `state`='2' WHERE `id` = 56 [ RunTime:0.0088s ]
SQL: INSERT INTO `t_groupuser` (`user_id`,`group_id`,`username`,`addtime`,`level`) VALUES ('111197','385','雨神','1451554062','3') [ RunTime:0.0084s ]
SQL: INSERT INTO `t_message` (`state`,`uid`,`title`,`content`,`addtime`,`type`,`typeid`) VALUES ('0','111197','雨神加入了jjjjjjjq群组','雨神加入了jjjjjjjq群组','1451554062','group','385') [ RunTime:0.0091s ]
NOTIC: [8] Undefined index: typeid D:\wamp\www\qb\Application\Api\Controller\IndexController.class.php 第 1257 行.
SQL: SELECT t_user.jpushid FROM `t_groupuser` left join t_user on t_user.id = t_groupuser.user_id  WHERE ( t_groupuser.group_id = '' and t_groupuser.level > 3 )  [ RunTime:0.0084s ]
NOTIC: [8] Undefined variable: jpushid D:\wamp\www\qb\Application\Api\Controller\IndexController.class.php 第 1265 行.
SQL: INSERT INTO `t_message` (`state`,`uid`,`title`,`content`,`addtime`,`type`,`typeid`) VALUES ('0','111197','您加入了jjjjjjjq群组','您加入了jjjjjjjq群组','1451554062','user','385') [ RunTime:0.0089s ]
NOTIC: [8] Undefined variable: jpushid D:\wamp\www\qb\Application\Api\Controller\IndexController.class.php 第 1275 行.

[ 2015-12-31T17:31:16+08:00 ] 127.0.0.1 /Api/index/handlegroup
INFO: [ app_init ] --START--
INFO: Run Behavior\BuildLiteBehavior [ RunTime:0.000022s ]
INFO: [ app_init ] --END-- [ RunTime:0.000586s ]
INFO: [ app_begin ] --START--
INFO: Run Behavior\ReadHtmlCacheBehavior [ RunTime:0.000688s ]
INFO: [ app_begin ] --END-- [ RunTime:0.000781s ]
SQL: SHOW COLUMNS FROM `t_message` [ RunTime:0.0088s ]
SQL: SELECT * FROM `t_message` WHERE `id` = 55 LIMIT 1   [ RunTime:0.0122s ]
SQL: SHOW COLUMNS FROM `t_groupuser` [ RunTime:0.0081s ]
SQL: SHOW COLUMNS FROM `t_groups` [ RunTime:0.0084s ]
SQL: SHOW COLUMNS FROM `t_user` [ RunTime:0.0253s ]
SQL: SELECT * FROM `t_groups` WHERE `id` = 385 LIMIT 1   [ RunTime:0.0128s ]
SQL: SELECT * FROM `t_user` WHERE `id` = 111199 LIMIT 1   [ RunTime:0.0110s ]
SQL: UPDATE `t_message` SET `state`='2' WHERE `id` = 55 [ RunTime:0.0117s ]
SQL: INSERT INTO `t_groupuser` (`user_id`,`group_id`,`username`,`addtime`,`level`) VALUES ('111199','385','喵喵','1451554276','3') [ RunTime:0.0086s ]
SQL: INSERT INTO `t_message` (`state`,`uid`,`title`,`content`,`addtime`,`type`,`typeid`) VALUES ('0','111199','喵喵加入了jjjjjjjq群组','喵喵加入了jjjjjjjq群组','1451554276','group','385') [ RunTime:0.0076s ]
NOTIC: [8] Undefined index: typeid D:\wamp\www\qb\Application\Api\Controller\IndexController.class.php 第 1257 行.
SQL: SELECT t_user.jpushid FROM `t_groupuser` left join t_user on t_user.id = t_groupuser.user_id  WHERE ( t_groupuser.group_id = '' and t_groupuser.level > 3 )  [ RunTime:0.0195s ]
NOTIC: [8] Undefined variable: jpushid D:\wamp\www\qb\Application\Api\Controller\IndexController.class.php 第 1265 行.
SQL: INSERT INTO `t_message` (`state`,`uid`,`title`,`content`,`addtime`,`type`,`typeid`) VALUES ('0','111199','您加入了jjjjjjjq群组','您加入了jjjjjjjq群组','1451554276','user','385') [ RunTime:0.0101s ]
NOTIC: [8] Undefined variable: jpushid D:\wamp\www\qb\Application\Api\Controller\IndexController.class.php 第 1275 行.

[ 2015-12-31T17:40:45+08:00 ] 127.0.0.1 /Api/index/handlegroup
INFO: [ app_init ] --START--
INFO: Run Behavior\BuildLiteBehavior [ RunTime:0.000019s ]
INFO: [ app_init ] --END-- [ RunTime:0.000459s ]
INFO: [ app_begin ] --START--
INFO: Run Behavior\ReadHtmlCacheBehavior [ RunTime:0.000597s ]
INFO: [ app_begin ] --END-- [ RunTime:0.000654s ]
SQL: SHOW COLUMNS FROM `t_message` [ RunTime:0.0099s ]
SQL: SELECT * FROM `t_message` WHERE `id` = 55 LIMIT 1   [ RunTime:0.0088s ]
SQL: SHOW COLUMNS FROM `t_groupuser` [ RunTime:0.0093s ]
SQL: SHOW COLUMNS FROM `t_groups` [ RunTime:0.0087s ]
SQL: SHOW COLUMNS FROM `t_user` [ RunTime:0.0096s ]
SQL: SELECT * FROM `t_groups` WHERE `id` = 385 LIMIT 1   [ RunTime:0.0198s ]
SQL: SELECT * FROM `t_user` WHERE `id` = 111199 LIMIT 1   [ RunTime:0.0105s ]
SQL: UPDATE `t_message` SET `state`='2' WHERE `id` = 55 [ RunTime:0.0087s ]
SQL: INSERT INTO `t_groupuser` (`user_id`,`group_id`,`username`,`addtime`,`level`) VALUES ('111199','385','喵喵','1451554845','3') [ RunTime:0.0081s ]
SQL: INSERT INTO `t_message` (`state`,`uid`,`title`,`content`,`addtime`,`type`,`typeid`) VALUES ('0','111199','喵喵加入了jjjjjjjq群组','喵喵加入了jjjjjjjq群组','1451554845','group','385') [ RunTime:0.0118s ]
SQL: SELECT t_user.jpushid FROM `t_groupuser` left join t_user on t_user.id = t_groupuser.user_id  WHERE ( t_groupuser.group_id = '385' and t_groupuser.level > 3 )  [ RunTime:0.0085s ]
SQL: INSERT INTO `t_message` (`state`,`uid`,`title`,`content`,`addtime`,`type`,`typeid`) VALUES ('0','111199','您加入了jjjjjjjq群组','您加入了jjjjjjjq群组','1451554845','user','385') [ RunTime:0.0125s ]

[ 2015-12-31T17:45:59+08:00 ] 127.0.0.1 /Api/index/handlegroup
INFO: [ app_init ] --START--
INFO: Run Behavior\BuildLiteBehavior [ RunTime:0.000022s ]
INFO: [ app_init ] --END-- [ RunTime:0.000682s ]
INFO: [ app_begin ] --START--
INFO: Run Behavior\ReadHtmlCacheBehavior [ RunTime:0.000687s ]
INFO: [ app_begin ] --END-- [ RunTime:0.000760s ]
SQL: SHOW COLUMNS FROM `t_message` [ RunTime:0.0099s ]
SQL: SELECT * FROM `t_message` WHERE `id` = 55 LIMIT 1   [ RunTime:0.0206s ]
SQL: SHOW COLUMNS FROM `t_groupuser` [ RunTime:0.0124s ]
SQL: SHOW COLUMNS FROM `t_groups` [ RunTime:0.0100s ]
SQL: SHOW COLUMNS FROM `t_user` [ RunTime:0.0108s ]
SQL: SELECT * FROM `t_groups` WHERE `id` = 385 LIMIT 1   [ RunTime:0.0216s ]
SQL: SELECT * FROM `t_user` WHERE `id` = 111199 LIMIT 1   [ RunTime:0.0170s ]
SQL: UPDATE `t_message` SET `state`='2' WHERE `id` = 55 [ RunTime:0.0098s ]

