[ 2015-12-07T11:26:58+08:00 ] 127.0.0.1 /Api/index/login
INFO: [ app_init ] --START--
INFO: Run Behavior\BuildLiteBehavior [ RunTime:0.000012s ]
INFO: [ app_init ] --END-- [ RunTime:0.000401s ]
INFO: [ app_begin ] --START--
INFO: Run Behavior\ReadHtmlCacheBehavior [ RunTime:0.000496s ]
INFO: [ app_begin ] --END-- [ RunTime:0.000545s ]

[ 2015-12-07T11:27:09+08:00 ] 127.0.0.1 /Api/index/login
INFO: [ app_init ] --START--
INFO: Run Behavior\BuildLiteBehavior [ RunTime:0.000011s ]
INFO: [ app_init ] --END-- [ RunTime:0.000415s ]
INFO: [ app_begin ] --START--
INFO: Run Behavior\ReadHtmlCacheBehavior [ RunTime:0.001066s ]
INFO: [ app_begin ] --END-- [ RunTime:0.001202s ]
SQL: SHOW COLUMNS FROM `t_user` [ RunTime:0.0140s ]
SQL: SELECT * FROM `t_user` WHERE ( phone=132654 ) LIMIT 1   [ RunTime:0.0126s ]

[ 2015-12-07T11:28:29+08:00 ] 127.0.0.1 /Api/index/login
INFO: [ app_init ] --START--
INFO: Run Behavior\BuildLiteBehavior [ RunTime:0.000014s ]
INFO: [ app_init ] --END-- [ RunTime:0.000597s ]
INFO: [ app_begin ] --START--
INFO: Run Behavior\ReadHtmlCacheBehavior [ RunTime:0.000870s ]
INFO: [ app_begin ] --END-- [ RunTime:0.000949s ]
SQL: SHOW COLUMNS FROM `t_user` [ RunTime:0.0139s ]
SQL: SELECT * FROM `t_user` WHERE ( phone=15104232026 ) LIMIT 1   [ RunTime:0.0143s ]
SQL: SELECT `id`,`phone`,`jpushid`,`token` FROM `t_user` WHERE `phone` = '15104232026' AND `password` = 'e10adc3949ba59abbe56e057f20f883e' LIMIT 1   [ RunTime:0.0111s ]

[ 2015-12-07T11:28:52+08:00 ] 127.0.0.1 /Api/index/login
INFO: [ app_init ] --START--
INFO: Run Behavior\BuildLiteBehavior [ RunTime:0.000014s ]
INFO: [ app_init ] --END-- [ RunTime:0.000432s ]
INFO: [ app_begin ] --START--
INFO: Run Behavior\ReadHtmlCacheBehavior [ RunTime:0.000695s ]
INFO: [ app_begin ] --END-- [ RunTime:0.000765s ]
SQL: SHOW COLUMNS FROM `t_user` [ RunTime:0.0146s ]
SQL: SELECT * FROM `t_user` WHERE ( phone=15104232026 ) LIMIT 1   [ RunTime:0.0165s ]
SQL: SELECT `id`,`phone`,`jpushid`,`token` FROM `t_user` WHERE `phone` = '15104232026' AND `password` = '96e79218965eb72c92a549dd5a330112' LIMIT 1   [ RunTime:0.0143s ]
SQL: UPDATE `t_user` SET `jpushid`='' WHERE ( id = '111179' ) [ RunTime:0.0166s ]

