[ 2015-12-29T13:10:11+08:00 ] 127.0.0.1 /Api/index/putonggroup
INFO: [ app_init ] --START--
INFO: Run Behavior\BuildLiteBehavior [ RunTime:0.000013s ]
INFO: [ app_init ] --END-- [ RunTime:0.000484s ]
INFO: [ app_begin ] --START--
INFO: Run Behavior\ReadHtmlCacheBehavior [ RunTime:0.000976s ]
INFO: [ app_begin ] --END-- [ RunTime:0.001058s ]
ERR: SQLSTATE[42S02]: Base table or view not found: 1146 Table 'php8082.t_u_groups' doesn't exist

[ 2015-12-29T13:10:26+08:00 ] 127.0.0.1 /Api/index/putonggroup
INFO: [ app_init ] --START--
INFO: Run Behavior\BuildLiteBehavior [ RunTime:0.000014s ]
INFO: [ app_init ] --END-- [ RunTime:0.000485s ]
INFO: [ app_begin ] --START--
INFO: Run Behavior\ReadHtmlCacheBehavior [ RunTime:0.000628s ]
INFO: [ app_begin ] --END-- [ RunTime:0.000698s ]
ERR: SQLSTATE[42S02]: Base table or view not found: 1146 Table 'php8082.t_u_groups' doesn't exist

[ 2015-12-29T13:10:52+08:00 ] 127.0.0.1 /Api/index/putonggroup
INFO: [ app_init ] --START--
INFO: Run Behavior\BuildLiteBehavior [ RunTime:0.000021s ]
INFO: [ app_init ] --END-- [ RunTime:0.000632s ]
INFO: [ app_begin ] --START--
INFO: Run Behavior\ReadHtmlCacheBehavior [ RunTime:0.000742s ]
INFO: [ app_begin ] --END-- [ RunTime:0.000826s ]
SQL: SHOW COLUMNS FROM `t_groups` [ RunTime:0.0136s ]
SQL: SHOW COLUMNS FROM `t_user` [ RunTime:0.0185s ]
SQL: SELECT * FROM `t_user` WHERE `id` = 1 LIMIT 1   [ RunTime:0.0131s ]
SQL: SELECT * FROM `t_groups`  [ RunTime:0.0245s ]
SQL: SHOW COLUMNS FROM `t_groupuser` [ RunTime:0.0125s ]
SQL: SHOW COLUMNS FROM `t_message` [ RunTime:0.0114s ]
SQL: SELECT * FROM `t_groupuser` WHERE ( group_id = '385' and user_id = '1' ) LIMIT 1   [ RunTime:0.0102s ]
SQL: SELECT * FROM `t_message` WHERE ( type = 'groups' and typeid =  '385' and uid = '1' ) LIMIT 1   [ RunTime:0.0149s ]
SQL: SELECT COUNT(*) AS tp_count FROM `t_groupuser` WHERE ( group_id = '385' ) LIMIT 1   [ RunTime:0.0116s ]

[ 2015-12-29T13:11:46+08:00 ] 127.0.0.1 /Api/index/putonggroup
INFO: [ app_init ] --START--
INFO: Run Behavior\BuildLiteBehavior [ RunTime:0.000013s ]
INFO: [ app_init ] --END-- [ RunTime:0.000395s ]
INFO: [ app_begin ] --START--
INFO: Run Behavior\ReadHtmlCacheBehavior [ RunTime:0.000522s ]
INFO: [ app_begin ] --END-- [ RunTime:0.000576s ]
SQL: SHOW COLUMNS FROM `t_groups` [ RunTime:0.0104s ]
SQL: SHOW COLUMNS FROM `t_user` [ RunTime:0.0110s ]
SQL: SELECT * FROM `t_user` WHERE `id` = 1 LIMIT 1   [ RunTime:0.0085s ]
SQL: SELECT * FROM `t_groups` WHERE `id` = 386 LIMIT 1   [ RunTime:0.0082s ]
SQL: SELECT * FROM `t_groups` WHERE t_groups.title LIKE '%386%' OR t_groups.address LIKE '%386%'  [ RunTime:0.0084s ]
SQL: SHOW COLUMNS FROM `t_groupuser` [ RunTime:0.0094s ]
SQL: SHOW COLUMNS FROM `t_message` [ RunTime:0.0122s ]
NOTIC: [2] array_multisort() [<a href='function.array-multisort'>function.array-multisort</a>]: Argument #1 is expected to be an array or a sort flag D:\wamp\www\qb\Application\Api\Controller\IndexController.class.php 第 1107 行.

[ 2015-12-29T13:11:50+08:00 ] 127.0.0.1 /Api/index/putonggroup
INFO: [ app_init ] --START--
INFO: Run Behavior\BuildLiteBehavior [ RunTime:0.000022s ]
INFO: [ app_init ] --END-- [ RunTime:0.000679s ]
INFO: [ app_begin ] --START--
INFO: Run Behavior\ReadHtmlCacheBehavior [ RunTime:0.001248s ]
INFO: [ app_begin ] --END-- [ RunTime:0.001379s ]
SQL: SHOW COLUMNS FROM `t_groups` [ RunTime:0.0094s ]
SQL: SHOW COLUMNS FROM `t_user` [ RunTime:0.0101s ]
SQL: SELECT * FROM `t_user` WHERE `id` = 1 LIMIT 1   [ RunTime:0.0104s ]
SQL: SELECT * FROM `t_groups` WHERE `id` = 385 LIMIT 1   [ RunTime:0.0082s ]
SQL: SHOW COLUMNS FROM `t_groupuser` [ RunTime:0.0126s ]
SQL: SHOW COLUMNS FROM `t_message` [ RunTime:0.0087s ]
SQL: SELECT * FROM `t_groupuser` WHERE ( group_id = '' and user_id = '1' ) LIMIT 1   [ RunTime:0.0083s ]
SQL: SELECT * FROM `t_message` WHERE ( type = 'groups' and typeid =  '' and uid = '1' ) LIMIT 1   [ RunTime:0.0102s ]
NOTIC: [2] Cannot use a scalar value as an array D:\wamp\www\qb\Application\Api\Controller\IndexController.class.php 第 1096 行.
SQL: SELECT COUNT(*) AS tp_count FROM `t_groupuser` WHERE ( group_id = '' ) LIMIT 1   [ RunTime:0.0079s ]
NOTIC: [2] Cannot use a scalar value as an array D:\wamp\www\qb\Application\Api\Controller\IndexController.class.php 第 1098 行.
NOTIC: [2] Cannot use a scalar value as an array D:\wamp\www\qb\Application\Api\Controller\IndexController.class.php 第 1099 行.
NOTIC: [2] Cannot use a scalar value as an array D:\wamp\www\qb\Application\Api\Controller\IndexController.class.php 第 1103 行.
SQL: SELECT * FROM `t_groupuser` WHERE ( group_id = 'j' and user_id = '1' ) LIMIT 1   [ RunTime:0.0077s ]
SQL: SELECT * FROM `t_message` WHERE ( type = 'groups' and typeid =  'j' and uid = '1' ) LIMIT 1   [ RunTime:0.0091s ]
SQL: SELECT COUNT(*) AS tp_count FROM `t_groupuser` WHERE ( group_id = 'j' ) LIMIT 1   [ RunTime:0.0076s ]
SQL: SELECT * FROM `t_groupuser` WHERE ( group_id = '' and user_id = '1' ) LIMIT 1   [ RunTime:0.0083s ]
SQL: SELECT * FROM `t_message` WHERE ( type = 'groups' and typeid =  '' and uid = '1' ) LIMIT 1   [ RunTime:0.0089s ]
NOTIC: [2] Cannot use a scalar value as an array D:\wamp\www\qb\Application\Api\Controller\IndexController.class.php 第 1096 行.
SQL: SELECT COUNT(*) AS tp_count FROM `t_groupuser` WHERE ( group_id = '' ) LIMIT 1   [ RunTime:0.0087s ]
NOTIC: [2] Cannot use a scalar value as an array D:\wamp\www\qb\Application\Api\Controller\IndexController.class.php 第 1098 行.
NOTIC: [2] Cannot use a scalar value as an array D:\wamp\www\qb\Application\Api\Controller\IndexController.class.php 第 1099 行.
NOTIC: [2] Cannot use a scalar value as an array D:\wamp\www\qb\Application\Api\Controller\IndexController.class.php 第 1103 行.
SQL: SELECT * FROM `t_groupuser` WHERE ( group_id = '1' and user_id = '1' ) LIMIT 1   [ RunTime:0.0086s ]
SQL: SELECT * FROM `t_message` WHERE ( type = 'groups' and typeid =  '1' and uid = '1' ) LIMIT 1   [ RunTime:0.0084s ]
SQL: SELECT COUNT(*) AS tp_count FROM `t_groupuser` WHERE ( group_id = '1' ) LIMIT 1   [ RunTime:0.0083s ]
SQL: SELECT * FROM `t_groupuser` WHERE ( group_id = 'h' and user_id = '1' ) LIMIT 1   [ RunTime:0.0086s ]
SQL: SELECT * FROM `t_message` WHERE ( type = 'groups' and typeid =  'h' and uid = '1' ) LIMIT 1   [ RunTime:0.0082s ]
SQL: SELECT COUNT(*) AS tp_count FROM `t_groupuser` WHERE ( group_id = 'h' ) LIMIT 1   [ RunTime:0.0081s ]
SQL: SELECT * FROM `t_groupuser` WHERE ( group_id = '' and user_id = '1' ) LIMIT 1   [ RunTime:0.0106s ]
SQL: SELECT * FROM `t_message` WHERE ( type = 'groups' and typeid =  '' and uid = '1' ) LIMIT 1   [ RunTime:0.0125s ]
NOTIC: [2] Cannot use a scalar value as an array D:\wamp\www\qb\Application\Api\Controller\IndexController.class.php 第 1096 行.
SQL: SELECT COUNT(*) AS tp_count FROM `t_groupuser` WHERE ( group_id = '' ) LIMIT 1   [ RunTime:0.0106s ]
NOTIC: [2] Cannot use a scalar value as an array D:\wamp\www\qb\Application\Api\Controller\IndexController.class.php 第 1098 行.
NOTIC: [2] Cannot use a scalar value as an array D:\wamp\www\qb\Application\Api\Controller\IndexController.class.php 第 1099 行.
NOTIC: [2] Cannot use a scalar value as an array D:\wamp\www\qb\Application\Api\Controller\IndexController.class.php 第 1103 行.
NOTIC: [8] Uninitialized string offset: 0 D:\wamp\www\qb\Application\Api\Controller\IndexController.class.php 第 1091 行.
SQL: SELECT * FROM `t_groupuser` WHERE ( group_id = '' and user_id = '1' ) LIMIT 1   [ RunTime:0.0142s ]
NOTIC: [8] Uninitialized string offset: 0 D:\wamp\www\qb\Application\Api\Controller\IndexController.class.php 第 1093 行.
SQL: SELECT * FROM `t_message` WHERE ( type = 'groups' and typeid =  '' and uid = '1' ) LIMIT 1   [ RunTime:0.0082s ]
NOTIC: [8] Uninitialized string offset: 0 D:\wamp\www\qb\Application\Api\Controller\IndexController.class.php 第 1098 行.
SQL: SELECT COUNT(*) AS tp_count FROM `t_groupuser` WHERE ( group_id = '' ) LIMIT 1   [ RunTime:0.0081s ]
NOTIC: [8] Uninitialized string offset: 0 D:\wamp\www\qb\Application\Api\Controller\IndexController.class.php 第 1099 行.
NOTIC: [8] Uninitialized string offset: 0 D:\wamp\www\qb\Application\Api\Controller\IndexController.class.php 第 1099 行.
SQL: SELECT * FROM `t_groupuser` WHERE ( group_id = '0' and user_id = '1' ) LIMIT 1   [ RunTime:0.0104s ]
SQL: SELECT * FROM `t_message` WHERE ( type = 'groups' and typeid =  '0' and uid = '1' ) LIMIT 1   [ RunTime:0.0090s ]
SQL: SELECT COUNT(*) AS tp_count FROM `t_groupuser` WHERE ( group_id = '0' ) LIMIT 1   [ RunTime:0.0076s ]
SQL: SELECT * FROM `t_groupuser` WHERE ( group_id = '0' and user_id = '1' ) LIMIT 1   [ RunTime:0.0089s ]
SQL: SELECT * FROM `t_message` WHERE ( type = 'groups' and typeid =  '0' and uid = '1' ) LIMIT 1   [ RunTime:0.0084s ]
SQL: SELECT COUNT(*) AS tp_count FROM `t_groupuser` WHERE ( group_id = '0' ) LIMIT 1   [ RunTime:0.0083s ]
NOTIC: [8] Uninitialized string offset: 0 D:\wamp\www\qb\Application\Api\Controller\IndexController.class.php 第 1091 行.
SQL: SELECT * FROM `t_groupuser` WHERE ( group_id = '' and user_id = '1' ) LIMIT 1   [ RunTime:0.0080s ]
NOTIC: [8] Uninitialized string offset: 0 D:\wamp\www\qb\Application\Api\Controller\IndexController.class.php 第 1093 行.
SQL: SELECT * FROM `t_message` WHERE ( type = 'groups' and typeid =  '' and uid = '1' ) LIMIT 1   [ RunTime:0.0090s ]
NOTIC: [8] Uninitialized string offset: 0 D:\wamp\www\qb\Application\Api\Controller\IndexController.class.php 第 1098 行.
SQL: SELECT COUNT(*) AS tp_count FROM `t_groupuser` WHERE ( group_id = '' ) LIMIT 1   [ RunTime:0.0093s ]
NOTIC: [8] Uninitialized string offset: 0 D:\wamp\www\qb\Application\Api\Controller\IndexController.class.php 第 1099 行.
NOTIC: [8] Uninitialized string offset: 0 D:\wamp\www\qb\Application\Api\Controller\IndexController.class.php 第 1099 行.
SQL: SELECT * FROM `t_groupuser` WHERE ( group_id = '' and user_id = '1' ) LIMIT 1   [ RunTime:0.0121s ]
SQL: SELECT * FROM `t_message` WHERE ( type = 'groups' and typeid =  '' and uid = '1' ) LIMIT 1   [ RunTime:0.0083s ]
NOTIC: [2] Cannot use a scalar value as an array D:\wamp\www\qb\Application\Api\Controller\IndexController.class.php 第 1096 行.
SQL: SELECT COUNT(*) AS tp_count FROM `t_groupuser` WHERE ( group_id = '' ) LIMIT 1   [ RunTime:0.0077s ]
NOTIC: [2] Cannot use a scalar value as an array D:\wamp\www\qb\Application\Api\Controller\IndexController.class.php 第 1098 行.
NOTIC: [2] Cannot use a scalar value as an array D:\wamp\www\qb\Application\Api\Controller\IndexController.class.php 第 1099 行.
NOTIC: [2] Cannot use a scalar value as an array D:\wamp\www\qb\Application\Api\Controller\IndexController.class.php 第 1103 行.
SQL: SELECT * FROM `t_groupuser` WHERE ( group_id = '' and user_id = '1' ) LIMIT 1   [ RunTime:0.0080s ]
SQL: SELECT * FROM `t_message` WHERE ( type = 'groups' and typeid =  '' and uid = '1' ) LIMIT 1   [ RunTime:0.0084s ]
NOTIC: [2] Cannot use a scalar value as an array D:\wamp\www\qb\Application\Api\Controller\IndexController.class.php 第 1096 行.
SQL: SELECT COUNT(*) AS tp_count FROM `t_groupuser` WHERE ( group_id = '' ) LIMIT 1   [ RunTime:0.0123s ]
NOTIC: [2] Cannot use a scalar value as an array D:\wamp\www\qb\Application\Api\Controller\IndexController.class.php 第 1098 行.
NOTIC: [2] Cannot use a scalar value as an array D:\wamp\www\qb\Application\Api\Controller\IndexController.class.php 第 1099 行.
NOTIC: [2] Cannot use a scalar value as an array D:\wamp\www\qb\Application\Api\Controller\IndexController.class.php 第 1103 行.
NOTIC: [8] Uninitialized string offset: 0 D:\wamp\www\qb\Application\Api\Controller\IndexController.class.php 第 1091 行.
SQL: SELECT * FROM `t_groupuser` WHERE ( group_id = '' and user_id = '1' ) LIMIT 1   [ RunTime:0.0083s ]
NOTIC: [8] Uninitialized string offset: 0 D:\wamp\www\qb\Application\Api\Controller\IndexController.class.php 第 1093 行.
SQL: SELECT * FROM `t_message` WHERE ( type = 'groups' and typeid =  '' and uid = '1' ) LIMIT 1   [ RunTime:0.0083s ]
NOTIC: [8] Uninitialized string offset: 0 D:\wamp\www\qb\Application\Api\Controller\IndexController.class.php 第 1098 行.
SQL: SELECT COUNT(*) AS tp_count FROM `t_groupuser` WHERE ( group_id = '' ) LIMIT 1   [ RunTime:0.0078s ]
NOTIC: [8] Uninitialized string offset: 0 D:\wamp\www\qb\Application\Api\Controller\IndexController.class.php 第 1099 行.
NOTIC: [8] Uninitialized string offset: 0 D:\wamp\www\qb\Application\Api\Controller\IndexController.class.php 第 1099 行.
SQL: SELECT * FROM `t_groupuser` WHERE ( group_id = '' and user_id = '1' ) LIMIT 1   [ RunTime:0.0090s ]
SQL: SELECT * FROM `t_message` WHERE ( type = 'groups' and typeid =  '' and uid = '1' ) LIMIT 1   [ RunTime:0.0133s ]
NOTIC: [2] Cannot use a scalar value as an array D:\wamp\www\qb\Application\Api\Controller\IndexController.class.php 第 1096 行.
SQL: SELECT COUNT(*) AS tp_count FROM `t_groupuser` WHERE ( group_id = '' ) LIMIT 1   [ RunTime:0.0107s ]
NOTIC: [2] Cannot use a scalar value as an array D:\wamp\www\qb\Application\Api\Controller\IndexController.class.php 第 1098 行.
NOTIC: [2] Cannot use a scalar value as an array D:\wamp\www\qb\Application\Api\Controller\IndexController.class.php 第 1099 行.
NOTIC: [2] Cannot use a scalar value as an array D:\wamp\www\qb\Application\Api\Controller\IndexController.class.php 第 1103 行.
SQL: SELECT * FROM `t_groupuser` WHERE ( group_id = '' and user_id = '1' ) LIMIT 1   [ RunTime:0.0083s ]
SQL: SELECT * FROM `t_message` WHERE ( type = 'groups' and typeid =  '' and uid = '1' ) LIMIT 1   [ RunTime:0.0081s ]
NOTIC: [2] Cannot use a scalar value as an array D:\wamp\www\qb\Application\Api\Controller\IndexController.class.php 第 1096 行.
SQL: SELECT COUNT(*) AS tp_count FROM `t_groupuser` WHERE ( group_id = '' ) LIMIT 1   [ RunTime:0.0080s ]
NOTIC: [2] Cannot use a scalar value as an array D:\wamp\www\qb\Application\Api\Controller\IndexController.class.php 第 1098 行.
NOTIC: [2] Cannot use a scalar value as an array D:\wamp\www\qb\Application\Api\Controller\IndexController.class.php 第 1099 行.
NOTIC: [2] Cannot use a scalar value as an array D:\wamp\www\qb\Application\Api\Controller\IndexController.class.php 第 1103 行.

[ 2015-12-29T13:12:00+08:00 ] 127.0.0.1 /Api/index/putonggroup
INFO: [ app_init ] --START--
INFO: Run Behavior\BuildLiteBehavior [ RunTime:0.000012s ]
INFO: [ app_init ] --END-- [ RunTime:0.000695s ]
INFO: [ app_begin ] --START--
INFO: Run Behavior\ReadHtmlCacheBehavior [ RunTime:0.000526s ]
INFO: [ app_begin ] --END-- [ RunTime:0.000576s ]
SQL: SHOW COLUMNS FROM `t_groups` [ RunTime:0.0114s ]
SQL: SHOW COLUMNS FROM `t_user` [ RunTime:0.0134s ]
SQL: SELECT * FROM `t_user` WHERE `id` = 1 LIMIT 1   [ RunTime:0.0262s ]
SQL: SELECT * FROM `t_groups` WHERE `id` = 0 LIMIT 1   [ RunTime:0.0116s ]
SQL: SELECT * FROM `t_groups` WHERE t_groups.title LIKE '%jq%' OR t_groups.address LIKE '%jq%'  [ RunTime:0.0186s ]
SQL: SHOW COLUMNS FROM `t_groupuser` [ RunTime:0.0127s ]
SQL: SHOW COLUMNS FROM `t_message` [ RunTime:0.0125s ]
SQL: SELECT * FROM `t_groupuser` WHERE ( group_id = '385' and user_id = '1' ) LIMIT 1   [ RunTime:0.0105s ]
SQL: SELECT * FROM `t_message` WHERE ( type = 'groups' and typeid =  '385' and uid = '1' ) LIMIT 1   [ RunTime:0.0101s ]
SQL: SELECT COUNT(*) AS tp_count FROM `t_groupuser` WHERE ( group_id = '385' ) LIMIT 1   [ RunTime:0.0119s ]

[ 2015-12-29T13:12:06+08:00 ] 127.0.0.1 /Api/index/putonggroup
INFO: [ app_init ] --START--
INFO: Run Behavior\BuildLiteBehavior [ RunTime:0.000013s ]
INFO: [ app_init ] --END-- [ RunTime:0.000441s ]
INFO: [ app_begin ] --START--
INFO: Run Behavior\ReadHtmlCacheBehavior [ RunTime:0.000702s ]
INFO: [ app_begin ] --END-- [ RunTime:0.000777s ]
SQL: SHOW COLUMNS FROM `t_groups` [ RunTime:0.0089s ]
SQL: SHOW COLUMNS FROM `t_user` [ RunTime:0.0087s ]
SQL: SELECT * FROM `t_user` WHERE `id` = 1 LIMIT 1   [ RunTime:0.0094s ]
SQL: SELECT * FROM `t_groups` WHERE `id` = 0 LIMIT 1   [ RunTime:0.0079s ]
SQL: SELECT * FROM `t_groups` WHERE t_groups.title LIKE '%qq%' OR t_groups.address LIKE '%qq%'  [ RunTime:0.0079s ]
SQL: SHOW COLUMNS FROM `t_groupuser` [ RunTime:0.0097s ]
SQL: SHOW COLUMNS FROM `t_message` [ RunTime:0.0236s ]
NOTIC: [2] array_multisort() [<a href='function.array-multisort'>function.array-multisort</a>]: Argument #1 is expected to be an array or a sort flag D:\wamp\www\qb\Application\Api\Controller\IndexController.class.php 第 1107 行.

[ 2015-12-29T13:12:11+08:00 ] 127.0.0.1 /Api/index/putonggroup
INFO: [ app_init ] --START--
INFO: Run Behavior\BuildLiteBehavior [ RunTime:0.000014s ]
INFO: [ app_init ] --END-- [ RunTime:0.000499s ]
INFO: [ app_begin ] --START--
INFO: Run Behavior\ReadHtmlCacheBehavior [ RunTime:0.000714s ]
INFO: [ app_begin ] --END-- [ RunTime:0.000767s ]
SQL: SHOW COLUMNS FROM `t_groups` [ RunTime:0.0104s ]
SQL: SHOW COLUMNS FROM `t_user` [ RunTime:0.0125s ]
SQL: SELECT * FROM `t_user` WHERE `id` = 1 LIMIT 1   [ RunTime:0.0135s ]
SQL: SELECT * FROM `t_groups` WHERE `id` = 0 LIMIT 1   [ RunTime:0.0120s ]
SQL: SELECT * FROM `t_groups` WHERE t_groups.title LIKE '% %' OR t_groups.address LIKE '% %'  [ RunTime:0.0162s ]
SQL: SHOW COLUMNS FROM `t_groupuser` [ RunTime:0.0119s ]
SQL: SHOW COLUMNS FROM `t_message` [ RunTime:0.0105s ]
NOTIC: [2] array_multisort() [<a href='function.array-multisort'>function.array-multisort</a>]: Argument #1 is expected to be an array or a sort flag D:\wamp\www\qb\Application\Api\Controller\IndexController.class.php 第 1107 行.

[ 2015-12-29T13:12:17+08:00 ] 127.0.0.1 /Api/index/putonggroup
INFO: [ app_init ] --START--
INFO: Run Behavior\BuildLiteBehavior [ RunTime:0.000017s ]
INFO: [ app_init ] --END-- [ RunTime:0.000681s ]
INFO: [ app_begin ] --START--
INFO: Run Behavior\ReadHtmlCacheBehavior [ RunTime:0.000805s ]
INFO: [ app_begin ] --END-- [ RunTime:0.000873s ]
SQL: SHOW COLUMNS FROM `t_groups` [ RunTime:0.0095s ]
SQL: SHOW COLUMNS FROM `t_user` [ RunTime:0.0122s ]
SQL: SELECT * FROM `t_user` WHERE `id` = 1 LIMIT 1   [ RunTime:0.0106s ]
SQL: SELECT * FROM `t_groups`  [ RunTime:0.0075s ]
SQL: SHOW COLUMNS FROM `t_groupuser` [ RunTime:0.0085s ]
SQL: SHOW COLUMNS FROM `t_message` [ RunTime:0.0090s ]
SQL: SELECT * FROM `t_groupuser` WHERE ( group_id = '385' and user_id = '1' ) LIMIT 1   [ RunTime:0.0099s ]
SQL: SELECT * FROM `t_message` WHERE ( type = 'groups' and typeid =  '385' and uid = '1' ) LIMIT 1   [ RunTime:0.0167s ]
SQL: SELECT COUNT(*) AS tp_count FROM `t_groupuser` WHERE ( group_id = '385' ) LIMIT 1   [ RunTime:0.0097s ]

[ 2015-12-29T13:47:38+08:00 ] 127.0.0.1 /Api/index/putonggroup
INFO: [ app_init ] --START--
INFO: Run Behavior\BuildLiteBehavior [ RunTime:0.000014s ]
INFO: [ app_init ] --END-- [ RunTime:0.000603s ]
INFO: [ app_begin ] --START--
INFO: Run Behavior\ReadHtmlCacheBehavior [ RunTime:0.000874s ]
INFO: [ app_begin ] --END-- [ RunTime:0.000958s ]
SQL: SHOW COLUMNS FROM `t_groups` [ RunTime:0.0292s ]
SQL: SHOW COLUMNS FROM `t_user` [ RunTime:0.0152s ]
SQL: SELECT * FROM `t_user` WHERE `id` = 1 LIMIT 1   [ RunTime:0.0279s ]
SQL: SELECT * FROM `t_groups`  [ RunTime:0.0244s ]
SQL: SHOW COLUMNS FROM `t_groupuser` [ RunTime:0.0258s ]
SQL: SHOW COLUMNS FROM `t_message` [ RunTime:0.0161s ]
SQL: SELECT * FROM `t_groupuser` WHERE ( group_id = '385' and user_id = '1' ) LIMIT 1   [ RunTime:0.0245s ]
SQL: SELECT * FROM `t_message` WHERE ( type = 'groups' and typeid =  '385' and uid = '1' ) LIMIT 1   [ RunTime:0.0558s ]
SQL: SELECT COUNT(*) AS tp_count FROM `t_groupuser` WHERE ( group_id = '385' ) LIMIT 1   [ RunTime:0.0274s ]

[ 2015-12-29T13:47:52+08:00 ] 127.0.0.1 /Api/index/putonggroup
INFO: [ app_init ] --START--
INFO: Run Behavior\BuildLiteBehavior [ RunTime:0.000016s ]
INFO: [ app_init ] --END-- [ RunTime:0.000488s ]
INFO: [ app_begin ] --START--
INFO: Run Behavior\ReadHtmlCacheBehavior [ RunTime:0.000906s ]
INFO: [ app_begin ] --END-- [ RunTime:0.001013s ]
SQL: SHOW COLUMNS FROM `t_groups` [ RunTime:0.0162s ]
SQL: SHOW COLUMNS FROM `t_user` [ RunTime:0.0137s ]
SQL: SELECT * FROM `t_user` WHERE `id` = 1 LIMIT 1   [ RunTime:0.0129s ]
SQL: SELECT * FROM `t_groups` WHERE `id` = 0 LIMIT 1   [ RunTime:0.0118s ]

[ 2015-12-29T13:54:35+08:00 ] 127.0.0.1 /Api/index/putonggroup
INFO: [ app_init ] --START--
INFO: Run Behavior\BuildLiteBehavior [ RunTime:0.000031s ]
INFO: [ app_init ] --END-- [ RunTime:0.000772s ]
INFO: [ app_begin ] --START--
INFO: Run Behavior\ReadHtmlCacheBehavior [ RunTime:0.000920s ]
INFO: [ app_begin ] --END-- [ RunTime:0.001016s ]
SQL: SHOW COLUMNS FROM `t_groups` [ RunTime:0.0237s ]
SQL: SHOW COLUMNS FROM `t_user` [ RunTime:0.0135s ]
SQL: SELECT * FROM `t_user` WHERE `id` = 1 LIMIT 1   [ RunTime:0.0131s ]
SQL: SELECT * FROM `t_groups` WHERE `id` = 0 LIMIT 1   [ RunTime:0.0122s ]

[ 2015-12-29T13:54:52+08:00 ] 127.0.0.1 /Api/index/putonggroup
INFO: [ app_init ] --START--
INFO: Run Behavior\BuildLiteBehavior [ RunTime:0.000012s ]
INFO: [ app_init ] --END-- [ RunTime:0.000428s ]
INFO: [ app_begin ] --START--
INFO: Run Behavior\ReadHtmlCacheBehavior [ RunTime:0.000523s ]
INFO: [ app_begin ] --END-- [ RunTime:0.000578s ]
SQL: SHOW COLUMNS FROM `t_groups` [ RunTime:0.0137s ]
SQL: SHOW COLUMNS FROM `t_user` [ RunTime:0.0139s ]
SQL: SELECT * FROM `t_user` WHERE `id` = 1 LIMIT 1   [ RunTime:0.0168s ]
SQL: SELECT * FROM `t_groups` WHERE `id` = 0 LIMIT 1   [ RunTime:0.0342s ]

[ 2015-12-29T13:58:06+08:00 ] 127.0.0.1 /Api/index/putonggroup
INFO: [ app_init ] --START--
INFO: Run Behavior\BuildLiteBehavior [ RunTime:0.000021s ]
INFO: [ app_init ] --END-- [ RunTime:0.000713s ]
INFO: [ app_begin ] --START--
INFO: Run Behavior\ReadHtmlCacheBehavior [ RunTime:0.000693s ]
INFO: [ app_begin ] --END-- [ RunTime:0.000761s ]
SQL: SHOW COLUMNS FROM `t_groups` [ RunTime:0.0120s ]
SQL: SHOW COLUMNS FROM `t_user` [ RunTime:0.0121s ]
SQL: SELECT * FROM `t_user` WHERE `id` = 1 LIMIT 1   [ RunTime:0.0136s ]
SQL: SELECT * FROM `t_groups` WHERE `id` = 0 LIMIT 1   [ RunTime:0.0107s ]

[ 2015-12-29T13:58:21+08:00 ] 127.0.0.1 /Api/index/putonggroup
INFO: [ app_init ] --START--
INFO: Run Behavior\BuildLiteBehavior [ RunTime:0.000013s ]
INFO: [ app_init ] --END-- [ RunTime:0.000409s ]
INFO: [ app_begin ] --START--
INFO: Run Behavior\ReadHtmlCacheBehavior [ RunTime:0.000521s ]
INFO: [ app_begin ] --END-- [ RunTime:0.000583s ]
SQL: SHOW COLUMNS FROM `t_groups` [ RunTime:0.0100s ]
SQL: SHOW COLUMNS FROM `t_user` [ RunTime:0.0124s ]
SQL: SELECT * FROM `t_user` WHERE `id` = 1 LIMIT 1   [ RunTime:0.0260s ]
SQL: SELECT * FROM `t_groups` WHERE `id` = 0 LIMIT 1   [ RunTime:0.0100s ]
SQL: SELECT * FROM `t_groups` WHERE `state` = 1 AND (  (t_groups.title like "%jj%")  OR ( t_groups.address like "%jj%")  )  [ RunTime:0.0090s ]
SQL: SHOW COLUMNS FROM `t_groupuser` [ RunTime:0.0082s ]
SQL: SHOW COLUMNS FROM `t_message` [ RunTime:0.0081s ]
NOTIC: [2] array_multisort() [<a href='function.array-multisort'>function.array-multisort</a>]: Argument #1 is expected to be an array or a sort flag D:\wamp\www\qb\Application\Api\Controller\IndexController.class.php 第 1106 行.

[ 2015-12-29T14:01:27+08:00 ] 127.0.0.1 /Api/index/putonggroup
INFO: [ app_init ] --START--
INFO: Run Behavior\BuildLiteBehavior [ RunTime:0.000016s ]
INFO: [ app_init ] --END-- [ RunTime:0.000990s ]
INFO: [ app_begin ] --START--
INFO: Run Behavior\ReadHtmlCacheBehavior [ RunTime:0.000611s ]
INFO: [ app_begin ] --END-- [ RunTime:0.000704s ]
SQL: SHOW COLUMNS FROM `t_groups` [ RunTime:0.0136s ]
SQL: SHOW COLUMNS FROM `t_user` [ RunTime:0.0132s ]
SQL: SELECT * FROM `t_user` WHERE `id` = 1 LIMIT 1   [ RunTime:0.0123s ]
SQL: SELECT `id`,`title`,`addtime`,`condition`,description as descript,`type`,`simg`,`uid`,`address`,`longitude`,`latitude` FROM `t_groups` WHERE `id` = 0 LIMIT 1   [ RunTime:0.0110s ]
SQL: SELECT `id`,`title`,`addtime`,`condition`,description as descript,`type`,`simg`,`uid`,`address`,`longitude`,`latitude` FROM `t_groups` WHERE `state` = 2 AND (  (t_groups.title like "%jj%")  OR ( t_groups.address like "%jj%")  )  [ RunTime:0.0299s ]
SQL: SHOW COLUMNS FROM `t_groupuser` [ RunTime:0.0129s ]
SQL: SHOW COLUMNS FROM `t_message` [ RunTime:0.0112s ]
SQL: SELECT * FROM `t_groupuser` WHERE ( group_id = '385' and user_id = '1' ) LIMIT 1   [ RunTime:0.0114s ]
SQL: SELECT * FROM `t_message` WHERE ( type = 'groups' and typeid =  '385' and uid = '1' ) LIMIT 1   [ RunTime:0.0133s ]
SQL: SELECT COUNT(*) AS tp_count FROM `t_groupuser` WHERE ( group_id = '385' ) LIMIT 1   [ RunTime:0.0126s ]

[ 2015-12-29T14:12:27+08:00 ] 127.0.0.1 /Api/index/putonggroup
INFO: [ app_init ] --START--
INFO: Run Behavior\BuildLiteBehavior [ RunTime:0.000013s ]
INFO: [ app_init ] --END-- [ RunTime:0.000439s ]
INFO: [ app_begin ] --START--
INFO: Run Behavior\ReadHtmlCacheBehavior [ RunTime:0.000685s ]
INFO: [ app_begin ] --END-- [ RunTime:0.000740s ]
SQL: SHOW COLUMNS FROM `t_groups` [ RunTime:0.0161s ]
SQL: SHOW COLUMNS FROM `t_user` [ RunTime:0.0547s ]
SQL: SELECT * FROM `t_user` WHERE `id` = 1 LIMIT 1   [ RunTime:0.0154s ]
SQL: SELECT `id`,`title`,`addtime`,`condition`,description as descript,`type`,`simg`,`uid`,`address`,`longitude`,`latitude` FROM `t_groups` WHERE `id` = 0 LIMIT 1   [ RunTime:0.0268s ]
SQL: SELECT `id`,`title`,`addtime`,`condition`,description as descript,`type`,`simg`,`uid`,`address`,`longitude`,`latitude` FROM `t_groups` WHERE `state` = 2 AND (  (t_groups.title like "%jj%")  OR ( t_groups.address like "%jj%")  )  [ RunTime:0.0115s ]
SQL: SHOW COLUMNS FROM `t_groupuser` [ RunTime:0.0104s ]
SQL: SHOW COLUMNS FROM `t_message` [ RunTime:0.0098s ]
SQL: SELECT * FROM `t_groupuser` WHERE ( group_id = '385' and user_id = '1' ) LIMIT 1   [ RunTime:0.0110s ]
SQL: SELECT * FROM `t_message` WHERE ( type = 'groups' and typeid =  '385' and uid = '1' ) LIMIT 1   [ RunTime:0.0092s ]
SQL: SELECT COUNT(*) AS tp_count FROM `t_groupuser` WHERE ( group_id = '385' ) LIMIT 1   [ RunTime:0.0308s ]

[ 2015-12-29T14:13:09+08:00 ] 127.0.0.1 /Api/index/putonggroup
INFO: [ app_init ] --START--
INFO: Run Behavior\BuildLiteBehavior [ RunTime:0.000013s ]
INFO: [ app_init ] --END-- [ RunTime:0.000497s ]
INFO: [ app_begin ] --START--
INFO: Run Behavior\ReadHtmlCacheBehavior [ RunTime:0.000592s ]
INFO: [ app_begin ] --END-- [ RunTime:0.000654s ]
SQL: SHOW COLUMNS FROM `t_groups` [ RunTime:0.0142s ]
SQL: SHOW COLUMNS FROM `t_user` [ RunTime:0.0125s ]
SQL: SELECT * FROM `t_user` WHERE `id` = 1 LIMIT 1   [ RunTime:0.0139s ]
SQL: SELECT `id`,`title`,`addtime`,`condition`,description as descript,`type`,`simg`,`uid`,`address`,`longitude`,`latitude` FROM `t_groups` WHERE `id` = 0 LIMIT 1   [ RunTime:0.0115s ]
SQL: SELECT `id`,`title`,`addtime`,`condition`,description as descript,`type`,`simg`,`uid`,`address`,`longitude`,`latitude` FROM `t_groups` WHERE `state` = 2 AND (  (t_groups.title like "%jj%")  OR ( t_groups.address like "%jj%")  )  [ RunTime:0.0138s ]
SQL: SHOW COLUMNS FROM `t_groupuser` [ RunTime:0.0199s ]
SQL: SHOW COLUMNS FROM `t_message` [ RunTime:0.0139s ]
SQL: SELECT * FROM `t_groupuser` WHERE ( group_id = '385' and user_id = '1' ) LIMIT 1   [ RunTime:0.0099s ]
SQL: SELECT * FROM `t_message` WHERE ( type = 'groups' and typeid =  '385' and uid = '1' ) LIMIT 1   [ RunTime:0.0136s ]
SQL: SELECT COUNT(*) AS tp_count FROM `t_groupuser` WHERE ( group_id = '385' ) LIMIT 1   [ RunTime:0.0114s ]
ERR: SQLSTATE[42S22]: Column not found: 1054 Unknown column 't_groupuser.uid' in 'on clause'

[ 2015-12-29T14:13:36+08:00 ] 127.0.0.1 /Api/index/putonggroup
INFO: [ app_init ] --START--
INFO: Run Behavior\BuildLiteBehavior [ RunTime:0.000018s ]
INFO: [ app_init ] --END-- [ RunTime:0.000611s ]
INFO: [ app_begin ] --START--
INFO: Run Behavior\ReadHtmlCacheBehavior [ RunTime:0.000787s ]
INFO: [ app_begin ] --END-- [ RunTime:0.000866s ]
SQL: SHOW COLUMNS FROM `t_groups` [ RunTime:0.0300s ]
SQL: SHOW COLUMNS FROM `t_user` [ RunTime:0.0183s ]
SQL: SELECT * FROM `t_user` WHERE `id` = 1 LIMIT 1   [ RunTime:0.0219s ]
SQL: SELECT `id`,`title`,`addtime`,`condition`,description as descript,`type`,`simg`,`uid`,`address`,`longitude`,`latitude` FROM `t_groups` WHERE `id` = 0 LIMIT 1   [ RunTime:0.0195s ]
SQL: SELECT `id`,`title`,`addtime`,`condition`,description as descript,`type`,`simg`,`uid`,`address`,`longitude`,`latitude` FROM `t_groups` WHERE `state` = 2 AND (  (t_groups.title like "%jj%")  OR ( t_groups.address like "%jj%")  )  [ RunTime:0.0156s ]
SQL: SHOW COLUMNS FROM `t_groupuser` [ RunTime:0.0176s ]
SQL: SHOW COLUMNS FROM `t_message` [ RunTime:0.0135s ]
SQL: SELECT * FROM `t_groupuser` WHERE ( group_id = '385' and user_id = '1' ) LIMIT 1   [ RunTime:0.0124s ]
SQL: SELECT * FROM `t_message` WHERE ( type = 'groups' and typeid =  '385' and uid = '1' ) LIMIT 1   [ RunTime:0.0128s ]
SQL: SELECT COUNT(*) AS tp_count FROM `t_groupuser` WHERE ( group_id = '385' ) LIMIT 1   [ RunTime:0.0163s ]
SQL: SELECT t_user.id,t_user.username,t_user.simg,t_user.sex FROM `t_groupuser` left join t_user on t_user.id = t_groupuser.user_id  WHERE ( t_groupuser.group_id = '385' ) ORDER BY t_groupuser.poll desc,t_groupuser.level LIMIT 6   [ RunTime:0.0136s ]

[ 2015-12-29T14:45:37+08:00 ] 127.0.0.1 /Api/index/groupbyfriend
INFO: [ app_init ] --START--
INFO: Run Behavior\BuildLiteBehavior [ RunTime:0.000015s ]
INFO: [ app_init ] --END-- [ RunTime:0.000567s ]
INFO: [ app_begin ] --START--
INFO: Run Behavior\ReadHtmlCacheBehavior [ RunTime:0.000890s ]
INFO: [ app_begin ] --END-- [ RunTime:0.000992s ]
NOTIC: [8] Undefined index: function D:\wamp\www\qb\Application\Api\Controller\IndexController.class.php 第 1122 行.

[ 2015-12-29T14:49:03+08:00 ] 127.0.0.1 /Api/index/groupbyfriend
INFO: [ app_init ] --START--
INFO: Run Behavior\BuildLiteBehavior [ RunTime:0.000015s ]
INFO: [ app_init ] --END-- [ RunTime:0.000527s ]
INFO: [ app_begin ] --START--
INFO: Run Behavior\ReadHtmlCacheBehavior [ RunTime:0.000750s ]
INFO: [ app_begin ] --END-- [ RunTime:0.000830s ]

[ 2015-12-29T15:31:21+08:00 ] 127.0.0.1 /Api/index/groupbyfriend
INFO: [ app_init ] --START--
INFO: Run Behavior\BuildLiteBehavior [ RunTime:0.000013s ]
INFO: [ app_init ] --END-- [ RunTime:0.000512s ]
INFO: [ app_begin ] --START--
INFO: Run Behavior\ReadHtmlCacheBehavior [ RunTime:0.000675s ]
INFO: [ app_begin ] --END-- [ RunTime:0.000727s ]
SQL: SHOW COLUMNS FROM `t_groups` [ RunTime:0.0120s ]
SQL: SHOW COLUMNS FROM `t_user` [ RunTime:0.0129s ]
SQL: SELECT * FROM `t_user` WHERE `id` = 111192 LIMIT 1   [ RunTime:0.0121s ]
SQL: SELECT * FROM `t_groups` WHERE `id` = 385 LIMIT 1   [ RunTime:0.0106s ]
SQL: SHOW COLUMNS FROM `t_message` [ RunTime:0.0105s ]
SQL: INSERT INTO `t_message` (`userid`,`typeid`,`addtime`,`type`,`title`,`content`,`uid`) VALUES ('111192','385','1451374281','groupbyfriend','您的好友 找我干嘛茜茜 邀请您加入 jjjjjjjq 群组','您的好友 找我干嘛茜茜 邀请您加入 jjjjjjjq 群组','111197') [ RunTime:0.0092s ]
SQL: SELECT * FROM `t_user` WHERE `id` = 111197 LIMIT 1   [ RunTime:0.0114s ]

[ 2015-12-29T15:36:15+08:00 ] 127.0.0.1 /Api/index/groupbyfriend
INFO: [ app_init ] --START--
INFO: Run Behavior\BuildLiteBehavior [ RunTime:0.000013s ]
INFO: [ app_init ] --END-- [ RunTime:0.000619s ]
INFO: [ app_begin ] --START--
INFO: Run Behavior\ReadHtmlCacheBehavior [ RunTime:0.000796s ]
INFO: [ app_begin ] --END-- [ RunTime:0.000861s ]
SQL: SHOW COLUMNS FROM `t_groups` [ RunTime:0.0285s ]
SQL: SHOW COLUMNS FROM `t_user` [ RunTime:0.0304s ]
SQL: SELECT * FROM `t_user` WHERE `id` = 111192 LIMIT 1   [ RunTime:0.0275s ]
SQL: SELECT * FROM `t_groups` WHERE `id` = 385 LIMIT 1   [ RunTime:0.0221s ]
SQL: SHOW COLUMNS FROM `t_message` [ RunTime:0.0251s ]
SQL: INSERT INTO `t_message` (`userid`,`typeid`,`addtime`,`type`,`title`,`content`,`uid`) VALUES ('111192','385','1451374575','groupbyfriend','您的好友 找我干嘛茜茜 邀请您加入 jjjjjjjq 群组','您的好友 找我干嘛茜茜 邀请您加入 jjjjjjjq 群组','111197') [ RunTime:0.0159s ]
SQL: SELECT * FROM `t_user` WHERE `id` = 111197 LIMIT 1   [ RunTime:0.0148s ]
SQL: INSERT INTO `t_message` (`userid`,`typeid`,`addtime`,`type`,`title`,`content`,`uid`) VALUES ('111192','385','1451374575','groupbyfriend','您的好友 找我干嘛茜茜 邀请您加入 jjjjjjjq 群组','您的好友 找我干嘛茜茜 邀请您加入 jjjjjjjq 群组','111199') [ RunTime:0.0119s ]
SQL: SELECT * FROM `t_user` WHERE `id` = 111199 LIMIT 1   [ RunTime:0.0193s ]

[ 2015-12-29T15:37:52+08:00 ] 127.0.0.1 /Api/index/groupbyfriend
INFO: [ app_init ] --START--
INFO: Run Behavior\BuildLiteBehavior [ RunTime:0.000014s ]
INFO: [ app_init ] --END-- [ RunTime:0.000533s ]
INFO: [ app_begin ] --START--
INFO: Run Behavior\ReadHtmlCacheBehavior [ RunTime:0.000863s ]
INFO: [ app_begin ] --END-- [ RunTime:0.000970s ]
SQL: SHOW COLUMNS FROM `t_groups` [ RunTime:0.0132s ]
SQL: SHOW COLUMNS FROM `t_user` [ RunTime:0.0115s ]
SQL: SELECT * FROM `t_user` WHERE `id` = 111192 LIMIT 1   [ RunTime:0.0110s ]
SQL: SELECT * FROM `t_groups` WHERE `id` = 385 LIMIT 1   [ RunTime:0.0115s ]
SQL: SHOW COLUMNS FROM `t_message` [ RunTime:0.0152s ]
SQL: INSERT INTO `t_message` (`userid`,`typeid`,`addtime`,`type`,`title`,`content`,`uid`) VALUES ('111192','385','1451374672','groupbyfriend','您的好友 找我干嘛茜茜 邀请您加入 jjjjjjjq 群组','您的好友 找我干嘛茜茜 邀请您加入 jjjjjjjq 群组','111197') [ RunTime:0.0111s ]
SQL: SELECT * FROM `t_user` WHERE `id` = 111197 LIMIT 1   [ RunTime:0.0112s ]
SQL: INSERT INTO `t_message` (`userid`,`typeid`,`addtime`,`type`,`title`,`content`,`uid`) VALUES ('111192','385','1451374672','groupbyfriend','您的好友 找我干嘛茜茜 邀请您加入 jjjjjjjq 群组','您的好友 找我干嘛茜茜 邀请您加入 jjjjjjjq 群组','111199') [ RunTime:0.0105s ]
SQL: SELECT * FROM `t_user` WHERE `id` = 111199 LIMIT 1   [ RunTime:0.0216s ]

[ 2015-12-29T15:38:37+08:00 ] 127.0.0.1 /Api/index/groupbyfriend
INFO: [ app_init ] --START--
INFO: Run Behavior\BuildLiteBehavior [ RunTime:0.000013s ]
INFO: [ app_init ] --END-- [ RunTime:0.000497s ]
INFO: [ app_begin ] --START--
INFO: Run Behavior\ReadHtmlCacheBehavior [ RunTime:0.000677s ]
INFO: [ app_begin ] --END-- [ RunTime:0.000730s ]
SQL: SHOW COLUMNS FROM `t_groups` [ RunTime:0.0103s ]
SQL: SHOW COLUMNS FROM `t_user` [ RunTime:0.0126s ]
SQL: SELECT * FROM `t_user` WHERE `id` = 111192 LIMIT 1   [ RunTime:0.0125s ]
SQL: SELECT * FROM `t_groups` WHERE `id` = 385 LIMIT 1   [ RunTime:0.0200s ]
SQL: SHOW COLUMNS FROM `t_message` [ RunTime:0.0211s ]
SQL: INSERT INTO `t_message` (`userid`,`typeid`,`addtime`,`type`,`title`,`content`,`uid`) VALUES ('111192','385','1451374717','groupbyfriend','您的好友 找我干嘛茜茜 邀请您加入 jjjjjjjq 群组','您的好友 找我干嘛茜茜 邀请您加入 jjjjjjjq 群组','111197') [ RunTime:0.0121s ]
SQL: SELECT * FROM `t_user` WHERE `id` = 111197 LIMIT 1   [ RunTime:0.0117s ]
SQL: INSERT INTO `t_message` (`userid`,`typeid`,`addtime`,`type`,`title`,`content`,`uid`) VALUES ('111192','385','1451374717','groupbyfriend','您的好友 找我干嘛茜茜 邀请您加入 jjjjjjjq 群组','您的好友 找我干嘛茜茜 邀请您加入 jjjjjjjq 群组','111199') [ RunTime:0.0087s ]
SQL: SELECT * FROM `t_user` WHERE `id` = 111199 LIMIT 1   [ RunTime:0.0128s ]

[ 2015-12-29T15:39:31+08:00 ] 127.0.0.1 /Api/index/groupbyfriend
INFO: [ app_init ] --START--
INFO: Run Behavior\BuildLiteBehavior [ RunTime:0.000020s ]
INFO: [ app_init ] --END-- [ RunTime:0.000577s ]
INFO: [ app_begin ] --START--
INFO: Run Behavior\ReadHtmlCacheBehavior [ RunTime:0.000563s ]
INFO: [ app_begin ] --END-- [ RunTime:0.000624s ]
SQL: SHOW COLUMNS FROM `t_groups` [ RunTime:0.0254s ]
SQL: SHOW COLUMNS FROM `t_user` [ RunTime:0.0324s ]
SQL: SELECT * FROM `t_user` WHERE `id` = 111192 LIMIT 1   [ RunTime:0.0324s ]
SQL: SELECT * FROM `t_groups` WHERE `id` = 385 LIMIT 1   [ RunTime:0.0286s ]
SQL: SHOW COLUMNS FROM `t_message` [ RunTime:0.0217s ]
SQL: INSERT INTO `t_message` (`userid`,`typeid`,`addtime`,`type`,`title`,`content`,`uid`) VALUES ('111192','385','1451374771','groupbyfriend','您的好友 找我干嘛茜茜 邀请您加入 jjjjjjjq 群组','您的好友 找我干嘛茜茜 邀请您加入 jjjjjjjq 群组','111197') [ RunTime:0.0161s ]
SQL: SELECT * FROM `t_user` WHERE `id` = 111197 LIMIT 1   [ RunTime:0.0149s ]
SQL: INSERT INTO `t_message` (`userid`,`typeid`,`addtime`,`type`,`title`,`content`,`uid`) VALUES ('111192','385','1451374771','groupbyfriend','您的好友 找我干嘛茜茜 邀请您加入 jjjjjjjq 群组','您的好友 找我干嘛茜茜 邀请您加入 jjjjjjjq 群组','111199') [ RunTime:0.0160s ]
SQL: SELECT * FROM `t_user` WHERE `id` = 111199 LIMIT 1   [ RunTime:0.0169s ]

[ 2015-12-29T15:45:07+08:00 ] 127.0.0.1 /Api/index/groupbyfriend
INFO: [ app_init ] --START--
INFO: Run Behavior\BuildLiteBehavior [ RunTime:0.000013s ]
INFO: [ app_init ] --END-- [ RunTime:0.000471s ]
INFO: [ app_begin ] --START--
INFO: Run Behavior\ReadHtmlCacheBehavior [ RunTime:0.001056s ]
INFO: [ app_begin ] --END-- [ RunTime:0.001168s ]
SQL: SHOW COLUMNS FROM `t_groups` [ RunTime:0.0193s ]
SQL: SHOW COLUMNS FROM `t_user` [ RunTime:0.0162s ]
SQL: SELECT * FROM `t_user` WHERE `id` = 111192 LIMIT 1   [ RunTime:0.0134s ]
SQL: SELECT * FROM `t_groups` WHERE `id` = 385 LIMIT 1   [ RunTime:0.0129s ]
SQL: SHOW COLUMNS FROM `t_message` [ RunTime:0.0145s ]
SQL: INSERT INTO `t_message` (`userid`,`typeid`,`addtime`,`type`,`title`,`content`,`uid`) VALUES ('111192','385','1451375107','groupbyfriend','您的好友 找我干嘛茜茜 邀请您加入 jjjjjjjq 群组','您的好友 找我干嘛茜茜 邀请您加入 jjjjjjjq 群组','111197') [ RunTime:0.0244s ]
SQL: SELECT * FROM `t_user` WHERE `id` = 111197 LIMIT 1   [ RunTime:0.0154s ]
SQL: INSERT INTO `t_message` (`userid`,`typeid`,`addtime`,`type`,`title`,`content`,`uid`) VALUES ('111192','385','1451375107','groupbyfriend','您的好友 找我干嘛茜茜 邀请您加入 jjjjjjjq 群组','您的好友 找我干嘛茜茜 邀请您加入 jjjjjjjq 群组','111199') [ RunTime:0.0124s ]
SQL: SELECT * FROM `t_user` WHERE `id` = 111199 LIMIT 1   [ RunTime:0.0126s ]

[ 2015-12-29T15:59:04+08:00 ] 127.0.0.1 /Api/index/groupbyfriend
INFO: [ app_init ] --START--
INFO: Run Behavior\BuildLiteBehavior [ RunTime:0.000013s ]
INFO: [ app_init ] --END-- [ RunTime:0.000453s ]
INFO: [ app_begin ] --START--
INFO: Run Behavior\ReadHtmlCacheBehavior [ RunTime:0.000656s ]
INFO: [ app_begin ] --END-- [ RunTime:0.000711s ]
SQL: SHOW COLUMNS FROM `t_groups` [ RunTime:0.0112s ]
SQL: SHOW COLUMNS FROM `t_user` [ RunTime:0.0090s ]
SQL: SELECT * FROM `t_user` WHERE `id` = 111192 LIMIT 1   [ RunTime:0.0096s ]
SQL: SELECT * FROM `t_groups` WHERE `id` = 385 LIMIT 1   [ RunTime:0.0178s ]
SQL: SHOW COLUMNS FROM `t_message` [ RunTime:0.0102s ]
SQL: INSERT INTO `t_message` (`userid`,`typeid`,`addtime`,`type`,`title`,`content`,`uid`) VALUES ('111192','385','1451375943','groupbyfriend','您的好友 找我干嘛茜茜 邀请您加入 jjjjjjjq 群组','您的好友 找我干嘛茜茜 邀请您加入 jjjjjjjq 群组','111197') [ RunTime:0.0105s ]
SQL: SELECT * FROM `t_user` WHERE `id` = 111197 LIMIT 1   [ RunTime:0.0137s ]
SQL: INSERT INTO `t_message` (`userid`,`typeid`,`addtime`,`type`,`title`,`content`,`uid`) VALUES ('111192','385','1451375943','groupbyfriend','您的好友 找我干嘛茜茜 邀请您加入 jjjjjjjq 群组','您的好友 找我干嘛茜茜 邀请您加入 jjjjjjjq 群组','111199') [ RunTime:0.0135s ]
SQL: SELECT * FROM `t_user` WHERE `id` = 111199 LIMIT 1   [ RunTime:0.0097s ]

[ 2015-12-29T15:59:28+08:00 ] 127.0.0.1 /Api/index/groupbyfriend
INFO: [ app_init ] --START--
INFO: Run Behavior\BuildLiteBehavior [ RunTime:0.000013s ]
INFO: [ app_init ] --END-- [ RunTime:0.000600s ]
INFO: [ app_begin ] --START--
INFO: Run Behavior\ReadHtmlCacheBehavior [ RunTime:0.000832s ]
INFO: [ app_begin ] --END-- [ RunTime:0.000924s ]
SQL: SHOW COLUMNS FROM `t_groups` [ RunTime:0.0233s ]
SQL: SHOW COLUMNS FROM `t_user` [ RunTime:0.0167s ]
SQL: SELECT * FROM `t_user` WHERE `id` = 111192 LIMIT 1   [ RunTime:0.0192s ]
SQL: SELECT * FROM `t_groups` WHERE `id` = 385 LIMIT 1   [ RunTime:0.0108s ]
SQL: SHOW COLUMNS FROM `t_message` [ RunTime:0.0112s ]
SQL: SELECT * FROM `t_message` WHERE ( uid = 111197 and typeid = '385' and (type = 'groupbyfriend' or type = 'joingroup') ) LIMIT 1   [ RunTime:0.0154s ]
SQL: SELECT * FROM `t_message` WHERE ( uid = 111199 and typeid = '385' and (type = 'groupbyfriend' or type = 'joingroup') ) LIMIT 1   [ RunTime:0.0193s ]
NOTIC: [8] Undefined variable: jpushid D:\wamp\www\qb\Application\Api\Controller\IndexController.class.php 第 1148 行.

[ 2015-12-29T15:59:43+08:00 ] 127.0.0.1 /Api/index/groupbyfriend
INFO: [ app_init ] --START--
INFO: Run Behavior\BuildLiteBehavior [ RunTime:0.000015s ]
INFO: [ app_init ] --END-- [ RunTime:0.000433s ]
INFO: [ app_begin ] --START--
INFO: Run Behavior\ReadHtmlCacheBehavior [ RunTime:0.000559s ]
INFO: [ app_begin ] --END-- [ RunTime:0.000613s ]
SQL: SHOW COLUMNS FROM `t_groups` [ RunTime:0.0110s ]
SQL: SHOW COLUMNS FROM `t_user` [ RunTime:0.0228s ]
SQL: SELECT * FROM `t_user` WHERE `id` = 111192 LIMIT 1   [ RunTime:0.0139s ]
SQL: SELECT * FROM `t_groups` WHERE `id` = 385 LIMIT 1   [ RunTime:0.0117s ]
SQL: SHOW COLUMNS FROM `t_message` [ RunTime:0.0284s ]
SQL: SELECT * FROM `t_message` WHERE ( uid = 111197 and typeid = '385' and (type = 'groupbyfriend' or type = 'joingroup') ) LIMIT 1   [ RunTime:0.0110s ]
SQL: INSERT INTO `t_message` (`userid`,`typeid`,`addtime`,`type`,`title`,`content`,`uid`) VALUES ('111192','385','1451375983','groupbyfriend','您的好友 找我干嘛茜茜 邀请您加入 jjjjjjjq 群组','您的好友 找我干嘛茜茜 邀请您加入 jjjjjjjq 群组','111197') [ RunTime:0.0104s ]
SQL: SELECT * FROM `t_user` WHERE `id` = 111197 LIMIT 1   [ RunTime:0.0118s ]
SQL: SELECT * FROM `t_message` WHERE ( uid = 111199 and typeid = '385' and (type = 'groupbyfriend' or type = 'joingroup') ) LIMIT 1   [ RunTime:0.0141s ]
SQL: INSERT INTO `t_message` (`userid`,`typeid`,`addtime`,`type`,`title`,`content`,`uid`) VALUES ('111192','385','1451375983','groupbyfriend','您的好友 找我干嘛茜茜 邀请您加入 jjjjjjjq 群组','您的好友 找我干嘛茜茜 邀请您加入 jjjjjjjq 群组','111199') [ RunTime:0.0091s ]
SQL: SELECT * FROM `t_user` WHERE `id` = 111199 LIMIT 1   [ RunTime:0.0103s ]

[ 2015-12-29T17:09:02+08:00 ] 127.0.0.1 /Api/index/joingroup
INFO: [ app_init ] --START--
INFO: Run Behavior\BuildLiteBehavior [ RunTime:0.000015s ]
INFO: [ app_init ] --END-- [ RunTime:0.000587s ]
INFO: [ app_begin ] --START--
INFO: Run Behavior\ReadHtmlCacheBehavior [ RunTime:0.000692s ]
INFO: [ app_begin ] --END-- [ RunTime:0.000758s ]
SQL: SHOW COLUMNS FROM `t_groupuser` [ RunTime:0.0218s ]
SQL: SELECT t_user.jpushid FROM `t_groupuser` left join t_user on t_user.id = t_groupuser.user_id  WHERE ( t_groupuser.group_id = '385' and t_groupuser.level > 3 )  [ RunTime:0.0304s ]

[ 2015-12-29T17:10:11+08:00 ] 127.0.0.1 /Api/index/joingroup
INFO: [ app_init ] --START--
INFO: Run Behavior\BuildLiteBehavior [ RunTime:0.000015s ]
INFO: [ app_init ] --END-- [ RunTime:0.000444s ]
INFO: [ app_begin ] --START--
INFO: Run Behavior\ReadHtmlCacheBehavior [ RunTime:0.000630s ]
INFO: [ app_begin ] --END-- [ RunTime:0.000694s ]
SQL: SHOW COLUMNS FROM `t_groupuser` [ RunTime:0.0090s ]
SQL: SELECT t_user.jpushid FROM `t_groupuser` left join t_user on t_user.id = t_groupuser.user_id  WHERE ( t_groupuser.group_id = '385' and t_groupuser.level > 3 )  [ RunTime:0.0092s ]

[ 2015-12-29T17:11:26+08:00 ] 127.0.0.1 /Api/index/joingroup
INFO: [ app_init ] --START--
INFO: Run Behavior\BuildLiteBehavior [ RunTime:0.000015s ]
INFO: [ app_init ] --END-- [ RunTime:0.000507s ]
INFO: [ app_begin ] --START--
INFO: Run Behavior\ReadHtmlCacheBehavior [ RunTime:0.000668s ]
INFO: [ app_begin ] --END-- [ RunTime:0.000725s ]
SQL: SHOW COLUMNS FROM `t_groups` [ RunTime:0.0105s ]
SQL: SHOW COLUMNS FROM `t_user` [ RunTime:0.0133s ]
SQL: SELECT * FROM `t_user` WHERE `id` = 111197 LIMIT 1   [ RunTime:0.0137s ]
SQL: SELECT * FROM `t_groups` WHERE `id` = 385 LIMIT 1   [ RunTime:0.0215s ]
SQL: SHOW COLUMNS FROM `t_message` [ RunTime:0.0141s ]
SQL: SELECT * FROM `t_message` WHERE ( uid = '111197' and typeid = '385' and (type = 'groupbyfriend' or type = 'joingroup') ) LIMIT 1   [ RunTime:0.0120s ]
NOTIC: [8] Undefined variable: jpushid D:\wamp\www\qb\Application\Api\Controller\IndexController.class.php 第 1185 行.

[ 2015-12-29T17:13:35+08:00 ] 127.0.0.1 /Api/index/joingroup
INFO: [ app_init ] --START--
INFO: Run Behavior\BuildLiteBehavior [ RunTime:0.000015s ]
INFO: [ app_init ] --END-- [ RunTime:0.000466s ]
INFO: [ app_begin ] --START--
INFO: Run Behavior\ReadHtmlCacheBehavior [ RunTime:0.000659s ]
INFO: [ app_begin ] --END-- [ RunTime:0.000735s ]
SQL: SHOW COLUMNS FROM `t_groups` [ RunTime:0.0123s ]
SQL: SHOW COLUMNS FROM `t_user` [ RunTime:0.0132s ]
SQL: SELECT * FROM `t_user` WHERE `id` = 111197 LIMIT 1   [ RunTime:0.0128s ]
SQL: SELECT * FROM `t_groups` WHERE `id` = 385 LIMIT 1   [ RunTime:0.0113s ]
SQL: SHOW COLUMNS FROM `t_message` [ RunTime:0.0255s ]
SQL: SELECT * FROM `t_message` WHERE ( uid = '111197' and typeid = '385' and (type = 'groupbyfriend' or type = 'joingroup') ) LIMIT 1   [ RunTime:0.0123s ]
SQL: INSERT INTO `t_message` (`typeid`,`uid`,`addtime`,`type`,`title`,`content`,`status`) VALUES ('385','111197','1451380414','joingroup','雨神 申请加入 jjjjjjjq 群组','雨神 申请加入 jjjjjjjq 群组','2') [ RunTime:0.0130s ]
SQL: SHOW COLUMNS FROM `t_groupuser` [ RunTime:0.0128s ]
SQL: SELECT t_user.jpushid FROM `t_groupuser` left join t_user on t_user.id = t_groupuser.user_id  WHERE ( t_groupuser.group_id = '385' and t_groupuser.level > 3 )  [ RunTime:0.0137s ]

[ 2015-12-29T18:12:13+08:00 ] 127.0.0.1 /Api/index/nearbyuser
INFO: [ app_init ] --START--
INFO: Run Behavior\BuildLiteBehavior [ RunTime:0.000012s ]
INFO: [ app_init ] --END-- [ RunTime:0.000660s ]
INFO: [ app_begin ] --START--
INFO: Run Behavior\ReadHtmlCacheBehavior [ RunTime:0.000824s ]
INFO: [ app_begin ] --END-- [ RunTime:0.000901s ]
ERR: SQLSTATE[42S02]: Base table or view not found: 1146 Table 'php8082.t_u_user' doesn't exist

[ 2015-12-29T18:12:36+08:00 ] 127.0.0.1 /Api/index/nearbyuser
INFO: [ app_init ] --START--
INFO: Run Behavior\BuildLiteBehavior [ RunTime:0.000015s ]
INFO: [ app_init ] --END-- [ RunTime:0.000519s ]
INFO: [ app_begin ] --START--
INFO: Run Behavior\ReadHtmlCacheBehavior [ RunTime:0.000694s ]
INFO: [ app_begin ] --END-- [ RunTime:0.000764s ]
SQL: SHOW COLUMNS FROM `t_user` [ RunTime:0.0151s ]
SQL: SELECT * FROM `t_user` WHERE `id` = 111197 LIMIT 1   [ RunTime:0.0162s ]
SQL: SELECT `id`,`username`,`latitude`,`longitude`,`age`,`hobby`,`occup`,`sign`,`simg`,`sex`,`logintime` FROM `t_user`  [ RunTime:0.0149s ]

[ 2015-12-29T18:27:18+08:00 ] 127.0.0.1 /Api/index/putonggroup
INFO: [ app_init ] --START--
INFO: Run Behavior\BuildLiteBehavior [ RunTime:0.000016s ]
INFO: [ app_init ] --END-- [ RunTime:0.000608s ]
INFO: [ app_begin ] --START--
INFO: Run Behavior\ReadHtmlCacheBehavior [ RunTime:0.000794s ]
INFO: [ app_begin ] --END-- [ RunTime:0.000882s ]
SQL: SHOW COLUMNS FROM `t_groups` [ RunTime:0.0164s ]
SQL: SHOW COLUMNS FROM `t_user` [ RunTime:0.0153s ]
SQL: SELECT * FROM `t_user` WHERE `id` = 1 LIMIT 1   [ RunTime:0.0093s ]
SQL: SELECT `id`,`title`,`addtime`,`condition`,description as descript,`type`,`simg`,`uid`,`address`,`longitude`,`latitude` FROM `t_groups` WHERE `id` = 0 LIMIT 1   [ RunTime:0.0234s ]
SQL: SELECT `id`,`title`,`addtime`,`condition`,description as descript,`type`,`simg`,`uid`,`address`,`longitude`,`latitude` FROM `t_groups` WHERE `state` = 2 AND (  (t_groups.title like "%jj%")  OR ( t_groups.address like "%jj%")  )  [ RunTime:0.0079s ]
SQL: SHOW COLUMNS FROM `t_groupuser` [ RunTime:0.0198s ]
SQL: SHOW COLUMNS FROM `t_message` [ RunTime:0.0088s ]
SQL: SELECT * FROM `t_groupuser` WHERE ( group_id = '385' and user_id = '1' ) LIMIT 1   [ RunTime:0.0079s ]
SQL: SELECT * FROM `t_message` WHERE ( type = 'groups' and typeid =  '385' and uid = '1' ) LIMIT 1   [ RunTime:0.0090s ]
SQL: SELECT COUNT(*) AS tp_count FROM `t_groupuser` WHERE ( group_id = '385' ) LIMIT 1   [ RunTime:0.0120s ]
SQL: SELECT t_user.id,t_user.username,t_user.simg,t_user.sex FROM `t_groupuser` left join t_user on t_user.id = t_groupuser.user_id  WHERE ( t_groupuser.group_id = '385' ) ORDER BY t_groupuser.poll desc,t_groupuser.level LIMIT 6   [ RunTime:0.0096s ]

