[ 2015-12-28T16:18:11+08:00 ] 127.0.0.1 /Api/Index/addgroup
INFO: [ app_init ] --START--
INFO: Run Behavior\BuildLiteBehavior [ RunTime:0.000013s ]
INFO: [ app_init ] --END-- [ RunTime:0.000647s ]
INFO: [ app_begin ] --START--
INFO: Run Behavior\ReadHtmlCacheBehavior [ RunTime:0.000686s ]
INFO: [ app_begin ] --END-- [ RunTime:0.000783s ]
ERR: SQLSTATE[42S02]: Base table or view not found: 1146 Table 'php8082.t_u_groups' doesn't exist

[ 2015-12-28T16:18:34+08:00 ] 127.0.0.1 /Api/Index/addgroup
INFO: [ app_init ] --START--
INFO: Run Behavior\BuildLiteBehavior [ RunTime:0.000013s ]
INFO: [ app_init ] --END-- [ RunTime:0.000428s ]
INFO: [ app_begin ] --START--
INFO: Run Behavior\ReadHtmlCacheBehavior [ RunTime:0.000734s ]
INFO: [ app_begin ] --END-- [ RunTime:0.000796s ]
SQL: SHOW COLUMNS FROM `t_groups` [ RunTime:0.0106s ]

[ 2015-12-28T16:19:09+08:00 ] 127.0.0.1 /Api/Index/addgroup
INFO: [ app_init ] --START--
INFO: Run Behavior\BuildLiteBehavior [ RunTime:0.000024s ]
INFO: [ app_init ] --END-- [ RunTime:0.000910s ]
INFO: [ app_begin ] --START--
INFO: Run Behavior\ReadHtmlCacheBehavior [ RunTime:0.000999s ]
INFO: [ app_begin ] --END-- [ RunTime:0.001373s ]
SQL: SHOW COLUMNS FROM `t_groups` [ RunTime:0.0132s ]
SQL: INSERT INTO `t_groups` (`uid`,`title`,`description`,`type`,`addtime`) VALUES ('1','1','1','1','1451290749') [ RunTime:0.0303s ]

