[ 2015-12-15T11:19:41+08:00 ] 127.0.0.1 /Api/index/index
INFO: [ app_init ] --START--
INFO: Run Behavior\BuildLiteBehavior [ RunTime:0.000022s ]
INFO: [ app_init ] --END-- [ RunTime:0.000755s ]
INFO: [ app_begin ] --START--
INFO: Run Behavior\ReadHtmlCacheBehavior [ RunTime:0.000763s ]
INFO: [ app_begin ] --END-- [ RunTime:0.000841s ]
SQL: SHOW COLUMNS FROM `t_news` [ RunTime:0.0118s ]
SQL: SELECT * FROM `t_news` WHERE ( isred = 2 and istop != 2 and (cityid = 0 or cityid = 9503761) ) ORDER BY id desc LIMIT 0,10   [ RunTime:0.0129s ]
ERR: SQLSTATE[42000]: Syntax error or access violation: 1064 You have an error in your SQL syntax; check the manual that corresponds to your MySQL server version for the right syntax to use near '-1,1' at line 1

[ 2015-12-15T11:20:38+08:00 ] 127.0.0.1 /Api/index/index
INFO: [ app_init ] --START--
INFO: Run Behavior\BuildLiteBehavior [ RunTime:0.000018s ]
INFO: [ app_init ] --END-- [ RunTime:0.000496s ]
INFO: [ app_begin ] --START--
INFO: Run Behavior\ReadHtmlCacheBehavior [ RunTime:0.000562s ]
INFO: [ app_begin ] --END-- [ RunTime:0.000629s ]
SQL: SHOW COLUMNS FROM `t_news` [ RunTime:0.0126s ]
SQL: SELECT * FROM `t_news` WHERE ( isred = 2 and istop != 2 and (cityid = 0 or cityid = 9503761) ) ORDER BY id desc LIMIT 0,10   [ RunTime:0.0194s ]
ERR: SQLSTATE[42000]: Syntax error or access violation: 1064 You have an error in your SQL syntax; check the manual that corresponds to your MySQL server version for the right syntax to use near '-1,1' at line 1

[ 2015-12-15T11:21:04+08:00 ] 127.0.0.1 /Api/index/index
INFO: [ app_init ] --START--
INFO: Run Behavior\BuildLiteBehavior [ RunTime:0.000023s ]
INFO: [ app_init ] --END-- [ RunTime:0.000687s ]
INFO: [ app_begin ] --START--
INFO: Run Behavior\ReadHtmlCacheBehavior [ RunTime:0.000913s ]
INFO: [ app_begin ] --END-- [ RunTime:0.001022s ]
SQL: SHOW COLUMNS FROM `t_news` [ RunTime:0.0147s ]

[ 2015-12-15T11:21:38+08:00 ] 127.0.0.1 /Api/index/index
INFO: [ app_init ] --START--
INFO: Run Behavior\BuildLiteBehavior [ RunTime:0.000020s ]
INFO: [ app_init ] --END-- [ RunTime:0.000573s ]
INFO: [ app_begin ] --START--
INFO: Run Behavior\ReadHtmlCacheBehavior [ RunTime:0.000849s ]
INFO: [ app_begin ] --END-- [ RunTime:0.000936s ]
SQL: SHOW COLUMNS FROM `t_news` [ RunTime:0.0319s ]
SQL: SELECT * FROM `t_news` WHERE ( isred = 2 and istop != 2 and (cityid = 0 or cityid = 9503761) ) ORDER BY id desc LIMIT 0,10   [ RunTime:0.0146s ]

[ 2015-12-15T11:21:48+08:00 ] 127.0.0.1 /Api/index/index
INFO: [ app_init ] --START--
INFO: Run Behavior\BuildLiteBehavior [ RunTime:0.000013s ]
INFO: [ app_init ] --END-- [ RunTime:0.000555s ]
INFO: [ app_begin ] --START--
INFO: Run Behavior\ReadHtmlCacheBehavior [ RunTime:0.000634s ]
INFO: [ app_begin ] --END-- [ RunTime:0.000685s ]
SQL: SHOW COLUMNS FROM `t_news` [ RunTime:0.0130s ]
SQL: SELECT * FROM `t_news` WHERE ( isred = 2 and istop != 2 and (cityid = 0 or cityid = 9503761) ) ORDER BY id desc LIMIT 0,10   [ RunTime:0.0145s ]
ERR: SQLSTATE[42000]: Syntax error or access violation: 1064 You have an error in your SQL syntax; check the manual that corresponds to your MySQL server version for the right syntax to use near '-1,1' at line 1

[ 2015-12-15T11:22:41+08:00 ] 127.0.0.1 /Api/index/index
INFO: [ app_init ] --START--
INFO: Run Behavior\BuildLiteBehavior [ RunTime:0.000023s ]
INFO: [ app_init ] --END-- [ RunTime:0.000732s ]
INFO: [ app_begin ] --START--
INFO: Run Behavior\ReadHtmlCacheBehavior [ RunTime:0.000934s ]
INFO: [ app_begin ] --END-- [ RunTime:0.001160s ]
SQL: SHOW COLUMNS FROM `t_news` [ RunTime:0.0158s ]
SQL: SELECT * FROM `t_news` WHERE ( isred = 2 and istop != 2 and (cityid = 0 or cityid = 9503761) ) ORDER BY id desc LIMIT 0,10   [ RunTime:0.0148s ]
SQL: SELECT * FROM `t_news` WHERE ( istop = 2 and (cityid = 0 or cityid = 9503761) ) ORDER BY isred desc,id desc LIMIT 0,1   [ RunTime:0.0172s ]

[ 2015-12-15T11:22:59+08:00 ] 127.0.0.1 /Api/index/index
INFO: [ app_init ] --START--
INFO: Run Behavior\BuildLiteBehavior [ RunTime:0.000015s ]
INFO: [ app_init ] --END-- [ RunTime:0.000592s ]
INFO: [ app_begin ] --START--
INFO: Run Behavior\ReadHtmlCacheBehavior [ RunTime:0.000795s ]
INFO: [ app_begin ] --END-- [ RunTime:0.000902s ]
SQL: SHOW COLUMNS FROM `t_news` [ RunTime:0.0137s ]
SQL: SELECT * FROM `t_news` WHERE ( isred = 2 and istop != 2 and (cityid = 0 or cityid = 9503761) ) ORDER BY id desc LIMIT 0,10   [ RunTime:0.0142s ]
SQL: SELECT * FROM `t_news` WHERE ( istop = 2 and (cityid = 0 or cityid = 9503761) ) ORDER BY isred desc,id desc LIMIT 0,1   [ RunTime:0.0157s ]

[ 2015-12-15T11:23:19+08:00 ] 127.0.0.1 /Api/index/index
INFO: [ app_init ] --START--
INFO: Run Behavior\BuildLiteBehavior [ RunTime:0.000021s ]
INFO: [ app_init ] --END-- [ RunTime:0.000602s ]
INFO: [ app_begin ] --START--
INFO: Run Behavior\ReadHtmlCacheBehavior [ RunTime:0.000908s ]
INFO: [ app_begin ] --END-- [ RunTime:0.001014s ]
SQL: SHOW COLUMNS FROM `t_news` [ RunTime:0.0176s ]
SQL: SELECT * FROM `t_news` WHERE ( isred = 2 and istop != 2 and (cityid = 0 or cityid = 9503761) ) ORDER BY id desc LIMIT 0,10   [ RunTime:0.0124s ]
SQL: SELECT * FROM `t_news` WHERE ( istop = 2 and (cityid = 0 or cityid = 9503761) ) ORDER BY isred desc,id desc LIMIT 0,1   [ RunTime:0.0149s ]

[ 2015-12-15T11:24:12+08:00 ] 127.0.0.1 /Api/index/index
INFO: [ app_init ] --START--
INFO: Run Behavior\BuildLiteBehavior [ RunTime:0.000017s ]
INFO: [ app_init ] --END-- [ RunTime:0.001062s ]
INFO: [ app_begin ] --START--
INFO: Run Behavior\ReadHtmlCacheBehavior [ RunTime:0.000705s ]
INFO: [ app_begin ] --END-- [ RunTime:0.000767s ]
SQL: SHOW COLUMNS FROM `t_news` [ RunTime:0.0139s ]
SQL: SELECT * FROM `t_news` WHERE ( isred = 2 and istop != 2 and (cityid = 0 or cityid = 9503761) ) ORDER BY id desc LIMIT 0,10   [ RunTime:0.0172s ]
SQL: SELECT * FROM `t_news` WHERE ( istop = 2 and (cityid = 0 or cityid = 9503761) ) ORDER BY isred desc,id desc LIMIT 0,1   [ RunTime:0.0106s ]

[ 2015-12-15T11:25:07+08:00 ] 127.0.0.1 /Api/index/index
INFO: [ app_init ] --START--
INFO: Run Behavior\BuildLiteBehavior [ RunTime:0.000019s ]
INFO: [ app_init ] --END-- [ RunTime:0.000577s ]
INFO: [ app_begin ] --START--
INFO: Run Behavior\ReadHtmlCacheBehavior [ RunTime:0.000574s ]
INFO: [ app_begin ] --END-- [ RunTime:0.000673s ]
SQL: SHOW COLUMNS FROM `t_news` [ RunTime:0.0200s ]
SQL: SELECT * FROM `t_news` WHERE ( isred = 2 and istop != 2 and (cityid = 0 or cityid = 9503761) ) ORDER BY id desc LIMIT 0,10   [ RunTime:0.0150s ]

[ 2015-12-15T11:25:41+08:00 ] 127.0.0.1 /Api/index/index
INFO: [ app_init ] --START--
INFO: Run Behavior\BuildLiteBehavior [ RunTime:0.000014s ]
INFO: [ app_init ] --END-- [ RunTime:0.000596s ]
INFO: [ app_begin ] --START--
INFO: Run Behavior\ReadHtmlCacheBehavior [ RunTime:0.000648s ]
INFO: [ app_begin ] --END-- [ RunTime:0.000699s ]
SQL: SHOW COLUMNS FROM `t_news` [ RunTime:0.0122s ]
SQL: SELECT * FROM `t_news` WHERE ( istop != 2 and (cityid = 0 or cityid = 9503761) ) ORDER BY id desc LIMIT 0,10   [ RunTime:0.0120s ]

[ 2015-12-15T11:26:24+08:00 ] 127.0.0.1 /Api/index/index
INFO: [ app_init ] --START--
INFO: Run Behavior\BuildLiteBehavior [ RunTime:0.000014s ]
INFO: [ app_init ] --END-- [ RunTime:0.000491s ]
INFO: [ app_begin ] --START--
INFO: Run Behavior\ReadHtmlCacheBehavior [ RunTime:0.000599s ]
INFO: [ app_begin ] --END-- [ RunTime:0.000657s ]
SQL: SHOW COLUMNS FROM `t_news` [ RunTime:0.0131s ]
SQL: SELECT * FROM `t_news` WHERE ( istop != 2 and (cityid = 0 or cityid = 9503761) ) ORDER BY id desc LIMIT 0,10   [ RunTime:0.0132s ]
SQL: SELECT * FROM `t_news` WHERE ( istop = 2 and (cityid = 0 or cityid = 9503761) ) ORDER BY isred desc,id desc LIMIT 0,1   [ RunTime:0.0106s ]

[ 2015-12-15T11:26:58+08:00 ] 127.0.0.1 /Api/index/index
INFO: [ app_init ] --START--
INFO: Run Behavior\BuildLiteBehavior [ RunTime:0.000013s ]
INFO: [ app_init ] --END-- [ RunTime:0.000519s ]
INFO: [ app_begin ] --START--
INFO: Run Behavior\ReadHtmlCacheBehavior [ RunTime:0.000668s ]
INFO: [ app_begin ] --END-- [ RunTime:0.000725s ]
SQL: SHOW COLUMNS FROM `t_news` [ RunTime:0.0145s ]
SQL: SELECT * FROM `t_news` WHERE ( istop != 2 and (cityid = 0 or cityid = 9503761) ) ORDER BY id desc LIMIT 0,10   [ RunTime:0.0162s ]
SQL: SELECT * FROM `t_news` WHERE ( istop = 2 and (cityid = 0 or cityid = 9503761) ) ORDER BY isred desc,id desc LIMIT 0,1   [ RunTime:0.0210s ]
NOTIC: [8] Use of undefined constant res - assumed 'res' D:\wamp\www\qb\Application\Api\Controller\IndexController.class.php 第 470 行.

[ 2015-12-15T11:27:09+08:00 ] 127.0.0.1 /Api/index/index
INFO: [ app_init ] --START--
INFO: Run Behavior\BuildLiteBehavior [ RunTime:0.000013s ]
INFO: [ app_init ] --END-- [ RunTime:0.000436s ]
INFO: [ app_begin ] --START--
INFO: Run Behavior\ReadHtmlCacheBehavior [ RunTime:0.000531s ]
INFO: [ app_begin ] --END-- [ RunTime:0.000588s ]
SQL: SHOW COLUMNS FROM `t_news` [ RunTime:0.0178s ]
SQL: SELECT * FROM `t_news` WHERE ( istop != 2 and (cityid = 0 or cityid = 9503761) ) ORDER BY id desc LIMIT 0,10   [ RunTime:0.0214s ]
SQL: SELECT * FROM `t_news` WHERE ( istop = 2 and (cityid = 0 or cityid = 9503761) ) ORDER BY isred desc,id desc LIMIT 0,1   [ RunTime:0.0139s ]

[ 2015-12-15T11:28:58+08:00 ] 127.0.0.1 /Api/index/index
INFO: [ app_init ] --START--
INFO: Run Behavior\BuildLiteBehavior [ RunTime:0.000015s ]
INFO: [ app_init ] --END-- [ RunTime:0.000549s ]
INFO: [ app_begin ] --START--
INFO: Run Behavior\ReadHtmlCacheBehavior [ RunTime:0.000631s ]
INFO: [ app_begin ] --END-- [ RunTime:0.000710s ]
SQL: SHOW COLUMNS FROM `t_news` [ RunTime:0.0147s ]
SQL: SELECT * FROM `t_news` WHERE ( istop != 2 and (cityid = 0 or cityid = 9503761) ) ORDER BY id desc LIMIT 0,10   [ RunTime:0.0152s ]
SQL: SELECT * FROM `t_news` WHERE ( istop = 2 and (cityid = 0 or cityid = 9503761) ) ORDER BY isred desc,id desc LIMIT 0,1   [ RunTime:0.0140s ]

[ 2015-12-15T11:30:09+08:00 ] 127.0.0.1 /Api/index/index
INFO: [ app_init ] --START--
INFO: Run Behavior\BuildLiteBehavior [ RunTime:0.000040s ]
INFO: [ app_init ] --END-- [ RunTime:0.000741s ]
INFO: [ app_begin ] --START--
INFO: Run Behavior\ReadHtmlCacheBehavior [ RunTime:0.001376s ]
INFO: [ app_begin ] --END-- [ RunTime:0.001494s ]
SQL: SHOW COLUMNS FROM `t_news` [ RunTime:0.0113s ]
SQL: SELECT * FROM `t_news` WHERE ( istop != 2 and (cityid = 0 or cityid = 9503761) ) ORDER BY id desc LIMIT 0,10   [ RunTime:0.0135s ]
SQL: SELECT * FROM `t_news` WHERE ( istop = 2 and (cityid = 0 or cityid = 9503761) ) ORDER BY isred desc,id desc LIMIT 0,1   [ RunTime:0.0131s ]

[ 2015-12-15T11:57:46+08:00 ] 127.0.0.1 /Api/index/index
INFO: [ app_init ] --START--
INFO: Run Behavior\BuildLiteBehavior [ RunTime:0.000051s ]
INFO: [ app_init ] --END-- [ RunTime:0.000948s ]
INFO: [ app_begin ] --START--
INFO: Run Behavior\ReadHtmlCacheBehavior [ RunTime:0.000927s ]
INFO: [ app_begin ] --END-- [ RunTime:0.000993s ]
SQL: SHOW COLUMNS FROM `t_news` [ RunTime:0.0134s ]
SQL: SELECT * FROM `t_news` WHERE ( groupid = 1 and istop != 2 and (cityid = 0 or cityid = 9503761) ) ORDER BY id desc LIMIT 0,10   [ RunTime:0.0142s ]

[ 2015-12-15T11:57:53+08:00 ] 127.0.0.1 /Api/index/index
INFO: [ app_init ] --START--
INFO: Run Behavior\BuildLiteBehavior [ RunTime:0.000012s ]
INFO: [ app_init ] --END-- [ RunTime:0.000550s ]
INFO: [ app_begin ] --START--
INFO: Run Behavior\ReadHtmlCacheBehavior [ RunTime:0.000681s ]
INFO: [ app_begin ] --END-- [ RunTime:0.000731s ]
SQL: SHOW COLUMNS FROM `t_news` [ RunTime:0.0116s ]
SQL: SELECT * FROM `t_news` WHERE ( groupid = 1 and istop != 2 and (cityid = 0 or cityid = 9503761) ) ORDER BY id desc LIMIT 0,10   [ RunTime:0.0118s ]

[ 2015-12-15T11:58:09+08:00 ] 127.0.0.1 /Api/index/index
INFO: [ app_init ] --START--
INFO: Run Behavior\BuildLiteBehavior [ RunTime:0.000015s ]
INFO: [ app_init ] --END-- [ RunTime:0.000515s ]
INFO: [ app_begin ] --START--
INFO: Run Behavior\ReadHtmlCacheBehavior [ RunTime:0.001140s ]
INFO: [ app_begin ] --END-- [ RunTime:0.001221s ]
SQL: SHOW COLUMNS FROM `t_news` [ RunTime:0.0141s ]
SQL: SELECT * FROM `t_news` WHERE ( groupid = 1 and istop != 2 and (cityid = 0 or cityid = 9503761) ) ORDER BY id desc LIMIT 0,10   [ RunTime:0.0180s ]

[ 2015-12-15T13:29:33+08:00 ] 127.0.0.1 /Api/index/index
INFO: [ app_init ] --START--
INFO: Run Behavior\BuildLiteBehavior [ RunTime:0.000016s ]
INFO: [ app_init ] --END-- [ RunTime:0.000866s ]
INFO: [ app_begin ] --START--
INFO: Run Behavior\ReadHtmlCacheBehavior [ RunTime:0.000644s ]
INFO: [ app_begin ] --END-- [ RunTime:0.000710s ]
SQL: SHOW COLUMNS FROM `t_news` [ RunTime:0.0108s ]
SQL: SELECT `id`,`title`,`description`,`simg`,`img`,`istop`,`origin`,`addtime`,`type` FROM `t_news` WHERE ( groupid = 1 and istop != 2 and (cityid = 0 or cityid = 9503761) ) ORDER BY id desc LIMIT 0,10   [ RunTime:0.0101s ]
SQL: SHOW COLUMNS FROM `t_comment` [ RunTime:0.0083s ]
SQL: SHOW COLUMNS FROM `t_friend` [ RunTime:0.0096s ]
ERR: SQLSTATE[42000]: Syntax error or access violation: 1064 You have an error in your SQL syntax; check the manual that corresponds to your MySQL server version for the right syntax to use near ') LIMIT 1' at line 1

[ 2015-12-15T13:30:10+08:00 ] 127.0.0.1 /Api/index/index
INFO: [ app_init ] --START--
INFO: Run Behavior\BuildLiteBehavior [ RunTime:0.000015s ]
INFO: [ app_init ] --END-- [ RunTime:0.000478s ]
INFO: [ app_begin ] --START--
INFO: Run Behavior\ReadHtmlCacheBehavior [ RunTime:0.000698s ]
INFO: [ app_begin ] --END-- [ RunTime:0.000776s ]
SQL: SHOW COLUMNS FROM `t_news` [ RunTime:0.0133s ]
SQL: SELECT `id`,`title`,`description`,`simg`,`img`,`istop`,`origin`,`addtime`,`type` FROM `t_news` WHERE ( groupid = 1 and istop != 2 and (cityid = 0 or cityid = 9503761) ) ORDER BY id desc LIMIT 0,10   [ RunTime:0.0090s ]

[ 2015-12-15T13:30:40+08:00 ] 127.0.0.1 /Api/index/index
INFO: [ app_init ] --START--
INFO: Run Behavior\BuildLiteBehavior [ RunTime:0.000015s ]
INFO: [ app_init ] --END-- [ RunTime:0.000491s ]
INFO: [ app_begin ] --START--
INFO: Run Behavior\ReadHtmlCacheBehavior [ RunTime:0.000496s ]
INFO: [ app_begin ] --END-- [ RunTime:0.000545s ]
SQL: SHOW COLUMNS FROM `t_news` [ RunTime:0.0171s ]
SQL: SELECT `id`,`title`,`description`,`simg`,`img`,`istop`,`origin`,`addtime`,`type` FROM `t_news` WHERE ( groupid = 1 and istop != 2 and (cityid = 0 or cityid = 9503761) ) ORDER BY id desc LIMIT 0,10   [ RunTime:0.0103s ]

[ 2015-12-15T13:30:49+08:00 ] 127.0.0.1 /Api/index/index
INFO: [ app_init ] --START--
INFO: Run Behavior\BuildLiteBehavior [ RunTime:0.000014s ]
INFO: [ app_init ] --END-- [ RunTime:0.000495s ]
INFO: [ app_begin ] --START--
INFO: Run Behavior\ReadHtmlCacheBehavior [ RunTime:0.000592s ]
INFO: [ app_begin ] --END-- [ RunTime:0.000656s ]
SQL: SHOW COLUMNS FROM `t_news` [ RunTime:0.0256s ]
SQL: SELECT `id`,`title`,`description`,`simg`,`img`,`istop`,`origin`,`addtime`,`type` FROM `t_news` WHERE ( groupid = 1 and istop != 2 and (cityid = 0 or cityid = 9503761) ) ORDER BY id desc LIMIT 0,10   [ RunTime:0.0147s ]
SQL: SHOW COLUMNS FROM `t_comment` [ RunTime:0.0147s ]
SQL: SHOW COLUMNS FROM `t_friend` [ RunTime:0.0249s ]
SQL: SELECT `fid` FROM `t_friend` WHERE ( uid = 1 ) LIMIT 1   [ RunTime:0.0134s ]

[ 2015-12-15T13:32:40+08:00 ] 127.0.0.1 /Api/index/index
INFO: [ app_init ] --START--
INFO: Run Behavior\BuildLiteBehavior [ RunTime:0.000014s ]
INFO: [ app_init ] --END-- [ RunTime:0.000501s ]
INFO: [ app_begin ] --START--
INFO: Run Behavior\ReadHtmlCacheBehavior [ RunTime:0.001022s ]
INFO: [ app_begin ] --END-- [ RunTime:0.001113s ]
SQL: SHOW COLUMNS FROM `t_news` [ RunTime:0.0119s ]
SQL: SELECT `id`,`title`,`description`,`simg`,`img`,`istop`,`origin`,`addtime`,`type` FROM `t_news` WHERE ( groupid = 1 and istop != 2 and (cityid = 0 or cityid = 9503761) ) ORDER BY id desc LIMIT 0,10   [ RunTime:0.0102s ]
SQL: SHOW COLUMNS FROM `t_comment` [ RunTime:0.0084s ]
SQL: SHOW COLUMNS FROM `t_friend` [ RunTime:0.0084s ]
SQL: SELECT `fid` FROM `t_friend` WHERE ( uid = 1 )  [ RunTime:0.0075s ]

[ 2015-12-15T13:33:22+08:00 ] 127.0.0.1 /Api/index/index
INFO: [ app_init ] --START--
INFO: Run Behavior\BuildLiteBehavior [ RunTime:0.000015s ]
INFO: [ app_init ] --END-- [ RunTime:0.000538s ]
INFO: [ app_begin ] --START--
INFO: Run Behavior\ReadHtmlCacheBehavior [ RunTime:0.000546s ]
INFO: [ app_begin ] --END-- [ RunTime:0.000621s ]
SQL: SHOW COLUMNS FROM `t_news` [ RunTime:0.0134s ]
SQL: SELECT `id`,`title`,`description`,`simg`,`img`,`istop`,`origin`,`addtime`,`type` FROM `t_news` WHERE ( groupid = 1 and istop != 2 and (cityid = 0 or cityid = 9503761) ) ORDER BY id desc LIMIT 0,10   [ RunTime:0.0106s ]
SQL: SHOW COLUMNS FROM `t_comment` [ RunTime:0.0139s ]
SQL: SHOW COLUMNS FROM `t_friend` [ RunTime:0.0128s ]
SQL: SELECT `fid` FROM `t_friend` WHERE ( uid = 1 )  [ RunTime:0.0200s ]

[ 2015-12-15T13:33:37+08:00 ] 127.0.0.1 /Api/index/index
INFO: [ app_init ] --START--
INFO: Run Behavior\BuildLiteBehavior [ RunTime:0.000013s ]
INFO: [ app_init ] --END-- [ RunTime:0.000483s ]
INFO: [ app_begin ] --START--
INFO: Run Behavior\ReadHtmlCacheBehavior [ RunTime:0.000510s ]
INFO: [ app_begin ] --END-- [ RunTime:0.000562s ]
SQL: SHOW COLUMNS FROM `t_news` [ RunTime:0.0156s ]
SQL: SELECT `id`,`title`,`description`,`simg`,`img`,`istop`,`origin`,`addtime`,`type` FROM `t_news` WHERE ( groupid = 1 and istop != 2 and (cityid = 0 or cityid = 9503761) ) ORDER BY id desc LIMIT 0,10   [ RunTime:0.0218s ]
SQL: SHOW COLUMNS FROM `t_comment` [ RunTime:0.0143s ]
SQL: SHOW COLUMNS FROM `t_friend` [ RunTime:0.0149s ]
SQL: SELECT `fid` FROM `t_friend` WHERE ( uid = 1 )  [ RunTime:0.0126s ]

[ 2015-12-15T13:33:44+08:00 ] 127.0.0.1 /Api/index/index
INFO: [ app_init ] --START--
INFO: Run Behavior\BuildLiteBehavior [ RunTime:0.000015s ]
INFO: [ app_init ] --END-- [ RunTime:0.000408s ]
INFO: [ app_begin ] --START--
INFO: Run Behavior\ReadHtmlCacheBehavior [ RunTime:0.000593s ]
INFO: [ app_begin ] --END-- [ RunTime:0.000660s ]
SQL: SHOW COLUMNS FROM `t_news` [ RunTime:0.0147s ]
SQL: SELECT `id`,`title`,`description`,`simg`,`img`,`istop`,`origin`,`addtime`,`type` FROM `t_news` WHERE ( groupid = 1 and istop != 2 and (cityid = 0 or cityid = 9503761) ) ORDER BY id desc LIMIT 0,10   [ RunTime:0.0156s ]
SQL: SHOW COLUMNS FROM `t_comment` [ RunTime:0.0134s ]
SQL: SHOW COLUMNS FROM `t_friend` [ RunTime:0.0131s ]
SQL: SELECT `fid` FROM `t_friend` WHERE ( uid = 1 ) LIMIT 1   [ RunTime:0.0126s ]

[ 2015-12-15T13:36:29+08:00 ] 127.0.0.1 /Api/index/index
INFO: [ app_init ] --START--
INFO: Run Behavior\BuildLiteBehavior [ RunTime:0.000019s ]
INFO: [ app_init ] --END-- [ RunTime:0.000510s ]
INFO: [ app_begin ] --START--
INFO: Run Behavior\ReadHtmlCacheBehavior [ RunTime:0.000834s ]
INFO: [ app_begin ] --END-- [ RunTime:0.000906s ]
SQL: SHOW COLUMNS FROM `t_news` [ RunTime:0.0152s ]
SQL: SELECT `id`,`title`,`description`,`simg`,`img`,`istop`,`origin`,`addtime`,`type` FROM `t_news` WHERE ( groupid = 1 and istop != 2 and (cityid = 0 or cityid = 9503761) ) ORDER BY id desc LIMIT 0,10   [ RunTime:0.0135s ]
SQL: SHOW COLUMNS FROM `t_comment` [ RunTime:0.0138s ]
SQL: SHOW COLUMNS FROM `t_friend` [ RunTime:0.0141s ]
SQL: SELECT `fid` FROM `t_friend` WHERE ( uid = 1 )  [ RunTime:0.0142s ]
SQL: SELECT COUNT(*) AS tp_count FROM `t_comment` WHERE ( type = 'news' and typeid = '9503769' ) LIMIT 1   [ RunTime:0.0127s ]
SQL: SELECT COUNT(*) AS tp_count FROM `t_comment` WHERE `uid` IN (111179,111178) AND `type` = 'news' LIMIT 1   [ RunTime:0.0125s ]
SQL: SELECT COUNT(*) AS tp_count FROM `t_comment` WHERE ( type = 'news' and typeid = '9503768' ) LIMIT 1   [ RunTime:0.0158s ]
SQL: SELECT COUNT(*) AS tp_count FROM `t_comment` WHERE `uid` IN (111179,111178) AND `type` = 'news' LIMIT 1   [ RunTime:0.0143s ]
SQL: SELECT COUNT(*) AS tp_count FROM `t_comment` WHERE ( type = 'news' and typeid = '9503767' ) LIMIT 1   [ RunTime:0.0135s ]
SQL: SELECT COUNT(*) AS tp_count FROM `t_comment` WHERE `uid` IN (111179,111178) AND `type` = 'news' LIMIT 1   [ RunTime:0.0133s ]

[ 2015-12-15T13:36:47+08:00 ] 127.0.0.1 /Api/index/index
INFO: [ app_init ] --START--
INFO: Run Behavior\BuildLiteBehavior [ RunTime:0.000015s ]
INFO: [ app_init ] --END-- [ RunTime:0.000556s ]
INFO: [ app_begin ] --START--
INFO: Run Behavior\ReadHtmlCacheBehavior [ RunTime:0.000607s ]
INFO: [ app_begin ] --END-- [ RunTime:0.000658s ]
SQL: SHOW COLUMNS FROM `t_news` [ RunTime:0.0137s ]
SQL: SELECT `id`,`title`,`description`,`simg`,`img`,`istop`,`origin`,`addtime`,`type` FROM `t_news` WHERE ( groupid = 1 and istop != 2 and (cityid = 0 or cityid = 9503761) ) ORDER BY id desc LIMIT 0,10   [ RunTime:0.0120s ]
SQL: SHOW COLUMNS FROM `t_comment` [ RunTime:0.0158s ]
SQL: SHOW COLUMNS FROM `t_friend` [ RunTime:0.0111s ]
SQL: SELECT `fid` FROM `t_friend` WHERE ( uid = 1 )  [ RunTime:0.0105s ]
SQL: SELECT COUNT(*) AS tp_count FROM `t_comment` WHERE ( type = 'news' and typeid = '9503769' ) LIMIT 1   [ RunTime:0.0143s ]
SQL: SELECT COUNT(*) AS tp_count FROM `t_comment` WHERE `uid` IN (111179,111178) AND `type` = 'news' LIMIT 1   [ RunTime:0.0139s ]
SQL: SELECT COUNT(*) AS tp_count FROM `t_comment` WHERE ( type = 'news' and typeid = '9503768' ) LIMIT 1   [ RunTime:0.0138s ]
SQL: SELECT COUNT(*) AS tp_count FROM `t_comment` WHERE `uid` IN (111179,111178) AND `type` = 'news' LIMIT 1   [ RunTime:0.0105s ]
SQL: SELECT COUNT(*) AS tp_count FROM `t_comment` WHERE ( type = 'news' and typeid = '9503767' ) LIMIT 1   [ RunTime:0.0095s ]
SQL: SELECT COUNT(*) AS tp_count FROM `t_comment` WHERE `uid` IN (111179,111178) AND `type` = 'news' LIMIT 1   [ RunTime:0.0092s ]

[ 2015-12-15T13:39:01+08:00 ] 127.0.0.1 /Api/index/index
INFO: [ app_init ] --START--
INFO: Run Behavior\BuildLiteBehavior [ RunTime:0.000025s ]
INFO: [ app_init ] --END-- [ RunTime:0.001075s ]
INFO: [ app_begin ] --START--
INFO: Run Behavior\ReadHtmlCacheBehavior [ RunTime:0.001034s ]
INFO: [ app_begin ] --END-- [ RunTime:0.001136s ]
SQL: SHOW COLUMNS FROM `t_news` [ RunTime:0.0105s ]
SQL: SELECT `id`,`title`,`description`,`simg`,`img`,`istop`,`origin`,`addtime`,`type` FROM `t_news` WHERE ( groupid = 1 and istop != 2 and (cityid = 0 or cityid = 9503761) ) ORDER BY id desc LIMIT 0,10   [ RunTime:0.0103s ]
SQL: SHOW COLUMNS FROM `t_comment` [ RunTime:0.0111s ]
SQL: SHOW COLUMNS FROM `t_friend` [ RunTime:0.0147s ]
SQL: SELECT `fid` FROM `t_friend` WHERE ( uid = 1 )  [ RunTime:0.0086s ]
SQL: SELECT COUNT(*) AS tp_count FROM `t_comment` WHERE ( type = 'news' and typeid = '9503769' ) LIMIT 1   [ RunTime:0.0096s ]
SQL: SELECT COUNT(*) AS tp_count FROM `t_comment` WHERE `uid` IN (111190) AND `type` = 'news' LIMIT 1   [ RunTime:0.0123s ]
SQL: SELECT COUNT(*) AS tp_count FROM `t_comment` WHERE ( type = 'news' and typeid = '9503768' ) LIMIT 1   [ RunTime:0.0121s ]
SQL: SELECT COUNT(*) AS tp_count FROM `t_comment` WHERE `uid` IN (111190) AND `type` = 'news' LIMIT 1   [ RunTime:0.0098s ]
SQL: SELECT COUNT(*) AS tp_count FROM `t_comment` WHERE ( type = 'news' and typeid = '9503767' ) LIMIT 1   [ RunTime:0.0110s ]
SQL: SELECT COUNT(*) AS tp_count FROM `t_comment` WHERE `uid` IN (111190) AND `type` = 'news' LIMIT 1   [ RunTime:0.0129s ]

[ 2015-12-15T13:39:56+08:00 ] 127.0.0.1 /Api/index/index
INFO: [ app_init ] --START--
INFO: Run Behavior\BuildLiteBehavior [ RunTime:0.000013s ]
INFO: [ app_init ] --END-- [ RunTime:0.000441s ]
INFO: [ app_begin ] --START--
INFO: Run Behavior\ReadHtmlCacheBehavior [ RunTime:0.000515s ]
INFO: [ app_begin ] --END-- [ RunTime:0.000572s ]
SQL: SHOW COLUMNS FROM `t_news` [ RunTime:0.0157s ]
SQL: SELECT `id`,`title`,`description`,`simg`,`img`,`istop`,`origin`,`addtime`,`type` FROM `t_news` WHERE ( groupid = 1 and istop != 2 and (cityid = 0 or cityid = 9503761) ) ORDER BY id desc LIMIT 0,10   [ RunTime:0.0121s ]
SQL: SHOW COLUMNS FROM `t_comment` [ RunTime:0.0143s ]
SQL: SHOW COLUMNS FROM `t_friend` [ RunTime:0.0170s ]
SQL: SELECT `fid` FROM `t_friend` WHERE ( uid = 1 )  [ RunTime:0.0170s ]
SQL: SELECT COUNT(*) AS tp_count FROM `t_comment` WHERE ( type = 'news' and typeid = '9503769' ) LIMIT 1   [ RunTime:0.0151s ]
SQL: SELECT COUNT(*) AS tp_count FROM `t_comment` WHERE `uid` IN (111190,111191) AND `type` = 'news' LIMIT 1   [ RunTime:0.0100s ]
SQL: SELECT COUNT(*) AS tp_count FROM `t_comment` WHERE ( type = 'news' and typeid = '9503768' ) LIMIT 1   [ RunTime:0.0120s ]
SQL: SELECT COUNT(*) AS tp_count FROM `t_comment` WHERE `uid` IN (111190,111191) AND `type` = 'news' LIMIT 1   [ RunTime:0.0117s ]
SQL: SELECT COUNT(*) AS tp_count FROM `t_comment` WHERE ( type = 'news' and typeid = '9503767' ) LIMIT 1   [ RunTime:0.0140s ]
SQL: SELECT COUNT(*) AS tp_count FROM `t_comment` WHERE `uid` IN (111190,111191) AND `type` = 'news' LIMIT 1   [ RunTime:0.0191s ]

[ 2015-12-15T13:40:38+08:00 ] 127.0.0.1 /Api/index/index
INFO: [ app_init ] --START--
INFO: Run Behavior\BuildLiteBehavior [ RunTime:0.000013s ]
INFO: [ app_init ] --END-- [ RunTime:0.000428s ]
INFO: [ app_begin ] --START--
INFO: Run Behavior\ReadHtmlCacheBehavior [ RunTime:0.000496s ]
INFO: [ app_begin ] --END-- [ RunTime:0.000546s ]
SQL: SHOW COLUMNS FROM `t_news` [ RunTime:0.0128s ]
SQL: SELECT `id`,`title`,`description`,`simg`,`img`,`istop`,`origin`,`addtime`,`type` FROM `t_news` WHERE ( groupid = 1 and istop != 2 and (cityid = 0 or cityid = 9503761) ) ORDER BY id desc LIMIT 0,10   [ RunTime:0.0140s ]
SQL: SHOW COLUMNS FROM `t_comment` [ RunTime:0.0135s ]
SQL: SHOW COLUMNS FROM `t_friend` [ RunTime:0.0155s ]
SQL: SELECT `fid` FROM `t_friend` WHERE ( uid = 1 )  [ RunTime:0.0103s ]
SQL: SELECT COUNT(*) AS tp_count FROM `t_comment` WHERE ( type = 'news' and typeid = '9503769' ) LIMIT 1   [ RunTime:0.0120s ]
ERR: SQLSTATE[42000]: Syntax error or access violation: 1064 You have an error in your SQL syntax; check the manual that corresponds to your MySQL server version for the right syntax to use near ') AS tp_count FROM `t_comment` WHERE `uid` IN (111190,111191) AND `type` = 'news' at line 1

[ 2015-12-15T13:41:27+08:00 ] 127.0.0.1 /Api/index/index
INFO: [ app_init ] --START--
INFO: Run Behavior\BuildLiteBehavior [ RunTime:0.000014s ]
INFO: [ app_init ] --END-- [ RunTime:0.000513s ]
INFO: [ app_begin ] --START--
INFO: Run Behavior\ReadHtmlCacheBehavior [ RunTime:0.000727s ]
INFO: [ app_begin ] --END-- [ RunTime:0.000804s ]
SQL: SHOW COLUMNS FROM `t_news` [ RunTime:0.0121s ]
SQL: SELECT `id`,`title`,`description`,`simg`,`img`,`istop`,`origin`,`addtime`,`type` FROM `t_news` WHERE ( groupid = 1 and istop != 2 and (cityid = 0 or cityid = 9503761) ) ORDER BY id desc LIMIT 0,10   [ RunTime:0.0142s ]
SQL: SHOW COLUMNS FROM `t_comment` [ RunTime:0.0097s ]
SQL: SHOW COLUMNS FROM `t_friend` [ RunTime:0.0141s ]
SQL: SELECT `fid` FROM `t_friend` WHERE ( uid = 1 )  [ RunTime:0.0108s ]
SQL: SELECT COUNT(*) AS tp_count FROM `t_comment` WHERE ( type = 'news' and typeid = '9503769' ) LIMIT 1   [ RunTime:0.0091s ]
SQL: SELECT COUNT(*) AS tp_count FROM `t_comment` WHERE `uid` IN (111190,111191) AND `type` = 'news' LIMIT 1   [ RunTime:0.0109s ]
SQL: SELECT COUNT(*) AS tp_count FROM `t_comment` WHERE ( type = 'news' and typeid = '9503768' ) LIMIT 1   [ RunTime:0.0129s ]
SQL: SELECT COUNT(*) AS tp_count FROM `t_comment` WHERE `uid` IN (111190,111191) AND `type` = 'news' LIMIT 1   [ RunTime:0.0095s ]
SQL: SELECT COUNT(*) AS tp_count FROM `t_comment` WHERE ( type = 'news' and typeid = '9503767' ) LIMIT 1   [ RunTime:0.0109s ]
SQL: SELECT COUNT(*) AS tp_count FROM `t_comment` WHERE `uid` IN (111190,111191) AND `type` = 'news' LIMIT 1   [ RunTime:0.0088s ]

[ 2015-12-15T13:42:01+08:00 ] 127.0.0.1 /Api/index/index
INFO: [ app_init ] --START--
INFO: Run Behavior\BuildLiteBehavior [ RunTime:0.000013s ]
INFO: [ app_init ] --END-- [ RunTime:0.000526s ]
INFO: [ app_begin ] --START--
INFO: Run Behavior\ReadHtmlCacheBehavior [ RunTime:0.000752s ]
INFO: [ app_begin ] --END-- [ RunTime:0.000838s ]
SQL: SHOW COLUMNS FROM `t_news` [ RunTime:0.0234s ]
SQL: SELECT `id`,`title`,`description`,`simg`,`img`,`istop`,`origin`,`addtime`,`type` FROM `t_news` WHERE ( groupid = 1 and istop != 2 and (cityid = 0 or cityid = 9503761) ) ORDER BY id desc LIMIT 0,10   [ RunTime:0.0138s ]
SQL: SHOW COLUMNS FROM `t_comment` [ RunTime:0.0137s ]
SQL: SHOW COLUMNS FROM `t_friend` [ RunTime:0.0179s ]
SQL: SELECT `fid` FROM `t_friend` WHERE ( uid = 1 )  [ RunTime:0.0156s ]
SQL: SELECT COUNT(*) AS tp_count FROM `t_comment` WHERE ( type = 'news' and typeid = '9503769' ) LIMIT 1   [ RunTime:0.0157s ]
SQL: SELECT COUNT(*) AS tp_count FROM `t_comment` WHERE `uid` IN (111190,111191) AND `type` = 'news' GROUP BY uid LIMIT 1   [ RunTime:0.0206s ]
SQL: SELECT COUNT(*) AS tp_count FROM `t_comment` WHERE ( type = 'news' and typeid = '9503768' ) LIMIT 1   [ RunTime:0.0193s ]
SQL: SELECT COUNT(*) AS tp_count FROM `t_comment` WHERE `uid` IN (111190,111191) AND `type` = 'news' GROUP BY uid LIMIT 1   [ RunTime:0.0197s ]
SQL: SELECT COUNT(*) AS tp_count FROM `t_comment` WHERE ( type = 'news' and typeid = '9503767' ) LIMIT 1   [ RunTime:0.0266s ]
SQL: SELECT COUNT(*) AS tp_count FROM `t_comment` WHERE `uid` IN (111190,111191) AND `type` = 'news' GROUP BY uid LIMIT 1   [ RunTime:0.0407s ]

[ 2015-12-15T13:42:27+08:00 ] 127.0.0.1 /Api/index/index
INFO: [ app_init ] --START--
INFO: Run Behavior\BuildLiteBehavior [ RunTime:0.000016s ]
INFO: [ app_init ] --END-- [ RunTime:0.000519s ]
INFO: [ app_begin ] --START--
INFO: Run Behavior\ReadHtmlCacheBehavior [ RunTime:0.000578s ]
INFO: [ app_begin ] --END-- [ RunTime:0.000640s ]
SQL: SHOW COLUMNS FROM `t_news` [ RunTime:0.0093s ]
SQL: SELECT `id`,`title`,`description`,`simg`,`img`,`istop`,`origin`,`addtime`,`type` FROM `t_news` WHERE ( groupid = 1 and istop != 2 and (cityid = 0 or cityid = 9503761) ) ORDER BY id desc LIMIT 0,10   [ RunTime:0.0096s ]
SQL: SHOW COLUMNS FROM `t_comment` [ RunTime:0.0088s ]
SQL: SHOW COLUMNS FROM `t_friend` [ RunTime:0.0151s ]
SQL: SELECT `fid` FROM `t_friend` WHERE ( uid = 1 )  [ RunTime:0.0075s ]
SQL: SELECT COUNT(*) AS tp_count FROM `t_comment` WHERE ( type = 'news' and typeid = '9503769' ) LIMIT 1   [ RunTime:0.0070s ]
SQL: SELECT COUNT(*) AS tp_count FROM `t_comment` WHERE `uid` IN (111190,111191) AND `type` = 'news' LIMIT 1   [ RunTime:0.0093s ]
SQL: SELECT COUNT(*) AS tp_count FROM `t_comment` WHERE ( type = 'news' and typeid = '9503768' ) LIMIT 1   [ RunTime:0.0093s ]
SQL: SELECT COUNT(*) AS tp_count FROM `t_comment` WHERE `uid` IN (111190,111191) AND `type` = 'news' LIMIT 1   [ RunTime:0.0083s ]
SQL: SELECT COUNT(*) AS tp_count FROM `t_comment` WHERE ( type = 'news' and typeid = '9503767' ) LIMIT 1   [ RunTime:0.0090s ]
SQL: SELECT COUNT(*) AS tp_count FROM `t_comment` WHERE `uid` IN (111190,111191) AND `type` = 'news' LIMIT 1   [ RunTime:0.0128s ]

[ 2015-12-15T14:06:14+08:00 ] 127.0.0.1 /Api/index/index
INFO: [ app_init ] --START--
INFO: Run Behavior\BuildLiteBehavior [ RunTime:0.000024s ]
INFO: [ app_init ] --END-- [ RunTime:0.000813s ]
INFO: [ app_begin ] --START--
INFO: Run Behavior\ReadHtmlCacheBehavior [ RunTime:0.000838s ]
INFO: [ app_begin ] --END-- [ RunTime:0.000922s ]
SQL: SHOW COLUMNS FROM `t_news` [ RunTime:0.0125s ]
SQL: SELECT `id`,`title`,`description`,`simg`,`img`,`istop`,`origin`,`addtime`,`type` FROM `t_news` WHERE ( groupid = 1 and istop != 2 and (cityid = 0 or cityid = 9503761) ) ORDER BY id desc LIMIT 0,10   [ RunTime:0.0106s ]
SQL: SHOW COLUMNS FROM `t_comment` [ RunTime:0.0136s ]
SQL: SHOW COLUMNS FROM `t_friend` [ RunTime:0.0127s ]
SQL: SELECT `fid` FROM `t_friend` WHERE ( uid = 1 )  [ RunTime:0.0100s ]
SQL: SELECT COUNT(*) AS tp_count FROM `t_comment` WHERE ( type = 'news' and typeid = '9503769' ) LIMIT 1   [ RunTime:0.0131s ]
NOTIC: [8] Undefined variable: mode D:\wamp\www\qb\Application\Api\Controller\IndexController.class.php 第 492 行.

[ 2015-12-15T14:07:25+08:00 ] 127.0.0.1 /Api/index/index
INFO: [ app_init ] --START--
INFO: Run Behavior\BuildLiteBehavior [ RunTime:0.000022s ]
INFO: [ app_init ] --END-- [ RunTime:0.000746s ]
INFO: [ app_begin ] --START--
INFO: Run Behavior\ReadHtmlCacheBehavior [ RunTime:0.002055s ]
INFO: [ app_begin ] --END-- [ RunTime:0.002164s ]
SQL: SHOW COLUMNS FROM `t_news` [ RunTime:0.0127s ]
SQL: SELECT `id`,`title`,`description`,`simg`,`img`,`istop`,`origin`,`addtime`,`type` FROM `t_news` WHERE ( groupid = 1 and istop != 2 and (cityid = 0 or cityid = 9503761) ) ORDER BY id desc LIMIT 0,10   [ RunTime:0.0132s ]
SQL: SHOW COLUMNS FROM `t_comment` [ RunTime:0.0110s ]
SQL: SHOW COLUMNS FROM `t_friend` [ RunTime:0.0091s ]
SQL: SELECT `fid` FROM `t_friend` WHERE ( uid = 1 )  [ RunTime:0.0086s ]
SQL: SELECT COUNT(*) AS tp_count FROM `t_comment` WHERE ( type = 'news' and typeid = '9503769' ) LIMIT 1   [ RunTime:0.0106s ]
SQL: SELECT COUNT(*) AS tp_count FROM `t_comment` WHERE ( type = 'news' and typeid = '9503768' ) LIMIT 1   [ RunTime:0.0149s ]
SQL: SELECT COUNT(*) AS tp_count FROM `t_comment` WHERE ( type = 'news' and typeid = '9503767' ) LIMIT 1   [ RunTime:0.0094s ]

[ 2015-12-15T14:07:45+08:00 ] 127.0.0.1 /Api/index/index
INFO: [ app_init ] --START--
INFO: Run Behavior\BuildLiteBehavior [ RunTime:0.000023s ]
INFO: [ app_init ] --END-- [ RunTime:0.001191s ]
INFO: [ app_begin ] --START--
INFO: Run Behavior\ReadHtmlCacheBehavior [ RunTime:0.000759s ]
INFO: [ app_begin ] --END-- [ RunTime:0.000849s ]
SQL: SHOW COLUMNS FROM `t_news` [ RunTime:0.0155s ]
SQL: SELECT `id`,`title`,`description`,`simg`,`img`,`istop`,`origin`,`addtime`,`type` FROM `t_news` WHERE ( groupid = 1 and istop != 2 and (cityid = 0 or cityid = 9503761) ) ORDER BY id desc LIMIT 0,10   [ RunTime:0.0165s ]
SQL: SHOW COLUMNS FROM `t_comment` [ RunTime:0.0155s ]
SQL: SHOW COLUMNS FROM `t_friend` [ RunTime:0.0159s ]
SQL: SELECT `fid` FROM `t_friend` WHERE ( uid = 1 )  [ RunTime:0.0252s ]
SQL: SELECT COUNT(*) AS tp_count FROM `t_comment` WHERE ( type = 'news' and typeid = '9503769' ) LIMIT 1   [ RunTime:0.0148s ]
SQL: SELECT COUNT(*) AS tp_count FROM `t_comment` WHERE `uid` IN (111190,111191) AND `type` = 'news' AND `typeid` = 9503769 GROUP BY uid LIMIT 1   [ RunTime:0.0168s ]
SQL: SELECT COUNT(*) AS tp_count FROM `t_comment` WHERE ( type = 'news' and typeid = '9503768' ) LIMIT 1   [ RunTime:0.0124s ]
SQL: SELECT COUNT(*) AS tp_count FROM `t_comment` WHERE `uid` IN (111190,111191) AND `type` = 'news' AND `typeid` = 9503768 GROUP BY uid LIMIT 1   [ RunTime:0.0167s ]
SQL: SELECT COUNT(*) AS tp_count FROM `t_comment` WHERE ( type = 'news' and typeid = '9503767' ) LIMIT 1   [ RunTime:0.0126s ]
SQL: SELECT COUNT(*) AS tp_count FROM `t_comment` WHERE `uid` IN (111190,111191) AND `type` = 'news' AND `typeid` = 9503767 GROUP BY uid LIMIT 1   [ RunTime:0.0158s ]

[ 2015-12-15T14:10:47+08:00 ] 127.0.0.1 /Api/index/index
INFO: [ app_init ] --START--
INFO: Run Behavior\BuildLiteBehavior [ RunTime:0.000016s ]
INFO: [ app_init ] --END-- [ RunTime:0.000552s ]
INFO: [ app_begin ] --START--
INFO: Run Behavior\ReadHtmlCacheBehavior [ RunTime:0.000625s ]
INFO: [ app_begin ] --END-- [ RunTime:0.000678s ]
SQL: SHOW COLUMNS FROM `t_news` [ RunTime:0.0109s ]
SQL: SELECT `id`,`title`,`description`,`simg`,`img`,`istop`,`origin`,`addtime`,`type` FROM `t_news` WHERE ( groupid = 1 and istop != 2 and (cityid = 0 or cityid = 9503761) ) ORDER BY id desc LIMIT 0,10   [ RunTime:0.0089s ]
SQL: SHOW COLUMNS FROM `t_comment` [ RunTime:0.0113s ]
SQL: SHOW COLUMNS FROM `t_friend` [ RunTime:0.0105s ]
SQL: SELECT `fid` FROM `t_friend` WHERE ( uid = 1 )  [ RunTime:0.0094s ]
SQL: SELECT COUNT(*) AS tp_count FROM `t_comment` WHERE ( type = 'news' and typeid = '9503769' ) LIMIT 1   [ RunTime:0.0101s ]

[ 2015-12-15T14:10:56+08:00 ] 127.0.0.1 /Api/index/index
INFO: [ app_init ] --START--
INFO: Run Behavior\BuildLiteBehavior [ RunTime:0.000015s ]
INFO: [ app_init ] --END-- [ RunTime:0.000515s ]
INFO: [ app_begin ] --START--
INFO: Run Behavior\ReadHtmlCacheBehavior [ RunTime:0.000620s ]
INFO: [ app_begin ] --END-- [ RunTime:0.000696s ]
SQL: SHOW COLUMNS FROM `t_news` [ RunTime:0.0251s ]
SQL: SELECT `id`,`title`,`description`,`simg`,`img`,`istop`,`origin`,`addtime`,`type` FROM `t_news` WHERE ( groupid = 1 and istop != 2 and (cityid = 0 or cityid = 9503761) ) ORDER BY id desc LIMIT 0,10   [ RunTime:0.0197s ]
SQL: SHOW COLUMNS FROM `t_comment` [ RunTime:0.0165s ]
SQL: SHOW COLUMNS FROM `t_friend` [ RunTime:0.0158s ]
SQL: SELECT `fid` FROM `t_friend` WHERE ( uid = 1 )  [ RunTime:0.0135s ]
SQL: SELECT COUNT(*) AS tp_count FROM `t_comment` WHERE ( type = 'news' and typeid = '9503769' ) LIMIT 1   [ RunTime:0.0145s ]

[ 2015-12-15T14:13:38+08:00 ] 127.0.0.1 /Api/index/index
INFO: [ app_init ] --START--
INFO: Run Behavior\BuildLiteBehavior [ RunTime:0.000014s ]
INFO: [ app_init ] --END-- [ RunTime:0.000430s ]
INFO: [ app_begin ] --START--
INFO: Run Behavior\ReadHtmlCacheBehavior [ RunTime:0.000595s ]
INFO: [ app_begin ] --END-- [ RunTime:0.000652s ]
SQL: SHOW COLUMNS FROM `t_news` [ RunTime:0.0097s ]
SQL: SELECT `id`,`title`,`description`,`simg`,`img`,`istop`,`origin`,`addtime`,`type` FROM `t_news` WHERE ( groupid = 1 and istop != 2 and (cityid = 0 or cityid = 9503761) ) ORDER BY id desc LIMIT 0,10   [ RunTime:0.0084s ]
SQL: SHOW COLUMNS FROM `t_comment` [ RunTime:0.0103s ]
SQL: SHOW COLUMNS FROM `t_friend` [ RunTime:0.0098s ]
SQL: SELECT `fid` FROM `t_friend` WHERE ( uid = 1 )  [ RunTime:0.0091s ]
SQL: SELECT COUNT(*) AS tp_count FROM `t_comment` WHERE ( type = 'news' and typeid = '9503769' ) LIMIT 1   [ RunTime:0.0110s ]
SQL: SELECT * FROM `t_comment` WHERE `uid` IN (111190,111191) AND `type` = 'news' AND `typeid` = 9503769 GROUP BY uid  [ RunTime:0.0103s ]
SQL: SELECT COUNT(*) AS tp_count FROM `t_comment` WHERE ( type = 'news' and typeid = '9503768' ) LIMIT 1   [ RunTime:0.0086s ]
SQL: SELECT * FROM `t_comment` WHERE `uid` IN (111190,111191) AND `type` = 'news' AND `typeid` = 9503768 GROUP BY uid  [ RunTime:0.0087s ]
SQL: SELECT COUNT(*) AS tp_count FROM `t_comment` WHERE ( type = 'news' and typeid = '9503767' ) LIMIT 1   [ RunTime:0.0085s ]
SQL: SELECT * FROM `t_comment` WHERE `uid` IN (111190,111191) AND `type` = 'news' AND `typeid` = 9503767 GROUP BY uid  [ RunTime:0.0111s ]

[ 2015-12-15T14:14:21+08:00 ] 127.0.0.1 /Api/index/index
INFO: [ app_init ] --START--
INFO: Run Behavior\BuildLiteBehavior [ RunTime:0.000020s ]
INFO: [ app_init ] --END-- [ RunTime:0.000613s ]
INFO: [ app_begin ] --START--
INFO: Run Behavior\ReadHtmlCacheBehavior [ RunTime:0.000966s ]
INFO: [ app_begin ] --END-- [ RunTime:0.001096s ]
SQL: SHOW COLUMNS FROM `t_news` [ RunTime:0.0136s ]
SQL: SELECT `id`,`title`,`description`,`simg`,`img`,`istop`,`origin`,`addtime`,`type` FROM `t_news` WHERE ( groupid = 1 and istop != 2 and (cityid = 0 or cityid = 9503761) ) ORDER BY id desc LIMIT 0,10   [ RunTime:0.0178s ]
SQL: SHOW COLUMNS FROM `t_comment` [ RunTime:0.0144s ]
SQL: SHOW COLUMNS FROM `t_friend` [ RunTime:0.0135s ]
SQL: SELECT `fid` FROM `t_friend` WHERE ( uid = 1 )  [ RunTime:0.0157s ]
SQL: SELECT COUNT(*) AS tp_count FROM `t_comment` WHERE ( type = 'news' and typeid = '9503769' ) LIMIT 1   [ RunTime:0.0132s ]
SQL: SELECT * FROM `t_comment` WHERE `uid` IN (111190,111191) AND `type` = 'news' AND `typeid` = 9503769 GROUP BY uid  [ RunTime:0.0121s ]
SQL: SELECT COUNT(*) AS tp_count FROM `t_comment` WHERE ( type = 'news' and typeid = '9503768' ) LIMIT 1   [ RunTime:0.0132s ]
SQL: SELECT * FROM `t_comment` WHERE `uid` IN (111190,111191) AND `type` = 'news' AND `typeid` = 9503768 GROUP BY uid  [ RunTime:0.0117s ]
SQL: SELECT COUNT(*) AS tp_count FROM `t_comment` WHERE ( type = 'news' and typeid = '9503767' ) LIMIT 1   [ RunTime:0.0123s ]
SQL: SELECT * FROM `t_comment` WHERE `uid` IN (111190,111191) AND `type` = 'news' AND `typeid` = 9503767 GROUP BY uid  [ RunTime:0.0112s ]

[ 2015-12-15T14:15:18+08:00 ] 127.0.0.1 /Api/index/index
INFO: [ app_init ] --START--
INFO: Run Behavior\BuildLiteBehavior [ RunTime:0.000014s ]
INFO: [ app_init ] --END-- [ RunTime:0.000392s ]
INFO: [ app_begin ] --START--
INFO: Run Behavior\ReadHtmlCacheBehavior [ RunTime:0.000499s ]
INFO: [ app_begin ] --END-- [ RunTime:0.000554s ]
SQL: SHOW COLUMNS FROM `t_news` [ RunTime:0.0150s ]
SQL: SELECT `id`,`title`,`description`,`simg`,`img`,`istop`,`origin`,`addtime`,`type` FROM `t_news` WHERE ( groupid = 1 and istop != 2 and (cityid = 0 or cityid = 9503761) ) ORDER BY id desc LIMIT 0,10   [ RunTime:0.0182s ]
SQL: SHOW COLUMNS FROM `t_comment` [ RunTime:0.0152s ]
SQL: SHOW COLUMNS FROM `t_friend` [ RunTime:0.0153s ]
SQL: SELECT `fid` FROM `t_friend` WHERE ( uid = 1 )  [ RunTime:0.0144s ]
SQL: SELECT COUNT(*) AS tp_count FROM `t_comment` WHERE ( type = 'news' and typeid = '9503769' ) LIMIT 1   [ RunTime:0.0215s ]
SQL: SELECT * FROM `t_comment` WHERE `uid` IN (111190,111191) AND `type` = 'news' GROUP BY uid  [ RunTime:0.0184s ]
SQL: SELECT COUNT(*) AS tp_count FROM `t_comment` WHERE ( type = 'news' and typeid = '9503768' ) LIMIT 1   [ RunTime:0.0171s ]
SQL: SELECT * FROM `t_comment` WHERE `uid` IN (111190,111191) AND `type` = 'news' GROUP BY uid  [ RunTime:0.0283s ]
SQL: SELECT COUNT(*) AS tp_count FROM `t_comment` WHERE ( type = 'news' and typeid = '9503767' ) LIMIT 1   [ RunTime:0.0199s ]
SQL: SELECT * FROM `t_comment` WHERE `uid` IN (111190,111191) AND `type` = 'news' GROUP BY uid  [ RunTime:0.0179s ]

[ 2015-12-15T14:27:04+08:00 ] 127.0.0.1 /Api/index/index
INFO: [ app_init ] --START--
INFO: Run Behavior\BuildLiteBehavior [ RunTime:0.000023s ]
INFO: [ app_init ] --END-- [ RunTime:0.000866s ]
INFO: [ app_begin ] --START--
INFO: Run Behavior\ReadHtmlCacheBehavior [ RunTime:0.000673s ]
INFO: [ app_begin ] --END-- [ RunTime:0.000786s ]
SQL: SHOW COLUMNS FROM `t_news` [ RunTime:0.0113s ]
SQL: SELECT `id`,`title`,`description`,`simg`,`img`,`istop`,`origin`,`addtime`,`type` FROM `t_news` WHERE ( groupid = 1 and istop != 2 and (cityid = 0 or cityid = 9503761) ) ORDER BY id desc LIMIT 0,10   [ RunTime:0.0083s ]
SQL: SHOW COLUMNS FROM `t_comment` [ RunTime:0.0132s ]
SQL: SHOW COLUMNS FROM `t_friend` [ RunTime:0.0084s ]
SQL: SELECT `fid` FROM `t_friend` WHERE ( uid = 1 )  [ RunTime:0.0092s ]
SQL: SHOW COLUMNS FROM `t_img` [ RunTime:0.0098s ]
SQL: SELECT COUNT(*) AS tp_count FROM `t_comment` WHERE ( type = 'news' and typeid = '9503769' ) LIMIT 1   [ RunTime:0.0099s ]
SQL: SELECT * FROM `t_comment` WHERE `uid` IN (111190,111191) AND `type` = 'news' AND `typeid` = 9503769 GROUP BY uid  [ RunTime:0.0102s ]
SQL: SELECT COUNT(*) AS tp_count FROM `t_comment` WHERE ( type = 'news' and typeid = '9503768' ) LIMIT 1   [ RunTime:0.0090s ]
SQL: SELECT * FROM `t_comment` WHERE `uid` IN (111190,111191) AND `type` = 'news' AND `typeid` = 9503768 GROUP BY uid  [ RunTime:0.0075s ]
SQL: SELECT * FROM `t_img` WHERE ( type = 'news' and pid = '9503768' ) ORDER BY id asc LIMIT 3   [ RunTime:0.0145s ]
SQL: SELECT COUNT(*) AS tp_count FROM `t_comment` WHERE ( type = 'news' and typeid = '9503767' ) LIMIT 1   [ RunTime:0.0089s ]
SQL: SELECT * FROM `t_comment` WHERE `uid` IN (111190,111191) AND `type` = 'news' AND `typeid` = 9503767 GROUP BY uid  [ RunTime:0.0081s ]

[ 2015-12-15T14:29:05+08:00 ] 127.0.0.1 /Api/index/index
INFO: [ app_init ] --START--
INFO: Run Behavior\BuildLiteBehavior [ RunTime:0.000015s ]
INFO: [ app_init ] --END-- [ RunTime:0.000527s ]
INFO: [ app_begin ] --START--
INFO: Run Behavior\ReadHtmlCacheBehavior [ RunTime:0.000749s ]
INFO: [ app_begin ] --END-- [ RunTime:0.000823s ]
SQL: SHOW COLUMNS FROM `t_news` [ RunTime:0.0124s ]
SQL: SELECT `id`,`title`,`description`,`simg`,`img`,`istop`,`origin`,`addtime`,`type` FROM `t_news` WHERE ( groupid = 1 and istop != 2 and (cityid = 0 or cityid = 9503761) ) ORDER BY id desc LIMIT 0,10   [ RunTime:0.0094s ]
SQL: SHOW COLUMNS FROM `t_comment` [ RunTime:0.0102s ]
SQL: SHOW COLUMNS FROM `t_friend` [ RunTime:0.0088s ]
SQL: SELECT `fid` FROM `t_friend` WHERE ( uid = 1 )  [ RunTime:0.0067s ]
SQL: SHOW COLUMNS FROM `t_img` [ RunTime:0.0082s ]
SQL: SELECT COUNT(*) AS tp_count FROM `t_comment` WHERE ( type = 'news' and typeid = '9503769' ) LIMIT 1   [ RunTime:0.0074s ]
SQL: SELECT * FROM `t_comment` WHERE `uid` IN (111190,111191) AND `type` = 'news' AND `typeid` = 9503769 GROUP BY uid  [ RunTime:0.0137s ]
SQL: SELECT COUNT(*) AS tp_count FROM `t_comment` WHERE ( type = 'news' and typeid = '9503768' ) LIMIT 1   [ RunTime:0.0081s ]
SQL: SELECT * FROM `t_comment` WHERE `uid` IN (111190,111191) AND `type` = 'news' AND `typeid` = 9503768 GROUP BY uid  [ RunTime:0.0096s ]
SQL: SELECT `simg` FROM `t_img` WHERE ( type = 'news' and pid = '9503768' ) ORDER BY id asc LIMIT 3   [ RunTime:0.0101s ]
SQL: SELECT COUNT(*) AS tp_count FROM `t_comment` WHERE ( type = 'news' and typeid = '9503767' ) LIMIT 1   [ RunTime:0.0072s ]
SQL: SELECT * FROM `t_comment` WHERE `uid` IN (111190,111191) AND `type` = 'news' AND `typeid` = 9503767 GROUP BY uid  [ RunTime:0.0122s ]

[ 2015-12-15T14:37:52+08:00 ] 127.0.0.1 /Api/index/index
INFO: [ app_init ] --START--
INFO: Run Behavior\BuildLiteBehavior [ RunTime:0.000023s ]
INFO: [ app_init ] --END-- [ RunTime:0.000682s ]
INFO: [ app_begin ] --START--
INFO: Run Behavior\ReadHtmlCacheBehavior [ RunTime:0.000721s ]
INFO: [ app_begin ] --END-- [ RunTime:0.000798s ]
SQL: SHOW COLUMNS FROM `t_news` [ RunTime:0.0102s ]
SQL: SELECT `id`,`title`,`description`,`simg`,`img`,`istop`,`origin`,`addtime`,`type` FROM `t_news` WHERE ( groupid = 1 and istop != 2 and (cityid = 0 or cityid = 9503761) ) ORDER BY id desc LIMIT 0,10   [ RunTime:0.0107s ]
SQL: SHOW COLUMNS FROM `t_comment` [ RunTime:0.0102s ]
SQL: SHOW COLUMNS FROM `t_friend` [ RunTime:0.0139s ]
SQL: SELECT `fid` FROM `t_friend` WHERE ( uid = 1 )  [ RunTime:0.0080s ]
SQL: SHOW COLUMNS FROM `t_img` [ RunTime:0.0124s ]
SQL: SELECT COUNT(*) AS tp_count FROM `t_comment` WHERE ( type = 'news' and typeid = '9503769' ) LIMIT 1   [ RunTime:0.0110s ]
SQL: SELECT * FROM `t_comment` WHERE `uid` IN (111190,111191) AND `type` = 'news' AND `typeid` = 9503769 GROUP BY uid  [ RunTime:0.0088s ]
SQL: SELECT COUNT(*) AS tp_count FROM `t_comment` WHERE ( type = 'news' and typeid = '9503768' ) LIMIT 1   [ RunTime:0.0117s ]
SQL: SELECT * FROM `t_comment` WHERE `uid` IN (111190,111191) AND `type` = 'news' AND `typeid` = 9503768 GROUP BY uid  [ RunTime:0.0115s ]
SQL: SELECT `simg` FROM `t_img` WHERE ( type = 'news' and pid = '9503768' ) ORDER BY id asc LIMIT 3   [ RunTime:0.0078s ]
SQL: SELECT COUNT(*) AS tp_count FROM `t_comment` WHERE ( type = 'news' and typeid = '9503767' ) LIMIT 1   [ RunTime:0.0106s ]
SQL: SELECT * FROM `t_comment` WHERE `uid` IN (111190,111191) AND `type` = 'news' AND `typeid` = 9503767 GROUP BY uid  [ RunTime:0.0121s ]

[ 2015-12-15T14:37:57+08:00 ] 127.0.0.1 /Api/index/group
INFO: [ app_init ] --START--
INFO: Run Behavior\BuildLiteBehavior [ RunTime:0.000013s ]
INFO: [ app_init ] --END-- [ RunTime:0.000457s ]
INFO: [ app_begin ] --START--
INFO: Run Behavior\ReadHtmlCacheBehavior [ RunTime:0.000523s ]
INFO: [ app_begin ] --END-- [ RunTime:0.000603s ]
SQL: SHOW COLUMNS FROM `t_group` [ RunTime:0.0194s ]
SQL: SELECT * FROM `t_group` WHERE ( pid = 0 ) ORDER BY ord asc,id asc  [ RunTime:0.0250s ]

[ 2015-12-15T14:38:23+08:00 ] 127.0.0.1 /Api/index/group
INFO: [ app_init ] --START--
INFO: Run Behavior\BuildLiteBehavior [ RunTime:0.000023s ]
INFO: [ app_init ] --END-- [ RunTime:0.000714s ]
INFO: [ app_begin ] --START--
INFO: Run Behavior\ReadHtmlCacheBehavior [ RunTime:0.000858s ]
INFO: [ app_begin ] --END-- [ RunTime:0.000959s ]
SQL: SHOW COLUMNS FROM `t_group` [ RunTime:0.0181s ]
SQL: SELECT * FROM `t_group` WHERE ( pid = 0 ) ORDER BY ord asc,id asc  [ RunTime:0.0132s ]

[ 2015-12-15T16:06:47+08:00 ] 127.0.0.1 /Api/index/friendcomment
INFO: [ app_init ] --START--
INFO: Run Behavior\BuildLiteBehavior [ RunTime:0.000022s ]
INFO: [ app_init ] --END-- [ RunTime:0.000800s ]
INFO: [ app_begin ] --START--
INFO: Run Behavior\ReadHtmlCacheBehavior [ RunTime:0.001182s ]
INFO: [ app_begin ] --END-- [ RunTime:0.001301s ]
SQL: SHOW COLUMNS FROM `t_comment` [ RunTime:0.0135s ]
SQL: SELECT t_comment.id,t_comment.description,t_comment.upper,t_comment.addtime,t_comment.uid,t_user.simg,t_user.username,t_user.longitude,t_user.latitude FROM `t_comment` left join t_user on t_user.id = t_comment.uid  WHERE t_comment.typeid = '' AND t_comment.type = '' AND t_comment.pid = 0 ORDER BY id desc LIMIT 0,10   [ RunTime:0.0138s ]

[ 2015-12-15T16:07:43+08:00 ] 127.0.0.1 /Api/index/friendcomment
INFO: [ app_init ] --START--
INFO: Run Behavior\BuildLiteBehavior [ RunTime:0.000014s ]
INFO: [ app_init ] --END-- [ RunTime:0.000531s ]
INFO: [ app_begin ] --START--
INFO: Run Behavior\ReadHtmlCacheBehavior [ RunTime:0.000610s ]
INFO: [ app_begin ] --END-- [ RunTime:0.000678s ]
SQL: SHOW COLUMNS FROM `t_comment` [ RunTime:0.0099s ]
SQL: SELECT t_comment.id,t_comment.description,t_comment.upper,t_comment.addtime,t_comment.uid,t_user.simg,t_user.username,t_user.longitude,t_user.latitude FROM `t_comment` left join t_user on t_user.id = t_comment.uid  WHERE t_comment.typeid = '9503767' AND t_comment.type = 'news' AND t_comment.pid = 0 ORDER BY id desc LIMIT 0,10   [ RunTime:0.0101s ]

[ 2015-12-15T16:13:53+08:00 ] 127.0.0.1 /Api/index/friendcomment
INFO: [ app_init ] --START--
INFO: Run Behavior\BuildLiteBehavior [ RunTime:0.000013s ]
INFO: [ app_init ] --END-- [ RunTime:0.000430s ]
INFO: [ app_begin ] --START--
INFO: Run Behavior\ReadHtmlCacheBehavior [ RunTime:0.000643s ]
INFO: [ app_begin ] --END-- [ RunTime:0.000709s ]
SQL: SHOW COLUMNS FROM `t_comment` [ RunTime:0.0126s ]
SQL: SELECT t_comment.id,t_comment.description,t_comment.upper,t_comment.addtime,t_comment.uid,t_user.simg,t_user.username,t_user.longitude,t_user.latitude FROM `t_comment` left join t_user on t_user.id = t_comment.uid  WHERE t_comment.typeid = '9503767' AND t_comment.type = 'news' AND t_comment.pid = 0 ORDER BY id desc LIMIT 0,10   [ RunTime:0.0122s ]

[ 2015-12-15T16:16:01+08:00 ] 127.0.0.1 /Api/index/friendcomment
INFO: [ app_init ] --START--
INFO: Run Behavior\BuildLiteBehavior [ RunTime:0.000023s ]
INFO: [ app_init ] --END-- [ RunTime:0.000606s ]
INFO: [ app_begin ] --START--
INFO: Run Behavior\ReadHtmlCacheBehavior [ RunTime:0.000852s ]
INFO: [ app_begin ] --END-- [ RunTime:0.000949s ]
SQL: SHOW COLUMNS FROM `t_comment` [ RunTime:0.0174s ]
SQL: SELECT t_comment.id,t_comment.description,t_comment.upper,t_comment.addtime,t_comment.uid,t_user.simg,t_user.username,t_user.longitude,t_user.latitude FROM `t_comment` left join t_user on t_user.id = t_comment.uid  WHERE t_comment.typeid = '9503767' AND t_comment.type = 'news' AND t_comment.pid = 0 ORDER BY id desc LIMIT 0,10   [ RunTime:0.0136s ]

[ 2015-12-15T16:21:46+08:00 ] 127.0.0.1 /Api/index/friendcomment
INFO: [ app_init ] --START--
INFO: Run Behavior\BuildLiteBehavior [ RunTime:0.000015s ]
INFO: [ app_init ] --END-- [ RunTime:0.000523s ]
INFO: [ app_begin ] --START--
INFO: Run Behavior\ReadHtmlCacheBehavior [ RunTime:0.000662s ]
INFO: [ app_begin ] --END-- [ RunTime:0.000730s ]
SQL: SHOW COLUMNS FROM `t_comment` [ RunTime:0.0210s ]
SQL: SHOW COLUMNS FROM `t_friend` [ RunTime:0.0146s ]
SQL: SELECT `fid` FROM `t_friend` WHERE ( uid = 1 )  [ RunTime:0.0139s ]
SQL: SELECT t_comment.id,t_comment.description,t_comment.upper,t_comment.addtime,t_comment.uid,t_user.simg,t_user.username,t_user.longitude,t_user.latitude FROM `t_comment` left join t_user on t_user.id = t_comment.uid  WHERE t_comment.typeid = '9503767' AND t_comment.type = 'news' AND t_comment.pid = 0 AND t_comment.uid IN (111191) ORDER BY id desc LIMIT 0,10   [ RunTime:0.0172s ]

[ 2015-12-15T16:33:06+08:00 ] 127.0.0.1 /Api/index/friendcomment
INFO: [ app_init ] --START--
INFO: Run Behavior\BuildLiteBehavior [ RunTime:0.000024s ]
INFO: [ app_init ] --END-- [ RunTime:0.000684s ]
INFO: [ app_begin ] --START--
INFO: Run Behavior\ReadHtmlCacheBehavior [ RunTime:0.001104s ]
INFO: [ app_begin ] --END-- [ RunTime:0.001210s ]
SQL: SHOW COLUMNS FROM `t_comment` [ RunTime:0.0124s ]
SQL: SHOW COLUMNS FROM `t_friend` [ RunTime:0.0151s ]
SQL: SELECT `fid` FROM `t_friend` WHERE ( uid = 1 )  [ RunTime:0.0101s ]
SQL: SELECT t_comment.id,t_comment.description,t_comment.upper,t_comment.addtime,t_comment.uid,t_user.simg,t_user.username,t_user.longitude,t_user.latitude FROM `t_comment` left join t_user on t_user.id = t_comment.uid left join t_comment as c on c.pid = t_comment.id  WHERE (  t_comment.uid IN (111191) OR c.uid IN (111191) ) AND t_comment.typeid = '9503767' AND t_comment.type = 'news' AND t_comment.pid = 0 ORDER BY id desc LIMIT 0,10   [ RunTime:0.0114s ]

[ 2015-12-15T16:33:55+08:00 ] 127.0.0.1 /Api/index/friendcomment
INFO: [ app_init ] --START--
INFO: Run Behavior\BuildLiteBehavior [ RunTime:0.000013s ]
INFO: [ app_init ] --END-- [ RunTime:0.000427s ]
INFO: [ app_begin ] --START--
INFO: Run Behavior\ReadHtmlCacheBehavior [ RunTime:0.000570s ]
INFO: [ app_begin ] --END-- [ RunTime:0.000631s ]
SQL: SHOW COLUMNS FROM `t_comment` [ RunTime:0.0097s ]
SQL: SHOW COLUMNS FROM `t_friend` [ RunTime:0.0085s ]
SQL: SELECT `fid` FROM `t_friend` WHERE ( uid = 1 )  [ RunTime:0.0147s ]
SQL: SELECT t_comment.id,t_comment.description,t_comment.upper,t_comment.addtime,t_comment.uid,t_user.simg,t_user.username,t_user.longitude,t_user.latitude FROM `t_comment` left join t_user on t_user.id = t_comment.uid left join t_comment as c on c.pid = t_comment.id  WHERE (  t_comment.uid IN (111191) OR c.uid IN (111191) ) AND t_comment.typeid = '9503767' AND t_comment.type = 'news' AND t_comment.pid = 0 ORDER BY id desc LIMIT 0,10   [ RunTime:0.0085s ]
SQL: SELECT COUNT(*) AS tp_count FROM `t_comment` WHERE ( pid = '18' ) LIMIT 1   [ RunTime:0.0089s ]
SQL: SELECT t_comment.id,t_comment.description,t_comment.upper,t_comment.addtime,t_comment.uid,t_user.simg,t_user.username,t_user.longitude,t_user.latitude,u.id as uid2,u.username as username2,u.simg as simg2 FROM `t_comment` left join t_user on t_user.id = t_comment.uid left join t_user u on u.id = t_comment.senduid  WHERE ( t_comment.pid = '18' ) ORDER BY t_comment.id desc LIMIT 2   [ RunTime:0.0069s ]
SQL: SELECT COUNT(*) AS tp_count FROM `t_comment` WHERE ( pid = '12' ) LIMIT 1   [ RunTime:0.0140s ]
SQL: SELECT t_comment.id,t_comment.description,t_comment.upper,t_comment.addtime,t_comment.uid,t_user.simg,t_user.username,t_user.longitude,t_user.latitude,u.id as uid2,u.username as username2,u.simg as simg2 FROM `t_comment` left join t_user on t_user.id = t_comment.uid left join t_user u on u.id = t_comment.senduid  WHERE ( t_comment.pid = '12' ) ORDER BY t_comment.id desc LIMIT 2   [ RunTime:0.0083s ]
NOTIC: [8] Undefined offset: 1 D:\wamp\www\qb\Application\Api\Controller\IndexController.class.php 第 791 行.
NOTIC: [8] Undefined offset: 1 D:\wamp\www\qb\Application\Api\Controller\IndexController.class.php 第 794 行.

[ 2015-12-15T16:35:24+08:00 ] 127.0.0.1 /Api/index/friendcomment
INFO: [ app_init ] --START--
INFO: Run Behavior\BuildLiteBehavior [ RunTime:0.000015s ]
INFO: [ app_init ] --END-- [ RunTime:0.000498s ]
INFO: [ app_begin ] --START--
INFO: Run Behavior\ReadHtmlCacheBehavior [ RunTime:0.000830s ]
INFO: [ app_begin ] --END-- [ RunTime:0.001047s ]
SQL: SHOW COLUMNS FROM `t_comment` [ RunTime:0.0140s ]
SQL: SHOW COLUMNS FROM `t_friend` [ RunTime:0.0139s ]
SQL: SELECT `fid` FROM `t_friend` WHERE ( uid = 1 )  [ RunTime:0.0117s ]
SQL: SELECT t_comment.id,t_comment.description,t_comment.upper,t_comment.addtime,t_comment.uid,t_user.simg,t_user.username,t_user.longitude,t_user.latitude FROM `t_comment` left join t_user on t_user.id = t_comment.uid left join t_comment as c on c.pid = t_comment.id  WHERE (  t_comment.uid IN (111191) OR c.uid IN (111191) ) AND t_comment.typeid = '9503767' AND t_comment.type = 'news' AND t_comment.pid = 0 ORDER BY id desc LIMIT 0,10   [ RunTime:0.0118s ]
SQL: SELECT COUNT(*) AS tp_count FROM `t_comment` WHERE ( pid = '18' ) LIMIT 1   [ RunTime:0.0122s ]
SQL: SELECT t_comment.id,t_comment.description,t_comment.upper,t_comment.addtime,t_comment.uid,t_user.simg,t_user.username,t_user.longitude,t_user.latitude,u.id as uid2,u.username as username2,u.simg as simg2 FROM `t_comment` left join t_user on t_user.id = t_comment.uid left join t_user u on u.id = t_comment.senduid  WHERE ( t_comment.pid = '18' ) ORDER BY t_comment.id desc LIMIT 2   [ RunTime:0.0148s ]
SQL: SELECT COUNT(*) AS tp_count FROM `t_comment` WHERE ( pid = '12' ) LIMIT 1   [ RunTime:0.0100s ]
SQL: SELECT t_comment.id,t_comment.description,t_comment.upper,t_comment.addtime,t_comment.uid,t_user.simg,t_user.username,t_user.longitude,t_user.latitude,u.id as uid2,u.username as username2,u.simg as simg2 FROM `t_comment` left join t_user on t_user.id = t_comment.uid left join t_user u on u.id = t_comment.senduid  WHERE ( t_comment.pid = '12' ) ORDER BY t_comment.id desc LIMIT 2   [ RunTime:0.0133s ]
NOTIC: [8] Undefined offset: 1 D:\wamp\www\qb\Application\Api\Controller\IndexController.class.php 第 791 行.
NOTIC: [8] Undefined offset: 1 D:\wamp\www\qb\Application\Api\Controller\IndexController.class.php 第 794 行.

[ 2015-12-15T16:36:17+08:00 ] 127.0.0.1 /Api/index/friendcomment
INFO: [ app_init ] --START--
INFO: Run Behavior\BuildLiteBehavior [ RunTime:0.000015s ]
INFO: [ app_init ] --END-- [ RunTime:0.000460s ]
INFO: [ app_begin ] --START--
INFO: Run Behavior\ReadHtmlCacheBehavior [ RunTime:0.000901s ]
INFO: [ app_begin ] --END-- [ RunTime:0.001008s ]
SQL: SHOW COLUMNS FROM `t_comment` [ RunTime:0.0170s ]
SQL: SHOW COLUMNS FROM `t_friend` [ RunTime:0.0113s ]
SQL: SELECT `fid` FROM `t_friend` WHERE ( uid = 1 )  [ RunTime:0.0108s ]
SQL: SELECT t_comment.id,t_comment.description,t_comment.upper,t_comment.addtime,t_comment.uid,t_user.simg,t_user.username,t_user.longitude,t_user.latitude FROM `t_comment` left join t_user on t_user.id = t_comment.uid left join t_comment as c on c.pid = t_comment.id  WHERE (  t_comment.uid IN (111191) OR c.uid IN (111191) ) AND t_comment.typeid = '9503767' AND t_comment.type = 'news' AND t_comment.pid = 0 ORDER BY id desc LIMIT 0,10   [ RunTime:0.0120s ]
SQL: SELECT COUNT(*) AS tp_count FROM `t_comment` WHERE ( pid = '18' ) LIMIT 1   [ RunTime:0.0198s ]
SQL: SELECT t_comment.id,t_comment.description,t_comment.upper,t_comment.addtime,t_comment.uid,t_user.simg,t_user.username,t_user.longitude,t_user.latitude,u.id as uid2,u.username as username2,u.simg as simg2 FROM `t_comment` left join t_user on t_user.id = t_comment.uid left join t_user u on u.id = t_comment.senduid  WHERE ( t_comment.pid = '18' ) ORDER BY t_comment.id desc LIMIT 2   [ RunTime:0.0106s ]
SQL: SELECT COUNT(*) AS tp_count FROM `t_comment` WHERE ( pid = '12' ) LIMIT 1   [ RunTime:0.0112s ]
SQL: SELECT t_comment.id,t_comment.description,t_comment.upper,t_comment.addtime,t_comment.uid,t_user.simg,t_user.username,t_user.longitude,t_user.latitude,u.id as uid2,u.username as username2,u.simg as simg2 FROM `t_comment` left join t_user on t_user.id = t_comment.uid left join t_user u on u.id = t_comment.senduid  WHERE ( t_comment.pid = '12' ) ORDER BY t_comment.id desc LIMIT 2   [ RunTime:0.0121s ]
NOTIC: [8] Undefined offset: 1 D:\wamp\www\qb\Application\Api\Controller\IndexController.class.php 第 792 行.
NOTIC: [8] Undefined offset: 1 D:\wamp\www\qb\Application\Api\Controller\IndexController.class.php 第 795 行.

[ 2015-12-15T16:37:51+08:00 ] 127.0.0.1 /Api/index/newsmore
INFO: [ app_init ] --START--
INFO: Run Behavior\BuildLiteBehavior [ RunTime:0.000014s ]
INFO: [ app_init ] --END-- [ RunTime:0.000505s ]
INFO: [ app_begin ] --START--
INFO: Run Behavior\ReadHtmlCacheBehavior [ RunTime:0.001333s ]
INFO: [ app_begin ] --END-- [ RunTime:0.001427s ]
SQL: SHOW COLUMNS FROM `t_comment` [ RunTime:0.0184s ]
SQL: SELECT t_comment.id,t_comment.description,t_comment.upper,t_comment.addtime,t_comment.uid,t_user.simg,t_user.username,t_user.longitude,t_user.latitude FROM `t_comment` left join t_user on t_user.id = t_comment.uid  WHERE t_comment.typeid = '9503767' AND t_comment.type = 'news' AND t_comment.pid = 0 ORDER BY id desc LIMIT 0,10   [ RunTime:0.0089s ]
SQL: SELECT COUNT(*) AS tp_count FROM `t_comment` WHERE ( pid = '18' ) LIMIT 1   [ RunTime:0.0076s ]
SQL: SELECT t_comment.id,t_comment.description,t_comment.upper,t_comment.addtime,t_comment.uid,t_user.simg,t_user.username,t_user.longitude,t_user.latitude,u.id as uid2,u.username as username2,u.simg as simg2 FROM `t_comment` left join t_user on t_user.id = t_comment.uid left join t_user u on u.id = t_comment.senduid  WHERE ( t_comment.pid = '18' ) ORDER BY t_comment.id desc LIMIT 2   [ RunTime:0.0114s ]
SQL: SELECT COUNT(*) AS tp_count FROM `t_comment` WHERE ( pid = '17' ) LIMIT 1   [ RunTime:0.0089s ]
SQL: SELECT t_comment.id,t_comment.description,t_comment.upper,t_comment.addtime,t_comment.uid,t_user.simg,t_user.username,t_user.longitude,t_user.latitude,u.id as uid2,u.username as username2,u.simg as simg2 FROM `t_comment` left join t_user on t_user.id = t_comment.uid left join t_user u on u.id = t_comment.senduid  WHERE ( t_comment.pid = '17' ) ORDER BY t_comment.id desc LIMIT 2   [ RunTime:0.0088s ]
NOTIC: [8] Undefined offset: 1 D:\wamp\www\qb\Application\Api\Controller\IndexController.class.php 第 709 行.
NOTIC: [8] Undefined offset: 1 D:\wamp\www\qb\Application\Api\Controller\IndexController.class.php 第 712 行.
SQL: SELECT COUNT(*) AS tp_count FROM `t_comment` WHERE ( pid = '12' ) LIMIT 1   [ RunTime:0.0083s ]
SQL: SELECT t_comment.id,t_comment.description,t_comment.upper,t_comment.addtime,t_comment.uid,t_user.simg,t_user.username,t_user.longitude,t_user.latitude,u.id as uid2,u.username as username2,u.simg as simg2 FROM `t_comment` left join t_user on t_user.id = t_comment.uid left join t_user u on u.id = t_comment.senduid  WHERE ( t_comment.pid = '12' ) ORDER BY t_comment.id desc LIMIT 2   [ RunTime:0.0088s ]
NOTIC: [8] Undefined offset: 2 D:\wamp\www\qb\Application\Api\Controller\IndexController.class.php 第 709 行.
NOTIC: [8] Undefined offset: 2 D:\wamp\www\qb\Application\Api\Controller\IndexController.class.php 第 712 行.
SQL: SELECT COUNT(*) AS tp_count FROM `t_comment` WHERE ( pid = '1' ) LIMIT 1   [ RunTime:0.0089s ]
SQL: SELECT t_comment.id,t_comment.description,t_comment.upper,t_comment.addtime,t_comment.uid,t_user.simg,t_user.username,t_user.longitude,t_user.latitude,u.id as uid2,u.username as username2,u.simg as simg2 FROM `t_comment` left join t_user on t_user.id = t_comment.uid left join t_user u on u.id = t_comment.senduid  WHERE ( t_comment.pid = '1' ) ORDER BY t_comment.id desc LIMIT 2   [ RunTime:0.0085s ]
NOTIC: [8] Undefined offset: 3 D:\wamp\www\qb\Application\Api\Controller\IndexController.class.php 第 709 行.
NOTIC: [8] Undefined offset: 3 D:\wamp\www\qb\Application\Api\Controller\IndexController.class.php 第 712 行.

[ 2015-12-15T16:43:39+08:00 ] 127.0.0.1 /Api/index/friendcomment
INFO: [ app_init ] --START--
INFO: Run Behavior\BuildLiteBehavior [ RunTime:0.000021s ]
INFO: [ app_init ] --END-- [ RunTime:0.001549s ]
INFO: [ app_begin ] --START--
INFO: Run Behavior\ReadHtmlCacheBehavior [ RunTime:0.000812s ]
INFO: [ app_begin ] --END-- [ RunTime:0.000918s ]
SQL: SHOW COLUMNS FROM `t_comment` [ RunTime:0.0118s ]
SQL: SHOW COLUMNS FROM `t_friend` [ RunTime:0.0119s ]
SQL: SELECT `fid` FROM `t_friend` WHERE ( uid = 1 )  [ RunTime:0.0150s ]
SQL: SELECT t_comment.id,t_comment.description,t_comment.upper,t_comment.addtime,t_comment.uid,t_user.simg,t_user.username,t_user.longitude,t_user.latitude FROM `t_comment` left join t_user on t_user.id = t_comment.uid left join t_comment as c on c.pid = t_comment.id  WHERE (  t_comment.uid IN (111191) OR c.uid IN (111191) ) AND t_comment.typeid = '9503767' AND t_comment.type = 'news' AND t_comment.pid = 0 ORDER BY id desc LIMIT 0,10   [ RunTime:0.0108s ]
SQL: SELECT COUNT(*) AS tp_count FROM `t_comment` WHERE ( pid = '18' ) LIMIT 1   [ RunTime:0.0145s ]
SQL: SELECT t_comment.id,t_comment.description,t_comment.upper,t_comment.addtime,t_comment.uid,t_user.simg,t_user.username,t_user.longitude,t_user.latitude,u.id as uid2,u.username as username2,u.simg as simg2 FROM `t_comment` left join t_user on t_user.id = t_comment.uid left join t_user u on u.id = t_comment.senduid  WHERE ( t_comment.pid = '18' ) ORDER BY t_comment.id desc LIMIT 2   [ RunTime:0.0119s ]
SQL: SELECT COUNT(*) AS tp_count FROM `t_comment` WHERE ( pid = '12' ) LIMIT 1   [ RunTime:0.0101s ]
SQL: SELECT t_comment.id,t_comment.description,t_comment.upper,t_comment.addtime,t_comment.uid,t_user.simg,t_user.username,t_user.longitude,t_user.latitude,u.id as uid2,u.username as username2,u.simg as simg2 FROM `t_comment` left join t_user on t_user.id = t_comment.uid left join t_user u on u.id = t_comment.senduid  WHERE ( t_comment.pid = '12' ) ORDER BY t_comment.id desc LIMIT 2   [ RunTime:0.0136s ]

[ 2015-12-15T16:45:56+08:00 ] 127.0.0.1 /Api/index/comment
INFO: [ app_init ] --START--
INFO: Run Behavior\BuildLiteBehavior [ RunTime:0.000015s ]
INFO: [ app_init ] --END-- [ RunTime:0.000473s ]
INFO: [ app_begin ] --START--
INFO: Run Behavior\ReadHtmlCacheBehavior [ RunTime:0.000622s ]
INFO: [ app_begin ] --END-- [ RunTime:0.000686s ]
SQL: SHOW COLUMNS FROM `t_comment` [ RunTime:0.0133s ]
SQL: SELECT t_comment.id,t_comment.description,t_comment.upper,t_comment.addtime,t_comment.uid,t_user.simg,t_user.username,t_user.longitude,t_user.latitude FROM `t_comment` left join t_user on t_user.id = t_comment.uid  WHERE t_comment.typeid = '9503767' AND t_comment.type = 'news' AND t_comment.pid = 0  [ RunTime:0.0121s ]
SQL: SELECT COUNT(*) AS tp_count FROM `t_comment` WHERE ( pid = '1' ) LIMIT 1   [ RunTime:0.0091s ]
SQL: SELECT t_comment.id,t_comment.description,t_comment.upper,t_comment.addtime,t_comment.uid,t_user.simg,t_user.username,t_user.longitude,t_user.latitude,u.id as uid2,u.username as username2,u.simg as simg2 FROM `t_comment` left join t_user on t_user.id = t_comment.uid left join t_user u on u.id = t_comment.senduid  WHERE ( t_comment.pid = '1' ) ORDER BY t_comment.id desc LIMIT 2   [ RunTime:0.0096s ]
NOTIC: [8] Undefined index: count D:\wamp\www\qb\Application\Api\Controller\IndexController.class.php 第 587 行.
SQL: SELECT COUNT(*) AS tp_count FROM `t_comment` WHERE ( pid = '12' ) LIMIT 1   [ RunTime:0.0162s ]
SQL: SELECT t_comment.id,t_comment.description,t_comment.upper,t_comment.addtime,t_comment.uid,t_user.simg,t_user.username,t_user.longitude,t_user.latitude,u.id as uid2,u.username as username2,u.simg as simg2 FROM `t_comment` left join t_user on t_user.id = t_comment.uid left join t_user u on u.id = t_comment.senduid  WHERE ( t_comment.pid = '12' ) ORDER BY t_comment.id desc LIMIT 2   [ RunTime:0.0094s ]
NOTIC: [8] Undefined offset: 1 D:\wamp\www\qb\Application\Api\Controller\IndexController.class.php 第 582 行.
NOTIC: [8] Undefined offset: 1 D:\wamp\www\qb\Application\Api\Controller\IndexController.class.php 第 585 行.
NOTIC: [8] Undefined index: count D:\wamp\www\qb\Application\Api\Controller\IndexController.class.php 第 587 行.
SQL: SELECT COUNT(*) AS tp_count FROM `t_comment` WHERE ( pid = '17' ) LIMIT 1   [ RunTime:0.0116s ]
NOTIC: [8] Undefined index: upper D:\wamp\www\qb\Application\Api\Controller\IndexController.class.php 第 563 行.
SQL: SELECT COUNT(*) AS tp_count FROM `t_comment` WHERE ( pid = '18' ) LIMIT 1   [ RunTime:0.0124s ]
SQL: SELECT t_comment.id,t_comment.description,t_comment.upper,t_comment.addtime,t_comment.uid,t_user.simg,t_user.username,t_user.longitude,t_user.latitude,u.id as uid2,u.username as username2,u.simg as simg2 FROM `t_comment` left join t_user on t_user.id = t_comment.uid left join t_user u on u.id = t_comment.senduid  WHERE ( t_comment.pid = '18' ) ORDER BY t_comment.id desc LIMIT 2   [ RunTime:0.0129s ]
NOTIC: [8] Undefined offset: 3 D:\wamp\www\qb\Application\Api\Controller\IndexController.class.php 第 582 行.
NOTIC: [8] Undefined offset: 3 D:\wamp\www\qb\Application\Api\Controller\IndexController.class.php 第 585 行.
NOTIC: [8] Undefined index: count D:\wamp\www\qb\Application\Api\Controller\IndexController.class.php 第 587 行.
NOTIC: [2] array_multisort() [<a href='function.array-multisort'>function.array-multisort</a>]: Array sizes are inconsistent D:\wamp\www\qb\Application\Api\Controller\IndexController.class.php 第 589 行.
SQL: SELECT t_comment.id,t_comment.description,t_comment.upper,t_comment.addtime,t_comment.uid,t_user.simg,t_user.username,t_user.longitude,t_user.latitude FROM `t_comment` left join t_user on t_user.id = t_comment.uid  WHERE t_comment.typeid = '9503767' AND t_comment.type = 'news' AND t_comment.pid = 0 ORDER BY id desc LIMIT 10   [ RunTime:0.0106s ]
SQL: SELECT COUNT(*) AS tp_count FROM `t_comment` WHERE ( pid = '18' ) LIMIT 1   [ RunTime:0.0183s ]
SQL: SELECT t_comment.id,t_comment.description,t_comment.upper,t_comment.addtime,t_comment.uid,t_user.simg,t_user.username,t_user.longitude,t_user.latitude,u.id as uid2,u.username as username2,u.simg as simg2 FROM `t_comment` left join t_user on t_user.id = t_comment.uid left join t_user u on u.id = t_comment.senduid  WHERE ( t_comment.pid = '18' ) ORDER BY t_comment.id desc LIMIT 2   [ RunTime:0.0153s ]
SQL: SELECT COUNT(*) AS tp_count FROM `t_comment` WHERE ( pid = '17' ) LIMIT 1   [ RunTime:0.0120s ]
SQL: SELECT t_comment.id,t_comment.description,t_comment.upper,t_comment.addtime,t_comment.uid,t_user.simg,t_user.username,t_user.longitude,t_user.latitude,u.id as uid2,u.username as username2,u.simg as simg2 FROM `t_comment` left join t_user on t_user.id = t_comment.uid left join t_user u on u.id = t_comment.senduid  WHERE ( t_comment.pid = '17' ) ORDER BY t_comment.id desc LIMIT 2   [ RunTime:0.0083s ]
NOTIC: [8] Undefined offset: 1 D:\wamp\www\qb\Application\Api\Controller\IndexController.class.php 第 614 行.
NOTIC: [8] Undefined offset: 1 D:\wamp\www\qb\Application\Api\Controller\IndexController.class.php 第 617 行.
SQL: SELECT COUNT(*) AS tp_count FROM `t_comment` WHERE ( pid = '12' ) LIMIT 1   [ RunTime:0.0098s ]
SQL: SELECT t_comment.id,t_comment.description,t_comment.upper,t_comment.addtime,t_comment.uid,t_user.simg,t_user.username,t_user.longitude,t_user.latitude,u.id as uid2,u.username as username2,u.simg as simg2 FROM `t_comment` left join t_user on t_user.id = t_comment.uid left join t_user u on u.id = t_comment.senduid  WHERE ( t_comment.pid = '12' ) ORDER BY t_comment.id desc LIMIT 2   [ RunTime:0.0091s ]
NOTIC: [8] Undefined offset: 2 D:\wamp\www\qb\Application\Api\Controller\IndexController.class.php 第 614 行.
NOTIC: [8] Undefined offset: 2 D:\wamp\www\qb\Application\Api\Controller\IndexController.class.php 第 617 行.
SQL: SELECT COUNT(*) AS tp_count FROM `t_comment` WHERE ( pid = '1' ) LIMIT 1   [ RunTime:0.0125s ]
SQL: SELECT t_comment.id,t_comment.description,t_comment.upper,t_comment.addtime,t_comment.uid,t_user.simg,t_user.username,t_user.longitude,t_user.latitude,u.id as uid2,u.username as username2,u.simg as simg2 FROM `t_comment` left join t_user on t_user.id = t_comment.uid left join t_user u on u.id = t_comment.senduid  WHERE ( t_comment.pid = '1' ) ORDER BY t_comment.id desc LIMIT 2   [ RunTime:0.0186s ]
NOTIC: [8] Undefined offset: 3 D:\wamp\www\qb\Application\Api\Controller\IndexController.class.php 第 614 行.
NOTIC: [8] Undefined offset: 3 D:\wamp\www\qb\Application\Api\Controller\IndexController.class.php 第 617 行.

[ 2015-12-15T16:50:46+08:00 ] 127.0.0.1 /Api/index/comment
INFO: [ app_init ] --START--
INFO: Run Behavior\BuildLiteBehavior [ RunTime:0.000015s ]
INFO: [ app_init ] --END-- [ RunTime:0.000469s ]
INFO: [ app_begin ] --START--
INFO: Run Behavior\ReadHtmlCacheBehavior [ RunTime:0.000991s ]
INFO: [ app_begin ] --END-- [ RunTime:0.001105s ]
SQL: SHOW COLUMNS FROM `t_comment` [ RunTime:0.0214s ]
SQL: SELECT t_comment.id,t_comment.description,t_comment.upper,t_comment.addtime,t_comment.uid,t_user.simg,t_user.username,t_user.longitude,t_user.latitude FROM `t_comment` left join t_user on t_user.id = t_comment.uid  WHERE t_comment.typeid = '9503767' AND t_comment.type = 'news' AND t_comment.pid = 0  [ RunTime:0.0246s ]
SQL: SELECT COUNT(*) AS tp_count FROM `t_comment` WHERE ( pid = '1' ) LIMIT 1   [ RunTime:0.0179s ]
SQL: SELECT t_comment.id,t_comment.description,t_comment.upper,t_comment.addtime,t_comment.uid,t_user.simg,t_user.username,t_user.longitude,t_user.latitude,u.id as uid2,u.username as username2,u.simg as simg2 FROM `t_comment` left join t_user on t_user.id = t_comment.uid left join t_user u on u.id = t_comment.senduid  WHERE ( t_comment.pid = '1' ) ORDER BY t_comment.id desc LIMIT 2   [ RunTime:0.0125s ]
SQL: SELECT COUNT(*) AS tp_count FROM `t_comment` WHERE ( pid = '12' ) LIMIT 1   [ RunTime:0.0096s ]
SQL: SELECT t_comment.id,t_comment.description,t_comment.upper,t_comment.addtime,t_comment.uid,t_user.simg,t_user.username,t_user.longitude,t_user.latitude,u.id as uid2,u.username as username2,u.simg as simg2 FROM `t_comment` left join t_user on t_user.id = t_comment.uid left join t_user u on u.id = t_comment.senduid  WHERE ( t_comment.pid = '12' ) ORDER BY t_comment.id desc LIMIT 2   [ RunTime:0.0134s ]
SQL: SELECT COUNT(*) AS tp_count FROM `t_comment` WHERE ( pid = '17' ) LIMIT 1   [ RunTime:0.0090s ]
SQL: SELECT COUNT(*) AS tp_count FROM `t_comment` WHERE ( pid = '18' ) LIMIT 1   [ RunTime:0.0082s ]
SQL: SELECT t_comment.id,t_comment.description,t_comment.upper,t_comment.addtime,t_comment.uid,t_user.simg,t_user.username,t_user.longitude,t_user.latitude,u.id as uid2,u.username as username2,u.simg as simg2 FROM `t_comment` left join t_user on t_user.id = t_comment.uid left join t_user u on u.id = t_comment.senduid  WHERE ( t_comment.pid = '18' ) ORDER BY t_comment.id desc LIMIT 2   [ RunTime:0.0154s ]
SQL: SELECT t_comment.id,t_comment.description,t_comment.upper,t_comment.addtime,t_comment.uid,t_user.simg,t_user.username,t_user.longitude,t_user.latitude FROM `t_comment` left join t_user on t_user.id = t_comment.uid  WHERE t_comment.typeid = '9503767' AND t_comment.type = 'news' AND t_comment.pid = 0 ORDER BY id desc LIMIT 10   [ RunTime:0.0096s ]
SQL: SELECT COUNT(*) AS tp_count FROM `t_comment` WHERE ( pid = '18' ) LIMIT 1   [ RunTime:0.0100s ]
SQL: SELECT t_comment.id,t_comment.description,t_comment.upper,t_comment.addtime,t_comment.uid,t_user.simg,t_user.username,t_user.longitude,t_user.latitude,u.id as uid2,u.username as username2,u.simg as simg2 FROM `t_comment` left join t_user on t_user.id = t_comment.uid left join t_user u on u.id = t_comment.senduid  WHERE ( t_comment.pid = '18' ) ORDER BY t_comment.id desc LIMIT 2   [ RunTime:0.0101s ]
SQL: SELECT COUNT(*) AS tp_count FROM `t_comment` WHERE ( pid = '17' ) LIMIT 1   [ RunTime:0.0072s ]
SQL: SELECT t_comment.id,t_comment.description,t_comment.upper,t_comment.addtime,t_comment.uid,t_user.simg,t_user.username,t_user.longitude,t_user.latitude,u.id as uid2,u.username as username2,u.simg as simg2 FROM `t_comment` left join t_user on t_user.id = t_comment.uid left join t_user u on u.id = t_comment.senduid  WHERE ( t_comment.pid = '17' ) ORDER BY t_comment.id desc LIMIT 2   [ RunTime:0.0103s ]
NOTIC: [8] Undefined offset: 1 D:\wamp\www\qb\Application\Api\Controller\IndexController.class.php 第 614 行.
NOTIC: [8] Undefined offset: 1 D:\wamp\www\qb\Application\Api\Controller\IndexController.class.php 第 617 行.
SQL: SELECT COUNT(*) AS tp_count FROM `t_comment` WHERE ( pid = '12' ) LIMIT 1   [ RunTime:0.0091s ]
SQL: SELECT t_comment.id,t_comment.description,t_comment.upper,t_comment.addtime,t_comment.uid,t_user.simg,t_user.username,t_user.longitude,t_user.latitude,u.id as uid2,u.username as username2,u.simg as simg2 FROM `t_comment` left join t_user on t_user.id = t_comment.uid left join t_user u on u.id = t_comment.senduid  WHERE ( t_comment.pid = '12' ) ORDER BY t_comment.id desc LIMIT 2   [ RunTime:0.0121s ]
NOTIC: [8] Undefined offset: 2 D:\wamp\www\qb\Application\Api\Controller\IndexController.class.php 第 614 行.
NOTIC: [8] Undefined offset: 2 D:\wamp\www\qb\Application\Api\Controller\IndexController.class.php 第 617 行.
SQL: SELECT COUNT(*) AS tp_count FROM `t_comment` WHERE ( pid = '1' ) LIMIT 1   [ RunTime:0.0123s ]
SQL: SELECT t_comment.id,t_comment.description,t_comment.upper,t_comment.addtime,t_comment.uid,t_user.simg,t_user.username,t_user.longitude,t_user.latitude,u.id as uid2,u.username as username2,u.simg as simg2 FROM `t_comment` left join t_user on t_user.id = t_comment.uid left join t_user u on u.id = t_comment.senduid  WHERE ( t_comment.pid = '1' ) ORDER BY t_comment.id desc LIMIT 2   [ RunTime:0.0079s ]
NOTIC: [8] Undefined offset: 3 D:\wamp\www\qb\Application\Api\Controller\IndexController.class.php 第 614 行.
NOTIC: [8] Undefined offset: 3 D:\wamp\www\qb\Application\Api\Controller\IndexController.class.php 第 617 行.

[ 2015-12-15T16:54:37+08:00 ] 127.0.0.1 /Api/index/comment
INFO: [ app_init ] --START--
INFO: Run Behavior\BuildLiteBehavior [ RunTime:0.000016s ]
INFO: [ app_init ] --END-- [ RunTime:0.000465s ]
INFO: [ app_begin ] --START--
INFO: Run Behavior\ReadHtmlCacheBehavior [ RunTime:0.000931s ]
INFO: [ app_begin ] --END-- [ RunTime:0.001020s ]
SQL: SHOW COLUMNS FROM `t_comment` [ RunTime:0.0136s ]
SQL: SELECT t_comment.id,t_comment.description,t_comment.upper,t_comment.addtime,t_comment.uid,t_user.simg,t_user.username,t_user.longitude,t_user.latitude FROM `t_comment` left join t_user on t_user.id = t_comment.uid  WHERE t_comment.typeid = '9503767' AND t_comment.type = 'news' AND t_comment.pid = 0  [ RunTime:0.0120s ]
SQL: SELECT COUNT(*) AS tp_count FROM `t_comment` WHERE ( pid = '1' ) LIMIT 1   [ RunTime:0.0109s ]
SQL: SELECT t_comment.id,t_comment.description,t_comment.upper,t_comment.addtime,t_comment.uid,t_user.simg,t_user.username,t_user.longitude,t_user.latitude,u.id as uid2,u.username as username2,u.simg as simg2 FROM `t_comment` left join t_user on t_user.id = t_comment.uid left join t_user u on u.id = t_comment.senduid  WHERE ( t_comment.pid = '1' ) ORDER BY t_comment.id desc LIMIT 2   [ RunTime:0.0127s ]
SQL: SELECT COUNT(*) AS tp_count FROM `t_comment` WHERE ( pid = '12' ) LIMIT 1   [ RunTime:0.0192s ]
SQL: SELECT t_comment.id,t_comment.description,t_comment.upper,t_comment.addtime,t_comment.uid,t_user.simg,t_user.username,t_user.longitude,t_user.latitude,u.id as uid2,u.username as username2,u.simg as simg2 FROM `t_comment` left join t_user on t_user.id = t_comment.uid left join t_user u on u.id = t_comment.senduid  WHERE ( t_comment.pid = '12' ) ORDER BY t_comment.id desc LIMIT 2   [ RunTime:0.0124s ]
SQL: SELECT COUNT(*) AS tp_count FROM `t_comment` WHERE ( pid = '17' ) LIMIT 1   [ RunTime:0.0121s ]
SQL: SELECT COUNT(*) AS tp_count FROM `t_comment` WHERE ( pid = '18' ) LIMIT 1   [ RunTime:0.0118s ]
SQL: SELECT t_comment.id,t_comment.description,t_comment.upper,t_comment.addtime,t_comment.uid,t_user.simg,t_user.username,t_user.longitude,t_user.latitude,u.id as uid2,u.username as username2,u.simg as simg2 FROM `t_comment` left join t_user on t_user.id = t_comment.uid left join t_user u on u.id = t_comment.senduid  WHERE ( t_comment.pid = '18' ) ORDER BY t_comment.id desc LIMIT 2   [ RunTime:0.0177s ]
SQL: SELECT t_comment.id,t_comment.description,t_comment.upper,t_comment.addtime,t_comment.uid,t_user.simg,t_user.username,t_user.longitude,t_user.latitude FROM `t_comment` left join t_user on t_user.id = t_comment.uid  WHERE t_comment.typeid = '9503767' AND t_comment.type = 'news' AND t_comment.pid = 0 ORDER BY id desc LIMIT 10   [ RunTime:0.0116s ]
SQL: SELECT COUNT(*) AS tp_count FROM `t_comment` WHERE ( pid = '18' ) LIMIT 1   [ RunTime:0.0170s ]
SQL: SELECT t_comment.id,t_comment.description,t_comment.upper,t_comment.addtime,t_comment.uid,t_user.simg,t_user.username,t_user.longitude,t_user.latitude,u.id as uid2,u.username as username2,u.simg as simg2 FROM `t_comment` left join t_user on t_user.id = t_comment.uid left join t_user u on u.id = t_comment.senduid  WHERE ( t_comment.pid = '18' ) ORDER BY t_comment.id desc LIMIT 2   [ RunTime:0.0114s ]
SQL: SELECT COUNT(*) AS tp_count FROM `t_comment` WHERE ( pid = '17' ) LIMIT 1   [ RunTime:0.0125s ]
SQL: SELECT t_comment.id,t_comment.description,t_comment.upper,t_comment.addtime,t_comment.uid,t_user.simg,t_user.username,t_user.longitude,t_user.latitude,u.id as uid2,u.username as username2,u.simg as simg2 FROM `t_comment` left join t_user on t_user.id = t_comment.uid left join t_user u on u.id = t_comment.senduid  WHERE ( t_comment.pid = '17' ) ORDER BY t_comment.id desc LIMIT 2   [ RunTime:0.0107s ]
SQL: SELECT COUNT(*) AS tp_count FROM `t_comment` WHERE ( pid = '12' ) LIMIT 1   [ RunTime:0.0106s ]
SQL: SELECT t_comment.id,t_comment.description,t_comment.upper,t_comment.addtime,t_comment.uid,t_user.simg,t_user.username,t_user.longitude,t_user.latitude,u.id as uid2,u.username as username2,u.simg as simg2 FROM `t_comment` left join t_user on t_user.id = t_comment.uid left join t_user u on u.id = t_comment.senduid  WHERE ( t_comment.pid = '12' ) ORDER BY t_comment.id desc LIMIT 2   [ RunTime:0.0132s ]
SQL: SELECT COUNT(*) AS tp_count FROM `t_comment` WHERE ( pid = '1' ) LIMIT 1   [ RunTime:0.0163s ]
SQL: SELECT t_comment.id,t_comment.description,t_comment.upper,t_comment.addtime,t_comment.uid,t_user.simg,t_user.username,t_user.longitude,t_user.latitude,u.id as uid2,u.username as username2,u.simg as simg2 FROM `t_comment` left join t_user on t_user.id = t_comment.uid left join t_user u on u.id = t_comment.senduid  WHERE ( t_comment.pid = '1' ) ORDER BY t_comment.id desc LIMIT 2   [ RunTime:0.0133s ]

[ 2015-12-15T16:59:46+08:00 ] 127.0.0.1 /Api/index/friendcomment
INFO: [ app_init ] --START--
INFO: Run Behavior\BuildLiteBehavior [ RunTime:0.000014s ]
INFO: [ app_init ] --END-- [ RunTime:0.000562s ]
INFO: [ app_begin ] --START--
INFO: Run Behavior\ReadHtmlCacheBehavior [ RunTime:0.001021s ]
INFO: [ app_begin ] --END-- [ RunTime:0.001163s ]
SQL: SHOW COLUMNS FROM `t_comment` [ RunTime:0.0148s ]
SQL: SHOW COLUMNS FROM `t_friend` [ RunTime:0.0140s ]
SQL: SELECT `fid` FROM `t_friend` WHERE ( uid = 1 )  [ RunTime:0.0123s ]
SQL: SELECT t_comment.id,t_comment.description,t_comment.upper,t_comment.addtime,t_comment.uid,t_user.simg,t_user.username,t_user.longitude,t_user.latitude FROM `t_comment` left join t_user on t_user.id = t_comment.uid left join t_comment as c on c.pid = t_comment.id  WHERE (  t_comment.uid IN (111191) OR c.uid IN (111191) ) AND t_comment.typeid = '9503767' AND t_comment.type = 'news' AND t_comment.pid = 0 ORDER BY id desc LIMIT 0,10   [ RunTime:0.0189s ]
SQL: SELECT COUNT(*) AS tp_count FROM `t_comment` WHERE ( pid = '18' ) LIMIT 1   [ RunTime:0.0137s ]
SQL: SELECT t_comment.id,t_comment.description,t_comment.upper,t_comment.addtime,t_comment.uid,t_user.simg,t_user.username,t_user.longitude,t_user.latitude,u.id as uid2,u.username as username2,u.simg as simg2 FROM `t_comment` left join t_user on t_user.id = t_comment.uid left join t_user u on u.id = t_comment.senduid  WHERE ( t_comment.pid = '18' ) ORDER BY t_comment.id desc LIMIT 2   [ RunTime:0.0145s ]
SQL: SELECT COUNT(*) AS tp_count FROM `t_comment` WHERE ( pid = '12' ) LIMIT 1   [ RunTime:0.0135s ]
SQL: SELECT t_comment.id,t_comment.description,t_comment.upper,t_comment.addtime,t_comment.uid,t_user.simg,t_user.username,t_user.longitude,t_user.latitude,u.id as uid2,u.username as username2,u.simg as simg2 FROM `t_comment` left join t_user on t_user.id = t_comment.uid left join t_user u on u.id = t_comment.senduid  WHERE ( t_comment.pid = '12' ) ORDER BY t_comment.id desc LIMIT 2   [ RunTime:0.0135s ]

[ 2015-12-15T16:59:55+08:00 ] 127.0.0.1 /Api/index/friendcomment
INFO: [ app_init ] --START--
INFO: Run Behavior\BuildLiteBehavior [ RunTime:0.000012s ]
INFO: [ app_init ] --END-- [ RunTime:0.000430s ]
INFO: [ app_begin ] --START--
INFO: Run Behavior\ReadHtmlCacheBehavior [ RunTime:0.000537s ]
INFO: [ app_begin ] --END-- [ RunTime:0.000591s ]
SQL: SHOW COLUMNS FROM `t_comment` [ RunTime:0.0116s ]
SQL: SHOW COLUMNS FROM `t_friend` [ RunTime:0.0091s ]
SQL: SELECT `fid` FROM `t_friend` WHERE ( uid = 1 )  [ RunTime:0.0081s ]
SQL: SELECT t_comment.id,t_comment.description,t_comment.upper,t_comment.addtime,t_comment.uid,t_user.simg,t_user.username,t_user.longitude,t_user.latitude FROM `t_comment` left join t_user on t_user.id = t_comment.uid left join t_comment as c on c.pid = t_comment.id  WHERE (  t_comment.uid IN (111191) OR c.uid IN (111191) ) AND t_comment.typeid = '9503767' AND t_comment.type = 'news' AND t_comment.pid = 0 ORDER BY id desc LIMIT 0,10   [ RunTime:0.0087s ]
SQL: SELECT COUNT(*) AS tp_count FROM `t_comment` WHERE ( pid = '18' ) LIMIT 1   [ RunTime:0.0082s ]
SQL: SELECT t_comment.id,t_comment.description,t_comment.upper,t_comment.addtime,t_comment.uid,t_user.simg,t_user.username,t_user.longitude,t_user.latitude,u.id as uid2,u.username as username2,u.simg as simg2 FROM `t_comment` left join t_user on t_user.id = t_comment.uid left join t_user u on u.id = t_comment.senduid  WHERE ( t_comment.pid = '18' ) ORDER BY t_comment.id desc LIMIT 2   [ RunTime:0.0093s ]
SQL: SELECT COUNT(*) AS tp_count FROM `t_comment` WHERE ( pid = '12' ) LIMIT 1   [ RunTime:0.0101s ]
SQL: SELECT t_comment.id,t_comment.description,t_comment.upper,t_comment.addtime,t_comment.uid,t_user.simg,t_user.username,t_user.longitude,t_user.latitude,u.id as uid2,u.username as username2,u.simg as simg2 FROM `t_comment` left join t_user on t_user.id = t_comment.uid left join t_user u on u.id = t_comment.senduid  WHERE ( t_comment.pid = '12' ) ORDER BY t_comment.id desc LIMIT 2   [ RunTime:0.0107s ]

[ 2015-12-15T17:00:28+08:00 ] 127.0.0.1 /Api/index/newsmore
INFO: [ app_init ] --START--
INFO: Run Behavior\BuildLiteBehavior [ RunTime:0.000020s ]
INFO: [ app_init ] --END-- [ RunTime:0.002907s ]
INFO: [ app_begin ] --START--
INFO: Run Behavior\ReadHtmlCacheBehavior [ RunTime:0.000688s ]
INFO: [ app_begin ] --END-- [ RunTime:0.000756s ]
SQL: SHOW COLUMNS FROM `t_comment` [ RunTime:0.0150s ]
SQL: SELECT t_comment.id,t_comment.description,t_comment.upper,t_comment.addtime,t_comment.uid,t_user.simg,t_user.username,t_user.longitude,t_user.latitude FROM `t_comment` left join t_user on t_user.id = t_comment.uid  WHERE t_comment.typeid = '9503767' AND t_comment.type = 'news' AND t_comment.pid = 0 ORDER BY id desc LIMIT 0,10   [ RunTime:0.0234s ]
SQL: SELECT COUNT(*) AS tp_count FROM `t_comment` WHERE ( pid = '18' ) LIMIT 1   [ RunTime:0.0125s ]
SQL: SELECT t_comment.id,t_comment.description,t_comment.upper,t_comment.addtime,t_comment.uid,t_user.simg,t_user.username,t_user.longitude,t_user.latitude,u.id as uid2,u.username as username2,u.simg as simg2 FROM `t_comment` left join t_user on t_user.id = t_comment.uid left join t_user u on u.id = t_comment.senduid  WHERE ( t_comment.pid = '18' ) ORDER BY t_comment.id desc LIMIT 2   [ RunTime:0.0146s ]
SQL: SELECT COUNT(*) AS tp_count FROM `t_comment` WHERE ( pid = '17' ) LIMIT 1   [ RunTime:0.0140s ]
SQL: SELECT t_comment.id,t_comment.description,t_comment.upper,t_comment.addtime,t_comment.uid,t_user.simg,t_user.username,t_user.longitude,t_user.latitude,u.id as uid2,u.username as username2,u.simg as simg2 FROM `t_comment` left join t_user on t_user.id = t_comment.uid left join t_user u on u.id = t_comment.senduid  WHERE ( t_comment.pid = '17' ) ORDER BY t_comment.id desc LIMIT 2   [ RunTime:0.0135s ]
SQL: SELECT COUNT(*) AS tp_count FROM `t_comment` WHERE ( pid = '12' ) LIMIT 1   [ RunTime:0.0149s ]
SQL: SELECT t_comment.id,t_comment.description,t_comment.upper,t_comment.addtime,t_comment.uid,t_user.simg,t_user.username,t_user.longitude,t_user.latitude,u.id as uid2,u.username as username2,u.simg as simg2 FROM `t_comment` left join t_user on t_user.id = t_comment.uid left join t_user u on u.id = t_comment.senduid  WHERE ( t_comment.pid = '12' ) ORDER BY t_comment.id desc LIMIT 2   [ RunTime:0.0152s ]
SQL: SELECT COUNT(*) AS tp_count FROM `t_comment` WHERE ( pid = '1' ) LIMIT 1   [ RunTime:0.0128s ]
SQL: SELECT t_comment.id,t_comment.description,t_comment.upper,t_comment.addtime,t_comment.uid,t_user.simg,t_user.username,t_user.longitude,t_user.latitude,u.id as uid2,u.username as username2,u.simg as simg2 FROM `t_comment` left join t_user on t_user.id = t_comment.uid left join t_user u on u.id = t_comment.senduid  WHERE ( t_comment.pid = '1' ) ORDER BY t_comment.id desc LIMIT 2   [ RunTime:0.0122s ]

[ 2015-12-15T17:01:01+08:00 ] 127.0.0.1 /Api/index/hotmore
INFO: [ app_init ] --START--
INFO: Run Behavior\BuildLiteBehavior [ RunTime:0.000013s ]
INFO: [ app_init ] --END-- [ RunTime:0.000466s ]
INFO: [ app_begin ] --START--
INFO: Run Behavior\ReadHtmlCacheBehavior [ RunTime:0.000943s ]
INFO: [ app_begin ] --END-- [ RunTime:0.001168s ]
SQL: SHOW COLUMNS FROM `t_comment` [ RunTime:0.0124s ]
SQL: SELECT t_comment.id,t_comment.description,t_comment.upper,t_comment.addtime,t_comment.uid,t_user.simg,t_user.username,t_user.longitude,t_user.latitude FROM `t_comment` left join t_user on t_user.id = t_comment.uid  WHERE t_comment.typeid = '9503767' AND t_comment.type = 'news' AND t_comment.pid = 0  [ RunTime:0.0146s ]
SQL: SELECT COUNT(*) AS tp_count FROM `t_comment` WHERE ( pid = '1' ) LIMIT 1   [ RunTime:0.0187s ]
SQL: SELECT t_comment.id,t_comment.description,t_comment.upper,t_comment.addtime,t_comment.uid,t_user.simg,t_user.username,t_user.longitude,t_user.latitude,u.id as uid2,u.username as username2,u.simg as simg2 FROM `t_comment` left join t_user on t_user.id = t_comment.uid left join t_user u on u.id = t_comment.senduid  WHERE ( t_comment.pid = '1' ) ORDER BY t_comment.id desc LIMIT 2   [ RunTime:0.0154s ]
SQL: SELECT COUNT(*) AS tp_count FROM `t_comment` WHERE ( pid = '12' ) LIMIT 1   [ RunTime:0.0136s ]
SQL: SELECT t_comment.id,t_comment.description,t_comment.upper,t_comment.addtime,t_comment.uid,t_user.simg,t_user.username,t_user.longitude,t_user.latitude,u.id as uid2,u.username as username2,u.simg as simg2 FROM `t_comment` left join t_user on t_user.id = t_comment.uid left join t_user u on u.id = t_comment.senduid  WHERE ( t_comment.pid = '12' ) ORDER BY t_comment.id desc LIMIT 2   [ RunTime:0.0142s ]
SQL: SELECT COUNT(*) AS tp_count FROM `t_comment` WHERE ( pid = '17' ) LIMIT 1   [ RunTime:0.0122s ]
SQL: SELECT COUNT(*) AS tp_count FROM `t_comment` WHERE ( pid = '18' ) LIMIT 1   [ RunTime:0.0130s ]
SQL: SELECT t_comment.id,t_comment.description,t_comment.upper,t_comment.addtime,t_comment.uid,t_user.simg,t_user.username,t_user.longitude,t_user.latitude,u.id as uid2,u.username as username2,u.simg as simg2 FROM `t_comment` left join t_user on t_user.id = t_comment.uid left join t_user u on u.id = t_comment.senduid  WHERE ( t_comment.pid = '18' ) ORDER BY t_comment.id desc LIMIT 2   [ RunTime:0.0137s ]

