[ 2015-12-17T08:49:03+08:00 ] 127.0.0.1 /Api/Index/newwweb
INFO: [ app_init ] --START--
INFO: Run Behavior\BuildLiteBehavior [ RunTime:0.000015s ]
INFO: [ app_init ] --END-- [ RunTime:0.001459s ]
INFO: [ app_begin ] --START--
INFO: Run Behavior\ReadHtmlCacheBehavior [ RunTime:0.001003s ]
INFO: [ app_begin ] --END-- [ RunTime:0.001061s ]
ERR: 非法操作:newwweb

[ 2015-12-17T08:49:09+08:00 ] 127.0.0.1 /Api/Index/newsweb
INFO: [ app_init ] --START--
INFO: Run Behavior\BuildLiteBehavior [ RunTime:0.000012s ]
INFO: [ app_init ] --END-- [ RunTime:0.000398s ]
INFO: [ app_begin ] --START--
INFO: Run Behavior\ReadHtmlCacheBehavior [ RunTime:0.000510s ]
INFO: [ app_begin ] --END-- [ RunTime:0.000562s ]
SQL: SHOW COLUMNS FROM `t_news` [ RunTime:0.0139s ]
SQL: SELECT * FROM `t_news` WHERE `id` = 0 LIMIT 1   [ RunTime:0.0119s ]
ERR: 模板不存在:./Application/Api/View/Index_newsweb.html

[ 2015-12-17T08:49:27+08:00 ] 127.0.0.1 /Api/Index/newweb
INFO: [ app_init ] --START--
INFO: Run Behavior\BuildLiteBehavior [ RunTime:0.000015s ]
INFO: [ app_init ] --END-- [ RunTime:0.000491s ]
INFO: [ app_begin ] --START--
INFO: Run Behavior\ReadHtmlCacheBehavior [ RunTime:0.000517s ]
INFO: [ app_begin ] --END-- [ RunTime:0.000568s ]
ERR: 非法操作:newweb

[ 2015-12-17T08:49:33+08:00 ] 127.0.0.1 /Api/Index/newsweb
INFO: [ app_init ] --START--
INFO: Run Behavior\BuildLiteBehavior [ RunTime:0.000012s ]
INFO: [ app_init ] --END-- [ RunTime:0.000491s ]
INFO: [ app_begin ] --START--
INFO: Run Behavior\ReadHtmlCacheBehavior [ RunTime:0.000601s ]
INFO: [ app_begin ] --END-- [ RunTime:0.000684s ]
SQL: SHOW COLUMNS FROM `t_news` [ RunTime:0.0098s ]
SQL: SELECT * FROM `t_news` WHERE `id` = 0 LIMIT 1   [ RunTime:0.0093s ]
ERR: 模板不存在:./Application/Api/View/Index_newsweb.html

[ 2015-12-17T08:51:03+08:00 ] 127.0.0.1 /Api/Index/newsweb
INFO: [ app_init ] --START--
INFO: Run Behavior\BuildLiteBehavior [ RunTime:0.000015s ]
INFO: [ app_init ] --END-- [ RunTime:0.000570s ]
INFO: [ app_begin ] --START--
INFO: Run Behavior\ReadHtmlCacheBehavior [ RunTime:0.000594s ]
INFO: [ app_begin ] --END-- [ RunTime:0.000644s ]
SQL: SHOW COLUMNS FROM `t_news` [ RunTime:0.0141s ]
SQL: SELECT * FROM `t_news` WHERE `id` = 0 LIMIT 1   [ RunTime:0.0128s ]
INFO: [ view_parse ] --START--
INFO: [ template_filter ] --START--
INFO: Run Behavior\ContentReplaceBehavior [ RunTime:0.000035s ]
INFO: [ template_filter ] --END-- [ RunTime:0.000100s ]
NOTIC: [8] Undefined variable: title D:\wamp\www\qb\Application\Runtime\Cache\Api\f2c4068315814710088d28aeabeed8c0.php 第 31 行.
NOTIC: [8] Undefined variable: origin D:\wamp\www\qb\Application\Runtime\Cache\Api\f2c4068315814710088d28aeabeed8c0.php 第 32 行.
NOTIC: [8] Undefined variable: addtime D:\wamp\www\qb\Application\Runtime\Cache\Api\f2c4068315814710088d28aeabeed8c0.php 第 32 行.
NOTIC: [8] Undefined variable: content D:\wamp\www\qb\Application\Runtime\Cache\Api\f2c4068315814710088d28aeabeed8c0.php 第 33 行.
INFO: Run Behavior\ParseTemplateBehavior [ RunTime:0.030101s ]
INFO: [ view_parse ] --END-- [ RunTime:0.030152s ]
INFO: [ view_filter ] --START--
INFO: Run Behavior\WriteHtmlCacheBehavior [ RunTime:0.007953s ]
INFO: [ view_filter ] --END-- [ RunTime:0.008014s ]
INFO: [ app_end ] --START--
INFO: Run Behavior\ShowPageTraceBehavior [ RunTime:0.001149s ]
INFO: [ app_end ] --END-- [ RunTime:0.001206s ]

[ 2015-12-17T08:51:06+08:00 ] 127.0.0.1 /Api/Index/newsweb
INFO: [ app_init ] --START--
INFO: Run Behavior\BuildLiteBehavior [ RunTime:0.000021s ]
INFO: [ app_init ] --END-- [ RunTime:0.000606s ]
INFO: [ app_begin ] --START--
INFO: Run Behavior\ReadHtmlCacheBehavior [ RunTime:0.000792s ]
INFO: [ app_begin ] --END-- [ RunTime:0.000877s ]
SQL: SHOW COLUMNS FROM `t_news` [ RunTime:0.0143s ]
SQL: SELECT * FROM `t_news` WHERE `id` = 0 LIMIT 1   [ RunTime:0.0120s ]
INFO: [ view_parse ] --START--
INFO: [ template_filter ] --START--
INFO: Run Behavior\ContentReplaceBehavior [ RunTime:0.000052s ]
INFO: [ template_filter ] --END-- [ RunTime:0.000143s ]
NOTIC: [8] Undefined variable: title D:\wamp\www\qb\Application\Runtime\Cache\Api\f2c4068315814710088d28aeabeed8c0.php 第 31 行.
NOTIC: [8] Undefined variable: origin D:\wamp\www\qb\Application\Runtime\Cache\Api\f2c4068315814710088d28aeabeed8c0.php 第 32 行.
NOTIC: [8] Undefined variable: addtime D:\wamp\www\qb\Application\Runtime\Cache\Api\f2c4068315814710088d28aeabeed8c0.php 第 32 行.
NOTIC: [8] Undefined variable: content D:\wamp\www\qb\Application\Runtime\Cache\Api\f2c4068315814710088d28aeabeed8c0.php 第 33 行.
INFO: Run Behavior\ParseTemplateBehavior [ RunTime:0.006444s ]
INFO: [ view_parse ] --END-- [ RunTime:0.006497s ]
INFO: [ view_filter ] --START--
INFO: Run Behavior\WriteHtmlCacheBehavior [ RunTime:0.000309s ]
INFO: [ view_filter ] --END-- [ RunTime:0.000350s ]
INFO: [ app_end ] --START--
INFO: Run Behavior\ShowPageTraceBehavior [ RunTime:0.000524s ]
INFO: [ app_end ] --END-- [ RunTime:0.000568s ]

[ 2015-12-17T08:51:07+08:00 ] 127.0.0.1 /Api/Index/newsweb
INFO: [ app_init ] --START--
INFO: Run Behavior\BuildLiteBehavior [ RunTime:0.000012s ]
INFO: [ app_init ] --END-- [ RunTime:0.000381s ]
INFO: [ app_begin ] --START--
INFO: Run Behavior\ReadHtmlCacheBehavior [ RunTime:0.000491s ]
INFO: [ app_begin ] --END-- [ RunTime:0.000539s ]
SQL: SHOW COLUMNS FROM `t_news` [ RunTime:0.0125s ]
SQL: SELECT * FROM `t_news` WHERE `id` = 0 LIMIT 1   [ RunTime:0.0110s ]
INFO: [ view_parse ] --START--
INFO: [ template_filter ] --START--
INFO: Run Behavior\ContentReplaceBehavior [ RunTime:0.000034s ]
INFO: [ template_filter ] --END-- [ RunTime:0.000090s ]
NOTIC: [8] Undefined variable: title D:\wamp\www\qb\Application\Runtime\Cache\Api\f2c4068315814710088d28aeabeed8c0.php 第 31 行.
NOTIC: [8] Undefined variable: origin D:\wamp\www\qb\Application\Runtime\Cache\Api\f2c4068315814710088d28aeabeed8c0.php 第 32 行.
NOTIC: [8] Undefined variable: addtime D:\wamp\www\qb\Application\Runtime\Cache\Api\f2c4068315814710088d28aeabeed8c0.php 第 32 行.
NOTIC: [8] Undefined variable: content D:\wamp\www\qb\Application\Runtime\Cache\Api\f2c4068315814710088d28aeabeed8c0.php 第 33 行.
INFO: Run Behavior\ParseTemplateBehavior [ RunTime:0.006487s ]
INFO: [ view_parse ] --END-- [ RunTime:0.006617s ]
INFO: [ view_filter ] --START--
INFO: Run Behavior\WriteHtmlCacheBehavior [ RunTime:0.000365s ]
INFO: [ view_filter ] --END-- [ RunTime:0.000407s ]
INFO: [ app_end ] --START--
INFO: Run Behavior\ShowPageTraceBehavior [ RunTime:0.000620s ]
INFO: [ app_end ] --END-- [ RunTime:0.000664s ]

[ 2015-12-17T08:51:07+08:00 ] 127.0.0.1 /Api/Index/newsweb
INFO: [ app_init ] --START--
INFO: Run Behavior\BuildLiteBehavior [ RunTime:0.000014s ]
INFO: [ app_init ] --END-- [ RunTime:0.000497s ]
INFO: [ app_begin ] --START--
INFO: Run Behavior\ReadHtmlCacheBehavior [ RunTime:0.000609s ]
INFO: [ app_begin ] --END-- [ RunTime:0.000659s ]
SQL: SHOW COLUMNS FROM `t_news` [ RunTime:0.0119s ]
SQL: SELECT * FROM `t_news` WHERE `id` = 0 LIMIT 1   [ RunTime:0.0112s ]
INFO: [ view_parse ] --START--
INFO: [ template_filter ] --START--
INFO: Run Behavior\ContentReplaceBehavior [ RunTime:0.000036s ]
INFO: [ template_filter ] --END-- [ RunTime:0.000112s ]
NOTIC: [8] Undefined variable: title D:\wamp\www\qb\Application\Runtime\Cache\Api\f2c4068315814710088d28aeabeed8c0.php 第 31 行.
NOTIC: [8] Undefined variable: origin D:\wamp\www\qb\Application\Runtime\Cache\Api\f2c4068315814710088d28aeabeed8c0.php 第 32 行.
NOTIC: [8] Undefined variable: addtime D:\wamp\www\qb\Application\Runtime\Cache\Api\f2c4068315814710088d28aeabeed8c0.php 第 32 行.
NOTIC: [8] Undefined variable: content D:\wamp\www\qb\Application\Runtime\Cache\Api\f2c4068315814710088d28aeabeed8c0.php 第 33 行.
INFO: Run Behavior\ParseTemplateBehavior [ RunTime:0.006854s ]
INFO: [ view_parse ] --END-- [ RunTime:0.006933s ]
INFO: [ view_filter ] --START--
INFO: Run Behavior\WriteHtmlCacheBehavior [ RunTime:0.000319s ]
INFO: [ view_filter ] --END-- [ RunTime:0.000374s ]
INFO: [ app_end ] --START--
INFO: Run Behavior\ShowPageTraceBehavior [ RunTime:0.000561s ]
INFO: [ app_end ] --END-- [ RunTime:0.000614s ]

[ 2015-12-17T08:51:08+08:00 ] 127.0.0.1 /Api/Index/newsweb
INFO: [ app_init ] --START--
INFO: Run Behavior\BuildLiteBehavior [ RunTime:0.000026s ]
INFO: [ app_init ] --END-- [ RunTime:0.000575s ]
INFO: [ app_begin ] --START--
INFO: Run Behavior\ReadHtmlCacheBehavior [ RunTime:0.000842s ]
INFO: [ app_begin ] --END-- [ RunTime:0.000931s ]
SQL: SHOW COLUMNS FROM `t_news` [ RunTime:0.0177s ]
SQL: SELECT * FROM `t_news` WHERE `id` = 0 LIMIT 1   [ RunTime:0.0136s ]
INFO: [ view_parse ] --START--
INFO: [ template_filter ] --START--
INFO: Run Behavior\ContentReplaceBehavior [ RunTime:0.000052s ]
INFO: [ template_filter ] --END-- [ RunTime:0.000128s ]
NOTIC: [8] Undefined variable: title D:\wamp\www\qb\Application\Runtime\Cache\Api\f2c4068315814710088d28aeabeed8c0.php 第 31 行.
NOTIC: [8] Undefined variable: origin D:\wamp\www\qb\Application\Runtime\Cache\Api\f2c4068315814710088d28aeabeed8c0.php 第 32 行.
NOTIC: [8] Undefined variable: addtime D:\wamp\www\qb\Application\Runtime\Cache\Api\f2c4068315814710088d28aeabeed8c0.php 第 32 行.
NOTIC: [8] Undefined variable: content D:\wamp\www\qb\Application\Runtime\Cache\Api\f2c4068315814710088d28aeabeed8c0.php 第 33 行.
INFO: Run Behavior\ParseTemplateBehavior [ RunTime:0.005851s ]
INFO: [ view_parse ] --END-- [ RunTime:0.005899s ]
INFO: [ view_filter ] --START--
INFO: Run Behavior\WriteHtmlCacheBehavior [ RunTime:0.000400s ]
INFO: [ view_filter ] --END-- [ RunTime:0.000441s ]
INFO: [ app_end ] --START--
INFO: Run Behavior\ShowPageTraceBehavior [ RunTime:0.000636s ]
INFO: [ app_end ] --END-- [ RunTime:0.000681s ]

[ 2015-12-17T08:51:08+08:00 ] 127.0.0.1 /Api/Index/newsweb
INFO: [ app_init ] --START--
INFO: Run Behavior\BuildLiteBehavior [ RunTime:0.000013s ]
INFO: [ app_init ] --END-- [ RunTime:0.000507s ]
INFO: [ app_begin ] --START--
INFO: Run Behavior\ReadHtmlCacheBehavior [ RunTime:0.000621s ]
INFO: [ app_begin ] --END-- [ RunTime:0.000699s ]
SQL: SHOW COLUMNS FROM `t_news` [ RunTime:0.0108s ]
SQL: SELECT * FROM `t_news` WHERE `id` = 0 LIMIT 1   [ RunTime:0.0089s ]
INFO: [ view_parse ] --START--
INFO: [ template_filter ] --START--
INFO: Run Behavior\ContentReplaceBehavior [ RunTime:0.000035s ]
INFO: [ template_filter ] --END-- [ RunTime:0.000104s ]
NOTIC: [8] Undefined variable: title D:\wamp\www\qb\Application\Runtime\Cache\Api\f2c4068315814710088d28aeabeed8c0.php 第 31 行.
NOTIC: [8] Undefined variable: origin D:\wamp\www\qb\Application\Runtime\Cache\Api\f2c4068315814710088d28aeabeed8c0.php 第 32 行.
NOTIC: [8] Undefined variable: addtime D:\wamp\www\qb\Application\Runtime\Cache\Api\f2c4068315814710088d28aeabeed8c0.php 第 32 行.
NOTIC: [8] Undefined variable: content D:\wamp\www\qb\Application\Runtime\Cache\Api\f2c4068315814710088d28aeabeed8c0.php 第 33 行.
INFO: Run Behavior\ParseTemplateBehavior [ RunTime:0.005761s ]
INFO: [ view_parse ] --END-- [ RunTime:0.005824s ]
INFO: [ view_filter ] --START--
INFO: Run Behavior\WriteHtmlCacheBehavior [ RunTime:0.000352s ]
INFO: [ view_filter ] --END-- [ RunTime:0.000394s ]
INFO: [ app_end ] --START--
INFO: Run Behavior\ShowPageTraceBehavior [ RunTime:0.000548s ]
INFO: [ app_end ] --END-- [ RunTime:0.000595s ]

[ 2015-12-17T08:51:08+08:00 ] 127.0.0.1 /Api/Index/newsweb
INFO: [ app_init ] --START--
INFO: Run Behavior\BuildLiteBehavior [ RunTime:0.000014s ]
INFO: [ app_init ] --END-- [ RunTime:0.000489s ]
INFO: [ app_begin ] --START--
INFO: Run Behavior\ReadHtmlCacheBehavior [ RunTime:0.000642s ]
INFO: [ app_begin ] --END-- [ RunTime:0.000718s ]
SQL: SHOW COLUMNS FROM `t_news` [ RunTime:0.0097s ]
SQL: SELECT * FROM `t_news` WHERE `id` = 0 LIMIT 1   [ RunTime:0.0094s ]
INFO: [ view_parse ] --START--
INFO: [ template_filter ] --START--
INFO: Run Behavior\ContentReplaceBehavior [ RunTime:0.000035s ]
INFO: [ template_filter ] --END-- [ RunTime:0.000112s ]
NOTIC: [8] Undefined variable: title D:\wamp\www\qb\Application\Runtime\Cache\Api\f2c4068315814710088d28aeabeed8c0.php 第 31 行.
NOTIC: [8] Undefined variable: origin D:\wamp\www\qb\Application\Runtime\Cache\Api\f2c4068315814710088d28aeabeed8c0.php 第 32 行.
NOTIC: [8] Undefined variable: addtime D:\wamp\www\qb\Application\Runtime\Cache\Api\f2c4068315814710088d28aeabeed8c0.php 第 32 行.
NOTIC: [8] Undefined variable: content D:\wamp\www\qb\Application\Runtime\Cache\Api\f2c4068315814710088d28aeabeed8c0.php 第 33 行.
INFO: Run Behavior\ParseTemplateBehavior [ RunTime:0.006807s ]
INFO: [ view_parse ] --END-- [ RunTime:0.006890s ]
INFO: [ view_filter ] --START--
INFO: Run Behavior\WriteHtmlCacheBehavior [ RunTime:0.000314s ]
INFO: [ view_filter ] --END-- [ RunTime:0.000353s ]
INFO: [ app_end ] --START--
INFO: Run Behavior\ShowPageTraceBehavior [ RunTime:0.000557s ]
INFO: [ app_end ] --END-- [ RunTime:0.000607s ]

[ 2015-12-17T08:51:08+08:00 ] 127.0.0.1 /Api/Index/newsweb
INFO: [ app_init ] --START--
INFO: Run Behavior\BuildLiteBehavior [ RunTime:0.000014s ]
INFO: [ app_init ] --END-- [ RunTime:0.000477s ]
INFO: [ app_begin ] --START--
INFO: Run Behavior\ReadHtmlCacheBehavior [ RunTime:0.000589s ]
INFO: [ app_begin ] --END-- [ RunTime:0.000639s ]
SQL: SHOW COLUMNS FROM `t_news` [ RunTime:0.0122s ]
SQL: SELECT * FROM `t_news` WHERE `id` = 0 LIMIT 1   [ RunTime:0.0137s ]
INFO: [ view_parse ] --START--
INFO: [ template_filter ] --START--
INFO: Run Behavior\ContentReplaceBehavior [ RunTime:0.000036s ]
INFO: [ template_filter ] --END-- [ RunTime:0.000110s ]
NOTIC: [8] Undefined variable: title D:\wamp\www\qb\Application\Runtime\Cache\Api\f2c4068315814710088d28aeabeed8c0.php 第 31 行.
NOTIC: [8] Undefined variable: origin D:\wamp\www\qb\Application\Runtime\Cache\Api\f2c4068315814710088d28aeabeed8c0.php 第 32 行.
NOTIC: [8] Undefined variable: addtime D:\wamp\www\qb\Application\Runtime\Cache\Api\f2c4068315814710088d28aeabeed8c0.php 第 32 行.
NOTIC: [8] Undefined variable: content D:\wamp\www\qb\Application\Runtime\Cache\Api\f2c4068315814710088d28aeabeed8c0.php 第 33 行.
INFO: Run Behavior\ParseTemplateBehavior [ RunTime:0.006467s ]
INFO: [ view_parse ] --END-- [ RunTime:0.006523s ]
INFO: [ view_filter ] --START--
INFO: Run Behavior\WriteHtmlCacheBehavior [ RunTime:0.000331s ]
INFO: [ view_filter ] --END-- [ RunTime:0.000376s ]
INFO: [ app_end ] --START--
INFO: Run Behavior\ShowPageTraceBehavior [ RunTime:0.000818s ]
INFO: [ app_end ] --END-- [ RunTime:0.000867s ]

[ 2015-12-17T08:51:09+08:00 ] 127.0.0.1 /Api/Index/newsweb
INFO: [ app_init ] --START--
INFO: Run Behavior\BuildLiteBehavior [ RunTime:0.000014s ]
INFO: [ app_init ] --END-- [ RunTime:0.000507s ]
INFO: [ app_begin ] --START--
INFO: Run Behavior\ReadHtmlCacheBehavior [ RunTime:0.000626s ]
INFO: [ app_begin ] --END-- [ RunTime:0.000716s ]
SQL: SHOW COLUMNS FROM `t_news` [ RunTime:0.0118s ]
SQL: SELECT * FROM `t_news` WHERE `id` = 0 LIMIT 1   [ RunTime:0.0113s ]
INFO: [ view_parse ] --START--
INFO: [ template_filter ] --START--
INFO: Run Behavior\ContentReplaceBehavior [ RunTime:0.000035s ]
INFO: [ template_filter ] --END-- [ RunTime:0.000103s ]
NOTIC: [8] Undefined variable: title D:\wamp\www\qb\Application\Runtime\Cache\Api\f2c4068315814710088d28aeabeed8c0.php 第 31 行.
NOTIC: [8] Undefined variable: origin D:\wamp\www\qb\Application\Runtime\Cache\Api\f2c4068315814710088d28aeabeed8c0.php 第 32 行.
NOTIC: [8] Undefined variable: addtime D:\wamp\www\qb\Application\Runtime\Cache\Api\f2c4068315814710088d28aeabeed8c0.php 第 32 行.
NOTIC: [8] Undefined variable: content D:\wamp\www\qb\Application\Runtime\Cache\Api\f2c4068315814710088d28aeabeed8c0.php 第 33 行.
INFO: Run Behavior\ParseTemplateBehavior [ RunTime:0.006503s ]
INFO: [ view_parse ] --END-- [ RunTime:0.006583s ]
INFO: [ view_filter ] --START--
INFO: Run Behavior\WriteHtmlCacheBehavior [ RunTime:0.000402s ]
INFO: [ view_filter ] --END-- [ RunTime:0.000440s ]
INFO: [ app_end ] --START--
INFO: Run Behavior\ShowPageTraceBehavior [ RunTime:0.000610s ]
INFO: [ app_end ] --END-- [ RunTime:0.000687s ]

[ 2015-12-17T08:51:09+08:00 ] 127.0.0.1 /Api/Index/newsweb
INFO: [ app_init ] --START--
INFO: Run Behavior\BuildLiteBehavior [ RunTime:0.000013s ]
INFO: [ app_init ] --END-- [ RunTime:0.000489s ]
INFO: [ app_begin ] --START--
INFO: Run Behavior\ReadHtmlCacheBehavior [ RunTime:0.000538s ]
INFO: [ app_begin ] --END-- [ RunTime:0.000585s ]
SQL: SHOW COLUMNS FROM `t_news` [ RunTime:0.0140s ]
SQL: SELECT * FROM `t_news` WHERE `id` = 0 LIMIT 1   [ RunTime:0.0139s ]
INFO: [ view_parse ] --START--
INFO: [ template_filter ] --START--
INFO: Run Behavior\ContentReplaceBehavior [ RunTime:0.000035s ]
INFO: [ template_filter ] --END-- [ RunTime:0.000103s ]
NOTIC: [8] Undefined variable: title D:\wamp\www\qb\Application\Runtime\Cache\Api\f2c4068315814710088d28aeabeed8c0.php 第 31 行.
NOTIC: [8] Undefined variable: origin D:\wamp\www\qb\Application\Runtime\Cache\Api\f2c4068315814710088d28aeabeed8c0.php 第 32 行.
NOTIC: [8] Undefined variable: addtime D:\wamp\www\qb\Application\Runtime\Cache\Api\f2c4068315814710088d28aeabeed8c0.php 第 32 行.
NOTIC: [8] Undefined variable: content D:\wamp\www\qb\Application\Runtime\Cache\Api\f2c4068315814710088d28aeabeed8c0.php 第 33 行.
INFO: Run Behavior\ParseTemplateBehavior [ RunTime:0.006452s ]
INFO: [ view_parse ] --END-- [ RunTime:0.006553s ]
INFO: [ view_filter ] --START--
INFO: Run Behavior\WriteHtmlCacheBehavior [ RunTime:0.000537s ]
INFO: [ view_filter ] --END-- [ RunTime:0.000626s ]
INFO: [ app_end ] --START--
INFO: Run Behavior\ShowPageTraceBehavior [ RunTime:0.000661s ]
INFO: [ app_end ] --END-- [ RunTime:0.000714s ]

[ 2015-12-17T08:51:09+08:00 ] 127.0.0.1 /Api/Index/newsweb
INFO: [ app_init ] --START--
INFO: Run Behavior\BuildLiteBehavior [ RunTime:0.000013s ]
INFO: [ app_init ] --END-- [ RunTime:0.000479s ]
INFO: [ app_begin ] --START--
INFO: Run Behavior\ReadHtmlCacheBehavior [ RunTime:0.000590s ]
INFO: [ app_begin ] --END-- [ RunTime:0.000638s ]
SQL: SHOW COLUMNS FROM `t_news` [ RunTime:0.0096s ]
SQL: SELECT * FROM `t_news` WHERE `id` = 0 LIMIT 1   [ RunTime:0.0091s ]
INFO: [ view_parse ] --START--
INFO: [ template_filter ] --START--
INFO: Run Behavior\ContentReplaceBehavior [ RunTime:0.000035s ]
INFO: [ template_filter ] --END-- [ RunTime:0.000105s ]
NOTIC: [8] Undefined variable: title D:\wamp\www\qb\Application\Runtime\Cache\Api\f2c4068315814710088d28aeabeed8c0.php 第 31 行.
NOTIC: [8] Undefined variable: origin D:\wamp\www\qb\Application\Runtime\Cache\Api\f2c4068315814710088d28aeabeed8c0.php 第 32 行.
NOTIC: [8] Undefined variable: addtime D:\wamp\www\qb\Application\Runtime\Cache\Api\f2c4068315814710088d28aeabeed8c0.php 第 32 行.
NOTIC: [8] Undefined variable: content D:\wamp\www\qb\Application\Runtime\Cache\Api\f2c4068315814710088d28aeabeed8c0.php 第 33 行.
INFO: Run Behavior\ParseTemplateBehavior [ RunTime:0.006422s ]
INFO: [ view_parse ] --END-- [ RunTime:0.006500s ]
INFO: [ view_filter ] --START--
INFO: Run Behavior\WriteHtmlCacheBehavior [ RunTime:0.000309s ]
INFO: [ view_filter ] --END-- [ RunTime:0.000349s ]
INFO: [ app_end ] --START--
INFO: Run Behavior\ShowPageTraceBehavior [ RunTime:0.000564s ]
INFO: [ app_end ] --END-- [ RunTime:0.000613s ]

[ 2015-12-17T08:51:09+08:00 ] 127.0.0.1 /Api/Index/newsweb
INFO: [ app_init ] --START--
INFO: Run Behavior\BuildLiteBehavior [ RunTime:0.000015s ]
INFO: [ app_init ] --END-- [ RunTime:0.000570s ]
INFO: [ app_begin ] --START--
INFO: Run Behavior\ReadHtmlCacheBehavior [ RunTime:0.000993s ]
INFO: [ app_begin ] --END-- [ RunTime:0.001085s ]
SQL: SHOW COLUMNS FROM `t_news` [ RunTime:0.0144s ]
SQL: SELECT * FROM `t_news` WHERE `id` = 0 LIMIT 1   [ RunTime:0.0126s ]
INFO: [ view_parse ] --START--
INFO: [ template_filter ] --START--
INFO: Run Behavior\ContentReplaceBehavior [ RunTime:0.000036s ]
INFO: [ template_filter ] --END-- [ RunTime:0.000096s ]
NOTIC: [8] Undefined variable: title D:\wamp\www\qb\Application\Runtime\Cache\Api\f2c4068315814710088d28aeabeed8c0.php 第 31 行.
NOTIC: [8] Undefined variable: origin D:\wamp\www\qb\Application\Runtime\Cache\Api\f2c4068315814710088d28aeabeed8c0.php 第 32 行.
NOTIC: [8] Undefined variable: addtime D:\wamp\www\qb\Application\Runtime\Cache\Api\f2c4068315814710088d28aeabeed8c0.php 第 32 行.
NOTIC: [8] Undefined variable: content D:\wamp\www\qb\Application\Runtime\Cache\Api\f2c4068315814710088d28aeabeed8c0.php 第 33 行.
INFO: Run Behavior\ParseTemplateBehavior [ RunTime:0.005636s ]
INFO: [ view_parse ] --END-- [ RunTime:0.005707s ]
INFO: [ view_filter ] --START--
INFO: Run Behavior\WriteHtmlCacheBehavior [ RunTime:0.000310s ]
INFO: [ view_filter ] --END-- [ RunTime:0.000350s ]
INFO: [ app_end ] --START--
INFO: Run Behavior\ShowPageTraceBehavior [ RunTime:0.000513s ]
INFO: [ app_end ] --END-- [ RunTime:0.000557s ]

[ 2015-12-17T08:51:10+08:00 ] 127.0.0.1 /Api/Index/newsweb
INFO: [ app_init ] --START--
INFO: Run Behavior\BuildLiteBehavior [ RunTime:0.000020s ]
INFO: [ app_init ] --END-- [ RunTime:0.000591s ]
INFO: [ app_begin ] --START--
INFO: Run Behavior\ReadHtmlCacheBehavior [ RunTime:0.000666s ]
INFO: [ app_begin ] --END-- [ RunTime:0.000740s ]
SQL: SHOW COLUMNS FROM `t_news` [ RunTime:0.0137s ]
SQL: SELECT * FROM `t_news` WHERE `id` = 0 LIMIT 1   [ RunTime:0.0145s ]
INFO: [ view_parse ] --START--
INFO: [ template_filter ] --START--
INFO: Run Behavior\ContentReplaceBehavior [ RunTime:0.000038s ]
INFO: [ template_filter ] --END-- [ RunTime:0.000110s ]
NOTIC: [8] Undefined variable: title D:\wamp\www\qb\Application\Runtime\Cache\Api\f2c4068315814710088d28aeabeed8c0.php 第 31 行.
NOTIC: [8] Undefined variable: origin D:\wamp\www\qb\Application\Runtime\Cache\Api\f2c4068315814710088d28aeabeed8c0.php 第 32 行.
NOTIC: [8] Undefined variable: addtime D:\wamp\www\qb\Application\Runtime\Cache\Api\f2c4068315814710088d28aeabeed8c0.php 第 32 行.
NOTIC: [8] Undefined variable: content D:\wamp\www\qb\Application\Runtime\Cache\Api\f2c4068315814710088d28aeabeed8c0.php 第 33 行.
INFO: Run Behavior\ParseTemplateBehavior [ RunTime:0.006276s ]
INFO: [ view_parse ] --END-- [ RunTime:0.006333s ]
INFO: [ view_filter ] --START--
INFO: Run Behavior\WriteHtmlCacheBehavior [ RunTime:0.000348s ]
INFO: [ view_filter ] --END-- [ RunTime:0.000394s ]
INFO: [ app_end ] --START--
INFO: Run Behavior\ShowPageTraceBehavior [ RunTime:0.000595s ]
INFO: [ app_end ] --END-- [ RunTime:0.000655s ]

[ 2015-12-17T08:51:10+08:00 ] 127.0.0.1 /Api/Index/newsweb
INFO: [ app_init ] --START--
INFO: Run Behavior\BuildLiteBehavior [ RunTime:0.000022s ]
INFO: [ app_init ] --END-- [ RunTime:0.000659s ]
INFO: [ app_begin ] --START--
INFO: Run Behavior\ReadHtmlCacheBehavior [ RunTime:0.000832s ]
INFO: [ app_begin ] --END-- [ RunTime:0.000926s ]
SQL: SHOW COLUMNS FROM `t_news` [ RunTime:0.0116s ]
SQL: SELECT * FROM `t_news` WHERE `id` = 0 LIMIT 1   [ RunTime:0.0146s ]
INFO: [ view_parse ] --START--
INFO: [ template_filter ] --START--
INFO: Run Behavior\ContentReplaceBehavior [ RunTime:0.000110s ]
INFO: [ template_filter ] --END-- [ RunTime:0.000402s ]
NOTIC: [8] Undefined variable: title D:\wamp\www\qb\Application\Runtime\Cache\Api\f2c4068315814710088d28aeabeed8c0.php 第 31 行.
NOTIC: [8] Undefined variable: origin D:\wamp\www\qb\Application\Runtime\Cache\Api\f2c4068315814710088d28aeabeed8c0.php 第 32 行.
NOTIC: [8] Undefined variable: addtime D:\wamp\www\qb\Application\Runtime\Cache\Api\f2c4068315814710088d28aeabeed8c0.php 第 32 行.
NOTIC: [8] Undefined variable: content D:\wamp\www\qb\Application\Runtime\Cache\Api\f2c4068315814710088d28aeabeed8c0.php 第 33 行.
INFO: Run Behavior\ParseTemplateBehavior [ RunTime:0.007304s ]
INFO: [ view_parse ] --END-- [ RunTime:0.007385s ]
INFO: [ view_filter ] --START--
INFO: Run Behavior\WriteHtmlCacheBehavior [ RunTime:0.000317s ]
INFO: [ view_filter ] --END-- [ RunTime:0.000358s ]
INFO: [ app_end ] --START--
INFO: Run Behavior\ShowPageTraceBehavior [ RunTime:0.000543s ]
INFO: [ app_end ] --END-- [ RunTime:0.000590s ]

[ 2015-12-17T08:51:11+08:00 ] 127.0.0.1 /Api/Index/newsweb
INFO: [ app_init ] --START--
INFO: Run Behavior\BuildLiteBehavior [ RunTime:0.000018s ]
INFO: [ app_init ] --END-- [ RunTime:0.000585s ]
INFO: [ app_begin ] --START--
INFO: Run Behavior\ReadHtmlCacheBehavior [ RunTime:0.000610s ]
INFO: [ app_begin ] --END-- [ RunTime:0.000669s ]
SQL: SHOW COLUMNS FROM `t_news` [ RunTime:0.0143s ]
SQL: SELECT * FROM `t_news` WHERE `id` = 0 LIMIT 1   [ RunTime:0.0129s ]
INFO: [ view_parse ] --START--
INFO: [ template_filter ] --START--
INFO: Run Behavior\ContentReplaceBehavior [ RunTime:0.000042s ]
INFO: [ template_filter ] --END-- [ RunTime:0.000131s ]
NOTIC: [8] Undefined variable: title D:\wamp\www\qb\Application\Runtime\Cache\Api\f2c4068315814710088d28aeabeed8c0.php 第 31 行.
NOTIC: [8] Undefined variable: origin D:\wamp\www\qb\Application\Runtime\Cache\Api\f2c4068315814710088d28aeabeed8c0.php 第 32 行.
NOTIC: [8] Undefined variable: addtime D:\wamp\www\qb\Application\Runtime\Cache\Api\f2c4068315814710088d28aeabeed8c0.php 第 32 行.
NOTIC: [8] Undefined variable: content D:\wamp\www\qb\Application\Runtime\Cache\Api\f2c4068315814710088d28aeabeed8c0.php 第 33 行.
INFO: Run Behavior\ParseTemplateBehavior [ RunTime:0.007298s ]
INFO: [ view_parse ] --END-- [ RunTime:0.007379s ]
INFO: [ view_filter ] --START--
INFO: Run Behavior\WriteHtmlCacheBehavior [ RunTime:0.000352s ]
INFO: [ view_filter ] --END-- [ RunTime:0.000395s ]
INFO: [ app_end ] --START--
INFO: Run Behavior\ShowPageTraceBehavior [ RunTime:0.000592s ]
INFO: [ app_end ] --END-- [ RunTime:0.000644s ]

[ 2015-12-17T08:51:11+08:00 ] 127.0.0.1 /Api/Index/newsweb
INFO: [ app_init ] --START--
INFO: Run Behavior\BuildLiteBehavior [ RunTime:0.000012s ]
INFO: [ app_init ] --END-- [ RunTime:0.000493s ]
INFO: [ app_begin ] --START--
INFO: Run Behavior\ReadHtmlCacheBehavior [ RunTime:0.000563s ]
INFO: [ app_begin ] --END-- [ RunTime:0.000612s ]
SQL: SHOW COLUMNS FROM `t_news` [ RunTime:0.0119s ]
SQL: SELECT * FROM `t_news` WHERE `id` = 0 LIMIT 1   [ RunTime:0.0116s ]
INFO: [ view_parse ] --START--
INFO: [ template_filter ] --START--
INFO: Run Behavior\ContentReplaceBehavior [ RunTime:0.000035s ]
INFO: [ template_filter ] --END-- [ RunTime:0.000135s ]
NOTIC: [8] Undefined variable: title D:\wamp\www\qb\Application\Runtime\Cache\Api\f2c4068315814710088d28aeabeed8c0.php 第 31 行.
NOTIC: [8] Undefined variable: origin D:\wamp\www\qb\Application\Runtime\Cache\Api\f2c4068315814710088d28aeabeed8c0.php 第 32 行.
NOTIC: [8] Undefined variable: addtime D:\wamp\www\qb\Application\Runtime\Cache\Api\f2c4068315814710088d28aeabeed8c0.php 第 32 行.
NOTIC: [8] Undefined variable: content D:\wamp\www\qb\Application\Runtime\Cache\Api\f2c4068315814710088d28aeabeed8c0.php 第 33 行.
INFO: Run Behavior\ParseTemplateBehavior [ RunTime:0.007282s ]
INFO: [ view_parse ] --END-- [ RunTime:0.007360s ]
INFO: [ view_filter ] --START--
INFO: Run Behavior\WriteHtmlCacheBehavior [ RunTime:0.000413s ]
INFO: [ view_filter ] --END-- [ RunTime:0.000456s ]
INFO: [ app_end ] --START--
INFO: Run Behavior\ShowPageTraceBehavior [ RunTime:0.000664s ]
INFO: [ app_end ] --END-- [ RunTime:0.000709s ]

[ 2015-12-17T08:51:41+08:00 ] 127.0.0.1 /Api/Index/newsweb
INFO: [ app_init ] --START--
INFO: Run Behavior\BuildLiteBehavior [ RunTime:0.000013s ]
INFO: [ app_init ] --END-- [ RunTime:0.000737s ]
INFO: [ app_begin ] --START--
INFO: Run Behavior\ReadHtmlCacheBehavior [ RunTime:0.000568s ]
INFO: [ app_begin ] --END-- [ RunTime:0.000623s ]
SQL: SHOW COLUMNS FROM `t_news` [ RunTime:0.0139s ]
SQL: SELECT * FROM `t_news` WHERE `id` = 0 LIMIT 1   [ RunTime:0.0216s ]
INFO: [ view_parse ] --START--
INFO: [ template_filter ] --START--
INFO: Run Behavior\ContentReplaceBehavior [ RunTime:0.000035s ]
INFO: [ template_filter ] --END-- [ RunTime:0.000098s ]
NOTIC: [8] Undefined variable: title D:\wamp\www\qb\Application\Runtime\Cache\Api\f2c4068315814710088d28aeabeed8c0.php 第 31 行.
NOTIC: [8] Undefined variable: origin D:\wamp\www\qb\Application\Runtime\Cache\Api\f2c4068315814710088d28aeabeed8c0.php 第 32 行.
NOTIC: [8] Undefined variable: addtime D:\wamp\www\qb\Application\Runtime\Cache\Api\f2c4068315814710088d28aeabeed8c0.php 第 32 行.
NOTIC: [8] Undefined variable: content D:\wamp\www\qb\Application\Runtime\Cache\Api\f2c4068315814710088d28aeabeed8c0.php 第 33 行.
INFO: Run Behavior\ParseTemplateBehavior [ RunTime:0.006414s ]
INFO: [ view_parse ] --END-- [ RunTime:0.006516s ]
INFO: [ view_filter ] --START--
INFO: Run Behavior\WriteHtmlCacheBehavior [ RunTime:0.000573s ]
INFO: [ view_filter ] --END-- [ RunTime:0.000630s ]
INFO: [ app_end ] --START--
INFO: Run Behavior\ShowPageTraceBehavior [ RunTime:0.000575s ]
INFO: [ app_end ] --END-- [ RunTime:0.000622s ]

[ 2015-12-17T08:51:42+08:00 ] 127.0.0.1 /Api/Index/newsweb
INFO: [ app_init ] --START--
INFO: Run Behavior\BuildLiteBehavior [ RunTime:0.000019s ]
INFO: [ app_init ] --END-- [ RunTime:0.000454s ]
INFO: [ app_begin ] --START--
INFO: Run Behavior\ReadHtmlCacheBehavior [ RunTime:0.000554s ]
INFO: [ app_begin ] --END-- [ RunTime:0.000607s ]
SQL: SHOW COLUMNS FROM `t_news` [ RunTime:0.0133s ]
SQL: SELECT * FROM `t_news` WHERE `id` = 0 LIMIT 1   [ RunTime:0.0135s ]
INFO: [ view_parse ] --START--
INFO: [ template_filter ] --START--
INFO: Run Behavior\ContentReplaceBehavior [ RunTime:0.000036s ]
INFO: [ template_filter ] --END-- [ RunTime:0.000110s ]
NOTIC: [8] Undefined variable: title D:\wamp\www\qb\Application\Runtime\Cache\Api\f2c4068315814710088d28aeabeed8c0.php 第 31 行.
NOTIC: [8] Undefined variable: origin D:\wamp\www\qb\Application\Runtime\Cache\Api\f2c4068315814710088d28aeabeed8c0.php 第 32 行.
NOTIC: [8] Undefined variable: addtime D:\wamp\www\qb\Application\Runtime\Cache\Api\f2c4068315814710088d28aeabeed8c0.php 第 32 行.
NOTIC: [8] Undefined variable: content D:\wamp\www\qb\Application\Runtime\Cache\Api\f2c4068315814710088d28aeabeed8c0.php 第 33 行.
INFO: Run Behavior\ParseTemplateBehavior [ RunTime:0.006269s ]
INFO: [ view_parse ] --END-- [ RunTime:0.006320s ]
INFO: [ view_filter ] --START--
INFO: Run Behavior\WriteHtmlCacheBehavior [ RunTime:0.000378s ]
INFO: [ view_filter ] --END-- [ RunTime:0.000426s ]
INFO: [ app_end ] --START--
INFO: Run Behavior\ShowPageTraceBehavior [ RunTime:0.000629s ]
INFO: [ app_end ] --END-- [ RunTime:0.000682s ]

[ 2015-12-17T08:51:42+08:00 ] 127.0.0.1 /Api/Index/newsweb
INFO: [ app_init ] --START--
INFO: Run Behavior\BuildLiteBehavior [ RunTime:0.000012s ]
INFO: [ app_init ] --END-- [ RunTime:0.000485s ]
INFO: [ app_begin ] --START--
INFO: Run Behavior\ReadHtmlCacheBehavior [ RunTime:0.000594s ]
INFO: [ app_begin ] --END-- [ RunTime:0.000642s ]
SQL: SHOW COLUMNS FROM `t_news` [ RunTime:0.0175s ]
SQL: SELECT * FROM `t_news` WHERE `id` = 0 LIMIT 1   [ RunTime:0.0135s ]
INFO: [ view_parse ] --START--
INFO: [ template_filter ] --START--
INFO: Run Behavior\ContentReplaceBehavior [ RunTime:0.000051s ]
INFO: [ template_filter ] --END-- [ RunTime:0.000125s ]
NOTIC: [8] Undefined variable: title D:\wamp\www\qb\Application\Runtime\Cache\Api\f2c4068315814710088d28aeabeed8c0.php 第 31 行.
NOTIC: [8] Undefined variable: origin D:\wamp\www\qb\Application\Runtime\Cache\Api\f2c4068315814710088d28aeabeed8c0.php 第 32 行.
NOTIC: [8] Undefined variable: addtime D:\wamp\www\qb\Application\Runtime\Cache\Api\f2c4068315814710088d28aeabeed8c0.php 第 32 行.
NOTIC: [8] Undefined variable: content D:\wamp\www\qb\Application\Runtime\Cache\Api\f2c4068315814710088d28aeabeed8c0.php 第 33 行.
INFO: Run Behavior\ParseTemplateBehavior [ RunTime:0.007089s ]
INFO: [ view_parse ] --END-- [ RunTime:0.007151s ]
INFO: [ view_filter ] --START--
INFO: Run Behavior\WriteHtmlCacheBehavior [ RunTime:0.000393s ]
INFO: [ view_filter ] --END-- [ RunTime:0.000441s ]
INFO: [ app_end ] --START--
INFO: Run Behavior\ShowPageTraceBehavior [ RunTime:0.000603s ]
INFO: [ app_end ] --END-- [ RunTime:0.000651s ]

[ 2015-12-17T08:51:42+08:00 ] 127.0.0.1 /Api/Index/newsweb
INFO: [ app_init ] --START--
INFO: Run Behavior\BuildLiteBehavior [ RunTime:0.000013s ]
INFO: [ app_init ] --END-- [ RunTime:0.000412s ]
INFO: [ app_begin ] --START--
INFO: Run Behavior\ReadHtmlCacheBehavior [ RunTime:0.000550s ]
INFO: [ app_begin ] --END-- [ RunTime:0.000606s ]
SQL: SHOW COLUMNS FROM `t_news` [ RunTime:0.0134s ]
SQL: SELECT * FROM `t_news` WHERE `id` = 0 LIMIT 1   [ RunTime:0.0133s ]
INFO: [ view_parse ] --START--
INFO: [ template_filter ] --START--
INFO: Run Behavior\ContentReplaceBehavior [ RunTime:0.000037s ]
INFO: [ template_filter ] --END-- [ RunTime:0.000114s ]
NOTIC: [8] Undefined variable: title D:\wamp\www\qb\Application\Runtime\Cache\Api\f2c4068315814710088d28aeabeed8c0.php 第 31 行.
NOTIC: [8] Undefined variable: origin D:\wamp\www\qb\Application\Runtime\Cache\Api\f2c4068315814710088d28aeabeed8c0.php 第 32 行.
NOTIC: [8] Undefined variable: addtime D:\wamp\www\qb\Application\Runtime\Cache\Api\f2c4068315814710088d28aeabeed8c0.php 第 32 行.
NOTIC: [8] Undefined variable: content D:\wamp\www\qb\Application\Runtime\Cache\Api\f2c4068315814710088d28aeabeed8c0.php 第 33 行.
INFO: Run Behavior\ParseTemplateBehavior [ RunTime:0.007306s ]
INFO: [ view_parse ] --END-- [ RunTime:0.007372s ]
INFO: [ view_filter ] --START--
INFO: Run Behavior\WriteHtmlCacheBehavior [ RunTime:0.000387s ]
INFO: [ view_filter ] --END-- [ RunTime:0.000440s ]
INFO: [ app_end ] --START--
INFO: Run Behavior\ShowPageTraceBehavior [ RunTime:0.000651s ]
INFO: [ app_end ] --END-- [ RunTime:0.000717s ]

[ 2015-12-17T08:51:42+08:00 ] 127.0.0.1 /Api/Index/newsweb
INFO: [ app_init ] --START--
INFO: Run Behavior\BuildLiteBehavior [ RunTime:0.000018s ]
INFO: [ app_init ] --END-- [ RunTime:0.000452s ]
INFO: [ app_begin ] --START--
INFO: Run Behavior\ReadHtmlCacheBehavior [ RunTime:0.001643s ]
INFO: [ app_begin ] --END-- [ RunTime:0.001748s ]
SQL: SHOW COLUMNS FROM `t_news` [ RunTime:0.0159s ]
SQL: SELECT * FROM `t_news` WHERE `id` = 0 LIMIT 1   [ RunTime:0.0145s ]
INFO: [ view_parse ] --START--
INFO: [ template_filter ] --START--
INFO: Run Behavior\ContentReplaceBehavior [ RunTime:0.000052s ]
INFO: [ template_filter ] --END-- [ RunTime:0.000180s ]
NOTIC: [8] Undefined variable: title D:\wamp\www\qb\Application\Runtime\Cache\Api\f2c4068315814710088d28aeabeed8c0.php 第 31 行.
NOTIC: [8] Undefined variable: origin D:\wamp\www\qb\Application\Runtime\Cache\Api\f2c4068315814710088d28aeabeed8c0.php 第 32 行.
NOTIC: [8] Undefined variable: addtime D:\wamp\www\qb\Application\Runtime\Cache\Api\f2c4068315814710088d28aeabeed8c0.php 第 32 行.
NOTIC: [8] Undefined variable: content D:\wamp\www\qb\Application\Runtime\Cache\Api\f2c4068315814710088d28aeabeed8c0.php 第 33 行.
INFO: Run Behavior\ParseTemplateBehavior [ RunTime:0.007305s ]
INFO: [ view_parse ] --END-- [ RunTime:0.007384s ]
INFO: [ view_filter ] --START--
INFO: Run Behavior\WriteHtmlCacheBehavior [ RunTime:0.000443s ]
INFO: [ view_filter ] --END-- [ RunTime:0.000496s ]
INFO: [ app_end ] --START--
INFO: Run Behavior\ShowPageTraceBehavior [ RunTime:0.000636s ]
INFO: [ app_end ] --END-- [ RunTime:0.000688s ]

[ 2015-12-17T08:52:34+08:00 ] 127.0.0.1 /Api/Index/newsweb/id/9503767
INFO: [ app_init ] --START--
INFO: Run Behavior\BuildLiteBehavior [ RunTime:0.000013s ]
INFO: [ app_init ] --END-- [ RunTime:0.000405s ]
INFO: [ app_begin ] --START--
INFO: Run Behavior\ReadHtmlCacheBehavior [ RunTime:0.000546s ]
INFO: [ app_begin ] --END-- [ RunTime:0.000600s ]
SQL: SHOW COLUMNS FROM `t_news` [ RunTime:0.0117s ]
SQL: SELECT * FROM `t_news` WHERE `id` = 9503767 LIMIT 1   [ RunTime:0.0121s ]
INFO: [ view_parse ] --START--
INFO: [ template_filter ] --START--
INFO: Run Behavior\ContentReplaceBehavior [ RunTime:0.000034s ]
INFO: [ template_filter ] --END-- [ RunTime:0.000096s ]
INFO: Run Behavior\ParseTemplateBehavior [ RunTime:0.006408s ]
INFO: [ view_parse ] --END-- [ RunTime:0.006466s ]
INFO: [ view_filter ] --START--
INFO: Run Behavior\WriteHtmlCacheBehavior [ RunTime:0.000312s ]
INFO: [ view_filter ] --END-- [ RunTime:0.000355s ]
INFO: [ app_end ] --START--
INFO: Run Behavior\ShowPageTraceBehavior [ RunTime:0.000591s ]
INFO: [ app_end ] --END-- [ RunTime:0.000661s ]

