[ 2016-01-21T10:07:12+08:00 ] 127.0.0.1 /Api/index/test
INFO: [ app_init ] --START--
INFO: Run Behavior\BuildLiteBehavior [ RunTime:0.000014s ]
INFO: [ app_init ] --END-- [ RunTime:0.000462s ]
INFO: [ app_begin ] --START--
INFO: Run Behavior\ReadHtmlCacheBehavior [ RunTime:0.000723s ]
INFO: [ app_begin ] --END-- [ RunTime:0.000850s ]

[ 2016-01-21T10:23:59+08:00 ] 127.0.0.1 /Api/index/test
INFO: [ app_init ] --START--
INFO: Run Behavior\BuildLiteBehavior [ RunTime:0.000012s ]
INFO: [ app_init ] --END-- [ RunTime:0.000468s ]
INFO: [ app_begin ] --START--
INFO: Run Behavior\ReadHtmlCacheBehavior [ RunTime:0.000738s ]
INFO: [ app_begin ] --END-- [ RunTime:0.000819s ]
INFO: [ app_end ] --START--
INFO: Run Behavior\ShowPageTraceBehavior [ RunTime:0.000815s ]
INFO: [ app_end ] --END-- [ RunTime:0.000899s ]

[ 2016-01-21T10:24:01+08:00 ] 127.0.0.1 /Api/index/test
INFO: [ app_init ] --START--
INFO: Run Behavior\BuildLiteBehavior [ RunTime:0.000013s ]
INFO: [ app_init ] --END-- [ RunTime:0.000670s ]
INFO: [ app_begin ] --START--
INFO: Run Behavior\ReadHtmlCacheBehavior [ RunTime:0.001553s ]
INFO: [ app_begin ] --END-- [ RunTime:0.001673s ]
INFO: [ app_end ] --START--
INFO: Run Behavior\ShowPageTraceBehavior [ RunTime:0.000673s ]
INFO: [ app_end ] --END-- [ RunTime:0.000736s ]

[ 2016-01-21T10:25:22+08:00 ] 127.0.0.1 /Api/index/test
INFO: [ app_init ] --START--
INFO: Run Behavior\BuildLiteBehavior [ RunTime:0.000033s ]
INFO: [ app_init ] --END-- [ RunTime:0.000739s ]
INFO: [ app_begin ] --START--
INFO: Run Behavior\ReadHtmlCacheBehavior [ RunTime:0.000735s ]
INFO: [ app_begin ] --END-- [ RunTime:0.000824s ]
INFO: [ app_end ] --START--
INFO: Run Behavior\ShowPageTraceBehavior [ RunTime:0.000853s ]
INFO: [ app_end ] --END-- [ RunTime:0.000948s ]

[ 2016-01-21T10:25:41+08:00 ] 127.0.0.1 /Api/index/test
INFO: [ app_init ] --START--
INFO: Run Behavior\BuildLiteBehavior [ RunTime:0.000013s ]
INFO: [ app_init ] --END-- [ RunTime:0.000587s ]
INFO: [ app_begin ] --START--
INFO: Run Behavior\ReadHtmlCacheBehavior [ RunTime:0.000638s ]
INFO: [ app_begin ] --END-- [ RunTime:0.000704s ]
INFO: [ app_end ] --START--
INFO: Run Behavior\ShowPageTraceBehavior [ RunTime:0.000686s ]
INFO: [ app_end ] --END-- [ RunTime:0.000764s ]

[ 2016-01-21T10:44:37+08:00 ] 127.0.0.1 /Api/index/test
INFO: [ app_init ] --START--
INFO: Run Behavior\BuildLiteBehavior [ RunTime:0.000015s ]
INFO: [ app_init ] --END-- [ RunTime:0.000454s ]
INFO: [ app_begin ] --START--
INFO: Run Behavior\ReadHtmlCacheBehavior [ RunTime:0.000727s ]
INFO: [ app_begin ] --END-- [ RunTime:0.000820s ]

[ 2016-01-21T10:46:36+08:00 ] 127.0.0.1 /Api/index/test
INFO: [ app_init ] --START--
INFO: Run Behavior\BuildLiteBehavior [ RunTime:0.000014s ]
INFO: [ app_init ] --END-- [ RunTime:0.000437s ]
INFO: [ app_begin ] --START--
INFO: Run Behavior\ReadHtmlCacheBehavior [ RunTime:0.000829s ]
INFO: [ app_begin ] --END-- [ RunTime:0.000923s ]
ERR: 非法操作:test

[ 2016-01-21T11:00:15+08:00 ] 127.0.0.1 /Api/index/groupactivityorder
INFO: [ app_init ] --START--
INFO: Run Behavior\BuildLiteBehavior [ RunTime:0.000038s ]
INFO: [ app_init ] --END-- [ RunTime:0.000554s ]
INFO: [ app_begin ] --START--
INFO: Run Behavior\ReadHtmlCacheBehavior [ RunTime:0.000635s ]
INFO: [ app_begin ] --END-- [ RunTime:0.000693s ]
SQL: SHOW COLUMNS FROM `t_activity` [ RunTime:0.0107s ]
SQL: SHOW COLUMNS FROM `t_user` [ RunTime:0.0106s ]
SQL: SHOW COLUMNS FROM `t_groups` [ RunTime:0.0099s ]
ERR: SQLSTATE[42S22]: Column not found: 1054 Unknown column 't_acitvity.state' in 'field list'

[ 2016-01-21T11:01:40+08:00 ] 127.0.0.1 /Api/index/groupactivityorder
INFO: [ app_init ] --START--
INFO: Run Behavior\BuildLiteBehavior [ RunTime:0.000020s ]
INFO: [ app_init ] --END-- [ RunTime:0.000687s ]
INFO: [ app_begin ] --START--
INFO: Run Behavior\ReadHtmlCacheBehavior [ RunTime:0.000640s ]
INFO: [ app_begin ] --END-- [ RunTime:0.000702s ]
SQL: SHOW COLUMNS FROM `t_activity` [ RunTime:0.0139s ]
SQL: SHOW COLUMNS FROM `t_user` [ RunTime:0.0127s ]
SQL: SHOW COLUMNS FROM `t_groups` [ RunTime:0.0137s ]
SQL: SELECT t_activity.id,t_activity.title,t_activity.number,t_activity.state,t_activity.money,t_activity.description as descript,t_activity.shopname,t_activity.simg,t_activity.address,t_activity.longitude,t_activity.latitude,t_activity.starttime,t_activity.type,t_activity.price,t_activity.addtime,t_activity.groupid,t_groups.title as name,t_groups.type as type1 FROM `t_activity` left join t_groups on t_activity.groupid = t_groups.id  WHERE ( t_activity.id = 9503774 ) LIMIT 1   [ RunTime:0.0115s ]
SQL: SHOW COLUMNS FROM `t_activityuser` [ RunTime:0.0103s ]
SQL: SELECT COUNT(*) AS tp_count FROM `t_activityuser` WHERE ( pid = '9503774' ) LIMIT 1   [ RunTime:0.0091s ]
SQL: SELECT COUNT(*) AS tp_count FROM `t_activityuser` WHERE ( pid = '9503774' and type = 1 ) LIMIT 1   [ RunTime:0.0092s ]
SQL: SELECT COUNT(*) AS tp_count FROM `t_activityuser` WHERE ( pid = '9503774' and type = 2 ) LIMIT 1   [ RunTime:0.0095s ]

[ 2016-01-21T11:37:34+08:00 ] 127.0.0.1 /Api/index/addactivityuser
INFO: [ app_init ] --START--
INFO: Run Behavior\BuildLiteBehavior [ RunTime:0.000014s ]
INFO: [ app_init ] --END-- [ RunTime:0.000522s ]
INFO: [ app_begin ] --START--
INFO: Run Behavior\ReadHtmlCacheBehavior [ RunTime:0.000952s ]
INFO: [ app_begin ] --END-- [ RunTime:0.001028s ]
SQL: SHOW COLUMNS FROM `t_activityuser` [ RunTime:0.0095s ]
SQL: SHOW COLUMNS FROM `t_activity` [ RunTime:0.0100s ]
SQL: SHOW COLUMNS FROM `t_user` [ RunTime:0.0101s ]
SQL: SHOW COLUMNS FROM `t_groupuser` [ RunTime:0.0095s ]
SQL: SELECT * FROM `t_activity` WHERE `id` = 0 LIMIT 1   [ RunTime:0.0109s ]
SQL: SELECT * FROM `t_groupuser` WHERE ( group_id = '' and user_id='111192' ) LIMIT 1   [ RunTime:0.0096s ]
SQL: SELECT * FROM `t_activityuser` WHERE `id` = 9503767 AND `uid` = 111192 LIMIT 1   [ RunTime:0.0080s ]
SQL: INSERT INTO `t_activityuser` (`id`,`uid`,`addtime`) VALUES ('9503767','111192','1453347454') [ RunTime:0.0083s ]
SQL: SHOW COLUMNS FROM `t_message` [ RunTime:0.0181s ]
ERR: SQLSTATE[23000]: Integrity constraint violation: 1048 Column 'typeid' cannot be null

[ 2016-01-21T11:37:53+08:00 ] 127.0.0.1 /Api/index/addactivityuser
INFO: [ app_init ] --START--
INFO: Run Behavior\BuildLiteBehavior [ RunTime:0.000013s ]
INFO: [ app_init ] --END-- [ RunTime:0.000596s ]
INFO: [ app_begin ] --START--
INFO: Run Behavior\ReadHtmlCacheBehavior [ RunTime:0.000516s ]
INFO: [ app_begin ] --END-- [ RunTime:0.000564s ]
SQL: SHOW COLUMNS FROM `t_activityuser` [ RunTime:0.0102s ]
SQL: SHOW COLUMNS FROM `t_activity` [ RunTime:0.0096s ]
SQL: SHOW COLUMNS FROM `t_user` [ RunTime:0.0107s ]
SQL: SHOW COLUMNS FROM `t_groupuser` [ RunTime:0.0200s ]
SQL: SELECT * FROM `t_activity` WHERE `id` = 9503767 LIMIT 1   [ RunTime:0.0088s ]
SQL: SELECT * FROM `t_groupuser` WHERE ( group_id = '390' and user_id='111192' ) LIMIT 1   [ RunTime:0.0249s ]
SQL: SELECT * FROM `t_activityuser` WHERE `id` = 9503767 AND `uid` = 111192 AND `pid` = 9503767 LIMIT 1   [ RunTime:0.0081s ]
ERR: SQLSTATE[23000]: Integrity constraint violation: 1062 Duplicate entry '9503767' for key 'PRIMARY'

[ 2016-01-21T11:38:12+08:00 ] 127.0.0.1 /Api/index/addactivityuser
INFO: [ app_init ] --START--
INFO: Run Behavior\BuildLiteBehavior [ RunTime:0.000013s ]
INFO: [ app_init ] --END-- [ RunTime:0.000514s ]
INFO: [ app_begin ] --START--
INFO: Run Behavior\ReadHtmlCacheBehavior [ RunTime:0.000635s ]
INFO: [ app_begin ] --END-- [ RunTime:0.000705s ]
SQL: SHOW COLUMNS FROM `t_activityuser` [ RunTime:0.0181s ]
SQL: SHOW COLUMNS FROM `t_activity` [ RunTime:0.0167s ]
SQL: SHOW COLUMNS FROM `t_user` [ RunTime:0.0100s ]
SQL: SHOW COLUMNS FROM `t_groupuser` [ RunTime:0.0129s ]
SQL: SELECT * FROM `t_activity` WHERE `id` = 9503767 LIMIT 1   [ RunTime:0.0257s ]
SQL: SELECT * FROM `t_groupuser` WHERE ( group_id = '390' and user_id='111192' ) LIMIT 1   [ RunTime:0.0183s ]
SQL: SELECT * FROM `t_activityuser` WHERE `uid` = 111192 AND `pid` = 9503767 LIMIT 1   [ RunTime:0.0116s ]
SQL: DELETE FROM `t_activityuser` WHERE `uid` = 111192 AND `pid` = 9503767 [ RunTime:0.0104s ]
SQL: SHOW COLUMNS FROM `t_message` [ RunTime:0.0109s ]
SQL: INSERT INTO `t_message` (`addtime`,`type`,`typeid`,`title`,`content`,`state`,`uid`) VALUES ('1453347492','group','390',' 退出了群组活动 德玛西亚',' 退出了群组活动 德玛西亚','0','111192') [ RunTime:0.0090s ]
SQL: SELECT t_user.jpushid FROM `t_groupuser` left join t_user on t_user.id = t_groupuser.user_id  WHERE ( t_groupuser.group_id = '390' and t_groupuser.level > 3 )  [ RunTime:0.0135s ]

[ 2016-01-21T11:38:48+08:00 ] 127.0.0.1 /Api/index/addactivityuser
INFO: [ app_init ] --START--
INFO: Run Behavior\BuildLiteBehavior [ RunTime:0.000015s ]
INFO: [ app_init ] --END-- [ RunTime:0.000601s ]
INFO: [ app_begin ] --START--
INFO: Run Behavior\ReadHtmlCacheBehavior [ RunTime:0.000602s ]
INFO: [ app_begin ] --END-- [ RunTime:0.000652s ]
SQL: SHOW COLUMNS FROM `t_activityuser` [ RunTime:0.0096s ]
SQL: SHOW COLUMNS FROM `t_activity` [ RunTime:0.0152s ]
SQL: SHOW COLUMNS FROM `t_user` [ RunTime:0.0088s ]
SQL: SHOW COLUMNS FROM `t_groupuser` [ RunTime:0.0101s ]
SQL: SELECT * FROM `t_activity` WHERE `id` = 9503769 LIMIT 1   [ RunTime:0.0087s ]
SQL: SELECT * FROM `t_groupuser` WHERE ( group_id = '394' and user_id='111192' ) LIMIT 1   [ RunTime:0.0349s ]
SQL: SELECT * FROM `t_activityuser` WHERE `uid` = 111192 AND `pid` = 9503769 LIMIT 1   [ RunTime:0.0080s ]
SQL: INSERT INTO `t_activityuser` (`uid`,`pid`,`addtime`) VALUES ('111192','9503769','1453347527') [ RunTime:0.0081s ]
SQL: SHOW COLUMNS FROM `t_message` [ RunTime:0.0096s ]
SQL: INSERT INTO `t_message` (`addtime`,`type`,`typeid`,`title`,`content`,`state`,`uid`) VALUES ('1453347527','group','394',' 报名了群组活动 帅锅偶吧',' 报名了群组活动 帅锅偶吧','0','111192') [ RunTime:0.0098s ]
SQL: SELECT t_user.jpushid FROM `t_groupuser` left join t_user on t_user.id = t_groupuser.user_id  WHERE ( t_groupuser.group_id = '394' and t_groupuser.level > 3 )  [ RunTime:0.0084s ]

[ 2016-01-21T11:53:19+08:00 ] 127.0.0.1 /Api/index/addactivityuser
INFO: [ app_init ] --START--
INFO: Run Behavior\BuildLiteBehavior [ RunTime:0.000015s ]
INFO: [ app_init ] --END-- [ RunTime:0.000571s ]
INFO: [ app_begin ] --START--
INFO: Run Behavior\ReadHtmlCacheBehavior [ RunTime:0.000584s ]
INFO: [ app_begin ] --END-- [ RunTime:0.000637s ]
SQL: SHOW COLUMNS FROM `t_activityuser` [ RunTime:0.0093s ]
SQL: SHOW COLUMNS FROM `t_activity` [ RunTime:0.0089s ]
SQL: SHOW COLUMNS FROM `t_user` [ RunTime:0.0094s ]
SQL: SHOW COLUMNS FROM `t_groupuser` [ RunTime:0.0090s ]
SQL: SELECT * FROM `t_activity` WHERE `id` = 9503769 LIMIT 1   [ RunTime:0.0269s ]
SQL: SELECT * FROM `t_groupuser` WHERE ( group_id = '394' and user_id='111192' ) LIMIT 1   [ RunTime:0.0080s ]
SQL: SELECT * FROM `t_activityuser` WHERE `uid` = 111192 AND `pid` = 9503769 LIMIT 1   [ RunTime:0.0087s ]
SQL: DELETE FROM `t_activityuser` WHERE `uid` = 111192 AND `pid` = 9503769 [ RunTime:0.0076s ]
SQL: SHOW COLUMNS FROM `t_message` [ RunTime:0.0095s ]
SQL: INSERT INTO `t_message` (`addtime`,`type`,`typeid`,`title`,`content`,`state`,`uid`) VALUES ('1453348385','group','394',' 退出了群组活动 帅锅偶吧',' 退出了群组活动 帅锅偶吧','0','111192') [ RunTime:0.0128s ]
SQL: SELECT t_user.jpushid FROM `t_groupuser` left join t_user on t_user.id = t_groupuser.user_id  WHERE ( t_groupuser.group_id = '394' and t_groupuser.level > 3 )  [ RunTime:0.0093s ]

[ 2016-01-21T12:20:48+08:00 ] 127.0.0.1 /Api/index/addactivityuser
INFO: [ app_init ] --START--
INFO: Run Behavior\BuildLiteBehavior [ RunTime:0.000012s ]
INFO: [ app_init ] --END-- [ RunTime:0.000469s ]
INFO: [ app_begin ] --START--
INFO: Run Behavior\ReadHtmlCacheBehavior [ RunTime:0.000601s ]
INFO: [ app_begin ] --END-- [ RunTime:0.000651s ]
SQL: SHOW COLUMNS FROM `t_activityuser` [ RunTime:0.0201s ]
SQL: SHOW COLUMNS FROM `t_activity` [ RunTime:0.0114s ]
SQL: SHOW COLUMNS FROM `t_user` [ RunTime:0.0137s ]
SQL: SHOW COLUMNS FROM `t_groupuser` [ RunTime:0.0120s ]
SQL: SELECT * FROM `t_activity` WHERE `id` = 9503769 LIMIT 1   [ RunTime:0.0103s ]
SQL: SELECT * FROM `t_groupuser` WHERE ( group_id = '394' and user_id='111192' ) LIMIT 1   [ RunTime:0.0104s ]
SQL: SELECT * FROM `t_activityuser` WHERE `uid` = 111192 AND `pid` = 9503769 LIMIT 1   [ RunTime:0.0111s ]
SQL: INSERT INTO `t_activityuser` (`uid`,`pid`,`addtime`) VALUES ('111192','9503769','1453350047') [ RunTime:0.0093s ]
SQL: SHOW COLUMNS FROM `t_message` [ RunTime:0.0187s ]
SQL: INSERT INTO `t_message` (`addtime`,`type`,`typeid`,`title`,`content`,`state`,`uid`) VALUES ('1453350048','group','394',' 报名了群组活动 帅锅偶吧',' 报名了群组活动 帅锅偶吧','0','111192') [ RunTime:0.0111s ]
SQL: SELECT t_user.jpushid FROM `t_groupuser` left join t_user on t_user.id = t_groupuser.user_id  WHERE ( t_groupuser.group_id = '394' and t_groupuser.level > 3 )  [ RunTime:0.0110s ]
NOTIC: [8] Array to string conversion D:\wamp\www\qb\Application\Common\Common\function.php 第 102 行.
NOTIC: [8] Array to string conversion D:\wamp\www\qb\Application\Common\Common\function.php 第 102 行.

[ 2016-01-21T12:34:38+08:00 ] 127.0.0.1 /Api/index/addactivityuser
INFO: [ app_init ] --START--
INFO: Run Behavior\BuildLiteBehavior [ RunTime:0.000014s ]
INFO: [ app_init ] --END-- [ RunTime:0.000555s ]
INFO: [ app_begin ] --START--
INFO: Run Behavior\ReadHtmlCacheBehavior [ RunTime:0.000735s ]
INFO: [ app_begin ] --END-- [ RunTime:0.000803s ]
SQL: SHOW COLUMNS FROM `t_activityuser` [ RunTime:0.0095s ]
SQL: SHOW COLUMNS FROM `t_activity` [ RunTime:0.0085s ]
SQL: SHOW COLUMNS FROM `t_user` [ RunTime:0.0092s ]
SQL: SHOW COLUMNS FROM `t_groupuser` [ RunTime:0.0105s ]
SQL: SELECT * FROM `t_activity` WHERE `id` = 9503769 LIMIT 1   [ RunTime:0.0163s ]
SQL: SELECT * FROM `t_groupuser` WHERE ( group_id = '394' and user_id='111192' ) LIMIT 1   [ RunTime:0.0096s ]
SQL: SELECT * FROM `t_activityuser` WHERE `pid` = 9503769 AND `uid` = 111192 LIMIT 1   [ RunTime:0.0222s ]
SQL: DELETE FROM `t_activityuser` WHERE `pid` = 9503769 AND `uid` = 111192 [ RunTime:0.0086s ]
SQL: SHOW COLUMNS FROM `t_message` [ RunTime:0.0103s ]
SQL: INSERT INTO `t_message` (`addtime`,`type`,`typeid`,`title`,`content`,`state`,`uid`) VALUES ('1453350877','group','394',' 退出了群组活动 帅锅偶吧',' 退出了群组活动 帅锅偶吧','0','111192') [ RunTime:0.0097s ]
SQL: SELECT t_user.jpushid FROM `t_groupuser` left join t_user on t_user.id = t_groupuser.user_id  WHERE ( t_groupuser.group_id = '394' and t_groupuser.level > 3 )  [ RunTime:0.0084s ]

[ 2016-01-21T12:34:45+08:00 ] 127.0.0.1 /Api/index/addactivityuser
INFO: [ app_init ] --START--
INFO: Run Behavior\BuildLiteBehavior [ RunTime:0.000015s ]
INFO: [ app_init ] --END-- [ RunTime:0.000460s ]
INFO: [ app_begin ] --START--
INFO: Run Behavior\ReadHtmlCacheBehavior [ RunTime:0.000609s ]
INFO: [ app_begin ] --END-- [ RunTime:0.000671s ]
SQL: SHOW COLUMNS FROM `t_activityuser` [ RunTime:0.0093s ]
SQL: SHOW COLUMNS FROM `t_activity` [ RunTime:0.0099s ]
SQL: SHOW COLUMNS FROM `t_user` [ RunTime:0.0101s ]
SQL: SHOW COLUMNS FROM `t_groupuser` [ RunTime:0.0095s ]
SQL: SELECT * FROM `t_activity` WHERE `id` = 9503769 LIMIT 1   [ RunTime:0.0359s ]
SQL: SELECT * FROM `t_groupuser` WHERE ( group_id = '394' and user_id='111192' ) LIMIT 1   [ RunTime:0.0097s ]
SQL: SELECT * FROM `t_activityuser` WHERE `pid` = 9503769 AND `uid` = 111192 LIMIT 1   [ RunTime:0.0090s ]
SQL: INSERT INTO `t_activityuser` (`pid`,`uid`,`addtime`) VALUES ('9503769','111192','1453350885') [ RunTime:0.0102s ]
SQL: SHOW COLUMNS FROM `t_message` [ RunTime:0.0095s ]
SQL: INSERT INTO `t_message` (`addtime`,`type`,`typeid`,`title`,`content`,`state`,`uid`) VALUES ('1453350885','group','394',' 报名了群组活动 帅锅偶吧',' 报名了群组活动 帅锅偶吧','0','111192') [ RunTime:0.0089s ]
SQL: SELECT t_user.jpushid FROM `t_groupuser` left join t_user on t_user.id = t_groupuser.user_id  WHERE ( t_groupuser.group_id = '394' and t_groupuser.level > 3 )  [ RunTime:0.0079s ]

[ 2016-01-21T12:35:12+08:00 ] 127.0.0.1 /Api/index/addactivityuser
INFO: [ app_init ] --START--
INFO: Run Behavior\BuildLiteBehavior [ RunTime:0.000014s ]
INFO: [ app_init ] --END-- [ RunTime:0.000393s ]
INFO: [ app_begin ] --START--
INFO: Run Behavior\ReadHtmlCacheBehavior [ RunTime:0.000647s ]
INFO: [ app_begin ] --END-- [ RunTime:0.000699s ]
SQL: SHOW COLUMNS FROM `t_activityuser` [ RunTime:0.0113s ]
SQL: SHOW COLUMNS FROM `t_activity` [ RunTime:0.0099s ]
SQL: SHOW COLUMNS FROM `t_user` [ RunTime:0.0108s ]
SQL: SHOW COLUMNS FROM `t_groupuser` [ RunTime:0.0119s ]
SQL: SELECT * FROM `t_activity` WHERE `id` = 9503769 LIMIT 1   [ RunTime:0.0094s ]
SQL: SELECT * FROM `t_groupuser` WHERE ( group_id = '394' and user_id='111192' ) LIMIT 1   [ RunTime:0.0095s ]
SQL: SELECT * FROM `t_activityuser` WHERE `pid` = 9503769 AND `uid` = 111192 LIMIT 1   [ RunTime:0.0278s ]
SQL: DELETE FROM `t_activityuser` WHERE `pid` = 9503769 AND `uid` = 111192 [ RunTime:0.0236s ]
SQL: SHOW COLUMNS FROM `t_message` [ RunTime:0.0095s ]
SQL: INSERT INTO `t_message` (`addtime`,`type`,`typeid`,`title`,`content`,`state`,`uid`) VALUES ('1453350912','group','394',' 退出了群组活动 帅锅偶吧',' 退出了群组活动 帅锅偶吧','0','111192') [ RunTime:0.0085s ]
SQL: SELECT t_user.jpushid FROM `t_groupuser` left join t_user on t_user.id = t_groupuser.user_id  WHERE ( t_groupuser.group_id = '394' and t_groupuser.level > 3 )  [ RunTime:0.0083s ]

[ 2016-01-21T12:36:14+08:00 ] 127.0.0.1 /Api/index/addactivityuser
INFO: [ app_init ] --START--
INFO: Run Behavior\BuildLiteBehavior [ RunTime:0.000013s ]
INFO: [ app_init ] --END-- [ RunTime:0.000513s ]
INFO: [ app_begin ] --START--
INFO: Run Behavior\ReadHtmlCacheBehavior [ RunTime:0.000638s ]
INFO: [ app_begin ] --END-- [ RunTime:0.000687s ]
SQL: SHOW COLUMNS FROM `t_activityuser` [ RunTime:0.0096s ]
SQL: SHOW COLUMNS FROM `t_activity` [ RunTime:0.0115s ]
SQL: SHOW COLUMNS FROM `t_user` [ RunTime:0.0104s ]
SQL: SHOW COLUMNS FROM `t_groupuser` [ RunTime:0.0098s ]
SQL: SELECT * FROM `t_activity` WHERE `id` = 9503769 LIMIT 1   [ RunTime:0.0287s ]
SQL: SELECT * FROM `t_groupuser` WHERE ( group_id = '394' and user_id='111192' ) LIMIT 1   [ RunTime:0.0120s ]
SQL: SELECT * FROM `t_activityuser` WHERE `pid` = 9503769 AND `uid` = 111192 LIMIT 1   [ RunTime:0.0119s ]
SQL: INSERT INTO `t_activityuser` (`pid`,`uid`,`addtime`) VALUES ('9503769','111192','1453350974') [ RunTime:0.0082s ]
SQL: SHOW COLUMNS FROM `t_message` [ RunTime:0.0090s ]
SQL: INSERT INTO `t_message` (`addtime`,`type`,`typeid`,`title`,`content`,`state`,`uid`) VALUES ('1453350974','group','394',' 报名了群组活动 帅锅偶吧',' 报名了群组活动 帅锅偶吧','0','111192') [ RunTime:0.0098s ]
SQL: SELECT t_user.jpushid FROM `t_groupuser` left join t_user on t_user.id = t_groupuser.user_id  WHERE ( t_groupuser.group_id = '394' and t_groupuser.level > 3 )  [ RunTime:0.0097s ]

[ 2016-01-21T13:29:58+08:00 ] 127.0.0.1 /Api/index/mygroupactivitylist
INFO: [ app_init ] --START--
INFO: Run Behavior\BuildLiteBehavior [ RunTime:0.000023s ]
INFO: [ app_init ] --END-- [ RunTime:0.001077s ]
INFO: [ app_begin ] --START--
INFO: Run Behavior\ReadHtmlCacheBehavior [ RunTime:0.001060s ]
INFO: [ app_begin ] --END-- [ RunTime:0.001152s ]
SQL: SHOW COLUMNS FROM `t_activity` [ RunTime:0.0545s ]
SQL: SHOW COLUMNS FROM `t_user` [ RunTime:0.0459s ]
SQL: SELECT * FROM `t_user` WHERE `id` = 111192 LIMIT 1   [ RunTime:0.0101s ]
SQL: SHOW COLUMNS FROM `t_img` [ RunTime:0.0083s ]
SQL: SHOW COLUMNS FROM `t_groupuser` [ RunTime:0.0086s ]
SQL: SELECT `group_id` FROM `t_groupuser` WHERE ( user_id = 111192 )  [ RunTime:0.0242s ]
SQL: SELECT t_activity.id,t_activity.title,t_activity.state,t_activity.description as descript,t_activity.shopname,t_activity.simg,t_activity.address,t_activity.longitude,t_activity.latitude,t_activity.starttime,t_activity.type,t_activity.price,t_activity.addtime,t_activity.groupid,t_groups.title as name,t_groups.type as type1 FROM `t_activity` left join t_groups on t_activity.groupid = t_groups.id  WHERE t_activity.groupid IN (385,395,397,393) ORDER BY t_activity.addtime desc LIMIT 0,15   [ RunTime:0.0090s ]
SQL: SHOW COLUMNS FROM `t_activityuser` [ RunTime:0.0356s ]
SQL: SELECT t_user.id,t_groupuser.username,t_user.simg,t_user.sex FROM `t_activityuser` left join t_user on t_user.id = t_activityuser.uid left join t_groupuser on t_user.id = t_groupuser.user_id and t_groupuser.group_id = '395'  WHERE ( t_activityuser.pid = '9503778' ) ORDER BY t_activityuser.id asc LIMIT 6   [ RunTime:0.0085s ]
SQL: SELECT * FROM `t_activityuser` WHERE ( pid = '9503778' and uid = '111192' ) LIMIT 1   [ RunTime:0.0087s ]
SQL: SELECT t_user.id,t_groupuser.username,t_user.simg,t_user.sex FROM `t_activityuser` left join t_user on t_user.id = t_activityuser.uid left join t_groupuser on t_user.id = t_groupuser.user_id and t_groupuser.group_id = '395'  WHERE ( t_activityuser.pid = '9503777' ) ORDER BY t_activityuser.id asc LIMIT 6   [ RunTime:0.0085s ]
SQL: SELECT * FROM `t_activityuser` WHERE ( pid = '9503777' and uid = '111192' ) LIMIT 1   [ RunTime:0.0083s ]
SQL: SELECT t_user.id,t_groupuser.username,t_user.simg,t_user.sex FROM `t_activityuser` left join t_user on t_user.id = t_activityuser.uid left join t_groupuser on t_user.id = t_groupuser.user_id and t_groupuser.group_id = '393'  WHERE ( t_activityuser.pid = '9503776' ) ORDER BY t_activityuser.id asc LIMIT 6   [ RunTime:0.0085s ]
SQL: SELECT * FROM `t_activityuser` WHERE ( pid = '9503776' and uid = '111192' ) LIMIT 1   [ RunTime:0.0082s ]
SQL: SELECT t_user.id,t_groupuser.username,t_user.simg,t_user.sex FROM `t_activityuser` left join t_user on t_user.id = t_activityuser.uid left join t_groupuser on t_user.id = t_groupuser.user_id and t_groupuser.group_id = '393'  WHERE ( t_activityuser.pid = '9503771' ) ORDER BY t_activityuser.id asc LIMIT 6   [ RunTime:0.0082s ]
SQL: SELECT * FROM `t_activityuser` WHERE ( pid = '9503771' and uid = '111192' ) LIMIT 1   [ RunTime:0.0079s ]
SQL: SELECT t_user.id,t_groupuser.username,t_user.simg,t_user.sex FROM `t_activityuser` left join t_user on t_user.id = t_activityuser.uid left join t_groupuser on t_user.id = t_groupuser.user_id and t_groupuser.group_id = '393'  WHERE ( t_activityuser.pid = '9503770' ) ORDER BY t_activityuser.id asc LIMIT 6   [ RunTime:0.0082s ]
SQL: SELECT * FROM `t_activityuser` WHERE ( pid = '9503770' and uid = '111192' ) LIMIT 1   [ RunTime:0.0081s ]

[ 2016-01-21T14:31:39+08:00 ] 127.0.0.1 /Api/index/fansdtlist
INFO: [ app_init ] --START--
INFO: Run Behavior\BuildLiteBehavior [ RunTime:0.000023s ]
INFO: [ app_init ] --END-- [ RunTime:0.000738s ]
INFO: [ app_begin ] --START--
INFO: Run Behavior\ReadHtmlCacheBehavior [ RunTime:0.000999s ]
INFO: [ app_begin ] --END-- [ RunTime:0.001112s ]
SQL: SHOW COLUMNS FROM `t_dynamic` [ RunTime:0.0099s ]
SQL: SHOW COLUMNS FROM `t_friend` [ RunTime:0.0114s ]
SQL: SELECT `fid` FROM `t_friend` WHERE ( uid = 111192 )  [ RunTime:0.0121s ]

[ 2016-01-21T14:35:46+08:00 ] 127.0.0.1 /Api/index/fansdtlist
INFO: [ app_init ] --START--
INFO: Run Behavior\BuildLiteBehavior [ RunTime:0.000025s ]
INFO: [ app_init ] --END-- [ RunTime:0.000770s ]
INFO: [ app_begin ] --START--
INFO: Run Behavior\ReadHtmlCacheBehavior [ RunTime:0.000906s ]
INFO: [ app_begin ] --END-- [ RunTime:0.001007s ]
SQL: SHOW COLUMNS FROM `t_dynamic` [ RunTime:0.0099s ]
SQL: SHOW COLUMNS FROM `t_friend` [ RunTime:0.0106s ]
SQL: SELECT `fid` FROM `t_friend` WHERE ( uid = 111192 )  [ RunTime:0.0155s ]
SQL: SELECT t_dynamic.id,t_dynamic.address,t_dynamic.content,t_dynamic.upper,t_dynamic.addtime,t_dynamic.state,t_dynamic.status,t_dynamic.uid,t_user.simg,t_user.sex,t_user.username FROM `t_dynamic` left join t_user on t_user.id = t_dynamic.uid  WHERE t_dynamic.uid IN (111196,111200,111195,'111192') AND t_dynamic.type = 'user' AND t_dynamic.status <> 3 ORDER BY t_dynamic.addtime desc LIMIT 0,15   [ RunTime:0.0110s ]
SQL: SHOW COLUMNS FROM `t_comment` [ RunTime:0.0087s ]
SQL: SHOW COLUMNS FROM `t_upper` [ RunTime:0.0151s ]
SQL: SHOW COLUMNS FROM `t_img` [ RunTime:0.0114s ]
SQL: SELECT COUNT(*) AS tp_count FROM `t_comment` WHERE ( type = 'dynamic' and typeid = '383' ) LIMIT 1   [ RunTime:0.0077s ]
SQL: SELECT * FROM `t_upper` WHERE ( type = 'dynamic' and pid = '383' and uid = '111192' ) LIMIT 1   [ RunTime:0.0089s ]
SQL: SELECT `simg` FROM `t_img` WHERE ( type = 'dynamic' and pid = '383' )  [ RunTime:0.0168s ]
SQL: SELECT COUNT(*) AS tp_count FROM `t_comment` WHERE ( type = 'dynamic' and typeid = '370' ) LIMIT 1   [ RunTime:0.0094s ]
SQL: SELECT * FROM `t_upper` WHERE ( type = 'dynamic' and pid = '370' and uid = '111192' ) LIMIT 1   [ RunTime:0.0101s ]
SQL: SELECT `simg` FROM `t_img` WHERE ( type = 'dynamic' and pid = '370' )  [ RunTime:0.0094s ]
SQL: SELECT COUNT(*) AS tp_count FROM `t_comment` WHERE ( type = 'dynamic' and typeid = '369' ) LIMIT 1   [ RunTime:0.0096s ]
SQL: SELECT * FROM `t_upper` WHERE ( type = 'dynamic' and pid = '369' and uid = '111192' ) LIMIT 1   [ RunTime:0.0084s ]
SQL: SELECT `simg` FROM `t_img` WHERE ( type = 'dynamic' and pid = '369' )  [ RunTime:0.0088s ]
SQL: SELECT COUNT(*) AS tp_count FROM `t_comment` WHERE ( type = 'dynamic' and typeid = '358' ) LIMIT 1   [ RunTime:0.0105s ]
SQL: SELECT * FROM `t_upper` WHERE ( type = 'dynamic' and pid = '358' and uid = '111192' ) LIMIT 1   [ RunTime:0.0118s ]
SQL: SELECT `simg` FROM `t_img` WHERE ( type = 'dynamic' and pid = '358' )  [ RunTime:0.0092s ]
SQL: SELECT COUNT(*) AS tp_count FROM `t_comment` WHERE ( type = 'dynamic' and typeid = '357' ) LIMIT 1   [ RunTime:0.0093s ]
SQL: SELECT * FROM `t_upper` WHERE ( type = 'dynamic' and pid = '357' and uid = '111192' ) LIMIT 1   [ RunTime:0.0088s ]
SQL: SELECT `simg` FROM `t_img` WHERE ( type = 'dynamic' and pid = '357' )  [ RunTime:0.0100s ]
SQL: SELECT COUNT(*) AS tp_count FROM `t_comment` WHERE ( type = 'dynamic' and typeid = '356' ) LIMIT 1   [ RunTime:0.0087s ]
SQL: SELECT * FROM `t_upper` WHERE ( type = 'dynamic' and pid = '356' and uid = '111192' ) LIMIT 1   [ RunTime:0.0114s ]
SQL: SELECT `simg` FROM `t_img` WHERE ( type = 'dynamic' and pid = '356' )  [ RunTime:0.0110s ]
SQL: SELECT COUNT(*) AS tp_count FROM `t_comment` WHERE ( type = 'dynamic' and typeid = '354' ) LIMIT 1   [ RunTime:0.0103s ]
SQL: SELECT * FROM `t_upper` WHERE ( type = 'dynamic' and pid = '354' and uid = '111192' ) LIMIT 1   [ RunTime:0.0104s ]
SQL: SELECT `simg` FROM `t_img` WHERE ( type = 'dynamic' and pid = '354' )  [ RunTime:0.0153s ]
SQL: SELECT COUNT(*) AS tp_count FROM `t_comment` WHERE ( type = 'dynamic' and typeid = '345' ) LIMIT 1   [ RunTime:0.0096s ]
SQL: SELECT * FROM `t_upper` WHERE ( type = 'dynamic' and pid = '345' and uid = '111192' ) LIMIT 1   [ RunTime:0.0092s ]
SQL: SELECT `simg` FROM `t_img` WHERE ( type = 'dynamic' and pid = '345' )  [ RunTime:0.0092s ]
SQL: SELECT COUNT(*) AS tp_count FROM `t_comment` WHERE ( type = 'dynamic' and typeid = '343' ) LIMIT 1   [ RunTime:0.0102s ]
SQL: SELECT * FROM `t_upper` WHERE ( type = 'dynamic' and pid = '343' and uid = '111192' ) LIMIT 1   [ RunTime:0.0172s ]
SQL: SELECT `simg` FROM `t_img` WHERE ( type = 'dynamic' and pid = '343' )  [ RunTime:0.0073s ]
SQL: SELECT COUNT(*) AS tp_count FROM `t_comment` WHERE ( type = 'dynamic' and typeid = '342' ) LIMIT 1   [ RunTime:0.0082s ]
SQL: SELECT * FROM `t_upper` WHERE ( type = 'dynamic' and pid = '342' and uid = '111192' ) LIMIT 1   [ RunTime:0.0090s ]
SQL: SELECT `simg` FROM `t_img` WHERE ( type = 'dynamic' and pid = '342' )  [ RunTime:0.0099s ]
SQL: SELECT COUNT(*) AS tp_count FROM `t_comment` WHERE ( type = 'dynamic' and typeid = '338' ) LIMIT 1   [ RunTime:0.0088s ]
SQL: SELECT * FROM `t_upper` WHERE ( type = 'dynamic' and pid = '338' and uid = '111192' ) LIMIT 1   [ RunTime:0.0089s ]
SQL: SELECT `simg` FROM `t_img` WHERE ( type = 'dynamic' and pid = '338' )  [ RunTime:0.0087s ]
SQL: SELECT COUNT(*) AS tp_count FROM `t_comment` WHERE ( type = 'dynamic' and typeid = '339' ) LIMIT 1   [ RunTime:0.0095s ]
SQL: SELECT * FROM `t_upper` WHERE ( type = 'dynamic' and pid = '339' and uid = '111192' ) LIMIT 1   [ RunTime:0.0096s ]
SQL: SELECT `simg` FROM `t_img` WHERE ( type = 'dynamic' and pid = '339' )  [ RunTime:0.0090s ]
SQL: SELECT COUNT(*) AS tp_count FROM `t_comment` WHERE ( type = 'dynamic' and typeid = '340' ) LIMIT 1   [ RunTime:0.0124s ]
SQL: SELECT * FROM `t_upper` WHERE ( type = 'dynamic' and pid = '340' and uid = '111192' ) LIMIT 1   [ RunTime:0.0083s ]
SQL: SELECT `simg` FROM `t_img` WHERE ( type = 'dynamic' and pid = '340' )  [ RunTime:0.0115s ]
SQL: SELECT COUNT(*) AS tp_count FROM `t_comment` WHERE ( type = 'dynamic' and typeid = '341' ) LIMIT 1   [ RunTime:0.0088s ]
SQL: SELECT * FROM `t_upper` WHERE ( type = 'dynamic' and pid = '341' and uid = '111192' ) LIMIT 1   [ RunTime:0.0080s ]
SQL: SELECT `simg` FROM `t_img` WHERE ( type = 'dynamic' and pid = '341' )  [ RunTime:0.0086s ]
SQL: SELECT COUNT(*) AS tp_count FROM `t_comment` WHERE ( type = 'dynamic' and typeid = '337' ) LIMIT 1   [ RunTime:0.0095s ]
SQL: SELECT * FROM `t_upper` WHERE ( type = 'dynamic' and pid = '337' and uid = '111192' ) LIMIT 1   [ RunTime:0.0110s ]
SQL: SELECT `simg` FROM `t_img` WHERE ( type = 'dynamic' and pid = '337' )  [ RunTime:0.0100s ]

[ 2016-01-21T15:35:31+08:00 ] 127.0.0.1 /Api/index/fujindtlist
INFO: [ app_init ] --START--
INFO: Run Behavior\BuildLiteBehavior [ RunTime:0.000012s ]
INFO: [ app_init ] --END-- [ RunTime:0.000455s ]
INFO: [ app_begin ] --START--
INFO: Run Behavior\ReadHtmlCacheBehavior [ RunTime:0.000616s ]
INFO: [ app_begin ] --END-- [ RunTime:0.000666s ]
SQL: SHOW COLUMNS FROM `t_dynamic` [ RunTime:0.0096s ]
SQL: SHOW COLUMNS FROM `t_friend` [ RunTime:0.0096s ]
SQL: SHOW COLUMNS FROM `t_user` [ RunTime:0.0135s ]
SQL: SELECT * FROM `t_user` WHERE `id` = 111192 LIMIT 1   [ RunTime:0.0097s ]
SQL: select *,(2 * 6378.137* ASIN(SQRT(POW(SIN(PI()*('40.00288'-latitude)/360),2)+COS(PI()*'40.00288'/180)* COS(latitude * PI()/180)*POW(SIN(PI()*('116.486912'-longitude)/360),2)))) as juli from `t_dynamic`  
order by juli asc limit 0,20 [ RunTime:0.1169s ]

[ 2016-01-21T15:37:16+08:00 ] 127.0.0.1 /Api/index/fujindtlist
INFO: [ app_init ] --START--
INFO: Run Behavior\BuildLiteBehavior [ RunTime:0.000014s ]
INFO: [ app_init ] --END-- [ RunTime:0.000420s ]
INFO: [ app_begin ] --START--
INFO: Run Behavior\ReadHtmlCacheBehavior [ RunTime:0.000503s ]
INFO: [ app_begin ] --END-- [ RunTime:0.000556s ]
SQL: SHOW COLUMNS FROM `t_dynamic` [ RunTime:0.0092s ]
SQL: SHOW COLUMNS FROM `t_friend` [ RunTime:0.0088s ]
SQL: SHOW COLUMNS FROM `t_user` [ RunTime:0.0113s ]
SQL: SELECT * FROM `t_user` WHERE `id` = 111192 LIMIT 1   [ RunTime:0.0100s ]
SQL: select *,(2 * 6378.137* ASIN(SQRT(POW(SIN(PI()*('40.00288'-latitude)/360),2)+COS(PI()*'40.00288'/180)* COS(latitude * PI()/180)*POW(SIN(PI()*('116.486912'-longitude)/360),2)))) as juli from `t_dynamic`  
order by juli asc limit 0,50 [ RunTime:0.0835s ]

[ 2016-01-21T15:39:21+08:00 ] 127.0.0.1 /Api/index/fujindtlist
INFO: [ app_init ] --START--
INFO: Run Behavior\BuildLiteBehavior [ RunTime:0.000013s ]
INFO: [ app_init ] --END-- [ RunTime:0.000513s ]
INFO: [ app_begin ] --START--
INFO: Run Behavior\ReadHtmlCacheBehavior [ RunTime:0.000795s ]
INFO: [ app_begin ] --END-- [ RunTime:0.000891s ]
SQL: SHOW COLUMNS FROM `t_dynamic` [ RunTime:0.0104s ]
SQL: SHOW COLUMNS FROM `t_friend` [ RunTime:0.0092s ]
SQL: SHOW COLUMNS FROM `t_user` [ RunTime:0.0103s ]
SQL: SELECT * FROM `t_user` WHERE `id` = 111192 LIMIT 1   [ RunTime:0.0129s ]
SQL: select *,(2 * 6378.137* ASIN(SQRT(POW(SIN(PI()*('40.00288'-latitude)/360),2)+COS(PI()*'40.00288'/180)* COS(latitude * PI()/180)*POW(SIN(PI()*('116.486912'-longitude)/360),2))))*1000 as juli from `t_dynamic`  
order by juli asc limit 0,50 [ RunTime:0.0767s ]

[ 2016-01-21T15:41:18+08:00 ] 127.0.0.1 /Api/index/nearbyuser
INFO: [ app_init ] --START--
INFO: Run Behavior\BuildLiteBehavior [ RunTime:0.000014s ]
INFO: [ app_init ] --END-- [ RunTime:0.000431s ]
INFO: [ app_begin ] --START--
INFO: Run Behavior\ReadHtmlCacheBehavior [ RunTime:0.000517s ]
INFO: [ app_begin ] --END-- [ RunTime:0.000567s ]

[ 2016-01-21T15:41:34+08:00 ] 127.0.0.1 /Api/index/nearbyuser
INFO: [ app_init ] --START--
INFO: Run Behavior\BuildLiteBehavior [ RunTime:0.000013s ]
INFO: [ app_init ] --END-- [ RunTime:0.000519s ]
INFO: [ app_begin ] --START--
INFO: Run Behavior\ReadHtmlCacheBehavior [ RunTime:0.000575s ]
INFO: [ app_begin ] --END-- [ RunTime:0.000630s ]
SQL: SHOW COLUMNS FROM `t_user` [ RunTime:0.0098s ]
SQL: SELECT * FROM `t_user` WHERE `id` = 111192 LIMIT 1   [ RunTime:0.0089s ]
SQL: SELECT `id`,`username`,`latitude`,`longitude`,`age`,`hobby`,`occup`,`sign`,`simg`,`sex`,`logintime` FROM `t_user` WHERE `id` <> '111192'  [ RunTime:0.0424s ]

[ 2016-01-21T15:43:24+08:00 ] 127.0.0.1 /Api/index/nearbyuser
INFO: [ app_init ] --START--
INFO: Run Behavior\BuildLiteBehavior [ RunTime:0.000015s ]
INFO: [ app_init ] --END-- [ RunTime:0.000475s ]
INFO: [ app_begin ] --START--
INFO: Run Behavior\ReadHtmlCacheBehavior [ RunTime:0.000711s ]
INFO: [ app_begin ] --END-- [ RunTime:0.000788s ]
SQL: SHOW COLUMNS FROM `t_user` [ RunTime:0.0125s ]
SQL: SELECT * FROM `t_user` WHERE `id` = 111192 LIMIT 1   [ RunTime:0.0114s ]
SQL: select *,(2 * 6378.137* ASIN(SQRT(POW(SIN(PI()*('40.00288'-latitude)/360),2)+COS(PI()*'40.00288'/180)* COS(latitude * PI()/180)*POW(SIN(PI()*('116.486912'-longitude)/360),2))))*1000 as juli from `t_dynamic`
			order by juli asc limit 0,50 [ RunTime:0.0498s ]

[ 2016-01-21T15:44:52+08:00 ] 127.0.0.1 /Api/index/nearbyuser
INFO: [ app_init ] --START--
INFO: Run Behavior\BuildLiteBehavior [ RunTime:0.000013s ]
INFO: [ app_init ] --END-- [ RunTime:0.000409s ]
INFO: [ app_begin ] --START--
INFO: Run Behavior\ReadHtmlCacheBehavior [ RunTime:0.001724s ]
INFO: [ app_begin ] --END-- [ RunTime:0.001805s ]
SQL: SHOW COLUMNS FROM `t_user` [ RunTime:0.0159s ]
SQL: SELECT * FROM `t_user` WHERE `id` = 111192 LIMIT 1   [ RunTime:0.0150s ]
SQL: select *,(2 * 6378.137* ASIN(SQRT(POW(SIN(PI()*('40.00288'-latitude)/360),2)+COS(PI()*'40.00288'/180)* COS(latitude * PI()/180)*POW(SIN(PI()*('116.486912'-longitude)/360),2))))*1000 as juli from `t_user`
			order by juli asc limit 0,50 [ RunTime:0.1316s ]

[ 2016-01-21T15:54:51+08:00 ] 127.0.0.1 /Api/index/nearbyuser
INFO: [ app_init ] --START--
INFO: Run Behavior\BuildLiteBehavior [ RunTime:0.000013s ]
INFO: [ app_init ] --END-- [ RunTime:0.000431s ]
INFO: [ app_begin ] --START--
INFO: Run Behavior\ReadHtmlCacheBehavior [ RunTime:0.000621s ]
INFO: [ app_begin ] --END-- [ RunTime:0.000677s ]
SQL: SHOW COLUMNS FROM `t_user` [ RunTime:0.0107s ]
SQL: SELECT * FROM `t_user` WHERE `id` = 111192 LIMIT 1   [ RunTime:0.0108s ]
SQL: select *,round(2 * 6378.137* ASIN(SQRT(POW(SIN(PI()*('40.002889'-latitude)/360),2)+COS(PI()*'40.002889'/180)* COS(latitude * PI()/180)*POW(SIN(PI()*('116.486869'-longitude)/360),2))))*1000 as juli from `t_user`
			order by juli asc limit 0,50 [ RunTime:0.1103s ]

[ 2016-01-21T15:55:58+08:00 ] 127.0.0.1 /Api/index/nearbyuser
INFO: [ app_init ] --START--
INFO: Run Behavior\BuildLiteBehavior [ RunTime:0.000013s ]
INFO: [ app_init ] --END-- [ RunTime:0.000604s ]
INFO: [ app_begin ] --START--
INFO: Run Behavior\ReadHtmlCacheBehavior [ RunTime:0.000611s ]
INFO: [ app_begin ] --END-- [ RunTime:0.000666s ]
SQL: SHOW COLUMNS FROM `t_user` [ RunTime:0.0102s ]
SQL: SELECT * FROM `t_user` WHERE `id` = 111192 LIMIT 1   [ RunTime:0.0104s ]
SQL: select *,round((2 * 6378.137* ASIN(SQRT(POW(SIN(PI()*('40.002889'-latitude)/360),2)+COS(PI()*'40.002889'/180)* COS(latitude * PI()/180)*POW(SIN(PI()*('116.486869'-longitude)/360),2))))*1000) as juli from `t_user`
			order by juli asc limit 0,50 [ RunTime:0.0994s ]

[ 2016-01-21T16:09:26+08:00 ] 127.0.0.1 /Api/index/fujindtlist
INFO: [ app_init ] --START--
INFO: Run Behavior\BuildLiteBehavior [ RunTime:0.000024s ]
INFO: [ app_init ] --END-- [ RunTime:0.000794s ]
INFO: [ app_begin ] --START--
INFO: Run Behavior\ReadHtmlCacheBehavior [ RunTime:0.000900s ]
INFO: [ app_begin ] --END-- [ RunTime:0.000989s ]
SQL: SHOW COLUMNS FROM `t_dynamic` [ RunTime:0.0095s ]
SQL: SHOW COLUMNS FROM `t_friend` [ RunTime:0.0119s ]
SQL: SHOW COLUMNS FROM `t_user` [ RunTime:0.0091s ]
SQL: SELECT * FROM `t_user` WHERE `id` = 0 LIMIT 1   [ RunTime:0.0197s ]
ERR: SQLSTATE[23000]: Integrity constraint violation: 1052 Column 'latitude' in field list is ambiguous

[ 2016-01-21T16:10:37+08:00 ] 127.0.0.1 /Api/index/fujindtlist
INFO: [ app_init ] --START--
INFO: Run Behavior\BuildLiteBehavior [ RunTime:0.000013s ]
INFO: [ app_init ] --END-- [ RunTime:0.000407s ]
INFO: [ app_begin ] --START--
INFO: Run Behavior\ReadHtmlCacheBehavior [ RunTime:0.000619s ]
INFO: [ app_begin ] --END-- [ RunTime:0.000700s ]
SQL: SHOW COLUMNS FROM `t_dynamic` [ RunTime:0.0073s ]
SQL: SHOW COLUMNS FROM `t_friend` [ RunTime:0.0088s ]
SQL: SHOW COLUMNS FROM `t_user` [ RunTime:0.0095s ]
SQL: SELECT * FROM `t_user` WHERE `id` = 0 LIMIT 1   [ RunTime:0.0248s ]
SQL: SELECT round((2 * 6378.137* ASIN(SQRT(POW(SIN(PI()*(''-t_dynamic.latitude)/360),2)+COS(PI()*''/180)* COS(t_dynamic.latitude * PI()/180)*POW(SIN(PI()*(''-t_dynamic.longitude)/360),2))))*1000) as juli,t_dynamic.id,t_dynamic.address,t_dynamic.content,t_dynamic.upper,t_dynamic.addtime,t_dynamic.state,t_dynamic.status,t_dynamic.uid,t_user.simg,t_user.sex,t_user.username FROM `t_dynamic` left join t_user on t_user.id = t_dynamic.uid  WHERE t_dynamic.type = 'user' AND t_dynamic.status = 1 ORDER BY t_dynamic.addtime desc LIMIT 0,15   [ RunTime:0.0096s ]

[ 2016-01-21T16:11:19+08:00 ] 127.0.0.1 /Api/index/fujindtlist
INFO: [ app_init ] --START--
INFO: Run Behavior\BuildLiteBehavior [ RunTime:0.000014s ]
INFO: [ app_init ] --END-- [ RunTime:0.000567s ]
INFO: [ app_begin ] --START--
INFO: Run Behavior\ReadHtmlCacheBehavior [ RunTime:0.000693s ]
INFO: [ app_begin ] --END-- [ RunTime:0.000770s ]
SQL: SHOW COLUMNS FROM `t_dynamic` [ RunTime:0.0098s ]
SQL: SHOW COLUMNS FROM `t_friend` [ RunTime:0.1060s ]
SQL: SHOW COLUMNS FROM `t_user` [ RunTime:0.1057s ]
SQL: SELECT * FROM `t_user` WHERE `id` = 0 LIMIT 1   [ RunTime:0.0440s ]
SQL: SELECT round((2 * 6378.137* ASIN(SQRT(POW(SIN(PI()*(''-t_dynamic.latitude)/360),2)+COS(PI()*''/180)* COS(t_dynamic.latitude * PI()/180)*POW(SIN(PI()*(''-t_dynamic.longitude)/360),2))))*1000) as juli,t_dynamic.id,t_dynamic.address,t_dynamic.content,t_dynamic.upper,t_dynamic.addtime,t_dynamic.state,t_dynamic.status,t_dynamic.uid,t_user.simg,t_user.sex,t_user.username FROM `t_dynamic` left join t_user on t_user.id = t_dynamic.uid  WHERE t_dynamic.type = 'user' AND t_dynamic.status = 1 ORDER BY juli asc,t_dynamic.addtime desc LIMIT 0,15   [ RunTime:0.0121s ]

[ 2016-01-21T16:16:57+08:00 ] 127.0.0.1 /Api/index/fujindtlist
INFO: [ app_init ] --START--
INFO: Run Behavior\BuildLiteBehavior [ RunTime:0.000019s ]
INFO: [ app_init ] --END-- [ RunTime:0.000551s ]
INFO: [ app_begin ] --START--
INFO: Run Behavior\ReadHtmlCacheBehavior [ RunTime:0.000629s ]
INFO: [ app_begin ] --END-- [ RunTime:0.000687s ]
SQL: SHOW COLUMNS FROM `t_dynamic` [ RunTime:0.4001s ]
SQL: SHOW COLUMNS FROM `t_friend` [ RunTime:0.2498s ]
SQL: SHOW COLUMNS FROM `t_user` [ RunTime:0.0132s ]
SQL: SELECT * FROM `t_user` WHERE `id` = 0 LIMIT 1   [ RunTime:0.0405s ]

[ 2016-01-21T16:17:47+08:00 ] 127.0.0.1 /Api/index/fujindtlist
INFO: [ app_init ] --START--
INFO: Run Behavior\BuildLiteBehavior [ RunTime:0.000013s ]
INFO: [ app_init ] --END-- [ RunTime:0.000493s ]
INFO: [ app_begin ] --START--
INFO: Run Behavior\ReadHtmlCacheBehavior [ RunTime:0.000657s ]
INFO: [ app_begin ] --END-- [ RunTime:0.000737s ]
SQL: SHOW COLUMNS FROM `t_dynamic` [ RunTime:0.0119s ]
SQL: SHOW COLUMNS FROM `t_friend` [ RunTime:0.0160s ]
SQL: SHOW COLUMNS FROM `t_user` [ RunTime:0.0133s ]
SQL: SELECT * FROM `t_user` WHERE `id` = 0 LIMIT 1   [ RunTime:0.0125s ]

[ 2016-01-21T16:18:30+08:00 ] 127.0.0.1 /Api/index/fujindtlist
INFO: [ app_init ] --START--
INFO: Run Behavior\BuildLiteBehavior [ RunTime:0.000013s ]
INFO: [ app_init ] --END-- [ RunTime:0.000378s ]
INFO: [ app_begin ] --START--
INFO: Run Behavior\ReadHtmlCacheBehavior [ RunTime:0.000508s ]
INFO: [ app_begin ] --END-- [ RunTime:0.000561s ]
SQL: SHOW COLUMNS FROM `t_dynamic` [ RunTime:0.0093s ]
SQL: SHOW COLUMNS FROM `t_friend` [ RunTime:0.0086s ]
SQL: SHOW COLUMNS FROM `t_user` [ RunTime:0.0095s ]
SQL: SELECT * FROM `t_user` WHERE `id` = 111192 LIMIT 1   [ RunTime:0.0148s ]

[ 2016-01-21T16:24:02+08:00 ] 127.0.0.1 /Api/index/fujindtlist
INFO: [ app_init ] --START--
INFO: Run Behavior\BuildLiteBehavior [ RunTime:0.000015s ]
INFO: [ app_init ] --END-- [ RunTime:0.000466s ]
INFO: [ app_begin ] --START--
INFO: Run Behavior\ReadHtmlCacheBehavior [ RunTime:0.000671s ]
INFO: [ app_begin ] --END-- [ RunTime:0.000729s ]
SQL: SHOW COLUMNS FROM `t_dynamic` [ RunTime:0.0107s ]
SQL: SHOW COLUMNS FROM `t_friend` [ RunTime:0.0141s ]
SQL: SHOW COLUMNS FROM `t_user` [ RunTime:0.0091s ]
SQL: SELECT * FROM `t_user` WHERE `id` = 111192 LIMIT 1   [ RunTime:0.0108s ]

[ 2016-01-21T16:24:07+08:00 ] 127.0.0.1 /Api/index/fujindtlist
INFO: [ app_init ] --START--
INFO: Run Behavior\BuildLiteBehavior [ RunTime:0.000015s ]
INFO: [ app_init ] --END-- [ RunTime:0.000526s ]
INFO: [ app_begin ] --START--
INFO: Run Behavior\ReadHtmlCacheBehavior [ RunTime:0.000827s ]
INFO: [ app_begin ] --END-- [ RunTime:0.000920s ]
SQL: SHOW COLUMNS FROM `t_dynamic` [ RunTime:0.0145s ]
SQL: SHOW COLUMNS FROM `t_friend` [ RunTime:0.0093s ]
SQL: SHOW COLUMNS FROM `t_user` [ RunTime:0.0097s ]
SQL: SELECT * FROM `t_user` WHERE `id` = 111192 LIMIT 1   [ RunTime:0.0120s ]
SQL: SELECT round((2 * 6378.137* ASIN(SQRT(POW(SIN(PI()*('40.002878'-t_dynamic.latitude)/360),2)+COS(PI()*'40.002878'/180)* COS(t_dynamic.latitude * PI()/180)*POW(SIN(PI()*('116.486821'-t_dynamic.longitude)/360),2))))*1000) as juli,t_dynamic.id,t_dynamic.address,t_dynamic.content,t_dynamic.upper,t_dynamic.addtime,t_dynamic.state,t_dynamic.status,t_dynamic.uid,t_user.simg,t_user.sex,t_user.username FROM `t_dynamic` left join t_user on t_user.id = t_dynamic.uid  WHERE t_dynamic.type = 'user' AND t_dynamic.status = 1 ORDER BY juli asc,t_dynamic.addtime desc LIMIT 0,15   [ RunTime:0.0369s ]

[ 2016-01-21T16:29:06+08:00 ] 127.0.0.1 /Api/index/fujindtlist
INFO: [ app_init ] --START--
INFO: Run Behavior\BuildLiteBehavior [ RunTime:0.000017s ]
INFO: [ app_init ] --END-- [ RunTime:0.000742s ]
INFO: [ app_begin ] --START--
INFO: Run Behavior\ReadHtmlCacheBehavior [ RunTime:0.000662s ]
INFO: [ app_begin ] --END-- [ RunTime:0.000728s ]
SQL: SHOW COLUMNS FROM `t_dynamic` [ RunTime:0.0098s ]
SQL: SHOW COLUMNS FROM `t_friend` [ RunTime:0.0095s ]
SQL: SHOW COLUMNS FROM `t_user` [ RunTime:0.0102s ]
SQL: SELECT * FROM `t_user` WHERE `id` = 111192 LIMIT 1   [ RunTime:0.0158s ]
ERR: SQLSTATE[42S22]: Column not found: 1054 Unknown column 'juli' in 'where clause'

[ 2016-01-21T16:30:17+08:00 ] 127.0.0.1 /Api/index/fujindtlist
INFO: [ app_init ] --START--
INFO: Run Behavior\BuildLiteBehavior [ RunTime:0.000013s ]
INFO: [ app_init ] --END-- [ RunTime:0.000478s ]
INFO: [ app_begin ] --START--
INFO: Run Behavior\ReadHtmlCacheBehavior [ RunTime:0.000646s ]
INFO: [ app_begin ] --END-- [ RunTime:0.000700s ]
SQL: SHOW COLUMNS FROM `t_dynamic` [ RunTime:0.0119s ]
SQL: SHOW COLUMNS FROM `t_friend` [ RunTime:0.0102s ]
SQL: SHOW COLUMNS FROM `t_user` [ RunTime:0.0139s ]
SQL: SELECT * FROM `t_user` WHERE `id` = 111192 LIMIT 1   [ RunTime:0.0244s ]
ERR: SQLSTATE[42S22]: Column not found: 1054 Unknown column 'juli' in 'where clause'

[ 2016-01-21T16:40:40+08:00 ] 127.0.0.1 /Api/index/fujindtlist
INFO: [ app_init ] --START--
INFO: Run Behavior\BuildLiteBehavior [ RunTime:0.000024s ]
INFO: [ app_init ] --END-- [ RunTime:0.000629s ]
INFO: [ app_begin ] --START--
INFO: Run Behavior\ReadHtmlCacheBehavior [ RunTime:0.000880s ]
INFO: [ app_begin ] --END-- [ RunTime:0.000971s ]
SQL: SHOW COLUMNS FROM `t_dynamic` [ RunTime:0.0103s ]
SQL: SHOW COLUMNS FROM `t_friend` [ RunTime:0.0084s ]
SQL: SHOW COLUMNS FROM `t_user` [ RunTime:0.0104s ]
SQL: SELECT * FROM `t_user` WHERE `id` = 111192 LIMIT 1   [ RunTime:0.0108s ]

[ 2016-01-21T16:41:49+08:00 ] 127.0.0.1 /Api/index/fujindtlist
INFO: [ app_init ] --START--
INFO: Run Behavior\BuildLiteBehavior [ RunTime:0.000018s ]
INFO: [ app_init ] --END-- [ RunTime:0.000495s ]
INFO: [ app_begin ] --START--
INFO: Run Behavior\ReadHtmlCacheBehavior [ RunTime:0.000672s ]
INFO: [ app_begin ] --END-- [ RunTime:0.000728s ]
SQL: SHOW COLUMNS FROM `t_dynamic` [ RunTime:0.1503s ]
SQL: SHOW COLUMNS FROM `t_friend` [ RunTime:0.2505s ]
SQL: SHOW COLUMNS FROM `t_user` [ RunTime:0.6488s ]
SQL: SELECT * FROM `t_user` WHERE `id` = 111192 LIMIT 1   [ RunTime:0.1557s ]
ERR: SQLSTATE[42S22]: Column not found: 1054 Unknown column 'juli' in 'where clause'

[ 2016-01-21T17:04:57+08:00 ] 127.0.0.1 /Api/index/fujindtlist
INFO: [ app_init ] --START--
INFO: Run Behavior\BuildLiteBehavior [ RunTime:0.000014s ]
INFO: [ app_init ] --END-- [ RunTime:0.000475s ]
INFO: [ app_begin ] --START--
INFO: Run Behavior\ReadHtmlCacheBehavior [ RunTime:0.000892s ]
INFO: [ app_begin ] --END-- [ RunTime:0.000959s ]
SQL: SHOW COLUMNS FROM `t_dynamic` [ RunTime:0.0099s ]
SQL: SHOW COLUMNS FROM `t_friend` [ RunTime:0.0083s ]
SQL: SHOW COLUMNS FROM `t_user` [ RunTime:0.0095s ]
SQL: SELECT * FROM `t_user` WHERE `id` = 111192 LIMIT 1   [ RunTime:0.0090s ]
SQL: SELECT round((2 * 6378.137* ASIN(SQRT(POW(SIN(PI()*('40.002878'-t_dynamic.latitude)/360),2)+COS(PI()*'40.002878'/180)* COS(t_dynamic.latitude * PI()/180)*POW(SIN(PI()*('116.486796'-t_dynamic.longitude)/360),2))))*1000) as juli,t_dynamic.id,t_dynamic.address,t_dynamic.content,t_dynamic.upper,t_dynamic.addtime,t_dynamic.state,t_dynamic.status,t_dynamic.uid,t_user.simg,t_user.sex,t_user.username FROM `t_dynamic` left join t_user on t_user.id = t_dynamic.uid  WHERE ( round((2 * 6378.137* ASIN(SQRT(POW(SIN(PI()*('40.002878'-t_dynamic.latitude)/360),2)+COS(PI()*'40.002878'/180)* COS(t_dynamic.latitude * PI()/180)*POW(SIN(PI()*('116.486796'-t_dynamic.longitude)/360),2))))*1000) < 5000 ) ORDER BY t_dynamic.addtime desc LIMIT 0,15   [ RunTime:0.0399s ]

[ 2016-01-21T17:05:29+08:00 ] 127.0.0.1 /Api/index/fujindtlist
INFO: [ app_init ] --START--
INFO: Run Behavior\BuildLiteBehavior [ RunTime:0.000014s ]
INFO: [ app_init ] --END-- [ RunTime:0.000444s ]
INFO: [ app_begin ] --START--
INFO: Run Behavior\ReadHtmlCacheBehavior [ RunTime:0.000508s ]
INFO: [ app_begin ] --END-- [ RunTime:0.000557s ]
SQL: SHOW COLUMNS FROM `t_dynamic` [ RunTime:0.0105s ]
SQL: SHOW COLUMNS FROM `t_friend` [ RunTime:0.0180s ]
SQL: SHOW COLUMNS FROM `t_user` [ RunTime:0.0094s ]
SQL: SELECT * FROM `t_user` WHERE `id` = 111192 LIMIT 1   [ RunTime:0.0111s ]
SQL: SELECT round((2 * 6378.137* ASIN(SQRT(POW(SIN(PI()*('40.002878'-t_dynamic.latitude)/360),2)+COS(PI()*'40.002878'/180)* COS(t_dynamic.latitude * PI()/180)*POW(SIN(PI()*('116.486796'-t_dynamic.longitude)/360),2))))*1000) as juli,t_dynamic.id,t_dynamic.address,t_dynamic.content,t_dynamic.upper,t_dynamic.addtime,t_dynamic.state,t_dynamic.status,t_dynamic.uid,t_user.simg,t_user.sex,t_user.username FROM `t_dynamic` left join t_user on t_user.id = t_dynamic.uid  WHERE ( round((2 * 6378.137* ASIN(SQRT(POW(SIN(PI()*('40.002878'-t_dynamic.latitude)/360),2)+COS(PI()*'40.002878'/180)* COS(t_dynamic.latitude * PI()/180)*POW(SIN(PI()*('116.486796'-t_dynamic.longitude)/360),2))))*1000) < 500 ) ORDER BY t_dynamic.addtime desc LIMIT 0,15   [ RunTime:0.0119s ]

[ 2016-01-21T17:06:09+08:00 ] 127.0.0.1 /Api/index/fujindtlist
INFO: [ app_init ] --START--
INFO: Run Behavior\BuildLiteBehavior [ RunTime:0.000017s ]
INFO: [ app_init ] --END-- [ RunTime:0.000544s ]
INFO: [ app_begin ] --START--
INFO: Run Behavior\ReadHtmlCacheBehavior [ RunTime:0.000769s ]
INFO: [ app_begin ] --END-- [ RunTime:0.000863s ]
SQL: SHOW COLUMNS FROM `t_dynamic` [ RunTime:0.0098s ]
SQL: SHOW COLUMNS FROM `t_friend` [ RunTime:0.0083s ]
SQL: SHOW COLUMNS FROM `t_user` [ RunTime:0.0093s ]
SQL: SELECT * FROM `t_user` WHERE `id` = 111192 LIMIT 1   [ RunTime:0.0103s ]
SQL: SELECT round((2 * 6378.137* ASIN(SQRT(POW(SIN(PI()*('40.002878'-t_dynamic.latitude)/360),2)+COS(PI()*'40.002878'/180)* COS(t_dynamic.latitude * PI()/180)*POW(SIN(PI()*('116.486796'-t_dynamic.longitude)/360),2))))*1000) as juli,t_dynamic.id,t_dynamic.address,t_dynamic.content,t_dynamic.upper,t_dynamic.addtime,t_dynamic.state,t_dynamic.status,t_dynamic.uid,t_user.simg,t_user.sex,t_user.username FROM `t_dynamic` left join t_user on t_user.id = t_dynamic.uid  WHERE ( round((2 * 6378.137* ASIN(SQRT(POW(SIN(PI()*('40.002878'-t_dynamic.latitude)/360),2)+COS(PI()*'40.002878'/180)* COS(t_dynamic.latitude * PI()/180)*POW(SIN(PI()*('116.486796'-t_dynamic.longitude)/360),2))))*1000) < 500 ) ORDER BY juli asc,t_dynamic.addtime desc LIMIT 0,15   [ RunTime:0.0154s ]

[ 2016-01-21T17:06:25+08:00 ] 127.0.0.1 /Api/index/fujindtlist
INFO: [ app_init ] --START--
INFO: Run Behavior\BuildLiteBehavior [ RunTime:0.000019s ]
INFO: [ app_init ] --END-- [ RunTime:0.000605s ]
INFO: [ app_begin ] --START--
INFO: Run Behavior\ReadHtmlCacheBehavior [ RunTime:0.000930s ]
INFO: [ app_begin ] --END-- [ RunTime:0.001029s ]
SQL: SHOW COLUMNS FROM `t_dynamic` [ RunTime:0.0162s ]
SQL: SHOW COLUMNS FROM `t_friend` [ RunTime:0.0087s ]
SQL: SHOW COLUMNS FROM `t_user` [ RunTime:0.0122s ]
SQL: SELECT * FROM `t_user` WHERE `id` = 111192 LIMIT 1   [ RunTime:0.0268s ]
SQL: SELECT round((2 * 6378.137* ASIN(SQRT(POW(SIN(PI()*('40.002878'-t_dynamic.latitude)/360),2)+COS(PI()*'40.002878'/180)* COS(t_dynamic.latitude * PI()/180)*POW(SIN(PI()*('116.486796'-t_dynamic.longitude)/360),2))))*1000) as juli,t_dynamic.id,t_dynamic.address,t_dynamic.content,t_dynamic.upper,t_dynamic.addtime,t_dynamic.state,t_dynamic.status,t_dynamic.uid,t_user.simg,t_user.sex,t_user.username FROM `t_dynamic` left join t_user on t_user.id = t_dynamic.uid  WHERE ( round((2 * 6378.137* ASIN(SQRT(POW(SIN(PI()*('40.002878'-t_dynamic.latitude)/360),2)+COS(PI()*'40.002878'/180)* COS(t_dynamic.latitude * PI()/180)*POW(SIN(PI()*('116.486796'-t_dynamic.longitude)/360),2))))*1000) < 40 ) ORDER BY juli asc,t_dynamic.addtime desc LIMIT 0,15   [ RunTime:0.0110s ]

[ 2016-01-21T17:07:20+08:00 ] 127.0.0.1 /Api/index/fujindtlist
INFO: [ app_init ] --START--
INFO: Run Behavior\BuildLiteBehavior [ RunTime:0.000014s ]
INFO: [ app_init ] --END-- [ RunTime:0.000491s ]
INFO: [ app_begin ] --START--
INFO: Run Behavior\ReadHtmlCacheBehavior [ RunTime:0.000853s ]
INFO: [ app_begin ] --END-- [ RunTime:0.000934s ]
SQL: SHOW COLUMNS FROM `t_dynamic` [ RunTime:0.0105s ]
SQL: SHOW COLUMNS FROM `t_friend` [ RunTime:0.0099s ]
SQL: SHOW COLUMNS FROM `t_user` [ RunTime:0.0102s ]
SQL: SELECT * FROM `t_user` WHERE `id` = 111192 LIMIT 1   [ RunTime:0.0104s ]
SQL: SELECT round((2 * 6378.137* ASIN(SQRT(POW(SIN(PI()*('40.002901'-t_dynamic.latitude)/360),2)+COS(PI()*'40.002901'/180)* COS(t_dynamic.latitude * PI()/180)*POW(SIN(PI()*('116.486794'-t_dynamic.longitude)/360),2))))*1000) as juli,t_dynamic.id,t_dynamic.address,t_dynamic.content,t_dynamic.upper,t_dynamic.addtime,t_dynamic.state,t_dynamic.status,t_dynamic.uid,t_user.simg,t_user.sex,t_user.username FROM `t_dynamic` left join t_user on t_user.id = t_dynamic.uid  WHERE t_dynamic.type = 'user' AND t_dynamic.status = 1 AND round((2 * 6378.137* ASIN(SQRT(POW(SIN(PI()*('40.002901'-t_dynamic.latitude)/360),2)+COS(PI()*'40.002901'/180)* COS(t_dynamic.latitude * PI()/180)*POW(SIN(PI()*('116.486794'-t_dynamic.longitude)/360),2))))*1000) < 5000 ORDER BY juli asc,t_dynamic.addtime desc LIMIT 0,15   [ RunTime:0.0112s ]

[ 2016-01-21T17:07:35+08:00 ] 127.0.0.1 /Api/index/fujindtlist
INFO: [ app_init ] --START--
INFO: Run Behavior\BuildLiteBehavior [ RunTime:0.000014s ]
INFO: [ app_init ] --END-- [ RunTime:0.000531s ]
INFO: [ app_begin ] --START--
INFO: Run Behavior\ReadHtmlCacheBehavior [ RunTime:0.000926s ]
INFO: [ app_begin ] --END-- [ RunTime:0.001032s ]
SQL: SHOW COLUMNS FROM `t_dynamic` [ RunTime:0.0102s ]
SQL: SHOW COLUMNS FROM `t_friend` [ RunTime:0.0098s ]
SQL: SHOW COLUMNS FROM `t_user` [ RunTime:0.0203s ]
SQL: SELECT * FROM `t_user` WHERE `id` = 111192 LIMIT 1   [ RunTime:0.0108s ]

[ 2016-01-21T17:08:58+08:00 ] 127.0.0.1 /Api/index/fujindtlist
INFO: [ app_init ] --START--
INFO: Run Behavior\BuildLiteBehavior [ RunTime:0.000015s ]
INFO: [ app_init ] --END-- [ RunTime:0.000604s ]
INFO: [ app_begin ] --START--
INFO: Run Behavior\ReadHtmlCacheBehavior [ RunTime:0.000758s ]
INFO: [ app_begin ] --END-- [ RunTime:0.000819s ]
SQL: SHOW COLUMNS FROM `t_dynamic` [ RunTime:0.0122s ]
SQL: SHOW COLUMNS FROM `t_friend` [ RunTime:0.0109s ]
SQL: SHOW COLUMNS FROM `t_user` [ RunTime:0.0119s ]
SQL: SELECT * FROM `t_user` WHERE `id` = 111192 LIMIT 1   [ RunTime:0.0136s ]
SQL: SELECT round((2 * 6378.137* ASIN(SQRT(POW(SIN(PI()*('40.002901'-t_dynamic.latitude)/360),2)+COS(PI()*'40.002901'/180)* COS(t_dynamic.latitude * PI()/180)*POW(SIN(PI()*('116.486794'-t_dynamic.longitude)/360),2))))*1000) as juli,t_dynamic.id,t_dynamic.address,t_dynamic.content,t_dynamic.upper,t_dynamic.addtime,t_dynamic.state,t_dynamic.status,t_dynamic.uid,t_user.simg,t_user.sex,t_user.username FROM `t_dynamic` left join t_user on t_user.id = t_dynamic.uid  WHERE t_dynamic.type = 'user' AND t_dynamic.status = 1 AND round((2 * 6378.137* ASIN(SQRT(POW(SIN(PI()*('40.002901'-t_dynamic.latitude)/360),2)+COS(PI()*'40.002901'/180)* COS(t_dynamic.latitude * PI()/180)*POW(SIN(PI()*('116.486794'-t_dynamic.longitude)/360),2))))*1000) < 40 ORDER BY t_dynamic.addtime desc LIMIT 0,15   [ RunTime:0.0107s ]
SQL: SHOW COLUMNS FROM `t_comment` [ RunTime:0.0129s ]
SQL: SHOW COLUMNS FROM `t_upper` [ RunTime:0.0123s ]
SQL: SHOW COLUMNS FROM `t_img` [ RunTime:0.0170s ]
SQL: SELECT COUNT(*) AS tp_count FROM `t_comment` WHERE ( type = 'dynamic' and typeid = '300' ) LIMIT 1   [ RunTime:0.0116s ]
SQL: SELECT * FROM `t_upper` WHERE ( type = 'dynamic' and pid = '300' and uid = '111192' ) LIMIT 1   [ RunTime:0.0123s ]
SQL: SELECT `simg` FROM `t_img` WHERE ( type = 'dynamic' and pid = '300' )  [ RunTime:0.0084s ]
SQL: SELECT COUNT(*) AS tp_count FROM `t_comment` WHERE ( type = 'dynamic' and typeid = '299' ) LIMIT 1   [ RunTime:0.0122s ]
SQL: SELECT * FROM `t_upper` WHERE ( type = 'dynamic' and pid = '299' and uid = '111192' ) LIMIT 1   [ RunTime:0.0125s ]
SQL: SELECT `simg` FROM `t_img` WHERE ( type = 'dynamic' and pid = '299' )  [ RunTime:0.0112s ]
SQL: SELECT COUNT(*) AS tp_count FROM `t_comment` WHERE ( type = 'dynamic' and typeid = '298' ) LIMIT 1   [ RunTime:0.0090s ]
SQL: SELECT * FROM `t_upper` WHERE ( type = 'dynamic' and pid = '298' and uid = '111192' ) LIMIT 1   [ RunTime:0.0099s ]
SQL: SELECT `simg` FROM `t_img` WHERE ( type = 'dynamic' and pid = '298' )  [ RunTime:0.0103s ]
SQL: SELECT COUNT(*) AS tp_count FROM `t_comment` WHERE ( type = 'dynamic' and typeid = '292' ) LIMIT 1   [ RunTime:0.0109s ]
SQL: SELECT * FROM `t_upper` WHERE ( type = 'dynamic' and pid = '292' and uid = '111192' ) LIMIT 1   [ RunTime:0.0119s ]
SQL: SELECT `simg` FROM `t_img` WHERE ( type = 'dynamic' and pid = '292' )  [ RunTime:0.0090s ]
SQL: SELECT COUNT(*) AS tp_count FROM `t_comment` WHERE ( type = 'dynamic' and typeid = '277' ) LIMIT 1   [ RunTime:0.0152s ]
SQL: SELECT * FROM `t_upper` WHERE ( type = 'dynamic' and pid = '277' and uid = '111192' ) LIMIT 1   [ RunTime:0.0122s ]
SQL: SELECT `simg` FROM `t_img` WHERE ( type = 'dynamic' and pid = '277' )  [ RunTime:0.0102s ]

[ 2016-01-21T17:09:26+08:00 ] 127.0.0.1 /Api/index/fujindtlist
INFO: [ app_init ] --START--
INFO: Run Behavior\BuildLiteBehavior [ RunTime:0.000014s ]
INFO: [ app_init ] --END-- [ RunTime:0.000468s ]
INFO: [ app_begin ] --START--
INFO: Run Behavior\ReadHtmlCacheBehavior [ RunTime:0.000651s ]
INFO: [ app_begin ] --END-- [ RunTime:0.000720s ]
SQL: SHOW COLUMNS FROM `t_dynamic` [ RunTime:0.0102s ]
SQL: SHOW COLUMNS FROM `t_friend` [ RunTime:0.0095s ]
SQL: SHOW COLUMNS FROM `t_user` [ RunTime:0.0111s ]
SQL: SELECT * FROM `t_user` WHERE `id` = 111192 LIMIT 1   [ RunTime:0.0278s ]
SQL: SELECT round((2 * 6378.137* ASIN(SQRT(POW(SIN(PI()*('40.002901'-t_dynamic.latitude)/360),2)+COS(PI()*'40.002901'/180)* COS(t_dynamic.latitude * PI()/180)*POW(SIN(PI()*('116.486794'-t_dynamic.longitude)/360),2))))*1000) as juli,t_dynamic.id,t_dynamic.address,t_dynamic.content,t_dynamic.upper,t_dynamic.addtime,t_dynamic.state,t_dynamic.status,t_dynamic.uid,t_user.simg,t_user.sex,t_user.username FROM `t_dynamic` left join t_user on t_user.id = t_dynamic.uid  WHERE t_dynamic.type = 'user' AND t_dynamic.status = 1 AND round((2 * 6378.137* ASIN(SQRT(POW(SIN(PI()*('40.002901'-t_dynamic.latitude)/360),2)+COS(PI()*'40.002901'/180)* COS(t_dynamic.latitude * PI()/180)*POW(SIN(PI()*('116.486794'-t_dynamic.longitude)/360),2))))*1000) < 5000 ORDER BY t_dynamic.addtime desc LIMIT 0,15   [ RunTime:0.0105s ]
SQL: SHOW COLUMNS FROM `t_comment` [ RunTime:0.0087s ]
SQL: SHOW COLUMNS FROM `t_upper` [ RunTime:0.0102s ]
SQL: SHOW COLUMNS FROM `t_img` [ RunTime:0.0174s ]
SQL: SELECT COUNT(*) AS tp_count FROM `t_comment` WHERE ( type = 'dynamic' and typeid = '384' ) LIMIT 1   [ RunTime:0.0096s ]
SQL: SELECT * FROM `t_upper` WHERE ( type = 'dynamic' and pid = '384' and uid = '111192' ) LIMIT 1   [ RunTime:0.0095s ]
SQL: SELECT `simg` FROM `t_img` WHERE ( type = 'dynamic' and pid = '384' )  [ RunTime:0.0085s ]
SQL: SELECT COUNT(*) AS tp_count FROM `t_comment` WHERE ( type = 'dynamic' and typeid = '383' ) LIMIT 1   [ RunTime:0.0088s ]
SQL: SELECT * FROM `t_upper` WHERE ( type = 'dynamic' and pid = '383' and uid = '111192' ) LIMIT 1   [ RunTime:0.0084s ]
SQL: SELECT `simg` FROM `t_img` WHERE ( type = 'dynamic' and pid = '383' )  [ RunTime:0.0082s ]
SQL: SELECT COUNT(*) AS tp_count FROM `t_comment` WHERE ( type = 'dynamic' and typeid = '343' ) LIMIT 1   [ RunTime:0.0087s ]
SQL: SELECT * FROM `t_upper` WHERE ( type = 'dynamic' and pid = '343' and uid = '111192' ) LIMIT 1   [ RunTime:0.0090s ]
SQL: SELECT `simg` FROM `t_img` WHERE ( type = 'dynamic' and pid = '343' )  [ RunTime:0.0080s ]
SQL: SELECT COUNT(*) AS tp_count FROM `t_comment` WHERE ( type = 'dynamic' and typeid = '342' ) LIMIT 1   [ RunTime:0.0108s ]
SQL: SELECT * FROM `t_upper` WHERE ( type = 'dynamic' and pid = '342' and uid = '111192' ) LIMIT 1   [ RunTime:0.0126s ]
SQL: SELECT `simg` FROM `t_img` WHERE ( type = 'dynamic' and pid = '342' )  [ RunTime:0.0088s ]
SQL: SELECT COUNT(*) AS tp_count FROM `t_comment` WHERE ( type = 'dynamic' and typeid = '338' ) LIMIT 1   [ RunTime:0.0085s ]
SQL: SELECT * FROM `t_upper` WHERE ( type = 'dynamic' and pid = '338' and uid = '111192' ) LIMIT 1   [ RunTime:0.0091s ]
SQL: SELECT `simg` FROM `t_img` WHERE ( type = 'dynamic' and pid = '338' )  [ RunTime:0.0092s ]
SQL: SELECT COUNT(*) AS tp_count FROM `t_comment` WHERE ( type = 'dynamic' and typeid = '339' ) LIMIT 1   [ RunTime:0.0090s ]
SQL: SELECT * FROM `t_upper` WHERE ( type = 'dynamic' and pid = '339' and uid = '111192' ) LIMIT 1   [ RunTime:0.0099s ]
SQL: SELECT `simg` FROM `t_img` WHERE ( type = 'dynamic' and pid = '339' )  [ RunTime:0.0083s ]
SQL: SELECT COUNT(*) AS tp_count FROM `t_comment` WHERE ( type = 'dynamic' and typeid = '340' ) LIMIT 1   [ RunTime:0.0083s ]
SQL: SELECT * FROM `t_upper` WHERE ( type = 'dynamic' and pid = '340' and uid = '111192' ) LIMIT 1   [ RunTime:0.0089s ]
SQL: SELECT `simg` FROM `t_img` WHERE ( type = 'dynamic' and pid = '340' )  [ RunTime:0.0084s ]
SQL: SELECT COUNT(*) AS tp_count FROM `t_comment` WHERE ( type = 'dynamic' and typeid = '341' ) LIMIT 1   [ RunTime:0.0082s ]
SQL: SELECT * FROM `t_upper` WHERE ( type = 'dynamic' and pid = '341' and uid = '111192' ) LIMIT 1   [ RunTime:0.0084s ]
SQL: SELECT `simg` FROM `t_img` WHERE ( type = 'dynamic' and pid = '341' )  [ RunTime:0.0083s ]
SQL: SELECT COUNT(*) AS tp_count FROM `t_comment` WHERE ( type = 'dynamic' and typeid = '337' ) LIMIT 1   [ RunTime:0.0089s ]
SQL: SELECT * FROM `t_upper` WHERE ( type = 'dynamic' and pid = '337' and uid = '111192' ) LIMIT 1   [ RunTime:0.0096s ]
SQL: SELECT `simg` FROM `t_img` WHERE ( type = 'dynamic' and pid = '337' )  [ RunTime:0.0088s ]
SQL: SELECT COUNT(*) AS tp_count FROM `t_comment` WHERE ( type = 'dynamic' and typeid = '336' ) LIMIT 1   [ RunTime:0.0082s ]
SQL: SELECT * FROM `t_upper` WHERE ( type = 'dynamic' and pid = '336' and uid = '111192' ) LIMIT 1   [ RunTime:0.0090s ]
SQL: SELECT `simg` FROM `t_img` WHERE ( type = 'dynamic' and pid = '336' )  [ RunTime:0.0092s ]
SQL: SELECT COUNT(*) AS tp_count FROM `t_comment` WHERE ( type = 'dynamic' and typeid = '335' ) LIMIT 1   [ RunTime:0.0083s ]
SQL: SELECT * FROM `t_upper` WHERE ( type = 'dynamic' and pid = '335' and uid = '111192' ) LIMIT 1   [ RunTime:0.0090s ]
SQL: SELECT `simg` FROM `t_img` WHERE ( type = 'dynamic' and pid = '335' )  [ RunTime:0.0079s ]
SQL: SELECT COUNT(*) AS tp_count FROM `t_comment` WHERE ( type = 'dynamic' and typeid = '334' ) LIMIT 1   [ RunTime:0.0087s ]
SQL: SELECT * FROM `t_upper` WHERE ( type = 'dynamic' and pid = '334' and uid = '111192' ) LIMIT 1   [ RunTime:0.0084s ]
SQL: SELECT `simg` FROM `t_img` WHERE ( type = 'dynamic' and pid = '334' )  [ RunTime:0.0086s ]
SQL: SELECT COUNT(*) AS tp_count FROM `t_comment` WHERE ( type = 'dynamic' and typeid = '333' ) LIMIT 1   [ RunTime:0.0086s ]
SQL: SELECT * FROM `t_upper` WHERE ( type = 'dynamic' and pid = '333' and uid = '111192' ) LIMIT 1   [ RunTime:0.0077s ]
SQL: SELECT `simg` FROM `t_img` WHERE ( type = 'dynamic' and pid = '333' )  [ RunTime:0.0100s ]
SQL: SELECT COUNT(*) AS tp_count FROM `t_comment` WHERE ( type = 'dynamic' and typeid = '332' ) LIMIT 1   [ RunTime:0.0091s ]
SQL: SELECT * FROM `t_upper` WHERE ( type = 'dynamic' and pid = '332' and uid = '111192' ) LIMIT 1   [ RunTime:0.0090s ]
SQL: SELECT `simg` FROM `t_img` WHERE ( type = 'dynamic' and pid = '332' )  [ RunTime:0.0099s ]
SQL: SELECT COUNT(*) AS tp_count FROM `t_comment` WHERE ( type = 'dynamic' and typeid = '331' ) LIMIT 1   [ RunTime:0.0094s ]
SQL: SELECT * FROM `t_upper` WHERE ( type = 'dynamic' and pid = '331' and uid = '111192' ) LIMIT 1   [ RunTime:0.0081s ]
SQL: SELECT `simg` FROM `t_img` WHERE ( type = 'dynamic' and pid = '331' )  [ RunTime:0.0098s ]

