[ 2016-01-22T15:18:07+08:00 ] 127.0.0.1 /Api/index/tracenews
INFO: [ app_init ] --START--
INFO: Run Behavior\BuildLiteBehavior [ RunTime:0.000029s ]
INFO: [ app_init ] --END-- [ RunTime:0.001082s ]
INFO: [ app_begin ] --START--
INFO: Run Behavior\ReadHtmlCacheBehavior [ RunTime:0.001372s ]
INFO: [ app_begin ] --END-- [ RunTime:0.001488s ]
ERR: 非法操作:tracenews

[ 2016-01-22T15:18:21+08:00 ] 127.0.0.1 /Api/index/tracenews
INFO: [ app_init ] --START--
INFO: Run Behavior\BuildLiteBehavior [ RunTime:0.000014s ]
INFO: [ app_init ] --END-- [ RunTime:0.000493s ]
INFO: [ app_begin ] --START--
INFO: Run Behavior\ReadHtmlCacheBehavior [ RunTime:0.000572s ]
INFO: [ app_begin ] --END-- [ RunTime:0.000636s ]
SQL: SHOW COLUMNS FROM `t_trace` [ RunTime:0.0110s ]
SQL: SELECT t_news.id,t_news.title,t_news.description as descript,t_news.simg,t_news.img,t_news.istop,t_news.origin,t_news.addtime,t_news.type FROM `t_trace` left join t_news on t_news.id = t_trace.newsid  WHERE ( t_trace.uid = 111192 ) ORDER BY t_trace.addtime desc LIMIT 0,15   [ RunTime:0.0108s ]
SQL: SHOW COLUMNS FROM `t_comment` [ RunTime:0.0438s ]
SQL: SHOW COLUMNS FROM `t_friend` [ RunTime:0.0118s ]
SQL: SELECT `fid` FROM `t_friend` WHERE ( uid = 111192 )  [ RunTime:0.0222s ]
SQL: SHOW COLUMNS FROM `t_img` [ RunTime:0.0137s ]
SQL: SELECT COUNT(*) AS tp_count FROM `t_comment` WHERE ( type = 'news' and typeid = '9503780' ) LIMIT 1   [ RunTime:0.0146s ]
SQL: SELECT * FROM `t_comment` WHERE `uid` IN (111198,111196,111200,111195,111197) AND `type` = 'news' AND `typeid` = 9503780 GROUP BY uid  [ RunTime:0.0197s ]
SQL: SELECT COUNT(*) AS tp_count FROM `t_comment` WHERE ( type = 'news' and typeid = '9503782' ) LIMIT 1   [ RunTime:0.0093s ]
SQL: SELECT * FROM `t_comment` WHERE `uid` IN (111198,111196,111200,111195,111197) AND `type` = 'news' AND `typeid` = 9503782 GROUP BY uid  [ RunTime:0.0107s ]
SQL: SELECT COUNT(*) AS tp_count FROM `t_comment` WHERE ( type = 'news' and typeid = '9503779' ) LIMIT 1   [ RunTime:0.0098s ]
SQL: SELECT * FROM `t_comment` WHERE `uid` IN (111198,111196,111200,111195,111197) AND `type` = 'news' AND `typeid` = 9503779 GROUP BY uid  [ RunTime:0.0103s ]
SQL: SELECT COUNT(*) AS tp_count FROM `t_comment` WHERE ( type = 'news' and typeid = '9503769' ) LIMIT 1   [ RunTime:0.0095s ]
SQL: SELECT * FROM `t_comment` WHERE `uid` IN (111198,111196,111200,111195,111197) AND `type` = 'news' AND `typeid` = 9503769 GROUP BY uid  [ RunTime:0.0109s ]
SQL: SELECT COUNT(*) AS tp_count FROM `t_comment` WHERE ( type = 'news' and typeid = '9503781' ) LIMIT 1   [ RunTime:0.0108s ]
SQL: SELECT * FROM `t_comment` WHERE `uid` IN (111198,111196,111200,111195,111197) AND `type` = 'news' AND `typeid` = 9503781 GROUP BY uid  [ RunTime:0.0111s ]
SQL: SELECT COUNT(*) AS tp_count FROM `t_comment` WHERE ( type = 'news' and typeid = '9503776' ) LIMIT 1   [ RunTime:0.0099s ]
SQL: SELECT * FROM `t_comment` WHERE `uid` IN (111198,111196,111200,111195,111197) AND `type` = 'news' AND `typeid` = 9503776 GROUP BY uid  [ RunTime:0.0106s ]
SQL: SELECT COUNT(*) AS tp_count FROM `t_comment` WHERE ( type = 'news' and typeid = '9503775' ) LIMIT 1   [ RunTime:0.0097s ]
SQL: SELECT * FROM `t_comment` WHERE `uid` IN (111198,111196,111200,111195,111197) AND `type` = 'news' AND `typeid` = 9503775 GROUP BY uid  [ RunTime:0.0124s ]
SQL: SELECT COUNT(*) AS tp_count FROM `t_comment` WHERE ( type = 'news' and typeid = '9503783' ) LIMIT 1   [ RunTime:0.0092s ]
SQL: SELECT * FROM `t_comment` WHERE `uid` IN (111198,111196,111200,111195,111197) AND `type` = 'news' AND `typeid` = 9503783 GROUP BY uid  [ RunTime:0.0093s ]
SQL: SELECT COUNT(*) AS tp_count FROM `t_comment` WHERE ( type = 'news' and typeid = '9503768' ) LIMIT 1   [ RunTime:0.0103s ]
SQL: SELECT * FROM `t_comment` WHERE `uid` IN (111198,111196,111200,111195,111197) AND `type` = 'news' AND `typeid` = 9503768 GROUP BY uid  [ RunTime:0.0098s ]
SQL: SELECT `simg` FROM `t_img` WHERE ( type = 'news' and pid = '9503768' ) ORDER BY id asc LIMIT 3   [ RunTime:0.0118s ]
SQL: SELECT COUNT(*) AS tp_count FROM `t_comment` WHERE ( type = 'news' and typeid = '9503770' ) LIMIT 1   [ RunTime:0.0101s ]
SQL: SELECT * FROM `t_comment` WHERE `uid` IN (111198,111196,111200,111195,111197) AND `type` = 'news' AND `typeid` = 9503770 GROUP BY uid  [ RunTime:0.0095s ]
SQL: SELECT COUNT(*) AS tp_count FROM `t_comment` WHERE ( type = 'news' and typeid = '' ) LIMIT 1   [ RunTime:0.0184s ]
SQL: SELECT * FROM `t_comment` WHERE `uid` IN (111198,111196,111200,111195,111197) AND `type` = 'news' AND `typeid` = null GROUP BY uid  [ RunTime:0.0100s ]
SQL: SELECT COUNT(*) AS tp_count FROM `t_comment` WHERE ( type = 'news' and typeid = '9503767' ) LIMIT 1   [ RunTime:0.0163s ]
SQL: SELECT * FROM `t_comment` WHERE `uid` IN (111198,111196,111200,111195,111197) AND `type` = 'news' AND `typeid` = 9503767 GROUP BY uid  [ RunTime:0.0112s ]
SQL: SELECT COUNT(*) AS tp_count FROM `t_comment` WHERE ( type = 'news' and typeid = '9503774' ) LIMIT 1   [ RunTime:0.0100s ]
SQL: SELECT * FROM `t_comment` WHERE `uid` IN (111198,111196,111200,111195,111197) AND `type` = 'news' AND `typeid` = 9503774 GROUP BY uid  [ RunTime:0.0091s ]
SQL: SELECT COUNT(*) AS tp_count FROM `t_comment` WHERE ( type = 'news' and typeid = '9503773' ) LIMIT 1   [ RunTime:0.0099s ]
SQL: SELECT * FROM `t_comment` WHERE `uid` IN (111198,111196,111200,111195,111197) AND `type` = 'news' AND `typeid` = 9503773 GROUP BY uid  [ RunTime:0.0104s ]
SQL: SELECT COUNT(*) AS tp_count FROM `t_comment` WHERE ( type = 'news' and typeid = '9503777' ) LIMIT 1   [ RunTime:0.0094s ]
SQL: SELECT * FROM `t_comment` WHERE `uid` IN (111198,111196,111200,111195,111197) AND `type` = 'news' AND `typeid` = 9503777 GROUP BY uid  [ RunTime:0.0110s ]

[ 2016-01-22T15:19:50+08:00 ] 127.0.0.1 /Api/index/tracenews
INFO: [ app_init ] --START--
INFO: Run Behavior\BuildLiteBehavior [ RunTime:0.000022s ]
INFO: [ app_init ] --END-- [ RunTime:0.001047s ]
INFO: [ app_begin ] --START--
INFO: Run Behavior\ReadHtmlCacheBehavior [ RunTime:0.000661s ]
INFO: [ app_begin ] --END-- [ RunTime:0.000757s ]
SQL: SHOW COLUMNS FROM `t_trace` [ RunTime:0.0092s ]
SQL: SELECT t_news.id,t_news.title,t_news.description as descript,t_news.simg,t_news.img,t_news.istop,t_news.origin,t_news.addtime,t_news.type FROM `t_trace` left join t_news on t_news.id = t_trace.newsid  WHERE ( t_trace.uid = 111192 and t_news.id != '' ) ORDER BY t_trace.addtime desc LIMIT 0,15   [ RunTime:0.0104s ]
SQL: SHOW COLUMNS FROM `t_comment` [ RunTime:0.0445s ]
SQL: SHOW COLUMNS FROM `t_friend` [ RunTime:0.0107s ]
SQL: SELECT `fid` FROM `t_friend` WHERE ( uid = 111192 )  [ RunTime:0.0098s ]
SQL: SHOW COLUMNS FROM `t_img` [ RunTime:0.0157s ]
SQL: SELECT COUNT(*) AS tp_count FROM `t_comment` WHERE ( type = 'news' and typeid = '9503780' ) LIMIT 1   [ RunTime:0.0086s ]
SQL: SELECT * FROM `t_comment` WHERE `uid` IN (111198,111196,111200,111195,111197) AND `type` = 'news' AND `typeid` = 9503780 GROUP BY uid  [ RunTime:0.0152s ]
SQL: SELECT COUNT(*) AS tp_count FROM `t_comment` WHERE ( type = 'news' and typeid = '9503782' ) LIMIT 1   [ RunTime:0.0075s ]
SQL: SELECT * FROM `t_comment` WHERE `uid` IN (111198,111196,111200,111195,111197) AND `type` = 'news' AND `typeid` = 9503782 GROUP BY uid  [ RunTime:0.0109s ]
SQL: SELECT COUNT(*) AS tp_count FROM `t_comment` WHERE ( type = 'news' and typeid = '9503779' ) LIMIT 1   [ RunTime:0.0099s ]
SQL: SELECT * FROM `t_comment` WHERE `uid` IN (111198,111196,111200,111195,111197) AND `type` = 'news' AND `typeid` = 9503779 GROUP BY uid  [ RunTime:0.0084s ]
SQL: SELECT COUNT(*) AS tp_count FROM `t_comment` WHERE ( type = 'news' and typeid = '9503769' ) LIMIT 1   [ RunTime:0.0158s ]
SQL: SELECT * FROM `t_comment` WHERE `uid` IN (111198,111196,111200,111195,111197) AND `type` = 'news' AND `typeid` = 9503769 GROUP BY uid  [ RunTime:0.0086s ]
SQL: SELECT COUNT(*) AS tp_count FROM `t_comment` WHERE ( type = 'news' and typeid = '9503781' ) LIMIT 1   [ RunTime:0.0097s ]
SQL: SELECT * FROM `t_comment` WHERE `uid` IN (111198,111196,111200,111195,111197) AND `type` = 'news' AND `typeid` = 9503781 GROUP BY uid  [ RunTime:0.0089s ]
SQL: SELECT COUNT(*) AS tp_count FROM `t_comment` WHERE ( type = 'news' and typeid = '9503776' ) LIMIT 1   [ RunTime:0.0078s ]
SQL: SELECT * FROM `t_comment` WHERE `uid` IN (111198,111196,111200,111195,111197) AND `type` = 'news' AND `typeid` = 9503776 GROUP BY uid  [ RunTime:0.0085s ]
SQL: SELECT COUNT(*) AS tp_count FROM `t_comment` WHERE ( type = 'news' and typeid = '9503775' ) LIMIT 1   [ RunTime:0.0094s ]
SQL: SELECT * FROM `t_comment` WHERE `uid` IN (111198,111196,111200,111195,111197) AND `type` = 'news' AND `typeid` = 9503775 GROUP BY uid  [ RunTime:0.0087s ]
SQL: SELECT COUNT(*) AS tp_count FROM `t_comment` WHERE ( type = 'news' and typeid = '9503783' ) LIMIT 1   [ RunTime:0.0111s ]
SQL: SELECT * FROM `t_comment` WHERE `uid` IN (111198,111196,111200,111195,111197) AND `type` = 'news' AND `typeid` = 9503783 GROUP BY uid  [ RunTime:0.0090s ]
SQL: SELECT COUNT(*) AS tp_count FROM `t_comment` WHERE ( type = 'news' and typeid = '9503768' ) LIMIT 1   [ RunTime:0.0092s ]
SQL: SELECT * FROM `t_comment` WHERE `uid` IN (111198,111196,111200,111195,111197) AND `type` = 'news' AND `typeid` = 9503768 GROUP BY uid  [ RunTime:0.0132s ]
SQL: SELECT `simg` FROM `t_img` WHERE ( type = 'news' and pid = '9503768' ) ORDER BY id asc LIMIT 3   [ RunTime:0.0215s ]
SQL: SELECT COUNT(*) AS tp_count FROM `t_comment` WHERE ( type = 'news' and typeid = '9503770' ) LIMIT 1   [ RunTime:0.0124s ]
SQL: SELECT * FROM `t_comment` WHERE `uid` IN (111198,111196,111200,111195,111197) AND `type` = 'news' AND `typeid` = 9503770 GROUP BY uid  [ RunTime:0.0102s ]
SQL: SELECT COUNT(*) AS tp_count FROM `t_comment` WHERE ( type = 'news' and typeid = '9503767' ) LIMIT 1   [ RunTime:0.0082s ]
SQL: SELECT * FROM `t_comment` WHERE `uid` IN (111198,111196,111200,111195,111197) AND `type` = 'news' AND `typeid` = 9503767 GROUP BY uid  [ RunTime:0.0151s ]
SQL: SELECT COUNT(*) AS tp_count FROM `t_comment` WHERE ( type = 'news' and typeid = '9503774' ) LIMIT 1   [ RunTime:0.0082s ]
SQL: SELECT * FROM `t_comment` WHERE `uid` IN (111198,111196,111200,111195,111197) AND `type` = 'news' AND `typeid` = 9503774 GROUP BY uid  [ RunTime:0.0143s ]
SQL: SELECT COUNT(*) AS tp_count FROM `t_comment` WHERE ( type = 'news' and typeid = '9503773' ) LIMIT 1   [ RunTime:0.0093s ]
SQL: SELECT * FROM `t_comment` WHERE `uid` IN (111198,111196,111200,111195,111197) AND `type` = 'news' AND `typeid` = 9503773 GROUP BY uid  [ RunTime:0.0104s ]
SQL: SELECT COUNT(*) AS tp_count FROM `t_comment` WHERE ( type = 'news' and typeid = '9503777' ) LIMIT 1   [ RunTime:0.0103s ]
SQL: SELECT * FROM `t_comment` WHERE `uid` IN (111198,111196,111200,111195,111197) AND `type` = 'news' AND `typeid` = 9503777 GROUP BY uid  [ RunTime:0.0081s ]
SQL: SELECT COUNT(*) AS tp_count FROM `t_comment` WHERE ( type = 'news' and typeid = '9503772' ) LIMIT 1   [ RunTime:0.0083s ]
SQL: SELECT * FROM `t_comment` WHERE `uid` IN (111198,111196,111200,111195,111197) AND `type` = 'news' AND `typeid` = 9503772 GROUP BY uid  [ RunTime:0.0154s ]

[ 2016-01-22T17:22:07+08:00 ] 127.0.0.1 /Api/index/cellnews
INFO: [ app_init ] --START--
INFO: Run Behavior\BuildLiteBehavior [ RunTime:0.000013s ]
INFO: [ app_init ] --END-- [ RunTime:0.000555s ]
INFO: [ app_begin ] --START--
INFO: Run Behavior\ReadHtmlCacheBehavior [ RunTime:0.000655s ]
INFO: [ app_begin ] --END-- [ RunTime:0.000711s ]
SQL: SHOW COLUMNS FROM `t_cell` [ RunTime:0.0093s ]
ERR: SQLSTATE[42S22]: Column not found: 1054 Unknown column 't_trace.addtime' in 'order clause'

[ 2016-01-22T17:22:19+08:00 ] 127.0.0.1 /Api/index/cellnews
INFO: [ app_init ] --START--
INFO: Run Behavior\BuildLiteBehavior [ RunTime:0.000014s ]
INFO: [ app_init ] --END-- [ RunTime:0.000764s ]
INFO: [ app_begin ] --START--
INFO: Run Behavior\ReadHtmlCacheBehavior [ RunTime:0.000522s ]
INFO: [ app_begin ] --END-- [ RunTime:0.000578s ]
SQL: SHOW COLUMNS FROM `t_cell` [ RunTime:0.0103s ]
SQL: SELECT t_news.id,t_news.title,t_news.description as descript,t_news.simg,t_news.img,t_news.istop,t_news.origin,t_news.addtime,t_news.type FROM `t_cell` left join t_news on t_news.id = t_cell.pid  WHERE ( t_cell.uid = 111192 and t_cell.type = 'news' and t_news.id != ' ' ) ORDER BY t_cell.addtime desc LIMIT 0,15   [ RunTime:0.0106s ]
SQL: SHOW COLUMNS FROM `t_comment` [ RunTime:0.0103s ]
SQL: SHOW COLUMNS FROM `t_friend` [ RunTime:0.0110s ]
SQL: SELECT `fid` FROM `t_friend` WHERE ( uid = 111192 )  [ RunTime:0.3550s ]
SQL: SHOW COLUMNS FROM `t_img` [ RunTime:0.0122s ]
SQL: SELECT COUNT(*) AS tp_count FROM `t_comment` WHERE ( type = 'news' and typeid = '9503782' ) LIMIT 1   [ RunTime:0.0096s ]
SQL: SELECT * FROM `t_comment` WHERE `uid` IN (111198,111196,111200,111195,111197) AND `type` = 'news' AND `typeid` = 9503782 GROUP BY uid  [ RunTime:0.0129s ]
SQL: SELECT COUNT(*) AS tp_count FROM `t_comment` WHERE ( type = 'news' and typeid = '9503767' ) LIMIT 1   [ RunTime:0.0101s ]
SQL: SELECT * FROM `t_comment` WHERE `uid` IN (111198,111196,111200,111195,111197) AND `type` = 'news' AND `typeid` = 9503767 GROUP BY uid  [ RunTime:0.0099s ]
SQL: SELECT COUNT(*) AS tp_count FROM `t_comment` WHERE ( type = 'news' and typeid = '9503783' ) LIMIT 1   [ RunTime:0.0155s ]
SQL: SELECT * FROM `t_comment` WHERE `uid` IN (111198,111196,111200,111195,111197) AND `type` = 'news' AND `typeid` = 9503783 GROUP BY uid  [ RunTime:0.0103s ]
SQL: SELECT COUNT(*) AS tp_count FROM `t_comment` WHERE ( type = 'news' and typeid = '9503768' ) LIMIT 1   [ RunTime:0.0103s ]
SQL: SELECT * FROM `t_comment` WHERE `uid` IN (111198,111196,111200,111195,111197) AND `type` = 'news' AND `typeid` = 9503768 GROUP BY uid  [ RunTime:0.0100s ]
SQL: SELECT `simg` FROM `t_img` WHERE ( type = 'news' and pid = '9503768' ) ORDER BY id asc LIMIT 3   [ RunTime:0.0097s ]
SQL: SELECT COUNT(*) AS tp_count FROM `t_comment` WHERE ( type = 'news' and typeid = '9503776' ) LIMIT 1   [ RunTime:0.0102s ]
SQL: SELECT * FROM `t_comment` WHERE `uid` IN (111198,111196,111200,111195,111197) AND `type` = 'news' AND `typeid` = 9503776 GROUP BY uid  [ RunTime:0.0101s ]
SQL: SELECT COUNT(*) AS tp_count FROM `t_comment` WHERE ( type = 'news' and typeid = '9503781' ) LIMIT 1   [ RunTime:0.0088s ]
SQL: SELECT * FROM `t_comment` WHERE `uid` IN (111198,111196,111200,111195,111197) AND `type` = 'news' AND `typeid` = 9503781 GROUP BY uid  [ RunTime:0.0119s ]

[ 2016-01-22T17:41:15+08:00 ] 127.0.0.1 /Api/index/withnews
INFO: [ app_init ] --START--
INFO: Run Behavior\BuildLiteBehavior [ RunTime:0.000014s ]
INFO: [ app_init ] --END-- [ RunTime:0.000467s ]
INFO: [ app_begin ] --START--
INFO: Run Behavior\ReadHtmlCacheBehavior [ RunTime:0.000779s ]
INFO: [ app_begin ] --END-- [ RunTime:0.000847s ]
SQL: SHOW COLUMNS FROM `t_news` [ RunTime:0.0165s ]
SQL: SELECT * FROM `t_news` WHERE `id` = 9503769 LIMIT 1   [ RunTime:0.0106s ]
SQL: SELECT `id`,`title`,description as descript,`simg`,`img`,`istop`,`origin`,`addtime`,`type` FROM `t_news` WHERE ( groupid = '1' and id !='9503769' and (cityid = 111 or cityid = 0) ) ORDER BY addtime desc LIMIT 0,20   [ RunTime:0.0095s ]
SQL: SHOW COLUMNS FROM `t_comment` [ RunTime:0.0103s ]
SQL: SHOW COLUMNS FROM `t_friend` [ RunTime:0.0108s ]
SQL: SELECT `fid` FROM `t_friend` WHERE ( uid = 111192 )  [ RunTime:0.0095s ]
SQL: SHOW COLUMNS FROM `t_img` [ RunTime:0.0239s ]
SQL: SELECT COUNT(*) AS tp_count FROM `t_comment` WHERE ( type = 'news' and typeid = '9503785' ) LIMIT 1   [ RunTime:0.0105s ]
SQL: SELECT * FROM `t_comment` WHERE `uid` IN (111198,111196,111200,111195,111197) AND `type` = 'news' AND `typeid` = 9503785 GROUP BY uid  [ RunTime:0.0106s ]
SQL: SELECT COUNT(*) AS tp_count FROM `t_comment` WHERE ( type = 'news' and typeid = '9503768' ) LIMIT 1   [ RunTime:0.0080s ]
SQL: SELECT * FROM `t_comment` WHERE `uid` IN (111198,111196,111200,111195,111197) AND `type` = 'news' AND `typeid` = 9503768 GROUP BY uid  [ RunTime:0.0094s ]
SQL: SELECT `simg` FROM `t_img` WHERE ( type = 'news' and pid = '9503768' ) ORDER BY id asc LIMIT 3   [ RunTime:0.0085s ]
SQL: SELECT COUNT(*) AS tp_count FROM `t_comment` WHERE ( type = 'news' and typeid = '9503767' ) LIMIT 1   [ RunTime:0.0080s ]
SQL: SELECT * FROM `t_comment` WHERE `uid` IN (111198,111196,111200,111195,111197) AND `type` = 'news' AND `typeid` = 9503767 GROUP BY uid  [ RunTime:0.0085s ]
SQL: SELECT COUNT(*) AS tp_count FROM `t_comment` WHERE ( type = 'news' and typeid = '9503771' ) LIMIT 1   [ RunTime:0.0082s ]
SQL: SELECT * FROM `t_comment` WHERE `uid` IN (111198,111196,111200,111195,111197) AND `type` = 'news' AND `typeid` = 9503771 GROUP BY uid  [ RunTime:0.0094s ]
SQL: SELECT COUNT(*) AS tp_count FROM `t_comment` WHERE ( type = 'news' and typeid = '9503772' ) LIMIT 1   [ RunTime:0.0086s ]
SQL: SELECT * FROM `t_comment` WHERE `uid` IN (111198,111196,111200,111195,111197) AND `type` = 'news' AND `typeid` = 9503772 GROUP BY uid  [ RunTime:0.0129s ]
SQL: SELECT COUNT(*) AS tp_count FROM `t_comment` WHERE ( type = 'news' and typeid = '9503773' ) LIMIT 1   [ RunTime:0.0105s ]
SQL: SELECT * FROM `t_comment` WHERE `uid` IN (111198,111196,111200,111195,111197) AND `type` = 'news' AND `typeid` = 9503773 GROUP BY uid  [ RunTime:0.0114s ]
SQL: SELECT COUNT(*) AS tp_count FROM `t_comment` WHERE ( type = 'news' and typeid = '9503774' ) LIMIT 1   [ RunTime:0.0093s ]
SQL: SELECT * FROM `t_comment` WHERE `uid` IN (111198,111196,111200,111195,111197) AND `type` = 'news' AND `typeid` = 9503774 GROUP BY uid  [ RunTime:0.0104s ]
SQL: SELECT COUNT(*) AS tp_count FROM `t_comment` WHERE ( type = 'news' and typeid = '9503775' ) LIMIT 1   [ RunTime:0.0094s ]
SQL: SELECT * FROM `t_comment` WHERE `uid` IN (111198,111196,111200,111195,111197) AND `type` = 'news' AND `typeid` = 9503775 GROUP BY uid  [ RunTime:0.0101s ]
SQL: SELECT COUNT(*) AS tp_count FROM `t_comment` WHERE ( type = 'news' and typeid = '9503776' ) LIMIT 1   [ RunTime:0.0096s ]
SQL: SELECT * FROM `t_comment` WHERE `uid` IN (111198,111196,111200,111195,111197) AND `type` = 'news' AND `typeid` = 9503776 GROUP BY uid  [ RunTime:0.0094s ]
SQL: SELECT COUNT(*) AS tp_count FROM `t_comment` WHERE ( type = 'news' and typeid = '9503777' ) LIMIT 1   [ RunTime:0.0085s ]
SQL: SELECT * FROM `t_comment` WHERE `uid` IN (111198,111196,111200,111195,111197) AND `type` = 'news' AND `typeid` = 9503777 GROUP BY uid  [ RunTime:0.0090s ]
SQL: SELECT COUNT(*) AS tp_count FROM `t_comment` WHERE ( type = 'news' and typeid = '9503778' ) LIMIT 1   [ RunTime:0.0112s ]
SQL: SELECT * FROM `t_comment` WHERE `uid` IN (111198,111196,111200,111195,111197) AND `type` = 'news' AND `typeid` = 9503778 GROUP BY uid  [ RunTime:0.0111s ]
SQL: SELECT COUNT(*) AS tp_count FROM `t_comment` WHERE ( type = 'news' and typeid = '9503779' ) LIMIT 1   [ RunTime:0.0085s ]
SQL: SELECT * FROM `t_comment` WHERE `uid` IN (111198,111196,111200,111195,111197) AND `type` = 'news' AND `typeid` = 9503779 GROUP BY uid  [ RunTime:0.0103s ]
SQL: SELECT COUNT(*) AS tp_count FROM `t_comment` WHERE ( type = 'news' and typeid = '9503780' ) LIMIT 1   [ RunTime:0.0090s ]
SQL: SELECT * FROM `t_comment` WHERE `uid` IN (111198,111196,111200,111195,111197) AND `type` = 'news' AND `typeid` = 9503780 GROUP BY uid  [ RunTime:0.0096s ]
SQL: SELECT COUNT(*) AS tp_count FROM `t_comment` WHERE ( type = 'news' and typeid = '9503781' ) LIMIT 1   [ RunTime:0.0100s ]
SQL: SELECT * FROM `t_comment` WHERE `uid` IN (111198,111196,111200,111195,111197) AND `type` = 'news' AND `typeid` = 9503781 GROUP BY uid  [ RunTime:0.0085s ]
SQL: SELECT COUNT(*) AS tp_count FROM `t_comment` WHERE ( type = 'news' and typeid = '9503782' ) LIMIT 1   [ RunTime:0.0088s ]
SQL: SELECT * FROM `t_comment` WHERE `uid` IN (111198,111196,111200,111195,111197) AND `type` = 'news' AND `typeid` = 9503782 GROUP BY uid  [ RunTime:0.0100s ]
SQL: SELECT COUNT(*) AS tp_count FROM `t_comment` WHERE ( type = 'news' and typeid = '9503783' ) LIMIT 1   [ RunTime:0.0131s ]
SQL: SELECT * FROM `t_comment` WHERE `uid` IN (111198,111196,111200,111195,111197) AND `type` = 'news' AND `typeid` = 9503783 GROUP BY uid  [ RunTime:0.0138s ]

[ 2016-01-22T17:42:11+08:00 ] 127.0.0.1 /Api/index/withnews
INFO: [ app_init ] --START--
INFO: Run Behavior\BuildLiteBehavior [ RunTime:0.000015s ]
INFO: [ app_init ] --END-- [ RunTime:0.000535s ]
INFO: [ app_begin ] --START--
INFO: Run Behavior\ReadHtmlCacheBehavior [ RunTime:0.000667s ]
INFO: [ app_begin ] --END-- [ RunTime:0.000735s ]
SQL: SHOW COLUMNS FROM `t_news` [ RunTime:0.0099s ]
SQL: SELECT * FROM `t_news` WHERE `id` = 9503769 LIMIT 1   [ RunTime:0.0589s ]
SQL: SELECT `id`,`title`,description as descript,`simg`,`img`,`istop`,`origin`,`addtime`,`type` FROM `t_news` WHERE ( groupid = '1' and id !='9503769' and (cityid = 9503760 or cityid = 0) ) ORDER BY addtime desc LIMIT 0,20   [ RunTime:0.0496s ]
SQL: SHOW COLUMNS FROM `t_comment` [ RunTime:0.0087s ]
SQL: SHOW COLUMNS FROM `t_friend` [ RunTime:0.0127s ]
SQL: SELECT `fid` FROM `t_friend` WHERE ( uid = 111192 )  [ RunTime:0.0088s ]
SQL: SHOW COLUMNS FROM `t_img` [ RunTime:0.0083s ]
SQL: SELECT COUNT(*) AS tp_count FROM `t_comment` WHERE ( type = 'news' and typeid = '9503785' ) LIMIT 1   [ RunTime:0.0154s ]
SQL: SELECT * FROM `t_comment` WHERE `uid` IN (111198,111196,111200,111195,111197) AND `type` = 'news' AND `typeid` = 9503785 GROUP BY uid  [ RunTime:0.0100s ]
SQL: SELECT COUNT(*) AS tp_count FROM `t_comment` WHERE ( type = 'news' and typeid = '9503768' ) LIMIT 1   [ RunTime:0.0141s ]
SQL: SELECT * FROM `t_comment` WHERE `uid` IN (111198,111196,111200,111195,111197) AND `type` = 'news' AND `typeid` = 9503768 GROUP BY uid  [ RunTime:0.0089s ]
SQL: SELECT `simg` FROM `t_img` WHERE ( type = 'news' and pid = '9503768' ) ORDER BY id asc LIMIT 3   [ RunTime:0.0095s ]
SQL: SELECT COUNT(*) AS tp_count FROM `t_comment` WHERE ( type = 'news' and typeid = '9503767' ) LIMIT 1   [ RunTime:0.0074s ]
SQL: SELECT * FROM `t_comment` WHERE `uid` IN (111198,111196,111200,111195,111197) AND `type` = 'news' AND `typeid` = 9503767 GROUP BY uid  [ RunTime:0.0089s ]
SQL: SELECT COUNT(*) AS tp_count FROM `t_comment` WHERE ( type = 'news' and typeid = '9503771' ) LIMIT 1   [ RunTime:0.0080s ]
SQL: SELECT * FROM `t_comment` WHERE `uid` IN (111198,111196,111200,111195,111197) AND `type` = 'news' AND `typeid` = 9503771 GROUP BY uid  [ RunTime:0.0076s ]
SQL: SELECT COUNT(*) AS tp_count FROM `t_comment` WHERE ( type = 'news' and typeid = '9503772' ) LIMIT 1   [ RunTime:0.0095s ]
SQL: SELECT * FROM `t_comment` WHERE `uid` IN (111198,111196,111200,111195,111197) AND `type` = 'news' AND `typeid` = 9503772 GROUP BY uid  [ RunTime:0.3433s ]
SQL: SELECT COUNT(*) AS tp_count FROM `t_comment` WHERE ( type = 'news' and typeid = '9503773' ) LIMIT 1   [ RunTime:0.0086s ]
SQL: SELECT * FROM `t_comment` WHERE `uid` IN (111198,111196,111200,111195,111197) AND `type` = 'news' AND `typeid` = 9503773 GROUP BY uid  [ RunTime:0.0088s ]
SQL: SELECT COUNT(*) AS tp_count FROM `t_comment` WHERE ( type = 'news' and typeid = '9503774' ) LIMIT 1   [ RunTime:0.0084s ]
SQL: SELECT * FROM `t_comment` WHERE `uid` IN (111198,111196,111200,111195,111197) AND `type` = 'news' AND `typeid` = 9503774 GROUP BY uid  [ RunTime:0.0104s ]
SQL: SELECT COUNT(*) AS tp_count FROM `t_comment` WHERE ( type = 'news' and typeid = '9503775' ) LIMIT 1   [ RunTime:0.0087s ]
SQL: SELECT * FROM `t_comment` WHERE `uid` IN (111198,111196,111200,111195,111197) AND `type` = 'news' AND `typeid` = 9503775 GROUP BY uid  [ RunTime:0.0116s ]
SQL: SELECT COUNT(*) AS tp_count FROM `t_comment` WHERE ( type = 'news' and typeid = '9503776' ) LIMIT 1   [ RunTime:0.0096s ]
SQL: SELECT * FROM `t_comment` WHERE `uid` IN (111198,111196,111200,111195,111197) AND `type` = 'news' AND `typeid` = 9503776 GROUP BY uid  [ RunTime:0.0081s ]
SQL: SELECT COUNT(*) AS tp_count FROM `t_comment` WHERE ( type = 'news' and typeid = '9503777' ) LIMIT 1   [ RunTime:0.0085s ]
SQL: SELECT * FROM `t_comment` WHERE `uid` IN (111198,111196,111200,111195,111197) AND `type` = 'news' AND `typeid` = 9503777 GROUP BY uid  [ RunTime:0.0084s ]
SQL: SELECT COUNT(*) AS tp_count FROM `t_comment` WHERE ( type = 'news' and typeid = '9503778' ) LIMIT 1   [ RunTime:0.0112s ]
SQL: SELECT * FROM `t_comment` WHERE `uid` IN (111198,111196,111200,111195,111197) AND `type` = 'news' AND `typeid` = 9503778 GROUP BY uid  [ RunTime:0.0108s ]
SQL: SELECT COUNT(*) AS tp_count FROM `t_comment` WHERE ( type = 'news' and typeid = '9503779' ) LIMIT 1   [ RunTime:0.0095s ]
SQL: SELECT * FROM `t_comment` WHERE `uid` IN (111198,111196,111200,111195,111197) AND `type` = 'news' AND `typeid` = 9503779 GROUP BY uid  [ RunTime:0.0095s ]
SQL: SELECT COUNT(*) AS tp_count FROM `t_comment` WHERE ( type = 'news' and typeid = '9503780' ) LIMIT 1   [ RunTime:0.0068s ]
SQL: SELECT * FROM `t_comment` WHERE `uid` IN (111198,111196,111200,111195,111197) AND `type` = 'news' AND `typeid` = 9503780 GROUP BY uid  [ RunTime:0.0078s ]
SQL: SELECT COUNT(*) AS tp_count FROM `t_comment` WHERE ( type = 'news' and typeid = '9503781' ) LIMIT 1   [ RunTime:0.0081s ]
SQL: SELECT * FROM `t_comment` WHERE `uid` IN (111198,111196,111200,111195,111197) AND `type` = 'news' AND `typeid` = 9503781 GROUP BY uid  [ RunTime:0.0100s ]
SQL: SELECT COUNT(*) AS tp_count FROM `t_comment` WHERE ( type = 'news' and typeid = '9503782' ) LIMIT 1   [ RunTime:0.0087s ]
SQL: SELECT * FROM `t_comment` WHERE `uid` IN (111198,111196,111200,111195,111197) AND `type` = 'news' AND `typeid` = 9503782 GROUP BY uid  [ RunTime:0.0106s ]
SQL: SELECT COUNT(*) AS tp_count FROM `t_comment` WHERE ( type = 'news' and typeid = '9503783' ) LIMIT 1   [ RunTime:0.0088s ]
SQL: SELECT * FROM `t_comment` WHERE `uid` IN (111198,111196,111200,111195,111197) AND `type` = 'news' AND `typeid` = 9503783 GROUP BY uid  [ RunTime:0.0139s ]

[ 2016-01-22T17:42:54+08:00 ] 127.0.0.1 /Api/index/withnews
INFO: [ app_init ] --START--
INFO: Run Behavior\BuildLiteBehavior [ RunTime:0.000015s ]
INFO: [ app_init ] --END-- [ RunTime:0.000424s ]
INFO: [ app_begin ] --START--
INFO: Run Behavior\ReadHtmlCacheBehavior [ RunTime:0.000536s ]
INFO: [ app_begin ] --END-- [ RunTime:0.000595s ]
SQL: SHOW COLUMNS FROM `t_news` [ RunTime:0.0121s ]
SQL: SELECT * FROM `t_news` WHERE `id` = 9503769 LIMIT 1   [ RunTime:0.0119s ]
SQL: SELECT `id`,`title`,description as descript,`simg`,`img`,`istop`,`origin`,`addtime`,`type` FROM `t_news` WHERE ( groupid = '1' and id !='9503769' and (cityid = 9503760 or cityid = 0) ) ORDER BY addtime desc LIMIT 0,20   [ RunTime:0.0559s ]
SQL: SHOW COLUMNS FROM `t_comment` [ RunTime:0.0431s ]
SQL: SHOW COLUMNS FROM `t_friend` [ RunTime:0.0149s ]
SQL: SELECT `fid` FROM `t_friend` WHERE ( uid = 111192 )  [ RunTime:0.0104s ]
SQL: SHOW COLUMNS FROM `t_img` [ RunTime:0.0111s ]
SQL: SELECT COUNT(*) AS tp_count FROM `t_comment` WHERE ( type = 'news' and typeid = '9503785' ) LIMIT 1   [ RunTime:0.3525s ]
SQL: SELECT * FROM `t_comment` WHERE `uid` IN (111198,111196,111200,111195,111197) AND `type` = 'news' AND `typeid` = 9503785 GROUP BY uid  [ RunTime:0.0172s ]
SQL: SELECT COUNT(*) AS tp_count FROM `t_comment` WHERE ( type = 'news' and typeid = '9503768' ) LIMIT 1   [ RunTime:0.0110s ]
SQL: SELECT * FROM `t_comment` WHERE `uid` IN (111198,111196,111200,111195,111197) AND `type` = 'news' AND `typeid` = 9503768 GROUP BY uid  [ RunTime:0.0117s ]
SQL: SELECT `simg` FROM `t_img` WHERE ( type = 'news' and pid = '9503768' ) ORDER BY id asc LIMIT 3   [ RunTime:0.0112s ]
SQL: SELECT COUNT(*) AS tp_count FROM `t_comment` WHERE ( type = 'news' and typeid = '9503767' ) LIMIT 1   [ RunTime:0.0100s ]
SQL: SELECT * FROM `t_comment` WHERE `uid` IN (111198,111196,111200,111195,111197) AND `type` = 'news' AND `typeid` = 9503767 GROUP BY uid  [ RunTime:0.3035s ]
SQL: SELECT COUNT(*) AS tp_count FROM `t_comment` WHERE ( type = 'news' and typeid = '9503771' ) LIMIT 1   [ RunTime:0.0185s ]
SQL: SELECT * FROM `t_comment` WHERE `uid` IN (111198,111196,111200,111195,111197) AND `type` = 'news' AND `typeid` = 9503771 GROUP BY uid  [ RunTime:0.0118s ]
SQL: SELECT COUNT(*) AS tp_count FROM `t_comment` WHERE ( type = 'news' and typeid = '9503772' ) LIMIT 1   [ RunTime:0.0093s ]
SQL: SELECT * FROM `t_comment` WHERE `uid` IN (111198,111196,111200,111195,111197) AND `type` = 'news' AND `typeid` = 9503772 GROUP BY uid  [ RunTime:0.0107s ]
SQL: SELECT COUNT(*) AS tp_count FROM `t_comment` WHERE ( type = 'news' and typeid = '9503773' ) LIMIT 1   [ RunTime:0.0103s ]
SQL: SELECT * FROM `t_comment` WHERE `uid` IN (111198,111196,111200,111195,111197) AND `type` = 'news' AND `typeid` = 9503773 GROUP BY uid  [ RunTime:0.0097s ]
SQL: SELECT COUNT(*) AS tp_count FROM `t_comment` WHERE ( type = 'news' and typeid = '9503774' ) LIMIT 1   [ RunTime:0.0090s ]
SQL: SELECT * FROM `t_comment` WHERE `uid` IN (111198,111196,111200,111195,111197) AND `type` = 'news' AND `typeid` = 9503774 GROUP BY uid  [ RunTime:0.0109s ]
SQL: SELECT COUNT(*) AS tp_count FROM `t_comment` WHERE ( type = 'news' and typeid = '9503775' ) LIMIT 1   [ RunTime:0.0131s ]
SQL: SELECT * FROM `t_comment` WHERE `uid` IN (111198,111196,111200,111195,111197) AND `type` = 'news' AND `typeid` = 9503775 GROUP BY uid  [ RunTime:0.0133s ]
SQL: SELECT COUNT(*) AS tp_count FROM `t_comment` WHERE ( type = 'news' and typeid = '9503776' ) LIMIT 1   [ RunTime:0.0136s ]
SQL: SELECT * FROM `t_comment` WHERE `uid` IN (111198,111196,111200,111195,111197) AND `type` = 'news' AND `typeid` = 9503776 GROUP BY uid  [ RunTime:0.0206s ]
SQL: SELECT COUNT(*) AS tp_count FROM `t_comment` WHERE ( type = 'news' and typeid = '9503777' ) LIMIT 1   [ RunTime:0.0087s ]
SQL: SELECT * FROM `t_comment` WHERE `uid` IN (111198,111196,111200,111195,111197) AND `type` = 'news' AND `typeid` = 9503777 GROUP BY uid  [ RunTime:0.0103s ]
SQL: SELECT COUNT(*) AS tp_count FROM `t_comment` WHERE ( type = 'news' and typeid = '9503778' ) LIMIT 1   [ RunTime:0.0087s ]
SQL: SELECT * FROM `t_comment` WHERE `uid` IN (111198,111196,111200,111195,111197) AND `type` = 'news' AND `typeid` = 9503778 GROUP BY uid  [ RunTime:0.0088s ]
SQL: SELECT COUNT(*) AS tp_count FROM `t_comment` WHERE ( type = 'news' and typeid = '9503779' ) LIMIT 1   [ RunTime:0.0092s ]
SQL: SELECT * FROM `t_comment` WHERE `uid` IN (111198,111196,111200,111195,111197) AND `type` = 'news' AND `typeid` = 9503779 GROUP BY uid  [ RunTime:0.0097s ]
SQL: SELECT COUNT(*) AS tp_count FROM `t_comment` WHERE ( type = 'news' and typeid = '9503780' ) LIMIT 1   [ RunTime:0.0129s ]
SQL: SELECT * FROM `t_comment` WHERE `uid` IN (111198,111196,111200,111195,111197) AND `type` = 'news' AND `typeid` = 9503780 GROUP BY uid  [ RunTime:0.0122s ]
SQL: SELECT COUNT(*) AS tp_count FROM `t_comment` WHERE ( type = 'news' and typeid = '9503781' ) LIMIT 1   [ RunTime:0.0088s ]
SQL: SELECT * FROM `t_comment` WHERE `uid` IN (111198,111196,111200,111195,111197) AND `type` = 'news' AND `typeid` = 9503781 GROUP BY uid  [ RunTime:0.0102s ]
SQL: SELECT COUNT(*) AS tp_count FROM `t_comment` WHERE ( type = 'news' and typeid = '9503782' ) LIMIT 1   [ RunTime:0.0087s ]
SQL: SELECT * FROM `t_comment` WHERE `uid` IN (111198,111196,111200,111195,111197) AND `type` = 'news' AND `typeid` = 9503782 GROUP BY uid  [ RunTime:0.0093s ]
SQL: SELECT COUNT(*) AS tp_count FROM `t_comment` WHERE ( type = 'news' and typeid = '9503783' ) LIMIT 1   [ RunTime:0.0100s ]
SQL: SELECT * FROM `t_comment` WHERE `uid` IN (111198,111196,111200,111195,111197) AND `type` = 'news' AND `typeid` = 9503783 GROUP BY uid  [ RunTime:0.0127s ]

[ 2016-01-22T17:43:51+08:00 ] 127.0.0.1 /Api/index/withnews
INFO: [ app_init ] --START--
INFO: Run Behavior\BuildLiteBehavior [ RunTime:0.000013s ]
INFO: [ app_init ] --END-- [ RunTime:0.000407s ]
INFO: [ app_begin ] --START--
INFO: Run Behavior\ReadHtmlCacheBehavior [ RunTime:0.000643s ]
INFO: [ app_begin ] --END-- [ RunTime:0.000700s ]
SQL: SHOW COLUMNS FROM `t_news` [ RunTime:0.0127s ]
SQL: SELECT * FROM `t_news` WHERE `id` = 9503770 LIMIT 1   [ RunTime:0.0138s ]
SQL: SELECT `id`,`title`,description as descript,`simg`,`img`,`istop`,`origin`,`addtime`,`type` FROM `t_news` WHERE ( groupid = '2' and id !='9503770' and (cityid = 9503760 or cityid = 0) ) ORDER BY addtime desc LIMIT 0,20   [ RunTime:0.0111s ]

[ 2016-01-22T17:44:05+08:00 ] 127.0.0.1 /Api/index/withnews
INFO: [ app_init ] --START--
INFO: Run Behavior\BuildLiteBehavior [ RunTime:0.000015s ]
INFO: [ app_init ] --END-- [ RunTime:0.000455s ]
INFO: [ app_begin ] --START--
INFO: Run Behavior\ReadHtmlCacheBehavior [ RunTime:0.000540s ]
INFO: [ app_begin ] --END-- [ RunTime:0.000598s ]
SQL: SHOW COLUMNS FROM `t_news` [ RunTime:0.0116s ]
SQL: SELECT * FROM `t_news` WHERE `id` = 9503770 LIMIT 1   [ RunTime:0.0114s ]
SQL: SELECT `id`,`title`,description as descript,`simg`,`img`,`istop`,`origin`,`addtime`,`type` FROM `t_news` WHERE ( groupid = '2' and id !='9503770' and (cityid = 9503760 or cityid = 0) ) ORDER BY addtime desc LIMIT 0,20   [ RunTime:0.0091s ]
SQL: SHOW COLUMNS FROM `t_comment` [ RunTime:0.0103s ]
SQL: SHOW COLUMNS FROM `t_friend` [ RunTime:0.0101s ]
SQL: SELECT `fid` FROM `t_friend` WHERE ( uid = 111192 )  [ RunTime:0.0092s ]
SQL: SHOW COLUMNS FROM `t_img` [ RunTime:0.0142s ]
SQL: SELECT COUNT(*) AS tp_count FROM `t_comment` WHERE ( type = 'news' and typeid = '9503771' ) LIMIT 1   [ RunTime:0.0111s ]
SQL: SELECT * FROM `t_comment` WHERE `uid` IN (111198,111196,111200,111195,111197) AND `type` = 'news' AND `typeid` = 9503771 GROUP BY uid  [ RunTime:0.0102s ]

[ 2016-01-22T17:44:37+08:00 ] 127.0.0.1 /Api/index/withnews
INFO: [ app_init ] --START--
INFO: Run Behavior\BuildLiteBehavior [ RunTime:0.000015s ]
INFO: [ app_init ] --END-- [ RunTime:0.000423s ]
INFO: [ app_begin ] --START--
INFO: Run Behavior\ReadHtmlCacheBehavior [ RunTime:0.000562s ]
INFO: [ app_begin ] --END-- [ RunTime:0.000628s ]
SQL: SHOW COLUMNS FROM `t_news` [ RunTime:0.0109s ]
SQL: SELECT * FROM `t_news` WHERE `id` = 9503769 LIMIT 1   [ RunTime:0.0568s ]
SQL: SELECT `id`,`title`,description as descript,`simg`,`img`,`istop`,`origin`,`addtime`,`type` FROM `t_news` WHERE ( groupid = '1' and id !='9503769' and (cityid = 9503760 or cityid = 0) ) ORDER BY addtime desc LIMIT 0,20   [ RunTime:0.0485s ]
SQL: SHOW COLUMNS FROM `t_comment` [ RunTime:0.0112s ]
SQL: SHOW COLUMNS FROM `t_friend` [ RunTime:0.0118s ]
SQL: SELECT `fid` FROM `t_friend` WHERE ( uid = 111192 )  [ RunTime:0.3175s ]
SQL: SHOW COLUMNS FROM `t_img` [ RunTime:0.0105s ]
SQL: SELECT COUNT(*) AS tp_count FROM `t_comment` WHERE ( type = 'news' and typeid = '9503785' ) LIMIT 1   [ RunTime:0.0091s ]
SQL: SELECT * FROM `t_comment` WHERE `uid` IN (111198,111196,111200,111195,111197) AND `type` = 'news' AND `typeid` = 9503785 GROUP BY uid  [ RunTime:0.0100s ]
SQL: SELECT COUNT(*) AS tp_count FROM `t_comment` WHERE ( type = 'news' and typeid = '9503768' ) LIMIT 1   [ RunTime:0.0080s ]
SQL: SELECT * FROM `t_comment` WHERE `uid` IN (111198,111196,111200,111195,111197) AND `type` = 'news' AND `typeid` = 9503768 GROUP BY uid  [ RunTime:0.0095s ]
SQL: SELECT `simg` FROM `t_img` WHERE ( type = 'news' and pid = '9503768' ) ORDER BY id asc LIMIT 3   [ RunTime:0.0083s ]
SQL: SELECT COUNT(*) AS tp_count FROM `t_comment` WHERE ( type = 'news' and typeid = '9503767' ) LIMIT 1   [ RunTime:0.0096s ]
SQL: SELECT * FROM `t_comment` WHERE `uid` IN (111198,111196,111200,111195,111197) AND `type` = 'news' AND `typeid` = 9503767 GROUP BY uid  [ RunTime:0.0103s ]
SQL: SELECT COUNT(*) AS tp_count FROM `t_comment` WHERE ( type = 'news' and typeid = '9503772' ) LIMIT 1   [ RunTime:0.0086s ]
SQL: SELECT * FROM `t_comment` WHERE `uid` IN (111198,111196,111200,111195,111197) AND `type` = 'news' AND `typeid` = 9503772 GROUP BY uid  [ RunTime:0.0102s ]
SQL: SELECT COUNT(*) AS tp_count FROM `t_comment` WHERE ( type = 'news' and typeid = '9503773' ) LIMIT 1   [ RunTime:0.0086s ]
SQL: SELECT * FROM `t_comment` WHERE `uid` IN (111198,111196,111200,111195,111197) AND `type` = 'news' AND `typeid` = 9503773 GROUP BY uid  [ RunTime:0.0201s ]
SQL: SELECT COUNT(*) AS tp_count FROM `t_comment` WHERE ( type = 'news' and typeid = '9503774' ) LIMIT 1   [ RunTime:0.0124s ]
SQL: SELECT * FROM `t_comment` WHERE `uid` IN (111198,111196,111200,111195,111197) AND `type` = 'news' AND `typeid` = 9503774 GROUP BY uid  [ RunTime:0.0108s ]
SQL: SELECT COUNT(*) AS tp_count FROM `t_comment` WHERE ( type = 'news' and typeid = '9503775' ) LIMIT 1   [ RunTime:0.0086s ]
SQL: SELECT * FROM `t_comment` WHERE `uid` IN (111198,111196,111200,111195,111197) AND `type` = 'news' AND `typeid` = 9503775 GROUP BY uid  [ RunTime:0.0095s ]
SQL: SELECT COUNT(*) AS tp_count FROM `t_comment` WHERE ( type = 'news' and typeid = '9503776' ) LIMIT 1   [ RunTime:0.0163s ]
SQL: SELECT * FROM `t_comment` WHERE `uid` IN (111198,111196,111200,111195,111197) AND `type` = 'news' AND `typeid` = 9503776 GROUP BY uid  [ RunTime:0.0093s ]
SQL: SELECT COUNT(*) AS tp_count FROM `t_comment` WHERE ( type = 'news' and typeid = '9503777' ) LIMIT 1   [ RunTime:0.0086s ]
SQL: SELECT * FROM `t_comment` WHERE `uid` IN (111198,111196,111200,111195,111197) AND `type` = 'news' AND `typeid` = 9503777 GROUP BY uid  [ RunTime:0.0088s ]
SQL: SELECT COUNT(*) AS tp_count FROM `t_comment` WHERE ( type = 'news' and typeid = '9503778' ) LIMIT 1   [ RunTime:0.0109s ]
SQL: SELECT * FROM `t_comment` WHERE `uid` IN (111198,111196,111200,111195,111197) AND `type` = 'news' AND `typeid` = 9503778 GROUP BY uid  [ RunTime:0.0140s ]
SQL: SELECT COUNT(*) AS tp_count FROM `t_comment` WHERE ( type = 'news' and typeid = '9503779' ) LIMIT 1   [ RunTime:0.0091s ]
SQL: SELECT * FROM `t_comment` WHERE `uid` IN (111198,111196,111200,111195,111197) AND `type` = 'news' AND `typeid` = 9503779 GROUP BY uid  [ RunTime:0.0093s ]
SQL: SELECT COUNT(*) AS tp_count FROM `t_comment` WHERE ( type = 'news' and typeid = '9503780' ) LIMIT 1   [ RunTime:0.0091s ]
SQL: SELECT * FROM `t_comment` WHERE `uid` IN (111198,111196,111200,111195,111197) AND `type` = 'news' AND `typeid` = 9503780 GROUP BY uid  [ RunTime:0.0090s ]
SQL: SELECT COUNT(*) AS tp_count FROM `t_comment` WHERE ( type = 'news' and typeid = '9503781' ) LIMIT 1   [ RunTime:0.0089s ]
SQL: SELECT * FROM `t_comment` WHERE `uid` IN (111198,111196,111200,111195,111197) AND `type` = 'news' AND `typeid` = 9503781 GROUP BY uid  [ RunTime:0.0084s ]
SQL: SELECT COUNT(*) AS tp_count FROM `t_comment` WHERE ( type = 'news' and typeid = '9503782' ) LIMIT 1   [ RunTime:0.0081s ]
SQL: SELECT * FROM `t_comment` WHERE `uid` IN (111198,111196,111200,111195,111197) AND `type` = 'news' AND `typeid` = 9503782 GROUP BY uid  [ RunTime:0.0092s ]
SQL: SELECT COUNT(*) AS tp_count FROM `t_comment` WHERE ( type = 'news' and typeid = '9503783' ) LIMIT 1   [ RunTime:0.0072s ]
SQL: SELECT * FROM `t_comment` WHERE `uid` IN (111198,111196,111200,111195,111197) AND `type` = 'news' AND `typeid` = 9503783 GROUP BY uid  [ RunTime:0.0082s ]

[ 2016-01-22T17:46:02+08:00 ] 127.0.0.1 /Api/index/withnews
INFO: [ app_init ] --START--
INFO: Run Behavior\BuildLiteBehavior [ RunTime:0.000015s ]
INFO: [ app_init ] --END-- [ RunTime:0.000600s ]
INFO: [ app_begin ] --START--
INFO: Run Behavior\ReadHtmlCacheBehavior [ RunTime:0.000621s ]
INFO: [ app_begin ] --END-- [ RunTime:0.000674s ]
SQL: SHOW COLUMNS FROM `t_news` [ RunTime:0.0118s ]
SQL: SELECT * FROM `t_news` WHERE `id` = 9503772 LIMIT 1   [ RunTime:0.3808s ]
SQL: SELECT `id`,`title`,description as descript,`simg`,`img`,`istop`,`origin`,`addtime`,`type` FROM `t_news` WHERE ( groupid = '1' and id !='9503772' and (cityid = 9503760 or cityid = 0) ) ORDER BY addtime desc LIMIT 0,20   [ RunTime:0.0150s ]
SQL: SHOW COLUMNS FROM `t_comment` [ RunTime:0.0103s ]
SQL: SHOW COLUMNS FROM `t_friend` [ RunTime:0.0390s ]
SQL: SELECT `fid` FROM `t_friend` WHERE ( uid = 111192 )  [ RunTime:0.0135s ]
SQL: SHOW COLUMNS FROM `t_img` [ RunTime:0.0094s ]
SQL: SELECT COUNT(*) AS tp_count FROM `t_comment` WHERE ( type = 'news' and typeid = '9503785' ) LIMIT 1   [ RunTime:0.0106s ]
SQL: SELECT * FROM `t_comment` WHERE `uid` IN (111198,111196,111200,111195,111197) AND `type` = 'news' AND `typeid` = 9503785 GROUP BY uid  [ RunTime:0.0134s ]
SQL: SELECT COUNT(*) AS tp_count FROM `t_comment` WHERE ( type = 'news' and typeid = '9503769' ) LIMIT 1   [ RunTime:0.0108s ]
SQL: SELECT * FROM `t_comment` WHERE `uid` IN (111198,111196,111200,111195,111197) AND `type` = 'news' AND `typeid` = 9503769 GROUP BY uid  [ RunTime:0.0188s ]
SQL: SELECT COUNT(*) AS tp_count FROM `t_comment` WHERE ( type = 'news' and typeid = '9503768' ) LIMIT 1   [ RunTime:0.0087s ]
SQL: SELECT * FROM `t_comment` WHERE `uid` IN (111198,111196,111200,111195,111197) AND `type` = 'news' AND `typeid` = 9503768 GROUP BY uid  [ RunTime:0.0091s ]
SQL: SELECT `simg` FROM `t_img` WHERE ( type = 'news' and pid = '9503768' ) ORDER BY id asc LIMIT 3   [ RunTime:0.0112s ]
SQL: SELECT COUNT(*) AS tp_count FROM `t_comment` WHERE ( type = 'news' and typeid = '9503767' ) LIMIT 1   [ RunTime:0.0094s ]
SQL: SELECT * FROM `t_comment` WHERE `uid` IN (111198,111196,111200,111195,111197) AND `type` = 'news' AND `typeid` = 9503767 GROUP BY uid  [ RunTime:0.0091s ]
SQL: SELECT COUNT(*) AS tp_count FROM `t_comment` WHERE ( type = 'news' and typeid = '9503773' ) LIMIT 1   [ RunTime:0.0086s ]
SQL: SELECT * FROM `t_comment` WHERE `uid` IN (111198,111196,111200,111195,111197) AND `type` = 'news' AND `typeid` = 9503773 GROUP BY uid  [ RunTime:0.0093s ]
SQL: SELECT COUNT(*) AS tp_count FROM `t_comment` WHERE ( type = 'news' and typeid = '9503774' ) LIMIT 1   [ RunTime:0.0122s ]
SQL: SELECT * FROM `t_comment` WHERE `uid` IN (111198,111196,111200,111195,111197) AND `type` = 'news' AND `typeid` = 9503774 GROUP BY uid  [ RunTime:0.2247s ]
SQL: SELECT COUNT(*) AS tp_count FROM `t_comment` WHERE ( type = 'news' and typeid = '9503775' ) LIMIT 1   [ RunTime:0.0092s ]
SQL: SELECT * FROM `t_comment` WHERE `uid` IN (111198,111196,111200,111195,111197) AND `type` = 'news' AND `typeid` = 9503775 GROUP BY uid  [ RunTime:0.3178s ]
SQL: SELECT COUNT(*) AS tp_count FROM `t_comment` WHERE ( type = 'news' and typeid = '9503776' ) LIMIT 1   [ RunTime:0.0130s ]
SQL: SELECT * FROM `t_comment` WHERE `uid` IN (111198,111196,111200,111195,111197) AND `type` = 'news' AND `typeid` = 9503776 GROUP BY uid  [ RunTime:0.0111s ]
SQL: SELECT COUNT(*) AS tp_count FROM `t_comment` WHERE ( type = 'news' and typeid = '9503777' ) LIMIT 1   [ RunTime:0.0085s ]
SQL: SELECT * FROM `t_comment` WHERE `uid` IN (111198,111196,111200,111195,111197) AND `type` = 'news' AND `typeid` = 9503777 GROUP BY uid  [ RunTime:0.0106s ]
SQL: SELECT COUNT(*) AS tp_count FROM `t_comment` WHERE ( type = 'news' and typeid = '9503778' ) LIMIT 1   [ RunTime:0.2214s ]
SQL: SELECT * FROM `t_comment` WHERE `uid` IN (111198,111196,111200,111195,111197) AND `type` = 'news' AND `typeid` = 9503778 GROUP BY uid  [ RunTime:0.0087s ]
SQL: SELECT COUNT(*) AS tp_count FROM `t_comment` WHERE ( type = 'news' and typeid = '9503779' ) LIMIT 1   [ RunTime:0.0101s ]
SQL: SELECT * FROM `t_comment` WHERE `uid` IN (111198,111196,111200,111195,111197) AND `type` = 'news' AND `typeid` = 9503779 GROUP BY uid  [ RunTime:0.0110s ]
SQL: SELECT COUNT(*) AS tp_count FROM `t_comment` WHERE ( type = 'news' and typeid = '9503780' ) LIMIT 1   [ RunTime:0.0098s ]
SQL: SELECT * FROM `t_comment` WHERE `uid` IN (111198,111196,111200,111195,111197) AND `type` = 'news' AND `typeid` = 9503780 GROUP BY uid  [ RunTime:0.0094s ]
SQL: SELECT COUNT(*) AS tp_count FROM `t_comment` WHERE ( type = 'news' and typeid = '9503781' ) LIMIT 1   [ RunTime:1.2095s ]
SQL: SELECT * FROM `t_comment` WHERE `uid` IN (111198,111196,111200,111195,111197) AND `type` = 'news' AND `typeid` = 9503781 GROUP BY uid  [ RunTime:0.0113s ]
SQL: SELECT COUNT(*) AS tp_count FROM `t_comment` WHERE ( type = 'news' and typeid = '9503782' ) LIMIT 1   [ RunTime:0.2229s ]
SQL: SELECT * FROM `t_comment` WHERE `uid` IN (111198,111196,111200,111195,111197) AND `type` = 'news' AND `typeid` = 9503782 GROUP BY uid  [ RunTime:0.0095s ]
SQL: SELECT COUNT(*) AS tp_count FROM `t_comment` WHERE ( type = 'news' and typeid = '9503783' ) LIMIT 1   [ RunTime:0.0094s ]
SQL: SELECT * FROM `t_comment` WHERE `uid` IN (111198,111196,111200,111195,111197) AND `type` = 'news' AND `typeid` = 9503783 GROUP BY uid  [ RunTime:0.0093s ]

[ 2016-01-22T17:46:44+08:00 ] 127.0.0.1 /Api/index/withnews
INFO: [ app_init ] --START--
INFO: Run Behavior\BuildLiteBehavior [ RunTime:0.000014s ]
INFO: [ app_init ] --END-- [ RunTime:0.000555s ]
INFO: [ app_begin ] --START--
INFO: Run Behavior\ReadHtmlCacheBehavior [ RunTime:0.000709s ]
INFO: [ app_begin ] --END-- [ RunTime:0.000768s ]
SQL: SHOW COLUMNS FROM `t_news` [ RunTime:0.7915s ]
SQL: SELECT * FROM `t_news` WHERE `id` = 9503772 LIMIT 1   [ RunTime:3.1926s ]
SQL: SELECT `id`,`title`,description as descript,`simg`,`img`,`istop`,`origin`,`addtime`,`type` FROM `t_news` WHERE ( groupid = '1' and id !='9503772' and (cityid = 111 or cityid = 0) ) ORDER BY addtime desc LIMIT 0,20   [ RunTime:12.8397s ]
SQL: SHOW COLUMNS FROM `t_comment` [ RunTime:0.0134s ]
SQL: SHOW COLUMNS FROM `t_friend` [ RunTime:1.0901s ]
SQL: SELECT `fid` FROM `t_friend` WHERE ( uid = 111192 )  [ RunTime:0.5657s ]
SQL: SHOW COLUMNS FROM `t_img` [ RunTime:0.0095s ]
SQL: SELECT COUNT(*) AS tp_count FROM `t_comment` WHERE ( type = 'news' and typeid = '9503785' ) LIMIT 1   [ RunTime:0.0083s ]
SQL: SELECT * FROM `t_comment` WHERE `uid` IN (111198,111196,111200,111195,111197) AND `type` = 'news' AND `typeid` = 9503785 GROUP BY uid  [ RunTime:0.0095s ]
SQL: SELECT COUNT(*) AS tp_count FROM `t_comment` WHERE ( type = 'news' and typeid = '9503768' ) LIMIT 1   [ RunTime:0.0078s ]
SQL: SELECT * FROM `t_comment` WHERE `uid` IN (111198,111196,111200,111195,111197) AND `type` = 'news' AND `typeid` = 9503768 GROUP BY uid  [ RunTime:0.0104s ]
SQL: SELECT `simg` FROM `t_img` WHERE ( type = 'news' and pid = '9503768' ) ORDER BY id asc LIMIT 3   [ RunTime:0.0087s ]
SQL: SELECT COUNT(*) AS tp_count FROM `t_comment` WHERE ( type = 'news' and typeid = '9503767' ) LIMIT 1   [ RunTime:0.0075s ]
SQL: SELECT * FROM `t_comment` WHERE `uid` IN (111198,111196,111200,111195,111197) AND `type` = 'news' AND `typeid` = 9503767 GROUP BY uid  [ RunTime:0.0092s ]
SQL: SELECT COUNT(*) AS tp_count FROM `t_comment` WHERE ( type = 'news' and typeid = '9503773' ) LIMIT 1   [ RunTime:0.0068s ]
SQL: SELECT * FROM `t_comment` WHERE `uid` IN (111198,111196,111200,111195,111197) AND `type` = 'news' AND `typeid` = 9503773 GROUP BY uid  [ RunTime:0.0087s ]
SQL: SELECT COUNT(*) AS tp_count FROM `t_comment` WHERE ( type = 'news' and typeid = '9503774' ) LIMIT 1   [ RunTime:0.0086s ]
SQL: SELECT * FROM `t_comment` WHERE `uid` IN (111198,111196,111200,111195,111197) AND `type` = 'news' AND `typeid` = 9503774 GROUP BY uid  [ RunTime:0.2262s ]
SQL: SELECT COUNT(*) AS tp_count FROM `t_comment` WHERE ( type = 'news' and typeid = '9503775' ) LIMIT 1   [ RunTime:0.0093s ]
SQL: SELECT * FROM `t_comment` WHERE `uid` IN (111198,111196,111200,111195,111197) AND `type` = 'news' AND `typeid` = 9503775 GROUP BY uid  [ RunTime:0.0091s ]
SQL: SELECT COUNT(*) AS tp_count FROM `t_comment` WHERE ( type = 'news' and typeid = '9503776' ) LIMIT 1   [ RunTime:0.0102s ]
SQL: SELECT * FROM `t_comment` WHERE `uid` IN (111198,111196,111200,111195,111197) AND `type` = 'news' AND `typeid` = 9503776 GROUP BY uid  [ RunTime:0.0080s ]
SQL: SELECT COUNT(*) AS tp_count FROM `t_comment` WHERE ( type = 'news' and typeid = '9503777' ) LIMIT 1   [ RunTime:0.3038s ]
SQL: SELECT * FROM `t_comment` WHERE `uid` IN (111198,111196,111200,111195,111197) AND `type` = 'news' AND `typeid` = 9503777 GROUP BY uid  [ RunTime:0.0095s ]
SQL: SELECT COUNT(*) AS tp_count FROM `t_comment` WHERE ( type = 'news' and typeid = '9503778' ) LIMIT 1   [ RunTime:0.0109s ]
SQL: SELECT * FROM `t_comment` WHERE `uid` IN (111198,111196,111200,111195,111197) AND `type` = 'news' AND `typeid` = 9503778 GROUP BY uid  [ RunTime:0.2285s ]
SQL: SELECT COUNT(*) AS tp_count FROM `t_comment` WHERE ( type = 'news' and typeid = '9503779' ) LIMIT 1   [ RunTime:0.0087s ]
SQL: SELECT * FROM `t_comment` WHERE `uid` IN (111198,111196,111200,111195,111197) AND `type` = 'news' AND `typeid` = 9503779 GROUP BY uid  [ RunTime:0.0103s ]
SQL: SELECT COUNT(*) AS tp_count FROM `t_comment` WHERE ( type = 'news' and typeid = '9503780' ) LIMIT 1   [ RunTime:0.0113s ]
SQL: SELECT * FROM `t_comment` WHERE `uid` IN (111198,111196,111200,111195,111197) AND `type` = 'news' AND `typeid` = 9503780 GROUP BY uid  [ RunTime:0.0087s ]
SQL: SELECT COUNT(*) AS tp_count FROM `t_comment` WHERE ( type = 'news' and typeid = '9503781' ) LIMIT 1   [ RunTime:0.0089s ]
SQL: SELECT * FROM `t_comment` WHERE `uid` IN (111198,111196,111200,111195,111197) AND `type` = 'news' AND `typeid` = 9503781 GROUP BY uid  [ RunTime:0.0097s ]
SQL: SELECT COUNT(*) AS tp_count FROM `t_comment` WHERE ( type = 'news' and typeid = '9503782' ) LIMIT 1   [ RunTime:0.0113s ]
SQL: SELECT * FROM `t_comment` WHERE `uid` IN (111198,111196,111200,111195,111197) AND `type` = 'news' AND `typeid` = 9503782 GROUP BY uid  [ RunTime:0.0082s ]
SQL: SELECT COUNT(*) AS tp_count FROM `t_comment` WHERE ( type = 'news' and typeid = '9503783' ) LIMIT 1   [ RunTime:0.0085s ]
SQL: SELECT * FROM `t_comment` WHERE `uid` IN (111198,111196,111200,111195,111197) AND `type` = 'news' AND `typeid` = 9503783 GROUP BY uid  [ RunTime:0.0085s ]

