[ 2016-01-12T15:41:00+08:00 ] 127.0.0.1 /Api/index/useredit
INFO: [ app_init ] --START--
INFO: Run Behavior\BuildLiteBehavior [ RunTime:0.000013s ]
INFO: [ app_init ] --END-- [ RunTime:0.000520s ]
INFO: [ app_begin ] --START--
INFO: Run Behavior\ReadHtmlCacheBehavior [ RunTime:0.000863s ]
INFO: [ app_begin ] --END-- [ RunTime:0.000958s ]

[ 2016-01-12T15:41:34+08:00 ] 127.0.0.1 /Api/index/useredit
INFO: [ app_init ] --START--
INFO: Run Behavior\BuildLiteBehavior [ RunTime:0.000015s ]
INFO: [ app_init ] --END-- [ RunTime:0.000472s ]
INFO: [ app_begin ] --START--
INFO: Run Behavior\ReadHtmlCacheBehavior [ RunTime:0.000510s ]
INFO: [ app_begin ] --END-- [ RunTime:0.000563s ]
SQL: SHOW COLUMNS FROM `t_user` [ RunTime:0.0097s ]
NOTIC: [8] A non well formed numeric value encountered D:\wamp\www\qb\Application\Api\Controller\IndexController.class.php 第 224 行.

[ 2016-01-12T15:42:14+08:00 ] 127.0.0.1 /Api/index/useredit
INFO: [ app_init ] --START--
INFO: Run Behavior\BuildLiteBehavior [ RunTime:0.000013s ]
INFO: [ app_init ] --END-- [ RunTime:0.000526s ]
INFO: [ app_begin ] --START--
INFO: Run Behavior\ReadHtmlCacheBehavior [ RunTime:0.000565s ]
INFO: [ app_begin ] --END-- [ RunTime:0.000615s ]
SQL: SHOW COLUMNS FROM `t_user` [ RunTime:0.0102s ]
NOTIC: [8] A non well formed numeric value encountered D:\wamp\www\qb\Application\Api\Controller\IndexController.class.php 第 225 行.
NOTIC: [8] A non well formed numeric value encountered D:\wamp\www\qb\Application\Api\Controller\IndexController.class.php 第 226 行.

[ 2016-01-12T15:42:55+08:00 ] 127.0.0.1 /Api/index/useredit
INFO: [ app_init ] --START--
INFO: Run Behavior\BuildLiteBehavior [ RunTime:0.000013s ]
INFO: [ app_init ] --END-- [ RunTime:0.000615s ]
INFO: [ app_begin ] --START--
INFO: Run Behavior\ReadHtmlCacheBehavior [ RunTime:0.000637s ]
INFO: [ app_begin ] --END-- [ RunTime:0.000903s ]
SQL: SHOW COLUMNS FROM `t_user` [ RunTime:0.0109s ]

[ 2016-01-12T16:03:50+08:00 ] 127.0.0.1 /Api/index/useredit
INFO: [ app_init ] --START--
INFO: Run Behavior\BuildLiteBehavior [ RunTime:0.000021s ]
INFO: [ app_init ] --END-- [ RunTime:0.000569s ]
INFO: [ app_begin ] --START--
INFO: Run Behavior\ReadHtmlCacheBehavior [ RunTime:0.000839s ]
INFO: [ app_begin ] --END-- [ RunTime:0.000915s ]
SQL: SHOW COLUMNS FROM `t_user` [ RunTime:0.0165s ]
NOTIC: [8] Undefined index: simg D:\wamp\www\qb\Application\Api\Controller\IndexController.class.php 第 228 行.
NOTIC: [8] Undefined index: bgimg D:\wamp\www\qb\Application\Api\Controller\IndexController.class.php 第 242 行.

[ 2016-01-12T16:06:10+08:00 ] 127.0.0.1 /Api/index/useredit
INFO: [ app_init ] --START--
INFO: Run Behavior\BuildLiteBehavior [ RunTime:0.000012s ]
INFO: [ app_init ] --END-- [ RunTime:0.000451s ]
INFO: [ app_begin ] --START--
INFO: Run Behavior\ReadHtmlCacheBehavior [ RunTime:0.000610s ]
INFO: [ app_begin ] --END-- [ RunTime:0.000669s ]
SQL: SHOW COLUMNS FROM `t_user` [ RunTime:0.0090s ]
NOTIC: [8] Undefined index: birth D:\wamp\www\qb\Application\Api\Controller\IndexController.class.php 第 224 行.
NOTIC: [8] Undefined index: simg D:\wamp\www\qb\Application\Api\Controller\IndexController.class.php 第 228 行.
NOTIC: [8] Undefined index: bgimg D:\wamp\www\qb\Application\Api\Controller\IndexController.class.php 第 242 行.
NOTIC: [8] Undefined variable: set D:\wamp\www\qb\ThinkPHP\Library\Think\Db\Driver.class.php 第 376 行.
NOTIC: [2] implode() [<a href='function.implode'>function.implode</a>]: Invalid arguments passed D:\wamp\www\qb\ThinkPHP\Library\Think\Db\Driver.class.php 第 376 行.
ERR: SQLSTATE[42000]: Syntax error or access violation: 1064 You have an error in your SQL syntax; check the manual that corresponds to your MySQL server version for the right syntax to use near 'WHERE `id` = 111192' at line 1

[ 2016-01-12T16:08:46+08:00 ] 127.0.0.1 /Api/index/useredit
INFO: [ app_init ] --START--
INFO: Run Behavior\BuildLiteBehavior [ RunTime:0.000015s ]
INFO: [ app_init ] --END-- [ RunTime:0.000437s ]
INFO: [ app_begin ] --START--
INFO: Run Behavior\ReadHtmlCacheBehavior [ RunTime:0.000629s ]
INFO: [ app_begin ] --END-- [ RunTime:0.000688s ]
SQL: SHOW COLUMNS FROM `t_user` [ RunTime:0.0104s ]
NOTIC: [8] Undefined index: birth D:\wamp\www\qb\Application\Api\Controller\IndexController.class.php 第 224 行.
NOTIC: [8] Undefined index: simg D:\wamp\www\qb\Application\Api\Controller\IndexController.class.php 第 228 行.
NOTIC: [8] Undefined index: bgimg D:\wamp\www\qb\Application\Api\Controller\IndexController.class.php 第 242 行.
NOTIC: [8] Undefined variable: set D:\wamp\www\qb\ThinkPHP\Library\Think\Db\Driver.class.php 第 376 行.
NOTIC: [2] implode() [<a href='function.implode'>function.implode</a>]: Invalid arguments passed D:\wamp\www\qb\ThinkPHP\Library\Think\Db\Driver.class.php 第 376 行.
ERR: SQLSTATE[42000]: Syntax error or access violation: 1064 You have an error in your SQL syntax; check the manual that corresponds to your MySQL server version for the right syntax to use near 'WHERE `id` = 111192' at line 1

[ 2016-01-12T16:09:13+08:00 ] 127.0.0.1 /Api/index/useredit
INFO: [ app_init ] --START--
INFO: Run Behavior\BuildLiteBehavior [ RunTime:0.000018s ]
INFO: [ app_init ] --END-- [ RunTime:0.000562s ]
INFO: [ app_begin ] --START--
INFO: Run Behavior\ReadHtmlCacheBehavior [ RunTime:0.001450s ]
INFO: [ app_begin ] --END-- [ RunTime:0.001574s ]
SQL: SHOW COLUMNS FROM `t_user` [ RunTime:0.0103s ]
NOTIC: [8] Undefined index: birth D:\wamp\www\qb\Application\Api\Controller\IndexController.class.php 第 224 行.
NOTIC: [8] Undefined index: simg D:\wamp\www\qb\Application\Api\Controller\IndexController.class.php 第 228 行.
NOTIC: [8] Undefined index: bgimg D:\wamp\www\qb\Application\Api\Controller\IndexController.class.php 第 242 行.
NOTIC: [8] Undefined variable: set D:\wamp\www\qb\ThinkPHP\Library\Think\Db\Driver.class.php 第 376 行.
NOTIC: [2] implode() [<a href='function.implode'>function.implode</a>]: Invalid arguments passed D:\wamp\www\qb\ThinkPHP\Library\Think\Db\Driver.class.php 第 376 行.
ERR: SQLSTATE[42000]: Syntax error or access violation: 1064 You have an error in your SQL syntax; check the manual that corresponds to your MySQL server version for the right syntax to use near 'WHERE `id` = 111192' at line 1

[ 2016-01-12T16:09:55+08:00 ] 127.0.0.1 /Api/index/useredit
INFO: [ app_init ] --START--
INFO: Run Behavior\BuildLiteBehavior [ RunTime:0.000023s ]
INFO: [ app_init ] --END-- [ RunTime:0.000605s ]
INFO: [ app_begin ] --START--
INFO: Run Behavior\ReadHtmlCacheBehavior [ RunTime:0.000530s ]
INFO: [ app_begin ] --END-- [ RunTime:0.000589s ]
SQL: SHOW COLUMNS FROM `t_user` [ RunTime:0.0108s ]
NOTIC: [8] Undefined index: birth D:\wamp\www\qb\Application\Api\Controller\IndexController.class.php 第 224 行.
NOTIC: [8] Undefined index: simg D:\wamp\www\qb\Application\Api\Controller\IndexController.class.php 第 228 行.
NOTIC: [8] Undefined index: bgimg D:\wamp\www\qb\Application\Api\Controller\IndexController.class.php 第 242 行.
NOTIC: [8] Undefined variable: set D:\wamp\www\qb\ThinkPHP\Library\Think\Db\Driver.class.php 第 376 行.
NOTIC: [2] implode() [<a href='function.implode'>function.implode</a>]: Invalid arguments passed D:\wamp\www\qb\ThinkPHP\Library\Think\Db\Driver.class.php 第 376 行.
ERR: SQLSTATE[42000]: Syntax error or access violation: 1064 You have an error in your SQL syntax; check the manual that corresponds to your MySQL server version for the right syntax to use near 'WHERE `id` = 111192' at line 1

[ 2016-01-12T16:10:26+08:00 ] 127.0.0.1 /Api/index/useredit
INFO: [ app_init ] --START--
INFO: Run Behavior\BuildLiteBehavior [ RunTime:0.000014s ]
INFO: [ app_init ] --END-- [ RunTime:0.000489s ]
INFO: [ app_begin ] --START--
INFO: Run Behavior\ReadHtmlCacheBehavior [ RunTime:0.000649s ]
INFO: [ app_begin ] --END-- [ RunTime:0.000786s ]
SQL: SHOW COLUMNS FROM `t_user` [ RunTime:0.0102s ]
NOTIC: [8] Undefined index: birth D:\wamp\www\qb\Application\Api\Controller\IndexController.class.php 第 224 行.
NOTIC: [8] Undefined index: simg D:\wamp\www\qb\Application\Api\Controller\IndexController.class.php 第 228 行.
NOTIC: [8] Undefined index: bgimg D:\wamp\www\qb\Application\Api\Controller\IndexController.class.php 第 242 行.
NOTIC: [8] Undefined variable: set D:\wamp\www\qb\ThinkPHP\Library\Think\Db\Driver.class.php 第 376 行.
NOTIC: [2] implode() [<a href='function.implode'>function.implode</a>]: Invalid arguments passed D:\wamp\www\qb\ThinkPHP\Library\Think\Db\Driver.class.php 第 376 行.
ERR: SQLSTATE[42000]: Syntax error or access violation: 1064 You have an error in your SQL syntax; check the manual that corresponds to your MySQL server version for the right syntax to use near 'WHERE `id` = 111192' at line 1

[ 2016-01-12T16:10:47+08:00 ] 127.0.0.1 /Api/index/startsave
INFO: [ app_init ] --START--
INFO: Run Behavior\BuildLiteBehavior [ RunTime:0.000013s ]
INFO: [ app_init ] --END-- [ RunTime:0.000463s ]
INFO: [ app_begin ] --START--
INFO: Run Behavior\ReadHtmlCacheBehavior [ RunTime:0.000713s ]
INFO: [ app_begin ] --END-- [ RunTime:0.000777s ]
SQL: SHOW COLUMNS FROM `t_user` [ RunTime:0.0116s ]

[ 2016-01-12T16:11:02+08:00 ] 127.0.0.1 /Api/index/startsave
INFO: [ app_init ] --START--
INFO: Run Behavior\BuildLiteBehavior [ RunTime:0.000022s ]
INFO: [ app_init ] --END-- [ RunTime:0.000759s ]
INFO: [ app_begin ] --START--
INFO: Run Behavior\ReadHtmlCacheBehavior [ RunTime:0.000872s ]
INFO: [ app_begin ] --END-- [ RunTime:0.000961s ]
SQL: SHOW COLUMNS FROM `t_user` [ RunTime:0.0106s ]
SQL: SELECT * FROM `t_user` WHERE `id` = 111192 LIMIT 1   [ RunTime:0.0265s ]
SQL: UPDATE `t_user` SET `logintime`='1452586262',`age`='46' WHERE `id` = 111192 [ RunTime:0.0101s ]
SQL: SHOW COLUMNS FROM `t_base` [ RunTime:0.0138s ]
SQL: SELECT * FROM `t_base` LIMIT 1   [ RunTime:0.0122s ]

[ 2016-01-12T16:11:35+08:00 ] 127.0.0.1 /Api/index/edituser
INFO: [ app_init ] --START--
INFO: Run Behavior\BuildLiteBehavior [ RunTime:0.000014s ]
INFO: [ app_init ] --END-- [ RunTime:0.000431s ]
INFO: [ app_begin ] --START--
INFO: Run Behavior\ReadHtmlCacheBehavior [ RunTime:0.000684s ]
INFO: [ app_begin ] --END-- [ RunTime:0.000769s ]
ERR: 非法操作:edituser

[ 2016-01-12T16:12:23+08:00 ] 127.0.0.1 /Api/index/useredit
INFO: [ app_init ] --START--
INFO: Run Behavior\BuildLiteBehavior [ RunTime:0.000015s ]
INFO: [ app_init ] --END-- [ RunTime:0.000517s ]
INFO: [ app_begin ] --START--
INFO: Run Behavior\ReadHtmlCacheBehavior [ RunTime:0.000926s ]
INFO: [ app_begin ] --END-- [ RunTime:0.001009s ]
SQL: SHOW COLUMNS FROM `t_user` [ RunTime:0.0103s ]
NOTIC: [8] Undefined index: simg D:\wamp\www\qb\Application\Api\Controller\IndexController.class.php 第 228 行.
NOTIC: [8] Undefined index: bgimg D:\wamp\www\qb\Application\Api\Controller\IndexController.class.php 第 242 行.
SQL: UPDATE `t_user` SET `birth`='535392000',`age`='30' WHERE `id` = 111192 [ RunTime:0.0120s ]

[ 2016-01-12T16:17:03+08:00 ] 127.0.0.1 /Api/index/useredit
INFO: [ app_init ] --START--
INFO: Run Behavior\BuildLiteBehavior [ RunTime:0.000016s ]
INFO: [ app_init ] --END-- [ RunTime:0.000475s ]
INFO: [ app_begin ] --START--
INFO: Run Behavior\ReadHtmlCacheBehavior [ RunTime:0.000809s ]
INFO: [ app_begin ] --END-- [ RunTime:0.000904s ]
SQL: SHOW COLUMNS FROM `t_user` [ RunTime:0.0101s ]
NOTIC: [8] Undefined index: simg D:\wamp\www\qb\Application\Api\Controller\IndexController.class.php 第 228 行.
NOTIC: [8] Undefined index: bgimg D:\wamp\www\qb\Application\Api\Controller\IndexController.class.php 第 242 行.
SQL: UPDATE `t_user` SET `birth`='535392000',`age`='30' WHERE `id` = 111192 [ RunTime:0.0103s ]

[ 2016-01-12T16:17:14+08:00 ] 127.0.0.1 /Api/index/useredit
INFO: [ app_init ] --START--
INFO: Run Behavior\BuildLiteBehavior [ RunTime:0.000013s ]
INFO: [ app_init ] --END-- [ RunTime:0.000428s ]
INFO: [ app_begin ] --START--
INFO: Run Behavior\ReadHtmlCacheBehavior [ RunTime:0.000520s ]
INFO: [ app_begin ] --END-- [ RunTime:0.000574s ]
SQL: SHOW COLUMNS FROM `t_user` [ RunTime:0.0134s ]
NOTIC: [8] Undefined index: simg D:\wamp\www\qb\Application\Api\Controller\IndexController.class.php 第 228 行.
NOTIC: [8] Undefined index: bgimg D:\wamp\www\qb\Application\Api\Controller\IndexController.class.php 第 242 行.
SQL: UPDATE `t_user` SET `birth`='503856000',`age`='31' WHERE `id` = 111192 [ RunTime:0.0111s ]

[ 2016-01-12T16:18:03+08:00 ] 127.0.0.1 /Api/index/useredit
INFO: [ app_init ] --START--
INFO: Run Behavior\BuildLiteBehavior [ RunTime:0.000014s ]
INFO: [ app_init ] --END-- [ RunTime:0.000420s ]
INFO: [ app_begin ] --START--
INFO: Run Behavior\ReadHtmlCacheBehavior [ RunTime:0.000527s ]
INFO: [ app_begin ] --END-- [ RunTime:0.000579s ]
SQL: SHOW COLUMNS FROM `t_user` [ RunTime:0.0104s ]

[ 2016-01-12T16:18:39+08:00 ] 127.0.0.1 /Api/index/useredit
INFO: [ app_init ] --START--
INFO: Run Behavior\BuildLiteBehavior [ RunTime:0.000015s ]
INFO: [ app_init ] --END-- [ RunTime:0.000448s ]
INFO: [ app_begin ] --START--
INFO: Run Behavior\ReadHtmlCacheBehavior [ RunTime:0.000622s ]
INFO: [ app_begin ] --END-- [ RunTime:0.000688s ]
SQL: SHOW COLUMNS FROM `t_user` [ RunTime:0.0106s ]

[ 2016-01-12T16:20:06+08:00 ] 127.0.0.1 /Api/index/useredit
INFO: [ app_init ] --START--
INFO: Run Behavior\BuildLiteBehavior [ RunTime:0.000022s ]
INFO: [ app_init ] --END-- [ RunTime:0.000508s ]
INFO: [ app_begin ] --START--
INFO: Run Behavior\ReadHtmlCacheBehavior [ RunTime:0.000729s ]
INFO: [ app_begin ] --END-- [ RunTime:0.000799s ]
SQL: SHOW COLUMNS FROM `t_user` [ RunTime:0.0105s ]

[ 2016-01-12T17:50:19+08:00 ] 127.0.0.1 /Api/index/groupactivitylist
INFO: [ app_init ] --START--
INFO: Run Behavior\BuildLiteBehavior [ RunTime:0.000018s ]
INFO: [ app_init ] --END-- [ RunTime:0.000861s ]
INFO: [ app_begin ] --START--
INFO: Run Behavior\ReadHtmlCacheBehavior [ RunTime:0.000827s ]
INFO: [ app_begin ] --END-- [ RunTime:0.000912s ]
SQL: SHOW COLUMNS FROM `t_activity` [ RunTime:0.0090s ]
SQL: SHOW COLUMNS FROM `t_user` [ RunTime:0.0091s ]
SQL: SELECT * FROM `t_user` LIMIT 1   [ RunTime:0.0150s ]
SQL: SELECT t_activity.id,t_activity.title,t_activity.description as descript,t_activity.shopname,t_activity.address,t_activity.longitude,t_activity.latitude,t_activity.starttime,t_activity.type,t_activity.price,t_activity.addtime,t_activity.groupid,t_groups.title as name,t_groups.type as type1 FROM `t_activity` left join t_groups on t_activity.groupid = t_groups.id  WHERE ( t_activity.groupid = 385 ) ORDER BY t_activity.addtime desc LIMIT 0,15   [ RunTime:0.0109s ]

[ 2016-01-12T17:55:02+08:00 ] 127.0.0.1 /Api/index/groupactivitylist
INFO: [ app_init ] --START--
INFO: Run Behavior\BuildLiteBehavior [ RunTime:0.000016s ]
INFO: [ app_init ] --END-- [ RunTime:0.000671s ]
INFO: [ app_begin ] --START--
INFO: Run Behavior\ReadHtmlCacheBehavior [ RunTime:0.000867s ]
INFO: [ app_begin ] --END-- [ RunTime:0.000954s ]
SQL: SHOW COLUMNS FROM `t_activity` [ RunTime:0.0089s ]
SQL: SHOW COLUMNS FROM `t_user` [ RunTime:0.0111s ]
SQL: SELECT * FROM `t_user` LIMIT 1   [ RunTime:0.0101s ]
SQL: SELECT t_activity.id,t_activity.title,t_activity.description as descript,t_activity.shopname,t_activity.address,t_activity.longitude,t_activity.latitude,t_activity.starttime,t_activity.type,t_activity.price,t_activity.addtime,t_activity.groupid,t_groups.title as name,t_groups.type as type1 FROM `t_activity` left join t_groups on t_activity.groupid = t_groups.id  WHERE ( t_activity.groupid = 390 ) ORDER BY t_activity.addtime desc LIMIT 0,15   [ RunTime:0.0089s ]
SQL: SHOW COLUMNS FROM `t_groupuser` [ RunTime:0.0343s ]
SQL: SHOW COLUMNS FROM `t_message` [ RunTime:0.0158s ]
SQL: SHOW COLUMNS FROM `t_activityuser` [ RunTime:0.0080s ]
SQL: SELECT * FROM `t_groupuser` WHERE ( group_id = '9503768' and user_id = '' ) LIMIT 1   [ RunTime:0.0157s ]
SQL: SELECT * FROM `t_message` WHERE ( type = 'group' and typeid =  '9503768' and uid = '' and state =1 ) LIMIT 1   [ RunTime:0.0134s ]
ERR: SQLSTATE[42000]: Syntax error or access violation: 1064 You have an error in your SQL syntax; check the manual that corresponds to your MySQL server version for the right syntax to use near ') LIMIT 1' at line 1

[ 2016-01-12T17:55:58+08:00 ] 127.0.0.1 /Api/index/groupactivitylist
INFO: [ app_init ] --START--
INFO: Run Behavior\BuildLiteBehavior [ RunTime:0.000026s ]
INFO: [ app_init ] --END-- [ RunTime:0.000542s ]
INFO: [ app_begin ] --START--
INFO: Run Behavior\ReadHtmlCacheBehavior [ RunTime:0.000630s ]
INFO: [ app_begin ] --END-- [ RunTime:0.000690s ]
SQL: SHOW COLUMNS FROM `t_activity` [ RunTime:0.0248s ]
SQL: SHOW COLUMNS FROM `t_user` [ RunTime:0.0130s ]
SQL: SELECT * FROM `t_user` LIMIT 1   [ RunTime:0.0129s ]
SQL: SELECT t_activity.id,t_activity.title,t_activity.description as descript,t_activity.shopname,t_activity.address,t_activity.longitude,t_activity.latitude,t_activity.starttime,t_activity.type,t_activity.price,t_activity.addtime,t_activity.groupid,t_groups.title as name,t_groups.type as type1 FROM `t_activity` left join t_groups on t_activity.groupid = t_groups.id  WHERE ( t_activity.groupid = 390 ) ORDER BY t_activity.addtime desc LIMIT 0,15   [ RunTime:0.0357s ]

[ 2016-01-12T17:56:09+08:00 ] 127.0.0.1 /Api/index/groupactivitylist
INFO: [ app_init ] --START--
INFO: Run Behavior\BuildLiteBehavior [ RunTime:0.000015s ]
INFO: [ app_init ] --END-- [ RunTime:0.000480s ]
INFO: [ app_begin ] --START--
INFO: Run Behavior\ReadHtmlCacheBehavior [ RunTime:0.000592s ]
INFO: [ app_begin ] --END-- [ RunTime:0.000652s ]
SQL: SHOW COLUMNS FROM `t_activity` [ RunTime:0.0105s ]
SQL: SHOW COLUMNS FROM `t_user` [ RunTime:0.0106s ]
SQL: SELECT * FROM `t_user` LIMIT 1   [ RunTime:0.0297s ]
SQL: SELECT t_activity.id,t_activity.title,t_activity.description as descript,t_activity.shopname,t_activity.address,t_activity.longitude,t_activity.latitude,t_activity.starttime,t_activity.type,t_activity.price,t_activity.addtime,t_activity.groupid,t_groups.title as name,t_groups.type as type1 FROM `t_activity` left join t_groups on t_activity.groupid = t_groups.id  WHERE ( t_activity.groupid = 390 ) ORDER BY t_activity.addtime desc LIMIT 0,15   [ RunTime:0.0087s ]
SQL: SHOW COLUMNS FROM `t_groupuser` [ RunTime:0.0097s ]
SQL: SHOW COLUMNS FROM `t_message` [ RunTime:0.0357s ]
SQL: SHOW COLUMNS FROM `t_activityuser` [ RunTime:0.0134s ]
SQL: SELECT * FROM `t_groupuser` WHERE ( group_id = '9503768' and user_id = '' ) LIMIT 1   [ RunTime:0.0085s ]
SQL: SELECT * FROM `t_message` WHERE ( type = 'group' and typeid =  '9503768' and uid = '' and state =1 ) LIMIT 1   [ RunTime:0.0090s ]

[ 2016-01-12T17:56:18+08:00 ] 127.0.0.1 /Api/index/groupactivitylist
INFO: [ app_init ] --START--
INFO: Run Behavior\BuildLiteBehavior [ RunTime:0.000015s ]
INFO: [ app_init ] --END-- [ RunTime:0.000487s ]
INFO: [ app_begin ] --START--
INFO: Run Behavior\ReadHtmlCacheBehavior [ RunTime:0.000587s ]
INFO: [ app_begin ] --END-- [ RunTime:0.000644s ]
SQL: SHOW COLUMNS FROM `t_activity` [ RunTime:0.0121s ]
SQL: SHOW COLUMNS FROM `t_user` [ RunTime:0.0140s ]
SQL: SELECT * FROM `t_user` LIMIT 1   [ RunTime:0.0353s ]
SQL: SELECT t_activity.id,t_activity.title,t_activity.description as descript,t_activity.shopname,t_activity.address,t_activity.longitude,t_activity.latitude,t_activity.starttime,t_activity.type,t_activity.price,t_activity.addtime,t_activity.groupid,t_groups.title as name,t_groups.type as type1 FROM `t_activity` left join t_groups on t_activity.groupid = t_groups.id  WHERE ( t_activity.groupid = 390 ) ORDER BY t_activity.addtime desc LIMIT 0,15   [ RunTime:0.0116s ]
SQL: SHOW COLUMNS FROM `t_groupuser` [ RunTime:0.0110s ]
SQL: SHOW COLUMNS FROM `t_message` [ RunTime:0.0271s ]
SQL: SHOW COLUMNS FROM `t_activityuser` [ RunTime:0.0102s ]
SQL: SELECT * FROM `t_groupuser` WHERE ( group_id = '9503768' and user_id = '' ) LIMIT 1   [ RunTime:0.0102s ]
SQL: SELECT * FROM `t_message` WHERE ( type = 'group' and typeid =  '9503768' and uid = '' and state =1 ) LIMIT 1   [ RunTime:0.0118s ]
ERR: SQLSTATE[42000]: Syntax error or access violation: 1064 You have an error in your SQL syntax; check the manual that corresponds to your MySQL server version for the right syntax to use near ') LIMIT 1' at line 1

[ 2016-01-12T17:56:27+08:00 ] 127.0.0.1 /Api/index/groupactivitylist
INFO: [ app_init ] --START--
INFO: Run Behavior\BuildLiteBehavior [ RunTime:0.000016s ]
INFO: [ app_init ] --END-- [ RunTime:0.000667s ]
INFO: [ app_begin ] --START--
INFO: Run Behavior\ReadHtmlCacheBehavior [ RunTime:0.000603s ]
INFO: [ app_begin ] --END-- [ RunTime:0.000669s ]
SQL: SHOW COLUMNS FROM `t_activity` [ RunTime:0.0095s ]
SQL: SHOW COLUMNS FROM `t_user` [ RunTime:0.0121s ]
SQL: SELECT * FROM `t_user` LIMIT 1   [ RunTime:0.0242s ]
SQL: SELECT t_activity.id,t_activity.title,t_activity.description as descript,t_activity.shopname,t_activity.address,t_activity.longitude,t_activity.latitude,t_activity.starttime,t_activity.type,t_activity.price,t_activity.addtime,t_activity.groupid,t_groups.title as name,t_groups.type as type1 FROM `t_activity` left join t_groups on t_activity.groupid = t_groups.id  WHERE ( t_activity.groupid = 390 ) ORDER BY t_activity.addtime desc LIMIT 0,15   [ RunTime:0.0090s ]
SQL: SHOW COLUMNS FROM `t_groupuser` [ RunTime:0.0382s ]
SQL: SHOW COLUMNS FROM `t_message` [ RunTime:0.0085s ]
SQL: SHOW COLUMNS FROM `t_activityuser` [ RunTime:0.0116s ]
SQL: SELECT * FROM `t_groupuser` WHERE ( group_id = '9503768' and user_id = '' ) LIMIT 1   [ RunTime:0.0086s ]
SQL: SELECT * FROM `t_message` WHERE ( type = 'group' and typeid =  '9503768' and uid = '' and state =1 ) LIMIT 1   [ RunTime:0.0214s ]
ERR: SQLSTATE[42000]: Syntax error or access violation: 1064 You have an error in your SQL syntax; check the manual that corresponds to your MySQL server version for the right syntax to use near ') LIMIT 1' at line 1

[ 2016-01-12T18:31:07+08:00 ] 127.0.0.1 /Api/index/groupactivitylist
INFO: [ app_init ] --START--
INFO: Run Behavior\BuildLiteBehavior [ RunTime:0.000015s ]
INFO: [ app_init ] --END-- [ RunTime:0.000490s ]
INFO: [ app_begin ] --START--
INFO: Run Behavior\ReadHtmlCacheBehavior [ RunTime:0.000662s ]
INFO: [ app_begin ] --END-- [ RunTime:0.000735s ]
SQL: SHOW COLUMNS FROM `t_activity` [ RunTime:0.3978s ]
SQL: SHOW COLUMNS FROM `t_user` [ RunTime:0.3493s ]
SQL: SELECT * FROM `t_user` LIMIT 1   [ RunTime:0.3010s ]
SQL: SELECT t_activity.id,t_activity.title,t_activity.description as descript,t_activity.shopname,t_activity.address,t_activity.longitude,t_activity.latitude,t_activity.starttime,t_activity.type,t_activity.price,t_activity.addtime,t_activity.groupid,t_groups.title as name,t_groups.type as type1 FROM `t_activity` left join t_groups on t_activity.groupid = t_groups.id  WHERE ( t_activity.groupid = 390 ) ORDER BY t_activity.addtime desc LIMIT 0,15   [ RunTime:0.8491s ]
SQL: SHOW COLUMNS FROM `t_groupuser` [ RunTime:0.3000s ]
SQL: SHOW COLUMNS FROM `t_message` [ RunTime:0.3498s ]
SQL: SHOW COLUMNS FROM `t_activityuser` [ RunTime:0.4001s ]
SQL: SELECT * FROM `t_groupuser` WHERE ( group_id = 390 and user_id = '' ) LIMIT 1   [ RunTime:0.4501s ]
SQL: SELECT * FROM `t_message` WHERE ( type = 'group' and typeid =  390 and uid = '' and state =1 ) LIMIT 1   [ RunTime:0.1539s ]
SQL: SELECT * FROM `t_activityuser` WHERE ( pid = '9503768' and uid = '' ) LIMIT 1   [ RunTime:0.1475s ]

[ 2016-01-12T18:31:23+08:00 ] 127.0.0.1 /Api/index/groupactivitylist
INFO: [ app_init ] --START--
INFO: Run Behavior\BuildLiteBehavior [ RunTime:0.000014s ]
INFO: [ app_init ] --END-- [ RunTime:0.000438s ]
INFO: [ app_begin ] --START--
INFO: Run Behavior\ReadHtmlCacheBehavior [ RunTime:0.000822s ]
INFO: [ app_begin ] --END-- [ RunTime:0.000908s ]
SQL: SHOW COLUMNS FROM `t_activity` [ RunTime:0.2481s ]
SQL: SHOW COLUMNS FROM `t_user` [ RunTime:0.2992s ]
SQL: SELECT * FROM `t_user` LIMIT 1   [ RunTime:0.3497s ]
SQL: SELECT t_activity.id,t_activity.title,t_activity.description as descript,t_activity.shopname,t_activity.address,t_activity.longitude,t_activity.latitude,t_activity.starttime,t_activity.type,t_activity.price,t_activity.addtime,t_activity.groupid,t_groups.title as name,t_groups.type as type1 FROM `t_activity` left join t_groups on t_activity.groupid = t_groups.id  WHERE ( t_activity.groupid = 390 ) ORDER BY t_activity.addtime desc LIMIT 0,15   [ RunTime:0.2991s ]
SQL: SHOW COLUMNS FROM `t_groupuser` [ RunTime:0.3985s ]
SQL: SHOW COLUMNS FROM `t_message` [ RunTime:0.3497s ]
SQL: SHOW COLUMNS FROM `t_activityuser` [ RunTime:0.6508s ]
SQL: SELECT * FROM `t_groupuser` WHERE ( group_id = 390 and user_id = '' ) LIMIT 1   [ RunTime:0.2996s ]
SQL: SELECT * FROM `t_message` WHERE ( type = 'group' and typeid =  390 and uid = '' and state =1 ) LIMIT 1   [ RunTime:0.1484s ]
ERR: SQLSTATE[42000]: Syntax error or access violation: 1064 You have an error in your SQL syntax; check the manual that corresponds to your MySQL server version for the right syntax to use near ') LIMIT 1' at line 1

[ 2016-01-12T18:31:53+08:00 ] 127.0.0.1 /Api/index/groupactivitylist
INFO: [ app_init ] --START--
INFO: Run Behavior\BuildLiteBehavior [ RunTime:0.000013s ]
INFO: [ app_init ] --END-- [ RunTime:0.000404s ]
INFO: [ app_begin ] --START--
INFO: Run Behavior\ReadHtmlCacheBehavior [ RunTime:0.000621s ]
INFO: [ app_begin ] --END-- [ RunTime:0.000691s ]
SQL: SHOW COLUMNS FROM `t_activity` [ RunTime:0.2506s ]
SQL: SHOW COLUMNS FROM `t_user` [ RunTime:0.2992s ]
SQL: SELECT * FROM `t_user` LIMIT 1   [ RunTime:0.2985s ]
SQL: SELECT t_activity.id,t_activity.title,t_activity.description as descript,t_activity.shopname,t_activity.address,t_activity.longitude,t_activity.latitude,t_activity.starttime,t_activity.type,t_activity.price,t_activity.addtime,t_activity.groupid,t_groups.title as name,t_groups.type as type1 FROM `t_activity` left join t_groups on t_activity.groupid = t_groups.id  WHERE ( t_activity.groupid = 390 ) ORDER BY t_activity.addtime desc LIMIT 0,15   [ RunTime:0.2492s ]
SQL: SHOW COLUMNS FROM `t_groupuser` [ RunTime:0.2003s ]
SQL: SHOW COLUMNS FROM `t_message` [ RunTime:0.2995s ]
SQL: SHOW COLUMNS FROM `t_activityuser` [ RunTime:0.2496s ]
SQL: SELECT * FROM `t_groupuser` WHERE ( group_id = 390 and user_id = '' ) LIMIT 1   [ RunTime:0.3494s ]
SQL: SELECT * FROM `t_message` WHERE ( type = 'group' and typeid =  390 and uid = '' and state =1 ) LIMIT 1   [ RunTime:0.3507s ]
SQL: SELECT * FROM `t_activityuser` WHERE ( pid = '9503768' and uid = '' ) LIMIT 1   [ RunTime:0.2483s ]

[ 2016-01-12T18:32:06+08:00 ] 127.0.0.1 /Api/index/groupactivitylist
INFO: [ app_init ] --START--
INFO: Run Behavior\BuildLiteBehavior [ RunTime:0.000013s ]
INFO: [ app_init ] --END-- [ RunTime:0.000393s ]
INFO: [ app_begin ] --START--
INFO: Run Behavior\ReadHtmlCacheBehavior [ RunTime:0.000514s ]
INFO: [ app_begin ] --END-- [ RunTime:0.000566s ]
SQL: SHOW COLUMNS FROM `t_activity` [ RunTime:0.1004s ]
SQL: SHOW COLUMNS FROM `t_user` [ RunTime:0.2984s ]
SQL: SELECT * FROM `t_user` LIMIT 1   [ RunTime:0.3001s ]
SQL: SELECT t_activity.id,t_activity.title,t_activity.description as descript,t_activity.shopname,t_activity.address,t_activity.longitude,t_activity.latitude,t_activity.starttime,t_activity.type,t_activity.price,t_activity.addtime,t_activity.groupid,t_groups.title as name,t_groups.type as type1 FROM `t_activity` left join t_groups on t_activity.groupid = t_groups.id  WHERE ( t_activity.groupid = 390 ) ORDER BY t_activity.addtime desc LIMIT 0,15   [ RunTime:0.2487s ]
SQL: SHOW COLUMNS FROM `t_groupuser` [ RunTime:0.3502s ]
SQL: SHOW COLUMNS FROM `t_message` [ RunTime:0.2499s ]
SQL: SHOW COLUMNS FROM `t_activityuser` [ RunTime:0.3485s ]
SQL: SELECT * FROM `t_groupuser` WHERE ( group_id = 390 and user_id = '' ) LIMIT 1   [ RunTime:0.3996s ]
SQL: SELECT * FROM `t_message` WHERE ( type = 'group' and typeid =  390 and uid = '' and state =1 ) LIMIT 1   [ RunTime:0.2498s ]
SQL: SELECT * FROM `t_activityuser` WHERE ( pid = '9503768' and uid = '' ) LIMIT 1   [ RunTime:0.2494s ]
SQL: SELECT * FROM `t_groupuser` WHERE ( group_id = 390 and user_id = '' ) LIMIT 1   [ RunTime:0.2516s ]
SQL: SELECT * FROM `t_message` WHERE ( type = 'group' and typeid =  390 and uid = '' and state =1 ) LIMIT 1   [ RunTime:0.2479s ]
SQL: SELECT * FROM `t_activityuser` WHERE ( pid = '9503767' and uid = '' ) LIMIT 1   [ RunTime:0.2995s ]

[ 2016-01-12T18:37:48+08:00 ] 127.0.0.1 /Api/index/groupactivitylist
INFO: [ app_init ] --START--
INFO: Run Behavior\BuildLiteBehavior [ RunTime:0.000014s ]
INFO: [ app_init ] --END-- [ RunTime:0.000527s ]
INFO: [ app_begin ] --START--
INFO: Run Behavior\ReadHtmlCacheBehavior [ RunTime:0.000769s ]
INFO: [ app_begin ] --END-- [ RunTime:0.000827s ]
SQL: SHOW COLUMNS FROM `t_activity` [ RunTime:0.4508s ]
SQL: SHOW COLUMNS FROM `t_user` [ RunTime:0.2000s ]
SQL: SELECT * FROM `t_user` LIMIT 1   [ RunTime:0.2501s ]
SQL: SELECT t_activity.id,t_activity.title,t_activity.description as descript,t_activity.shopname,t_activity.address,t_activity.longitude,t_activity.latitude,t_activity.starttime,t_activity.type,t_activity.price,t_activity.addtime,t_activity.groupid,t_groups.title as name,t_groups.type as type1 FROM `t_activity` left join t_groups on t_activity.groupid = t_groups.id  WHERE ( t_activity.groupid = 390 ) ORDER BY t_activity.addtime desc LIMIT 0,15   [ RunTime:0.2987s ]
SQL: SHOW COLUMNS FROM `t_groupuser` [ RunTime:0.3484s ]
SQL: SHOW COLUMNS FROM `t_message` [ RunTime:0.3501s ]
SQL: SHOW COLUMNS FROM `t_activityuser` [ RunTime:0.3497s ]
SQL: SELECT * FROM `t_groupuser` WHERE ( group_id = 390 and user_id = '' ) LIMIT 1   [ RunTime:0.4477s ]
SQL: SELECT * FROM `t_message` WHERE ( type = 'group' and typeid =  390 and uid = '' and state =1 ) LIMIT 1   [ RunTime:0.3515s ]
SQL: SELECT * FROM `t_activityuser` WHERE ( pid = '9503768' and uid = '' ) LIMIT 1   [ RunTime:0.1988s ]

[ 2016-01-12T18:40:03+08:00 ] 127.0.0.1 /Api/index/groupactivitylist
INFO: [ app_init ] --START--
INFO: Run Behavior\BuildLiteBehavior [ RunTime:0.000015s ]
INFO: [ app_init ] --END-- [ RunTime:0.000589s ]
INFO: [ app_begin ] --START--
INFO: Run Behavior\ReadHtmlCacheBehavior [ RunTime:0.000751s ]
INFO: [ app_begin ] --END-- [ RunTime:0.000819s ]
SQL: SHOW COLUMNS FROM `t_activity` [ RunTime:0.2515s ]
SQL: SHOW COLUMNS FROM `t_user` [ RunTime:0.2490s ]
SQL: SELECT * FROM `t_user` WHERE `id` = 111192 LIMIT 1   [ RunTime:0.3488s ]
SQL: SELECT t_activity.id,t_activity.title,t_activity.description as descript,t_activity.shopname,t_activity.address,t_activity.longitude,t_activity.latitude,t_activity.starttime,t_activity.type,t_activity.price,t_activity.addtime,t_activity.groupid,t_groups.title as name,t_groups.type as type1 FROM `t_activity` left join t_groups on t_activity.groupid = t_groups.id  WHERE ( t_activity.groupid = 390 ) ORDER BY t_activity.addtime desc LIMIT 0,15   [ RunTime:0.2999s ]
SQL: SHOW COLUMNS FROM `t_groupuser` [ RunTime:0.3989s ]
SQL: SHOW COLUMNS FROM `t_message` [ RunTime:0.3507s ]
SQL: SHOW COLUMNS FROM `t_activityuser` [ RunTime:0.4498s ]
SQL: SELECT * FROM `t_groupuser` WHERE ( group_id = 390 and user_id = '111192' ) LIMIT 1   [ RunTime:0.3983s ]
SQL: SELECT * FROM `t_activityuser` WHERE ( pid = '9503768' and uid = '111192' ) LIMIT 1   [ RunTime:0.1054s ]
SQL: SELECT * FROM `t_groupuser` WHERE ( group_id = 390 and user_id = '111192' ) LIMIT 1   [ RunTime:0.1492s ]
SQL: SELECT * FROM `t_activityuser` WHERE ( pid = '9503767' and uid = '111192' ) LIMIT 1   [ RunTime:0.2449s ]

[ 2016-01-12T18:53:12+08:00 ] 127.0.0.1 /Api/index/addgroupact
INFO: [ app_init ] --START--
INFO: Run Behavior\BuildLiteBehavior [ RunTime:0.000023s ]
INFO: [ app_init ] --END-- [ RunTime:0.000738s ]
INFO: [ app_begin ] --START--
INFO: Run Behavior\ReadHtmlCacheBehavior [ RunTime:0.000809s ]
INFO: [ app_begin ] --END-- [ RunTime:0.000883s ]

[ 2016-01-12T18:54:49+08:00 ] 127.0.0.1 /Api/index/addgroupact
INFO: [ app_init ] --START--
INFO: Run Behavior\BuildLiteBehavior [ RunTime:0.000015s ]
INFO: [ app_init ] --END-- [ RunTime:0.000535s ]
INFO: [ app_begin ] --START--
INFO: Run Behavior\ReadHtmlCacheBehavior [ RunTime:0.000732s ]
INFO: [ app_begin ] --END-- [ RunTime:0.000785s ]
NOTIC: [8] Undefined index: simg0 D:\wamp\www\qb\Application\Api\Controller\IndexController.class.php 第 1786 行.
SQL: SHOW COLUMNS FROM `t_activity` [ RunTime:0.5008s ]

[ 2016-01-12T18:55:13+08:00 ] 127.0.0.1 /Api/index/addgroupact
INFO: [ app_init ] --START--
INFO: Run Behavior\BuildLiteBehavior [ RunTime:0.000014s ]
INFO: [ app_init ] --END-- [ RunTime:0.000442s ]
INFO: [ app_begin ] --START--
INFO: Run Behavior\ReadHtmlCacheBehavior [ RunTime:0.000573s ]
INFO: [ app_begin ] --END-- [ RunTime:0.000628s ]
NOTIC: [8] Undefined index: simg0 D:\wamp\www\qb\Application\Api\Controller\IndexController.class.php 第 1786 行.
SQL: SHOW COLUMNS FROM `t_activity` [ RunTime:0.5514s ]
SQL: INSERT INTO `t_activity` (`type`,`addtime`) VALUES ('1','1452596111') [ RunTime:0.1979s ]

[ 2016-01-12T19:53:11+08:00 ] 127.0.0.1 /Api/index/addactivityuser
INFO: [ app_init ] --START--
INFO: Run Behavior\BuildLiteBehavior [ RunTime:0.000014s ]
INFO: [ app_init ] --END-- [ RunTime:0.000430s ]
INFO: [ app_begin ] --START--
INFO: Run Behavior\ReadHtmlCacheBehavior [ RunTime:0.000651s ]
INFO: [ app_begin ] --END-- [ RunTime:0.000710s ]
SQL: SHOW COLUMNS FROM `t_activityuser` [ RunTime:0.0125s ]
SQL: SHOW COLUMNS FROM `t_activity` [ RunTime:0.0097s ]
SQL: SHOW COLUMNS FROM `t_user` [ RunTime:0.0097s ]
SQL: SELECT * FROM `t_activity` WHERE `id` = 9503767 LIMIT 1   [ RunTime:0.0110s ]
SQL: SELECT * FROM `t_user` WHERE `id` = 111192 LIMIT 1   [ RunTime:0.3117s ]
SQL: SELECT * FROM `t_activityuser` WHERE `pid` = 9503767 AND `uid` = 111192 LIMIT 1   [ RunTime:0.0105s ]
SQL: INSERT INTO `t_activityuser` (`pid`,`uid`,`addtime`) VALUES ('9503767','111192','1452599591') [ RunTime:0.0085s ]
SQL: SHOW COLUMNS FROM `t_message` [ RunTime:0.0099s ]

[ 2016-01-12T19:55:30+08:00 ] 127.0.0.1 /Api/index/addactivityuser
INFO: [ app_init ] --START--
INFO: Run Behavior\BuildLiteBehavior [ RunTime:0.000014s ]
INFO: [ app_init ] --END-- [ RunTime:0.000481s ]
INFO: [ app_begin ] --START--
INFO: Run Behavior\ReadHtmlCacheBehavior [ RunTime:0.000705s ]
INFO: [ app_begin ] --END-- [ RunTime:0.000763s ]
SQL: SHOW COLUMNS FROM `t_activityuser` [ RunTime:0.0222s ]
SQL: SHOW COLUMNS FROM `t_activity` [ RunTime:0.0122s ]
SQL: SHOW COLUMNS FROM `t_user` [ RunTime:0.0112s ]
SQL: SELECT * FROM `t_activity` WHERE `id` = 9503767 LIMIT 1   [ RunTime:0.0123s ]
SQL: SELECT * FROM `t_user` WHERE `id` = 111192 LIMIT 1   [ RunTime:0.0306s ]
SQL: SELECT * FROM `t_activityuser` WHERE `pid` = 9503767 AND `uid` = 111192 LIMIT 1   [ RunTime:0.0155s ]
SQL: DELETE FROM `t_activityuser` WHERE `pid` = 9503767 AND `uid` = 111192 [ RunTime:0.0158s ]
SQL: SHOW COLUMNS FROM `t_message` [ RunTime:0.0128s ]

[ 2016-01-12T19:56:54+08:00 ] 127.0.0.1 /Api/index/addactivityuser
INFO: [ app_init ] --START--
INFO: Run Behavior\BuildLiteBehavior [ RunTime:0.000012s ]
INFO: [ app_init ] --END-- [ RunTime:0.000535s ]
INFO: [ app_begin ] --START--
INFO: Run Behavior\ReadHtmlCacheBehavior [ RunTime:0.000853s ]
INFO: [ app_begin ] --END-- [ RunTime:0.000907s ]
SQL: SHOW COLUMNS FROM `t_activityuser` [ RunTime:0.0092s ]
SQL: SHOW COLUMNS FROM `t_activity` [ RunTime:0.0076s ]
SQL: SHOW COLUMNS FROM `t_user` [ RunTime:0.0131s ]
SQL: SELECT * FROM `t_activity` WHERE `id` = 9503767 LIMIT 1   [ RunTime:0.0197s ]
SQL: SELECT * FROM `t_user` WHERE `id` = 111192 LIMIT 1   [ RunTime:0.0348s ]
SQL: SELECT * FROM `t_activityuser` WHERE `pid` = 9503767 AND `uid` = 111192 LIMIT 1   [ RunTime:0.0095s ]
SQL: INSERT INTO `t_activityuser` (`pid`,`uid`,`addtime`) VALUES ('9503767','111192','1452599814') [ RunTime:0.0075s ]
SQL: SHOW COLUMNS FROM `t_message` [ RunTime:0.0260s ]

[ 2016-01-12T19:57:56+08:00 ] 127.0.0.1 /Api/index/addactivityuser
INFO: [ app_init ] --START--
INFO: Run Behavior\BuildLiteBehavior [ RunTime:0.000015s ]
INFO: [ app_init ] --END-- [ RunTime:0.000710s ]
INFO: [ app_begin ] --START--
INFO: Run Behavior\ReadHtmlCacheBehavior [ RunTime:0.000611s ]
INFO: [ app_begin ] --END-- [ RunTime:0.000682s ]
SQL: SHOW COLUMNS FROM `t_activityuser` [ RunTime:0.0108s ]
SQL: SHOW COLUMNS FROM `t_activity` [ RunTime:0.0190s ]
SQL: SHOW COLUMNS FROM `t_user` [ RunTime:0.0363s ]
SQL: SELECT * FROM `t_activity` WHERE `id` = 9503767 LIMIT 1   [ RunTime:0.3143s ]
SQL: SELECT * FROM `t_user` WHERE `id` = 111192 LIMIT 1   [ RunTime:0.0218s ]
SQL: SELECT * FROM `t_activityuser` WHERE `pid` = 9503767 AND `uid` = 111192 LIMIT 1   [ RunTime:0.0139s ]
SQL: INSERT INTO `t_activityuser` (`pid`,`uid`,`addtime`) VALUES ('9503767','111192','1452599875') [ RunTime:0.0119s ]
SQL: SHOW COLUMNS FROM `t_message` [ RunTime:0.0121s ]
NOTIC: [8] Undefined index: gourpid D:\wamp\www\qb\Application\Api\Controller\IndexController.class.php 第 2567 行.

[ 2016-01-12T19:59:46+08:00 ] 127.0.0.1 /Api/index/addactivityuser
INFO: [ app_init ] --START--
INFO: Run Behavior\BuildLiteBehavior [ RunTime:0.000013s ]
INFO: [ app_init ] --END-- [ RunTime:0.000423s ]
INFO: [ app_begin ] --START--
INFO: Run Behavior\ReadHtmlCacheBehavior [ RunTime:0.000582s ]
INFO: [ app_begin ] --END-- [ RunTime:0.000656s ]
SQL: SHOW COLUMNS FROM `t_activityuser` [ RunTime:0.0127s ]
SQL: SHOW COLUMNS FROM `t_activity` [ RunTime:0.0198s ]
SQL: SHOW COLUMNS FROM `t_user` [ RunTime:0.0120s ]
SQL: SELECT * FROM `t_activity` WHERE `id` = 9503767 LIMIT 1   [ RunTime:0.0117s ]
SQL: SELECT * FROM `t_user` WHERE `id` = 111192 LIMIT 1   [ RunTime:0.0378s ]
SQL: SELECT * FROM `t_activityuser` WHERE `pid` = 9503767 AND `uid` = 111192 LIMIT 1   [ RunTime:0.0105s ]
SQL: INSERT INTO `t_activityuser` (`pid`,`uid`,`addtime`) VALUES ('9503767','111192','1452599986') [ RunTime:0.0108s ]
SQL: SHOW COLUMNS FROM `t_message` [ RunTime:0.0135s ]
NOTIC: [8] Undefined index: gourpid D:\wamp\www\qb\Application\Api\Controller\IndexController.class.php 第 2567 行.

[ 2016-01-12T20:00:21+08:00 ] 127.0.0.1 /Api/index/addactivityuser
INFO: [ app_init ] --START--
INFO: Run Behavior\BuildLiteBehavior [ RunTime:0.000013s ]
INFO: [ app_init ] --END-- [ RunTime:0.000507s ]
INFO: [ app_begin ] --START--
INFO: Run Behavior\ReadHtmlCacheBehavior [ RunTime:0.000891s ]
INFO: [ app_begin ] --END-- [ RunTime:0.000947s ]
SQL: SHOW COLUMNS FROM `t_activityuser` [ RunTime:0.0116s ]
SQL: SHOW COLUMNS FROM `t_activity` [ RunTime:0.0092s ]
SQL: SHOW COLUMNS FROM `t_user` [ RunTime:0.0086s ]
SQL: SELECT * FROM `t_activity` WHERE `id` = 9503767 LIMIT 1   [ RunTime:0.0086s ]
SQL: SELECT * FROM `t_user` WHERE `id` = 111192 LIMIT 1   [ RunTime:0.0082s ]
SQL: SELECT * FROM `t_activityuser` WHERE `pid` = 9503767 AND `uid` = 111192 LIMIT 1   [ RunTime:0.0122s ]
SQL: INSERT INTO `t_activityuser` (`pid`,`uid`,`addtime`) VALUES ('9503767','111192','1452600021') [ RunTime:0.0271s ]
SQL: SHOW COLUMNS FROM `t_message` [ RunTime:0.0090s ]
NOTIC: [8] Undefined index: gourpid D:\wamp\www\qb\Application\Api\Controller\IndexController.class.php 第 2567 行.

[ 2016-01-12T20:00:44+08:00 ] 127.0.0.1 /Api/index/addactivityuser
INFO: [ app_init ] --START--
INFO: Run Behavior\BuildLiteBehavior [ RunTime:0.000013s ]
INFO: [ app_init ] --END-- [ RunTime:0.000452s ]
INFO: [ app_begin ] --START--
INFO: Run Behavior\ReadHtmlCacheBehavior [ RunTime:0.000549s ]
INFO: [ app_begin ] --END-- [ RunTime:0.000605s ]
SQL: SHOW COLUMNS FROM `t_activityuser` [ RunTime:0.0114s ]
SQL: SHOW COLUMNS FROM `t_activity` [ RunTime:0.0119s ]
SQL: SHOW COLUMNS FROM `t_user` [ RunTime:0.0101s ]
SQL: SELECT * FROM `t_activity` WHERE `id` = 9503767 LIMIT 1   [ RunTime:0.0389s ]
SQL: SELECT * FROM `t_user` WHERE `id` = 111192 LIMIT 1   [ RunTime:0.0151s ]
SQL: SELECT * FROM `t_activityuser` WHERE `pid` = 9503767 AND `uid` = 111192 LIMIT 1   [ RunTime:0.0107s ]
SQL: INSERT INTO `t_activityuser` (`pid`,`uid`,`addtime`) VALUES ('9503767','111192','1452600044') [ RunTime:0.0285s ]
SQL: SHOW COLUMNS FROM `t_message` [ RunTime:0.0188s ]

[ 2016-01-12T20:01:28+08:00 ] 127.0.0.1 /Api/index/addactivityuser
INFO: [ app_init ] --START--
INFO: Run Behavior\BuildLiteBehavior [ RunTime:0.000013s ]
INFO: [ app_init ] --END-- [ RunTime:0.000753s ]
INFO: [ app_begin ] --START--
INFO: Run Behavior\ReadHtmlCacheBehavior [ RunTime:0.000732s ]
INFO: [ app_begin ] --END-- [ RunTime:0.000813s ]
SQL: SHOW COLUMNS FROM `t_activityuser` [ RunTime:0.0112s ]
SQL: SHOW COLUMNS FROM `t_activity` [ RunTime:0.0087s ]
SQL: SHOW COLUMNS FROM `t_user` [ RunTime:0.0099s ]
SQL: SELECT * FROM `t_activity` WHERE `id` = 9503767 LIMIT 1   [ RunTime:0.0308s ]
SQL: SELECT * FROM `t_user` WHERE `id` = 111192 LIMIT 1   [ RunTime:0.0450s ]
SQL: SELECT * FROM `t_activityuser` WHERE `pid` = 9503767 AND `uid` = 111192 LIMIT 1   [ RunTime:0.0080s ]
SQL: DELETE FROM `t_activityuser` WHERE `pid` = 9503767 AND `uid` = 111192 [ RunTime:0.0076s ]
SQL: SHOW COLUMNS FROM `t_message` [ RunTime:0.0090s ]
SQL: INSERT INTO `t_message` (`addtime`,`type`,`typeid`,`title`,`content`,`state`,`uid`) VALUES ('1452600086','group','390','找我干嘛茜茜 退出了群组活动 德玛西亚','找我干嘛茜茜 退出了群组活动 德玛西亚','0','111192') [ RunTime:0.0066s ]
SQL: SHOW COLUMNS FROM `t_groupuser` [ RunTime:0.0160s ]
SQL: SELECT t_user.jpushid FROM `t_groupuser` left join t_user on t_user.id = t_groupuser.user_id  WHERE ( t_groupuser.group_id = '390' and t_groupuser.level > 3 )  [ RunTime:0.0084s ]

