[ 2016-01-26T15:55:43+08:00 ] 127.0.0.1 /Api/index/comment
INFO: [ app_init ] --START--
INFO: Run Behavior\BuildLiteBehavior [ RunTime:0.000012s ]
INFO: [ app_init ] --END-- [ RunTime:0.000437s ]
INFO: [ app_begin ] --START--
INFO: Run Behavior\ReadHtmlCacheBehavior [ RunTime:0.000931s ]
INFO: [ app_begin ] --END-- [ RunTime:0.001007s ]
SQL: SHOW COLUMNS FROM `t_comment` [ RunTime:0.0101s ]
SQL: SHOW COLUMNS FROM `t_upper` [ RunTime:0.0106s ]
SQL: SHOW COLUMNS FROM `t_friend` [ RunTime:0.0082s ]
SQL: SELECT t_comment.id,t_comment.description as descript,t_comment.upper,t_comment.addtime,t_comment.uid,t_user.simg,t_user.username,t_user.longitude,t_user.latitude FROM `t_comment` left join t_user on t_user.id = t_comment.uid  WHERE t_comment.typeid = '9503783' AND t_comment.type = 'news' AND t_comment.pid = 0  [ RunTime:0.0088s ]
SQL: SELECT COUNT(*) AS tp_count FROM `t_comment` WHERE ( pid = '135' ) LIMIT 1   [ RunTime:0.0084s ]
SQL: SELECT * FROM `t_upper` WHERE ( type = 'comment' and pid = '135' and uid = 111200 ) LIMIT 1   [ RunTime:0.0084s ]
SQL: SELECT * FROM `t_friend` WHERE ( fid = '111192' and uid = 111200 ) LIMIT 1   [ RunTime:0.0090s ]
SQL: SELECT t_comment.id,t_comment.description as descript,t_comment.upper,t_comment.addtime,t_comment.uid,t_user.simg,t_user.username,t_user.longitude,t_user.latitude,u.id as uid2,u.username as username2,u.simg as simg2 FROM `t_comment` left join t_user on t_user.id = t_comment.uid left join t_user u on u.id = t_comment.senduid  WHERE ( t_comment.pid = '135' ) ORDER BY t_comment.id desc LIMIT 2   [ RunTime:0.0110s ]
SQL: SELECT * FROM `t_upper` WHERE ( type = 'comment' and pid = '205' and uid = 111200 ) LIMIT 1   [ RunTime:0.0099s ]
SQL: SELECT * FROM `t_friend` WHERE ( fid = '111195' and uid = 111200 ) LIMIT 1   [ RunTime:0.0088s ]
SQL: SELECT * FROM `t_friend` WHERE ( fid = '111192' and uid = 111200 ) LIMIT 1   [ RunTime:0.0135s ]
SQL: SELECT COUNT(*) AS tp_count FROM `t_comment` WHERE ( pid = '164' ) LIMIT 1   [ RunTime:0.0105s ]
SQL: SELECT * FROM `t_upper` WHERE ( type = 'comment' and pid = '164' and uid = 111200 ) LIMIT 1   [ RunTime:0.0112s ]
SQL: SELECT * FROM `t_friend` WHERE ( fid = '111192' and uid = 111200 ) LIMIT 1   [ RunTime:0.0093s ]
SQL: SELECT t_comment.id,t_comment.description as descript,t_comment.upper,t_comment.addtime,t_comment.uid,t_user.simg,t_user.username,t_user.longitude,t_user.latitude,u.id as uid2,u.username as username2,u.simg as simg2 FROM `t_comment` left join t_user on t_user.id = t_comment.uid left join t_user u on u.id = t_comment.senduid  WHERE ( t_comment.pid = '164' ) ORDER BY t_comment.id desc LIMIT 2   [ RunTime:0.0143s ]
SQL: SELECT COUNT(*) AS tp_count FROM `t_comment` WHERE ( pid = '183' ) LIMIT 1   [ RunTime:0.0098s ]
SQL: SELECT COUNT(*) AS tp_count FROM `t_comment` WHERE ( pid = '186' ) LIMIT 1   [ RunTime:0.0083s ]
SQL: SELECT * FROM `t_upper` WHERE ( type = 'comment' and pid = '186' and uid = 111200 ) LIMIT 1   [ RunTime:0.0104s ]
SQL: SELECT * FROM `t_friend` WHERE ( fid = '111192' and uid = 111200 ) LIMIT 1   [ RunTime:0.0081s ]
SQL: SELECT t_comment.id,t_comment.description as descript,t_comment.upper,t_comment.addtime,t_comment.uid,t_user.simg,t_user.username,t_user.longitude,t_user.latitude,u.id as uid2,u.username as username2,u.simg as simg2 FROM `t_comment` left join t_user on t_user.id = t_comment.uid left join t_user u on u.id = t_comment.senduid  WHERE ( t_comment.pid = '186' ) ORDER BY t_comment.id desc LIMIT 2   [ RunTime:0.0107s ]
SQL: SELECT * FROM `t_upper` WHERE ( type = 'comment' and pid = '275' and uid = 111200 ) LIMIT 1   [ RunTime:0.0090s ]
SQL: SELECT * FROM `t_friend` WHERE ( fid = '111213' and uid = 111200 ) LIMIT 1   [ RunTime:0.0095s ]
SQL: SELECT * FROM `t_friend` WHERE ( fid = '111192' and uid = 111200 ) LIMIT 1   [ RunTime:0.0078s ]
SQL: SELECT * FROM `t_upper` WHERE ( type = 'comment' and pid = '273' and uid = 111200 ) LIMIT 1   [ RunTime:0.0098s ]
SQL: SELECT * FROM `t_friend` WHERE ( fid = '111196' and uid = 111200 ) LIMIT 1   [ RunTime:0.0116s ]
SQL: SELECT * FROM `t_friend` WHERE ( fid = '111192' and uid = 111200 ) LIMIT 1   [ RunTime:0.0083s ]
SQL: SELECT t_comment.id,t_comment.description as descript,t_comment.upper,t_comment.addtime,t_comment.uid,t_user.simg,t_user.username,t_user.longitude,t_user.latitude FROM `t_comment` left join t_user on t_user.id = t_comment.uid  WHERE t_comment.typeid = '9503783' AND t_comment.type = 'news' AND t_comment.pid = 0 ORDER BY addtime desc LIMIT 10   [ RunTime:0.0105s ]
SQL: SELECT COUNT(*) AS tp_count FROM `t_comment` WHERE ( pid = '186' ) LIMIT 1   [ RunTime:0.0082s ]
SQL: SELECT * FROM `t_upper` WHERE ( type = 'comment' and pid = '186' and uid = 111200 ) LIMIT 1   [ RunTime:0.0104s ]
SQL: SELECT * FROM `t_friend` WHERE ( fid = '111192' and uid = 111200 ) LIMIT 1   [ RunTime:0.0095s ]
SQL: SELECT t_comment.id,t_comment.description as descript,t_comment.upper,t_comment.addtime,t_comment.uid,t_user.simg,t_user.username,t_user.longitude,t_user.latitude,u.id as uid2,u.username as username2,u.simg as simg2 FROM `t_comment` left join t_user on t_user.id = t_comment.uid left join t_user u on u.id = t_comment.senduid  WHERE ( t_comment.pid = '186' ) ORDER BY t_comment.id desc LIMIT 2   [ RunTime:0.0084s ]
SQL: SELECT * FROM `t_upper` WHERE ( type = 'comment' and pid = '275' and uid = 111200 ) LIMIT 1   [ RunTime:0.0088s ]
SQL: SELECT * FROM `t_friend` WHERE ( fid = '111213' and uid = 111200 ) LIMIT 1   [ RunTime:0.0090s ]
SQL: SELECT * FROM `t_friend` WHERE ( fid = '111192' and uid = 111200 ) LIMIT 1   [ RunTime:0.0111s ]
SQL: SELECT * FROM `t_upper` WHERE ( type = 'comment' and pid = '273' and uid = 111200 ) LIMIT 1   [ RunTime:0.0119s ]
SQL: SELECT * FROM `t_friend` WHERE ( fid = '111196' and uid = 111200 ) LIMIT 1   [ RunTime:0.0106s ]
SQL: SELECT * FROM `t_friend` WHERE ( fid = '111192' and uid = 111200 ) LIMIT 1   [ RunTime:0.0100s ]
SQL: SELECT COUNT(*) AS tp_count FROM `t_comment` WHERE ( pid = '183' ) LIMIT 1   [ RunTime:0.0098s ]
SQL: SELECT * FROM `t_upper` WHERE ( type = 'comment' and pid = '183' and uid = 111200 ) LIMIT 1   [ RunTime:0.0108s ]
SQL: SELECT * FROM `t_friend` WHERE ( fid = '111196' and uid = 111200 ) LIMIT 1   [ RunTime:0.0100s ]
SQL: SELECT t_comment.id,t_comment.description as descript,t_comment.upper,t_comment.addtime,t_comment.uid,t_user.simg,t_user.username,t_user.longitude,t_user.latitude,u.id as uid2,u.username as username2,u.simg as simg2 FROM `t_comment` left join t_user on t_user.id = t_comment.uid left join t_user u on u.id = t_comment.senduid  WHERE ( t_comment.pid = '183' ) ORDER BY t_comment.id desc LIMIT 2   [ RunTime:0.0118s ]
SQL: SELECT COUNT(*) AS tp_count FROM `t_comment` WHERE ( pid = '164' ) LIMIT 1   [ RunTime:0.0111s ]
SQL: SELECT * FROM `t_upper` WHERE ( type = 'comment' and pid = '164' and uid = 111200 ) LIMIT 1   [ RunTime:0.0076s ]
SQL: SELECT * FROM `t_friend` WHERE ( fid = '111192' and uid = 111200 ) LIMIT 1   [ RunTime:0.0133s ]
SQL: SELECT t_comment.id,t_comment.description as descript,t_comment.upper,t_comment.addtime,t_comment.uid,t_user.simg,t_user.username,t_user.longitude,t_user.latitude,u.id as uid2,u.username as username2,u.simg as simg2 FROM `t_comment` left join t_user on t_user.id = t_comment.uid left join t_user u on u.id = t_comment.senduid  WHERE ( t_comment.pid = '164' ) ORDER BY t_comment.id desc LIMIT 2   [ RunTime:0.0085s ]
SQL: SELECT COUNT(*) AS tp_count FROM `t_comment` WHERE ( pid = '135' ) LIMIT 1   [ RunTime:0.0089s ]
SQL: SELECT * FROM `t_upper` WHERE ( type = 'comment' and pid = '135' and uid = 111200 ) LIMIT 1   [ RunTime:0.0091s ]
SQL: SELECT * FROM `t_friend` WHERE ( fid = '111192' and uid = 111200 ) LIMIT 1   [ RunTime:0.0088s ]
SQL: SELECT t_comment.id,t_comment.description as descript,t_comment.upper,t_comment.addtime,t_comment.uid,t_user.simg,t_user.username,t_user.longitude,t_user.latitude,u.id as uid2,u.username as username2,u.simg as simg2 FROM `t_comment` left join t_user on t_user.id = t_comment.uid left join t_user u on u.id = t_comment.senduid  WHERE ( t_comment.pid = '135' ) ORDER BY t_comment.id desc LIMIT 2   [ RunTime:0.0090s ]
SQL: SELECT * FROM `t_upper` WHERE ( type = 'comment' and pid = '205' and uid = 111200 ) LIMIT 1   [ RunTime:0.0077s ]
SQL: SELECT * FROM `t_friend` WHERE ( fid = '111195' and uid = 111200 ) LIMIT 1   [ RunTime:0.0077s ]
SQL: SELECT * FROM `t_friend` WHERE ( fid = '111192' and uid = 111200 ) LIMIT 1   [ RunTime:0.0082s ]

