[ 2016-01-15T10:29:07+08:00 ] 127.0.0.1 /Api/index/userdtlist
INFO: [ app_init ] --START--
INFO: Run Behavior\BuildLiteBehavior [ RunTime:0.000013s ]
INFO: [ app_init ] --END-- [ RunTime:0.000569s ]
INFO: [ app_begin ] --START--
INFO: Run Behavior\ReadHtmlCacheBehavior [ RunTime:0.001131s ]
INFO: [ app_begin ] --END-- [ RunTime:0.001203s ]
SQL: SHOW COLUMNS FROM `t_dynamic` [ RunTime:0.0102s ]
SQL: SHOW COLUMNS FROM `t_friend` [ RunTime:0.0085s ]
SQL: SELECT * FROM `t_friend` WHERE ( uid = 111192 and fid = 111213 ) LIMIT 1   [ RunTime:0.0092s ]
SQL: SELECT t_dynamic.id,t_dynamic.address,t_dynamic.content,t_dynamic.upper,t_dynamic.addtime,t_dynamic.state,t_dynamic.status,t_dynamic.uid,t_user.simg,t_user.sex,t_user.username FROM `t_dynamic` left join t_user on t_user.id = t_dynamic.uid  WHERE ( t_dynamic.type = 'user' and t_dynamic.uid = '111213' and t_dynamic.status = '1' ) ORDER BY t_dynamic.state desc,t_dynamic.addtime desc LIMIT 0,15   [ RunTime:0.0108s ]
SQL: SHOW COLUMNS FROM `t_comment` [ RunTime:0.0087s ]
SQL: SHOW COLUMNS FROM `t_upper` [ RunTime:0.0170s ]
SQL: SHOW COLUMNS FROM `t_img` [ RunTime:0.0110s ]
SQL: SELECT COUNT(*) AS tp_count FROM `t_comment` WHERE ( type = 'dynamic' and typeid = '286' ) LIMIT 1   [ RunTime:0.0100s ]
SQL: SELECT * FROM `t_upper` WHERE ( type = 'dynamic' and pid = '286' and uid = '111192' ) LIMIT 1   [ RunTime:0.0106s ]
SQL: SELECT `simg` FROM `t_img` WHERE ( type = 'dynamic' and pid = '286' )  [ RunTime:0.0106s ]
SQL: SELECT COUNT(*) AS tp_count FROM `t_comment` WHERE ( type = 'dynamic' and typeid = '285' ) LIMIT 1   [ RunTime:0.0099s ]
SQL: SELECT * FROM `t_upper` WHERE ( type = 'dynamic' and pid = '285' and uid = '111192' ) LIMIT 1   [ RunTime:0.0165s ]
SQL: SELECT `simg` FROM `t_img` WHERE ( type = 'dynamic' and pid = '285' )  [ RunTime:0.0135s ]
SQL: SELECT COUNT(*) AS tp_count FROM `t_comment` WHERE ( type = 'dynamic' and typeid = '284' ) LIMIT 1   [ RunTime:0.0094s ]
SQL: SELECT * FROM `t_upper` WHERE ( type = 'dynamic' and pid = '284' and uid = '111192' ) LIMIT 1   [ RunTime:0.0100s ]
SQL: SELECT `simg` FROM `t_img` WHERE ( type = 'dynamic' and pid = '284' )  [ RunTime:0.0098s ]
SQL: SELECT COUNT(*) AS tp_count FROM `t_comment` WHERE ( type = 'dynamic' and typeid = '283' ) LIMIT 1   [ RunTime:0.0094s ]
SQL: SELECT * FROM `t_upper` WHERE ( type = 'dynamic' and pid = '283' and uid = '111192' ) LIMIT 1   [ RunTime:0.0098s ]
SQL: SELECT `simg` FROM `t_img` WHERE ( type = 'dynamic' and pid = '283' )  [ RunTime:0.0109s ]
SQL: SELECT COUNT(*) AS tp_count FROM `t_comment` WHERE ( type = 'dynamic' and typeid = '282' ) LIMIT 1   [ RunTime:0.0103s ]
SQL: SELECT * FROM `t_upper` WHERE ( type = 'dynamic' and pid = '282' and uid = '111192' ) LIMIT 1   [ RunTime:0.0387s ]
SQL: SELECT `simg` FROM `t_img` WHERE ( type = 'dynamic' and pid = '282' )  [ RunTime:0.0615s ]
SQL: SELECT COUNT(*) AS tp_count FROM `t_comment` WHERE ( type = 'dynamic' and typeid = '267' ) LIMIT 1   [ RunTime:0.0550s ]
SQL: SELECT * FROM `t_upper` WHERE ( type = 'dynamic' and pid = '267' and uid = '111192' ) LIMIT 1   [ RunTime:0.0137s ]
SQL: SELECT `simg` FROM `t_img` WHERE ( type = 'dynamic' and pid = '267' )  [ RunTime:0.0120s ]
SQL: SELECT COUNT(*) AS tp_count FROM `t_comment` WHERE ( type = 'dynamic' and typeid = '266' ) LIMIT 1   [ RunTime:0.0097s ]
SQL: SELECT * FROM `t_upper` WHERE ( type = 'dynamic' and pid = '266' and uid = '111192' ) LIMIT 1   [ RunTime:0.0084s ]
SQL: SELECT `simg` FROM `t_img` WHERE ( type = 'dynamic' and pid = '266' )  [ RunTime:0.0084s ]
SQL: SELECT COUNT(*) AS tp_count FROM `t_comment` WHERE ( type = 'dynamic' and typeid = '265' ) LIMIT 1   [ RunTime:0.0086s ]
SQL: SELECT * FROM `t_upper` WHERE ( type = 'dynamic' and pid = '265' and uid = '111192' ) LIMIT 1   [ RunTime:0.0084s ]
SQL: SELECT `simg` FROM `t_img` WHERE ( type = 'dynamic' and pid = '265' )  [ RunTime:0.0087s ]
SQL: SELECT COUNT(*) AS tp_count FROM `t_comment` WHERE ( type = 'dynamic' and typeid = '264' ) LIMIT 1   [ RunTime:0.0104s ]
SQL: SELECT * FROM `t_upper` WHERE ( type = 'dynamic' and pid = '264' and uid = '111192' ) LIMIT 1   [ RunTime:0.0142s ]
SQL: SELECT `simg` FROM `t_img` WHERE ( type = 'dynamic' and pid = '264' )  [ RunTime:0.0088s ]

