[ 2015-12-16T10:13:27+08:00 ] 127.0.0.1 /
INFO: [ app_init ] --START--
INFO: Run Behavior\BuildLiteBehavior [ RunTime:0.000015s ]
INFO: [ app_init ] --END-- [ RunTime:0.000563s ]
INFO: [ app_begin ] --START--
INFO: Run Behavior\ReadHtmlCacheBehavior [ RunTime:0.000831s ]
INFO: [ app_begin ] --END-- [ RunTime:0.000915s ]
NOTIC: [8] Undefined index: userid D:\wamp\www\qb\Application\Admin\Controller\CommonController.class.php 第 8 行.

[ 2015-12-16T10:13:28+08:00 ] 127.0.0.1 /Admin/Public/admin.html
INFO: [ app_init ] --START--
INFO: Run Behavior\BuildLiteBehavior [ RunTime:0.000014s ]
INFO: [ app_init ] --END-- [ RunTime:0.000683s ]
INFO: [ app_begin ] --START--
INFO: Run Behavior\ReadHtmlCacheBehavior [ RunTime:0.000718s ]
INFO: [ app_begin ] --END-- [ RunTime:0.000805s ]
INFO: [ view_parse ] --START--
INFO: [ template_filter ] --START--
INFO: Run Behavior\ContentReplaceBehavior [ RunTime:0.000037s ]
INFO: [ template_filter ] --END-- [ RunTime:0.000096s ]
INFO: Run Behavior\ParseTemplateBehavior [ RunTime:0.060760s ]
INFO: [ view_parse ] --END-- [ RunTime:0.060841s ]
INFO: [ view_filter ] --START--
INFO: Run Behavior\WriteHtmlCacheBehavior [ RunTime:0.007612s ]
INFO: [ view_filter ] --END-- [ RunTime:0.007675s ]
INFO: [ app_end ] --START--
INFO: Run Behavior\ShowPageTraceBehavior [ RunTime:0.011410s ]
INFO: [ app_end ] --END-- [ RunTime:0.011473s ]

[ 2015-12-16T10:13:28+08:00 ] 127.0.0.1 /Admin/Public/scode
INFO: [ app_init ] --START--
INFO: Run Behavior\BuildLiteBehavior [ RunTime:0.000013s ]
INFO: [ app_init ] --END-- [ RunTime:0.000397s ]
INFO: [ app_begin ] --START--
INFO: Run Behavior\ReadHtmlCacheBehavior [ RunTime:0.000840s ]
INFO: [ app_begin ] --END-- [ RunTime:0.000932s ]
INFO: [ app_end ] --START--
INFO: Run Behavior\ShowPageTraceBehavior [ RunTime:0.000892s ]
INFO: [ app_end ] --END-- [ RunTime:0.000985s ]

[ 2015-12-16T10:13:28+08:00 ] 127.0.0.1 /favicon.ico
INFO: [ app_init ] --START--
INFO: Run Behavior\BuildLiteBehavior [ RunTime:0.000014s ]
INFO: [ app_init ] --END-- [ RunTime:0.000394s ]

[ 2015-12-16T10:13:28+08:00 ] 127.0.0.1 /favicon.ico
INFO: [ app_init ] --START--
INFO: Run Behavior\BuildLiteBehavior [ RunTime:0.000014s ]
INFO: [ app_init ] --END-- [ RunTime:0.000438s ]

[ 2015-12-16T10:13:43+08:00 ] 127.0.0.1 /Admin/Public/login
INFO: [ app_init ] --START--
INFO: Run Behavior\BuildLiteBehavior [ RunTime:0.000015s ]
INFO: [ app_init ] --END-- [ RunTime:0.000477s ]
INFO: [ app_begin ] --START--
INFO: Run Behavior\ReadHtmlCacheBehavior [ RunTime:0.000709s ]
INFO: [ app_begin ] --END-- [ RunTime:0.000814s ]

[ 2015-12-16T10:13:43+08:00 ] 127.0.0.1 /admin/public/scode/0.255439569671675
INFO: [ app_init ] --START--
INFO: Run Behavior\BuildLiteBehavior [ RunTime:0.000015s ]
INFO: [ app_init ] --END-- [ RunTime:0.000607s ]
INFO: [ app_begin ] --START--
INFO: Run Behavior\ReadHtmlCacheBehavior [ RunTime:0.000902s ]
INFO: [ app_begin ] --END-- [ RunTime:0.001137s ]
INFO: [ app_end ] --START--
INFO: Run Behavior\ShowPageTraceBehavior [ RunTime:0.000815s ]
INFO: [ app_end ] --END-- [ RunTime:0.000887s ]

[ 2015-12-16T10:13:48+08:00 ] 127.0.0.1 /Admin/Public/login
INFO: [ app_init ] --START--
INFO: Run Behavior\BuildLiteBehavior [ RunTime:0.000013s ]
INFO: [ app_init ] --END-- [ RunTime:0.000551s ]
INFO: [ app_begin ] --START--
INFO: Run Behavior\ReadHtmlCacheBehavior [ RunTime:0.000589s ]
INFO: [ app_begin ] --END-- [ RunTime:0.000639s ]
SQL: SHOW COLUMNS FROM `t_admin` [ RunTime:0.0136s ]
SQL: SELECT `password` FROM `t_admin` WHERE `name` = 'admin' LIMIT 1   [ RunTime:0.0092s ]

[ 2015-12-16T10:13:48+08:00 ] 127.0.0.1 /Admin/Public/admin.html
INFO: [ app_init ] --START--
INFO: Run Behavior\BuildLiteBehavior [ RunTime:0.000012s ]
INFO: [ app_init ] --END-- [ RunTime:0.000478s ]
INFO: [ app_begin ] --START--
INFO: Run Behavior\ReadHtmlCacheBehavior [ RunTime:0.000636s ]
INFO: [ app_begin ] --END-- [ RunTime:0.000702s ]
SQL: SHOW COLUMNS FROM `t_admin` [ RunTime:0.0119s ]
SQL: SELECT `password`,`name` FROM `t_admin` WHERE `name` = 'admin' LIMIT 1   [ RunTime:0.0195s ]
SQL: SELECT * FROM `t_admin` WHERE `password` = '1c63129ae9db9c60c3e8aa94d3e00495' AND `name` = 'admin' LIMIT 1   [ RunTime:0.0128s ]
SQL: UPDATE `t_admin` SET `ip`='127.0.0.1',`addtime`='1450232028' WHERE `id` = 3 [ RunTime:0.0125s ]

[ 2015-12-16T10:13:48+08:00 ] 127.0.0.1 /Admin.html
INFO: [ app_init ] --START--
INFO: Run Behavior\BuildLiteBehavior [ RunTime:0.000015s ]
INFO: [ app_init ] --END-- [ RunTime:0.000562s ]
INFO: [ app_begin ] --START--
INFO: Run Behavior\ReadHtmlCacheBehavior [ RunTime:0.000678s ]
INFO: [ app_begin ] --END-- [ RunTime:0.000750s ]
SQL: SHOW COLUMNS FROM `t_admin` [ RunTime:0.0158s ]
SQL: SELECT t_admin.name,t_role.name as title FROM `t_admin` left join t_role_user on t_role_user.user_id = t_admin.id left join t_role on t_role.id = t_role_user.role_id  WHERE ( t_admin.id = 3 ) LIMIT 1   [ RunTime:0.0120s ]
INFO: [ view_parse ] --START--
INFO: [ template_filter ] --START--
INFO: Run Behavior\ContentReplaceBehavior [ RunTime:0.000071s ]
INFO: [ template_filter ] --END-- [ RunTime:0.000127s ]
INFO: Run Behavior\ParseTemplateBehavior [ RunTime:0.036923s ]
INFO: [ view_parse ] --END-- [ RunTime:0.036983s ]
INFO: [ view_filter ] --START--
INFO: Run Behavior\WriteHtmlCacheBehavior [ RunTime:0.000413s ]
INFO: [ view_filter ] --END-- [ RunTime:0.000454s ]
INFO: [ app_end ] --START--
INFO: Run Behavior\ShowPageTraceBehavior [ RunTime:0.000590s ]
INFO: [ app_end ] --END-- [ RunTime:0.000632s ]

[ 2015-12-16T10:13:49+08:00 ] 127.0.0.1 /Public/admin/logo.png
INFO: [ app_init ] --START--
INFO: Run Behavior\BuildLiteBehavior [ RunTime:0.000027s ]
INFO: [ app_init ] --END-- [ RunTime:0.000519s ]

[ 2015-12-16T10:13:49+08:00 ] 127.0.0.1 /Admin/Index/center
INFO: [ app_init ] --START--
INFO: Run Behavior\BuildLiteBehavior [ RunTime:0.000020s ]
INFO: [ app_init ] --END-- [ RunTime:0.000578s ]
INFO: [ app_begin ] --START--
INFO: Run Behavior\ReadHtmlCacheBehavior [ RunTime:0.000718s ]
INFO: [ app_begin ] --END-- [ RunTime:0.000794s ]
SQL: SHOW COLUMNS FROM `t_admin` [ RunTime:0.0105s ]
SQL: SHOW COLUMNS FROM `t_base` [ RunTime:0.0100s ]
SQL: SELECT * FROM `t_admin` WHERE `id` = 3 LIMIT 1   [ RunTime:0.0094s ]
SQL: SELECT * FROM `t_base` WHERE `id` = 1 LIMIT 1   [ RunTime:0.0078s ]
INFO: [ view_parse ] --START--
INFO: [ template_filter ] --START--
INFO: Run Behavior\ContentReplaceBehavior [ RunTime:0.000038s ]
INFO: [ template_filter ] --END-- [ RunTime:0.000112s ]
INFO: Run Behavior\ParseTemplateBehavior [ RunTime:0.017381s ]
INFO: [ view_parse ] --END-- [ RunTime:0.017440s ]
INFO: [ view_filter ] --START--
INFO: Run Behavior\WriteHtmlCacheBehavior [ RunTime:0.000416s ]
INFO: [ view_filter ] --END-- [ RunTime:0.000460s ]
INFO: [ app_end ] --START--
INFO: Run Behavior\ShowPageTraceBehavior [ RunTime:0.000601s ]
INFO: [ app_end ] --END-- [ RunTime:0.000654s ]

[ 2015-12-16T10:13:49+08:00 ] 127.0.0.1 /Admin/Nav/nav
INFO: [ app_init ] --START--
INFO: Run Behavior\BuildLiteBehavior [ RunTime:0.000023s ]
INFO: [ app_init ] --END-- [ RunTime:0.000933s ]
INFO: [ app_begin ] --START--
INFO: Run Behavior\ReadHtmlCacheBehavior [ RunTime:0.000896s ]
INFO: [ app_begin ] --END-- [ RunTime:0.000968s ]
SQL: SHOW COLUMNS FROM `t_nav` [ RunTime:0.0116s ]
SQL: SHOW COLUMNS FROM `t_nav` [ RunTime:0.0170s ]
SQL: SHOW COLUMNS FROM `t_access` [ RunTime:0.0118s ]
SQL: SELECT * FROM `t_nav` WHERE `bid` = 0 AND `state` = 1 AND `level` <> 3 ORDER BY id asc  [ RunTime:0.0100s ]
SQL: SELECT * FROM `t_nav` WHERE `bid` = 1 AND `state` = 1 AND `level` <> 3 ORDER BY id asc  [ RunTime:0.0110s ]
SQL: SELECT * FROM `t_nav` WHERE `bid` = 2 AND `state` = 1 AND `level` <> 3 ORDER BY id asc  [ RunTime:0.0093s ]
SQL: SELECT * FROM `t_nav` WHERE `bid` = 158 AND `state` = 1 AND `level` <> 3 ORDER BY id asc  [ RunTime:0.0094s ]
SQL: SELECT * FROM `t_nav` WHERE `bid` = 159 AND `state` = 1 AND `level` <> 3 ORDER BY id asc  [ RunTime:0.0094s ]
SQL: SELECT * FROM `t_nav` WHERE `bid` = 342 AND `state` = 1 AND `level` <> 3 ORDER BY id asc  [ RunTime:0.0088s ]
SQL: SELECT * FROM `t_nav` WHERE `bid` = 167 AND `state` = 1 AND `level` <> 3 ORDER BY id asc  [ RunTime:0.0092s ]
SQL: SELECT * FROM `t_nav` WHERE `bid` = 169 AND `state` = 1 AND `level` <> 3 ORDER BY id asc  [ RunTime:0.0111s ]
SQL: SELECT * FROM `t_nav` WHERE `bid` = 204 AND `state` = 1 AND `level` <> 3 ORDER BY id asc  [ RunTime:0.0108s ]
SQL: SELECT * FROM `t_nav` WHERE `bid` = 205 AND `state` = 1 AND `level` <> 3 ORDER BY id asc  [ RunTime:0.0155s ]
SQL: SELECT * FROM `t_nav` WHERE `bid` = 207 AND `state` = 1 AND `level` <> 3 ORDER BY id asc  [ RunTime:0.0102s ]
SQL: SELECT * FROM `t_nav` WHERE `bid` = 208 AND `state` = 1 AND `level` <> 3 ORDER BY id asc  [ RunTime:0.0091s ]
SQL: SELECT * FROM `t_nav` WHERE `bid` = 380 AND `state` = 1 AND `level` <> 3 ORDER BY id asc  [ RunTime:0.0195s ]
SQL: SELECT * FROM `t_nav` WHERE `bid` = 381 AND `state` = 1 AND `level` <> 3 ORDER BY id asc  [ RunTime:0.0124s ]
SQL: SELECT * FROM `t_nav` WHERE `bid` = 3 AND `state` = 1 AND `level` <> 3 ORDER BY id asc  [ RunTime:0.0123s ]
SQL: SELECT * FROM `t_nav` WHERE `bid` = 4 AND `state` = 1 AND `level` <> 3 ORDER BY id asc  [ RunTime:0.0104s ]
SQL: SELECT * FROM `t_nav` WHERE `bid` = 173 AND `state` = 1 AND `level` <> 3 ORDER BY id asc  [ RunTime:0.0111s ]
SQL: SELECT * FROM `t_nav` WHERE `bid` = 174 AND `state` = 1 AND `level` <> 3 ORDER BY id asc  [ RunTime:0.0093s ]
SQL: SELECT * FROM `t_nav` WHERE `bid` = 206 AND `state` = 1 AND `level` <> 3 ORDER BY id asc  [ RunTime:0.0114s ]
SQL: SELECT * FROM `t_nav` WHERE `bid` = 363 AND `state` = 1 AND `level` <> 3 ORDER BY id asc  [ RunTime:0.0129s ]
SQL: SELECT * FROM `t_nav` WHERE `bid` = 364 AND `state` = 1 AND `level` <> 3 ORDER BY id asc  [ RunTime:0.0113s ]
SQL: SELECT * FROM `t_nav` WHERE `bid` = 370 AND `state` = 1 AND `level` <> 3 ORDER BY id asc  [ RunTime:0.0131s ]
SQL: SELECT * FROM `t_nav` WHERE `bid` = 5 AND `state` = 1 AND `level` <> 3 ORDER BY id asc  [ RunTime:0.0131s ]
SQL: SELECT * FROM `t_nav` WHERE `bid` = 6 AND `state` = 1 AND `level` <> 3 ORDER BY id asc  [ RunTime:0.0101s ]
SQL: SELECT * FROM `t_nav` WHERE `bid` = 187 AND `state` = 1 AND `level` <> 3 ORDER BY id asc  [ RunTime:0.0097s ]
SQL: SELECT * FROM `t_nav` WHERE `bid` = 188 AND `state` = 1 AND `level` <> 3 ORDER BY id asc  [ RunTime:0.0135s ]
SQL: SELECT * FROM `t_nav` WHERE `bid` = 7 AND `state` = 1 AND `level` <> 3 ORDER BY id asc  [ RunTime:0.0149s ]
SQL: SELECT * FROM `t_nav` WHERE `bid` = 8 AND `state` = 1 AND `level` <> 3 ORDER BY id asc  [ RunTime:0.0100s ]
SQL: SELECT * FROM `t_nav` WHERE `bid` = 209 AND `state` = 1 AND `level` <> 3 ORDER BY id asc  [ RunTime:0.0102s ]
SQL: SELECT * FROM `t_nav` WHERE `bid` = 210 AND `state` = 1 AND `level` <> 3 ORDER BY id asc  [ RunTime:0.0111s ]
SQL: SELECT * FROM `t_nav` WHERE `bid` = 243 AND `state` = 1 AND `level` <> 3 ORDER BY id asc  [ RunTime:0.0121s ]
SQL: SELECT * FROM `t_nav` WHERE `bid` = 320 AND `state` = 1 AND `level` <> 3 ORDER BY id asc  [ RunTime:0.0099s ]
INFO: [ app_end ] --START--
INFO: Run Behavior\ShowPageTraceBehavior [ RunTime:0.000911s ]
INFO: [ app_end ] --END-- [ RunTime:0.000956s ]

[ 2015-12-16T10:13:56+08:00 ] 127.0.0.1 /Admin/News
INFO: [ app_init ] --START--
INFO: Run Behavior\BuildLiteBehavior [ RunTime:0.000013s ]
INFO: [ app_init ] --END-- [ RunTime:0.000417s ]
INFO: [ app_begin ] --START--
INFO: Run Behavior\ReadHtmlCacheBehavior [ RunTime:0.000649s ]
INFO: [ app_begin ] --END-- [ RunTime:0.000703s ]
SQL: SHOW COLUMNS FROM `t_news` [ RunTime:0.0142s ]
NOTIC: [8] Undefined variable: data D:\wamp\www\qb\Application\Admin\Controller\NewsController.class.php 第 31 行.
SQL: SELECT COUNT(*) AS tp_count FROM `t_news` LIMIT 1   [ RunTime:0.0110s ]
NOTIC: [8] Undefined variable: data D:\wamp\www\qb\Application\Admin\Controller\NewsController.class.php 第 35 行.
SQL: SELECT * FROM `t_news` ORDER BY isred desc,ord asc,addtime desc LIMIT 0,15   [ RunTime:0.0144s ]
SQL: SHOW COLUMNS FROM `t_group` [ RunTime:0.0119s ]
SQL: SELECT * FROM `t_group` WHERE ( pid = 0 )  [ RunTime:0.0118s ]
INFO: [ view_parse ] --START--
INFO: [ template_filter ] --START--
INFO: Run Behavior\ContentReplaceBehavior [ RunTime:0.000047s ]
INFO: [ template_filter ] --END-- [ RunTime:0.000159s ]
NOTIC: [8] Undefined variable: verify D:\wamp\www\qb\Application\Runtime\Cache\Admin\e84d1c149b88214d37c4f6238ea8b474.php 第 39 行.
NOTIC: [8] Undefined variable: verify D:\wamp\www\qb\Application\Runtime\Cache\Admin\e84d1c149b88214d37c4f6238ea8b474.php 第 40 行.
NOTIC: [8] Undefined variable: verify D:\wamp\www\qb\Application\Runtime\Cache\Admin\e84d1c149b88214d37c4f6238ea8b474.php 第 40 行.
NOTIC: [8] Undefined variable: verify D:\wamp\www\qb\Application\Runtime\Cache\Admin\e84d1c149b88214d37c4f6238ea8b474.php 第 40 行.
NOTIC: [8] Undefined variable: verify D:\wamp\www\qb\Application\Runtime\Cache\Admin\e84d1c149b88214d37c4f6238ea8b474.php 第 40 行.
NOTIC: [8] Use of undefined constant istop - assumed 'istop' D:\wamp\www\qb\Application\Runtime\Cache\Admin\e84d1c149b88214d37c4f6238ea8b474.php 第 71 行.
NOTIC: [8] Use of undefined constant istop - assumed 'istop' D:\wamp\www\qb\Application\Runtime\Cache\Admin\e84d1c149b88214d37c4f6238ea8b474.php 第 71 行.
NOTIC: [8] Use of undefined constant istop - assumed 'istop' D:\wamp\www\qb\Application\Runtime\Cache\Admin\e84d1c149b88214d37c4f6238ea8b474.php 第 71 行.
NOTIC: [8] Use of undefined constant isred - assumed 'isred' D:\wamp\www\qb\Application\Runtime\Cache\Admin\e84d1c149b88214d37c4f6238ea8b474.php 第 72 行.
NOTIC: [8] Use of undefined constant isred - assumed 'isred' D:\wamp\www\qb\Application\Runtime\Cache\Admin\e84d1c149b88214d37c4f6238ea8b474.php 第 72 行.
NOTIC: [8] Use of undefined constant isred - assumed 'isred' D:\wamp\www\qb\Application\Runtime\Cache\Admin\e84d1c149b88214d37c4f6238ea8b474.php 第 72 行.
NOTIC: [8] Use of undefined constant istop - assumed 'istop' D:\wamp\www\qb\Application\Runtime\Cache\Admin\e84d1c149b88214d37c4f6238ea8b474.php 第 71 行.
NOTIC: [8] Use of undefined constant istop - assumed 'istop' D:\wamp\www\qb\Application\Runtime\Cache\Admin\e84d1c149b88214d37c4f6238ea8b474.php 第 71 行.
NOTIC: [8] Use of undefined constant istop - assumed 'istop' D:\wamp\www\qb\Application\Runtime\Cache\Admin\e84d1c149b88214d37c4f6238ea8b474.php 第 71 行.
NOTIC: [8] Use of undefined constant isred - assumed 'isred' D:\wamp\www\qb\Application\Runtime\Cache\Admin\e84d1c149b88214d37c4f6238ea8b474.php 第 72 行.
NOTIC: [8] Use of undefined constant isred - assumed 'isred' D:\wamp\www\qb\Application\Runtime\Cache\Admin\e84d1c149b88214d37c4f6238ea8b474.php 第 72 行.
NOTIC: [8] Use of undefined constant isred - assumed 'isred' D:\wamp\www\qb\Application\Runtime\Cache\Admin\e84d1c149b88214d37c4f6238ea8b474.php 第 72 行.
NOTIC: [8] Use of undefined constant istop - assumed 'istop' D:\wamp\www\qb\Application\Runtime\Cache\Admin\e84d1c149b88214d37c4f6238ea8b474.php 第 71 行.
NOTIC: [8] Use of undefined constant istop - assumed 'istop' D:\wamp\www\qb\Application\Runtime\Cache\Admin\e84d1c149b88214d37c4f6238ea8b474.php 第 71 行.
NOTIC: [8] Use of undefined constant istop - assumed 'istop' D:\wamp\www\qb\Application\Runtime\Cache\Admin\e84d1c149b88214d37c4f6238ea8b474.php 第 71 行.
NOTIC: [8] Use of undefined constant isred - assumed 'isred' D:\wamp\www\qb\Application\Runtime\Cache\Admin\e84d1c149b88214d37c4f6238ea8b474.php 第 72 行.
NOTIC: [8] Use of undefined constant isred - assumed 'isred' D:\wamp\www\qb\Application\Runtime\Cache\Admin\e84d1c149b88214d37c4f6238ea8b474.php 第 72 行.
NOTIC: [8] Use of undefined constant isred - assumed 'isred' D:\wamp\www\qb\Application\Runtime\Cache\Admin\e84d1c149b88214d37c4f6238ea8b474.php 第 72 行.
NOTIC: [8] Use of undefined constant istop - assumed 'istop' D:\wamp\www\qb\Application\Runtime\Cache\Admin\e84d1c149b88214d37c4f6238ea8b474.php 第 71 行.
NOTIC: [8] Use of undefined constant istop - assumed 'istop' D:\wamp\www\qb\Application\Runtime\Cache\Admin\e84d1c149b88214d37c4f6238ea8b474.php 第 71 行.
NOTIC: [8] Use of undefined constant istop - assumed 'istop' D:\wamp\www\qb\Application\Runtime\Cache\Admin\e84d1c149b88214d37c4f6238ea8b474.php 第 71 行.
NOTIC: [8] Use of undefined constant isred - assumed 'isred' D:\wamp\www\qb\Application\Runtime\Cache\Admin\e84d1c149b88214d37c4f6238ea8b474.php 第 72 行.
NOTIC: [8] Use of undefined constant isred - assumed 'isred' D:\wamp\www\qb\Application\Runtime\Cache\Admin\e84d1c149b88214d37c4f6238ea8b474.php 第 72 行.
NOTIC: [8] Use of undefined constant isred - assumed 'isred' D:\wamp\www\qb\Application\Runtime\Cache\Admin\e84d1c149b88214d37c4f6238ea8b474.php 第 72 行.
INFO: Run Behavior\ParseTemplateBehavior [ RunTime:0.012485s ]
INFO: [ view_parse ] --END-- [ RunTime:0.012566s ]
INFO: [ view_filter ] --START--
INFO: Run Behavior\WriteHtmlCacheBehavior [ RunTime:0.000564s ]
INFO: [ view_filter ] --END-- [ RunTime:0.000615s ]
INFO: [ app_end ] --START--
INFO: Run Behavior\ShowPageTraceBehavior [ RunTime:0.000897s ]
INFO: [ app_end ] --END-- [ RunTime:0.000941s ]

[ 2015-12-16T10:13:58+08:00 ] 127.0.0.1 /Admin/News/add/type/1.html
INFO: [ app_init ] --START--
INFO: Run Behavior\BuildLiteBehavior [ RunTime:0.000013s ]
INFO: [ app_init ] --END-- [ RunTime:0.000700s ]
INFO: [ app_begin ] --START--
INFO: Run Behavior\ReadHtmlCacheBehavior [ RunTime:0.000679s ]
INFO: [ app_begin ] --END-- [ RunTime:0.000739s ]
SQL: SHOW COLUMNS FROM `t_group` [ RunTime:0.0124s ]
SQL: SHOW COLUMNS FROM `t_selfcity` [ RunTime:0.0103s ]
SQL: SELECT * FROM `t_group` WHERE ( pid = 0 )  [ RunTime:0.0119s ]
SQL: SELECT * FROM `t_group` WHERE ( pid = 1 )  [ RunTime:0.0091s ]
SQL: SELECT * FROM `t_selfcity` ORDER BY isred desc,id desc  [ RunTime:0.0091s ]
INFO: [ view_parse ] --START--
INFO: [ template_filter ] --START--
INFO: Run Behavior\ContentReplaceBehavior [ RunTime:0.000075s ]
INFO: [ template_filter ] --END-- [ RunTime:0.000139s ]
NOTIC: [8] Undefined variable: data_img D:\wamp\www\qb\Application\Runtime\Cache\Admin\bbe8a8498faed62af03f4b340b5b088c.php 第 185 行.
INFO: Run Behavior\ParseTemplateBehavior [ RunTime:0.015438s ]
INFO: [ view_parse ] --END-- [ RunTime:0.015521s ]
INFO: [ view_filter ] --START--
INFO: Run Behavior\WriteHtmlCacheBehavior [ RunTime:0.000520s ]
INFO: [ view_filter ] --END-- [ RunTime:0.000562s ]
INFO: [ app_end ] --START--
INFO: Run Behavior\ShowPageTraceBehavior [ RunTime:0.000710s ]
INFO: [ app_end ] --END-- [ RunTime:0.000753s ]

[ 2015-12-16T10:13:58+08:00 ] 127.0.0.1 /Admin/News/add/type/
INFO: [ app_init ] --START--
INFO: Run Behavior\BuildLiteBehavior [ RunTime:0.000081s ]
INFO: [ app_init ] --END-- [ RunTime:0.001265s ]
INFO: [ app_begin ] --START--
INFO: Run Behavior\ReadHtmlCacheBehavior [ RunTime:0.000865s ]
INFO: [ app_begin ] --END-- [ RunTime:0.000952s ]
SQL: SHOW COLUMNS FROM `t_group` [ RunTime:0.0095s ]
SQL: SHOW COLUMNS FROM `t_selfcity` [ RunTime:0.0083s ]
SQL: SELECT * FROM `t_group` WHERE ( pid = 0 )  [ RunTime:0.0084s ]
SQL: SELECT * FROM `t_group` WHERE ( pid = 0 )  [ RunTime:0.0094s ]
SQL: SELECT * FROM `t_selfcity` ORDER BY isred desc,id desc  [ RunTime:0.0133s ]
INFO: [ view_parse ] --START--
INFO: [ template_filter ] --START--
INFO: Run Behavior\ContentReplaceBehavior [ RunTime:0.000072s ]
INFO: [ template_filter ] --END-- [ RunTime:0.000145s ]
NOTIC: [8] Undefined variable: data_img D:\wamp\www\qb\Application\Runtime\Cache\Admin\bbe8a8498faed62af03f4b340b5b088c.php 第 185 行.
INFO: Run Behavior\ParseTemplateBehavior [ RunTime:0.013239s ]
INFO: [ view_parse ] --END-- [ RunTime:0.013295s ]
INFO: [ view_filter ] --START--
INFO: Run Behavior\WriteHtmlCacheBehavior [ RunTime:0.000515s ]
INFO: [ view_filter ] --END-- [ RunTime:0.000558s ]
INFO: [ app_end ] --START--
INFO: Run Behavior\ShowPageTraceBehavior [ RunTime:0.000757s ]
INFO: [ app_end ] --END-- [ RunTime:0.000801s ]

[ 2015-12-16T10:15:02+08:00 ] 127.0.0.1 /Admin/News/add/type/4.html
INFO: [ app_init ] --START--
INFO: Run Behavior\BuildLiteBehavior [ RunTime:0.000015s ]
INFO: [ app_init ] --END-- [ RunTime:0.000492s ]
INFO: [ app_begin ] --START--
INFO: Run Behavior\ReadHtmlCacheBehavior [ RunTime:0.000671s ]
INFO: [ app_begin ] --END-- [ RunTime:0.000733s ]
SQL: SHOW COLUMNS FROM `t_group` [ RunTime:0.0297s ]
SQL: SHOW COLUMNS FROM `t_selfcity` [ RunTime:0.0292s ]
SQL: SELECT * FROM `t_group` WHERE ( pid = 0 )  [ RunTime:0.0270s ]
SQL: SELECT * FROM `t_group` WHERE ( pid = 4 )  [ RunTime:0.0147s ]
SQL: SELECT * FROM `t_selfcity` ORDER BY isred desc,id desc  [ RunTime:0.0123s ]
INFO: [ view_parse ] --START--
INFO: [ template_filter ] --START--
INFO: Run Behavior\ContentReplaceBehavior [ RunTime:0.000070s ]
INFO: [ template_filter ] --END-- [ RunTime:0.000123s ]
NOTIC: [8] Undefined variable: data_img D:\wamp\www\qb\Application\Runtime\Cache\Admin\bbe8a8498faed62af03f4b340b5b088c.php 第 185 行.
INFO: Run Behavior\ParseTemplateBehavior [ RunTime:0.013164s ]
INFO: [ view_parse ] --END-- [ RunTime:0.013223s ]
INFO: [ view_filter ] --START--
INFO: Run Behavior\WriteHtmlCacheBehavior [ RunTime:0.000548s ]
INFO: [ view_filter ] --END-- [ RunTime:0.000595s ]
INFO: [ app_end ] --START--
INFO: Run Behavior\ShowPageTraceBehavior [ RunTime:0.000715s ]
INFO: [ app_end ] --END-- [ RunTime:0.000758s ]

[ 2015-12-16T10:15:02+08:00 ] 127.0.0.1 /Admin/News/add/type/
INFO: [ app_init ] --START--
INFO: Run Behavior\BuildLiteBehavior [ RunTime:0.000018s ]
INFO: [ app_init ] --END-- [ RunTime:0.000820s ]
INFO: [ app_begin ] --START--
INFO: Run Behavior\ReadHtmlCacheBehavior [ RunTime:0.000616s ]
INFO: [ app_begin ] --END-- [ RunTime:0.000680s ]
SQL: SHOW COLUMNS FROM `t_group` [ RunTime:0.0123s ]
SQL: SHOW COLUMNS FROM `t_selfcity` [ RunTime:0.0134s ]
SQL: SELECT * FROM `t_group` WHERE ( pid = 0 )  [ RunTime:0.0124s ]
SQL: SELECT * FROM `t_group` WHERE ( pid = 0 )  [ RunTime:0.0091s ]
SQL: SELECT * FROM `t_selfcity` ORDER BY isred desc,id desc  [ RunTime:0.0098s ]
INFO: [ view_parse ] --START--
INFO: [ template_filter ] --START--
INFO: Run Behavior\ContentReplaceBehavior [ RunTime:0.000069s ]
INFO: [ template_filter ] --END-- [ RunTime:0.000123s ]
NOTIC: [8] Undefined variable: data_img D:\wamp\www\qb\Application\Runtime\Cache\Admin\bbe8a8498faed62af03f4b340b5b088c.php 第 185 行.
INFO: Run Behavior\ParseTemplateBehavior [ RunTime:0.012640s ]
INFO: [ view_parse ] --END-- [ RunTime:0.012720s ]
INFO: [ view_filter ] --START--
INFO: Run Behavior\WriteHtmlCacheBehavior [ RunTime:0.000604s ]
INFO: [ view_filter ] --END-- [ RunTime:0.000671s ]
INFO: [ app_end ] --START--
INFO: Run Behavior\ShowPageTraceBehavior [ RunTime:0.000636s ]
INFO: [ app_end ] --END-- [ RunTime:0.000682s ]

[ 2015-12-16T10:15:03+08:00 ] 127.0.0.1 /Admin/News/add/type/1.html
INFO: [ app_init ] --START--
INFO: Run Behavior\BuildLiteBehavior [ RunTime:0.000012s ]
INFO: [ app_init ] --END-- [ RunTime:0.000520s ]
INFO: [ app_begin ] --START--
INFO: Run Behavior\ReadHtmlCacheBehavior [ RunTime:0.000718s ]
INFO: [ app_begin ] --END-- [ RunTime:0.000774s ]
SQL: SHOW COLUMNS FROM `t_group` [ RunTime:0.0088s ]
SQL: SHOW COLUMNS FROM `t_selfcity` [ RunTime:0.0106s ]
SQL: SELECT * FROM `t_group` WHERE ( pid = 0 )  [ RunTime:0.0194s ]
SQL: SELECT * FROM `t_group` WHERE ( pid = 1 )  [ RunTime:0.0206s ]
SQL: SELECT * FROM `t_selfcity` ORDER BY isred desc,id desc  [ RunTime:0.0174s ]
INFO: [ view_parse ] --START--
INFO: [ template_filter ] --START--
INFO: Run Behavior\ContentReplaceBehavior [ RunTime:0.000071s ]
INFO: [ template_filter ] --END-- [ RunTime:0.000127s ]
NOTIC: [8] Undefined variable: data_img D:\wamp\www\qb\Application\Runtime\Cache\Admin\bbe8a8498faed62af03f4b340b5b088c.php 第 185 行.
INFO: Run Behavior\ParseTemplateBehavior [ RunTime:0.012803s ]
INFO: [ view_parse ] --END-- [ RunTime:0.012857s ]
INFO: [ view_filter ] --START--
INFO: Run Behavior\WriteHtmlCacheBehavior [ RunTime:0.000574s ]
INFO: [ view_filter ] --END-- [ RunTime:0.000619s ]
INFO: [ app_end ] --START--
INFO: Run Behavior\ShowPageTraceBehavior [ RunTime:0.000851s ]
INFO: [ app_end ] --END-- [ RunTime:0.000915s ]

[ 2015-12-16T10:15:03+08:00 ] 127.0.0.1 /Admin/News/add/type/
INFO: [ app_init ] --START--
INFO: Run Behavior\BuildLiteBehavior [ RunTime:0.000013s ]
INFO: [ app_init ] --END-- [ RunTime:0.000457s ]
INFO: [ app_begin ] --START--
INFO: Run Behavior\ReadHtmlCacheBehavior [ RunTime:0.001233s ]
INFO: [ app_begin ] --END-- [ RunTime:0.001468s ]
SQL: SHOW COLUMNS FROM `t_group` [ RunTime:0.0116s ]
SQL: SHOW COLUMNS FROM `t_selfcity` [ RunTime:0.0125s ]
SQL: SELECT * FROM `t_group` WHERE ( pid = 0 )  [ RunTime:0.0122s ]
SQL: SELECT * FROM `t_group` WHERE ( pid = 0 )  [ RunTime:0.0146s ]
SQL: SELECT * FROM `t_selfcity` ORDER BY isred desc,id desc  [ RunTime:0.0158s ]
INFO: [ view_parse ] --START--
INFO: [ template_filter ] --START--
INFO: Run Behavior\ContentReplaceBehavior [ RunTime:0.000070s ]
INFO: [ template_filter ] --END-- [ RunTime:0.000122s ]
NOTIC: [8] Undefined variable: data_img D:\wamp\www\qb\Application\Runtime\Cache\Admin\bbe8a8498faed62af03f4b340b5b088c.php 第 185 行.
INFO: Run Behavior\ParseTemplateBehavior [ RunTime:0.012618s ]
INFO: [ view_parse ] --END-- [ RunTime:0.012672s ]
INFO: [ view_filter ] --START--
INFO: Run Behavior\WriteHtmlCacheBehavior [ RunTime:0.000490s ]
INFO: [ view_filter ] --END-- [ RunTime:0.000532s ]
INFO: [ app_end ] --START--
INFO: Run Behavior\ShowPageTraceBehavior [ RunTime:0.000730s ]
INFO: [ app_end ] --END-- [ RunTime:0.000772s ]

[ 2015-12-16T11:36:51+08:00 ] 127.0.0.1 /favicon.ico
INFO: [ app_init ] --START--
INFO: Run Behavior\BuildLiteBehavior [ RunTime:0.000023s ]
INFO: [ app_init ] --END-- [ RunTime:0.000797s ]

