[ 2015-12-15T09:49:15+08:00 ] 127.0.0.1 /
INFO: [ app_init ] --START--
INFO: Run Behavior\BuildLiteBehavior [ RunTime:0.000016s ]
INFO: [ app_init ] --END-- [ RunTime:0.000537s ]
INFO: [ app_begin ] --START--
INFO: Run Behavior\ReadHtmlCacheBehavior [ RunTime:0.000793s ]
INFO: [ app_begin ] --END-- [ RunTime:0.000865s ]
NOTIC: [8] Undefined index: userid D:\wamp\www\qb\Application\Admin\Controller\CommonController.class.php 第 8 行.

[ 2015-12-15T09:49:15+08:00 ] 127.0.0.1 /Admin/Public/admin.html
INFO: [ app_init ] --START--
INFO: Run Behavior\BuildLiteBehavior [ RunTime:0.000012s ]
INFO: [ app_init ] --END-- [ RunTime:0.000384s ]
INFO: [ app_begin ] --START--
INFO: Run Behavior\ReadHtmlCacheBehavior [ RunTime:0.000502s ]
INFO: [ app_begin ] --END-- [ RunTime:0.000551s ]
INFO: [ view_parse ] --START--
INFO: [ template_filter ] --START--
INFO: Run Behavior\ContentReplaceBehavior [ RunTime:0.000069s ]
INFO: [ template_filter ] --END-- [ RunTime:0.000172s ]
INFO: Run Behavior\ParseTemplateBehavior [ RunTime:0.025251s ]
INFO: [ view_parse ] --END-- [ RunTime:0.025347s ]
INFO: [ view_filter ] --START--
INFO: Run Behavior\WriteHtmlCacheBehavior [ RunTime:0.061939s ]
INFO: [ view_filter ] --END-- [ RunTime:0.062022s ]
INFO: [ app_end ] --START--
INFO: Run Behavior\ShowPageTraceBehavior [ RunTime:0.010833s ]
INFO: [ app_end ] --END-- [ RunTime:0.010907s ]

[ 2015-12-15T09:49:16+08:00 ] 127.0.0.1 /Admin/Public/scode
INFO: [ app_init ] --START--
INFO: Run Behavior\BuildLiteBehavior [ RunTime:0.000028s ]
INFO: [ app_init ] --END-- [ RunTime:0.001376s ]
INFO: [ app_begin ] --START--
INFO: Run Behavior\ReadHtmlCacheBehavior [ RunTime:0.000599s ]
INFO: [ app_begin ] --END-- [ RunTime:0.000679s ]
INFO: [ app_end ] --START--
INFO: Run Behavior\ShowPageTraceBehavior [ RunTime:0.000789s ]
INFO: [ app_end ] --END-- [ RunTime:0.000889s ]

[ 2015-12-15T09:49:16+08:00 ] 127.0.0.1 /favicon.ico
INFO: [ app_init ] --START--
INFO: Run Behavior\BuildLiteBehavior [ RunTime:0.000016s ]
INFO: [ app_init ] --END-- [ RunTime:0.000518s ]

[ 2015-12-15T09:49:16+08:00 ] 127.0.0.1 /favicon.ico
INFO: [ app_init ] --START--
INFO: Run Behavior\BuildLiteBehavior [ RunTime:0.000014s ]
INFO: [ app_init ] --END-- [ RunTime:0.000577s ]

[ 2015-12-15T09:49:22+08:00 ] 127.0.0.1 /Admin/Public/login
INFO: [ app_init ] --START--
INFO: Run Behavior\BuildLiteBehavior [ RunTime:0.000017s ]
INFO: [ app_init ] --END-- [ RunTime:0.000513s ]
INFO: [ app_begin ] --START--
INFO: Run Behavior\ReadHtmlCacheBehavior [ RunTime:0.000639s ]
INFO: [ app_begin ] --END-- [ RunTime:0.000710s ]
SQL: SHOW COLUMNS FROM `t_admin` [ RunTime:0.0140s ]
SQL: SELECT `password` FROM `t_admin` WHERE `name` = 'admin' LIMIT 1   [ RunTime:0.0139s ]

[ 2015-12-15T09:49:22+08:00 ] 127.0.0.1 /Admin/Public/admin.html
INFO: [ app_init ] --START--
INFO: Run Behavior\BuildLiteBehavior [ RunTime:0.000022s ]
INFO: [ app_init ] --END-- [ RunTime:0.000720s ]
INFO: [ app_begin ] --START--
INFO: Run Behavior\ReadHtmlCacheBehavior [ RunTime:0.001180s ]
INFO: [ app_begin ] --END-- [ RunTime:0.001370s ]
SQL: SHOW COLUMNS FROM `t_admin` [ RunTime:0.0113s ]
SQL: SELECT `password`,`name` FROM `t_admin` WHERE `name` = 'admin' LIMIT 1   [ RunTime:0.0103s ]
SQL: SELECT * FROM `t_admin` WHERE `password` = '1c63129ae9db9c60c3e8aa94d3e00495' AND `name` = 'admin' LIMIT 1   [ RunTime:0.0307s ]
SQL: UPDATE `t_admin` SET `ip`='127.0.0.1',`addtime`='1450144162' WHERE `id` = 3 [ RunTime:0.0111s ]

[ 2015-12-15T09:49:22+08:00 ] 127.0.0.1 /Admin.html
INFO: [ app_init ] --START--
INFO: Run Behavior\BuildLiteBehavior [ RunTime:0.000025s ]
INFO: [ app_init ] --END-- [ RunTime:0.000873s ]
INFO: [ app_begin ] --START--
INFO: Run Behavior\ReadHtmlCacheBehavior [ RunTime:0.000931s ]
INFO: [ app_begin ] --END-- [ RunTime:0.001041s ]
SQL: SHOW COLUMNS FROM `t_admin` [ RunTime:0.0101s ]
SQL: SELECT t_admin.name,t_role.name as title FROM `t_admin` left join t_role_user on t_role_user.user_id = t_admin.id left join t_role on t_role.id = t_role_user.role_id  WHERE ( t_admin.id = 3 ) LIMIT 1   [ RunTime:0.0145s ]
INFO: [ view_parse ] --START--
INFO: [ template_filter ] --START--
INFO: Run Behavior\ContentReplaceBehavior [ RunTime:0.000080s ]
INFO: [ template_filter ] --END-- [ RunTime:0.000139s ]
INFO: Run Behavior\ParseTemplateBehavior [ RunTime:0.060440s ]
INFO: [ view_parse ] --END-- [ RunTime:0.060521s ]
INFO: [ view_filter ] --START--
INFO: Run Behavior\WriteHtmlCacheBehavior [ RunTime:0.000398s ]
INFO: [ view_filter ] --END-- [ RunTime:0.000454s ]
INFO: [ app_end ] --START--
INFO: Run Behavior\ShowPageTraceBehavior [ RunTime:0.000658s ]
INFO: [ app_end ] --END-- [ RunTime:0.000713s ]

[ 2015-12-15T09:49:22+08:00 ] 127.0.0.1 /Public/admin/logo.png
INFO: [ app_init ] --START--
INFO: Run Behavior\BuildLiteBehavior [ RunTime:0.000015s ]
INFO: [ app_init ] --END-- [ RunTime:0.000438s ]

[ 2015-12-15T09:49:23+08:00 ] 127.0.0.1 /Admin/Nav/nav
INFO: [ app_init ] --START--
INFO: Run Behavior\BuildLiteBehavior [ RunTime:0.000016s ]
INFO: [ app_init ] --END-- [ RunTime:0.000543s ]
INFO: [ app_begin ] --START--
INFO: Run Behavior\ReadHtmlCacheBehavior [ RunTime:0.000549s ]
INFO: [ app_begin ] --END-- [ RunTime:0.000607s ]
SQL: SHOW COLUMNS FROM `t_nav` [ RunTime:0.0170s ]
SQL: SHOW COLUMNS FROM `t_nav` [ RunTime:0.0183s ]
SQL: SHOW COLUMNS FROM `t_access` [ RunTime:0.0142s ]
SQL: SELECT * FROM `t_nav` WHERE `bid` = 0 AND `state` = 1 AND `level` <> 3 ORDER BY id asc  [ RunTime:0.0133s ]
SQL: SELECT * FROM `t_nav` WHERE `bid` = 1 AND `state` = 1 AND `level` <> 3 ORDER BY id asc  [ RunTime:0.0128s ]
SQL: SELECT * FROM `t_nav` WHERE `bid` = 2 AND `state` = 1 AND `level` <> 3 ORDER BY id asc  [ RunTime:0.0129s ]
SQL: SELECT * FROM `t_nav` WHERE `bid` = 158 AND `state` = 1 AND `level` <> 3 ORDER BY id asc  [ RunTime:0.0138s ]
SQL: SELECT * FROM `t_nav` WHERE `bid` = 159 AND `state` = 1 AND `level` <> 3 ORDER BY id asc  [ RunTime:0.0194s ]
SQL: SELECT * FROM `t_nav` WHERE `bid` = 342 AND `state` = 1 AND `level` <> 3 ORDER BY id asc  [ RunTime:0.0128s ]
SQL: SELECT * FROM `t_nav` WHERE `bid` = 167 AND `state` = 1 AND `level` <> 3 ORDER BY id asc  [ RunTime:0.0133s ]
SQL: SELECT * FROM `t_nav` WHERE `bid` = 169 AND `state` = 1 AND `level` <> 3 ORDER BY id asc  [ RunTime:0.0252s ]
SQL: SELECT * FROM `t_nav` WHERE `bid` = 204 AND `state` = 1 AND `level` <> 3 ORDER BY id asc  [ RunTime:0.0174s ]
SQL: SELECT * FROM `t_nav` WHERE `bid` = 205 AND `state` = 1 AND `level` <> 3 ORDER BY id asc  [ RunTime:0.0145s ]
SQL: SELECT * FROM `t_nav` WHERE `bid` = 207 AND `state` = 1 AND `level` <> 3 ORDER BY id asc  [ RunTime:0.0132s ]
SQL: SELECT * FROM `t_nav` WHERE `bid` = 208 AND `state` = 1 AND `level` <> 3 ORDER BY id asc  [ RunTime:0.0141s ]
SQL: SELECT * FROM `t_nav` WHERE `bid` = 380 AND `state` = 1 AND `level` <> 3 ORDER BY id asc  [ RunTime:0.0125s ]
SQL: SELECT * FROM `t_nav` WHERE `bid` = 381 AND `state` = 1 AND `level` <> 3 ORDER BY id asc  [ RunTime:0.0139s ]
SQL: SELECT * FROM `t_nav` WHERE `bid` = 3 AND `state` = 1 AND `level` <> 3 ORDER BY id asc  [ RunTime:0.0127s ]
SQL: SELECT * FROM `t_nav` WHERE `bid` = 4 AND `state` = 1 AND `level` <> 3 ORDER BY id asc  [ RunTime:0.0143s ]
SQL: SELECT * FROM `t_nav` WHERE `bid` = 173 AND `state` = 1 AND `level` <> 3 ORDER BY id asc  [ RunTime:0.0140s ]
SQL: SELECT * FROM `t_nav` WHERE `bid` = 174 AND `state` = 1 AND `level` <> 3 ORDER BY id asc  [ RunTime:0.0135s ]
SQL: SELECT * FROM `t_nav` WHERE `bid` = 206 AND `state` = 1 AND `level` <> 3 ORDER BY id asc  [ RunTime:0.0137s ]
SQL: SELECT * FROM `t_nav` WHERE `bid` = 363 AND `state` = 1 AND `level` <> 3 ORDER BY id asc  [ RunTime:0.0184s ]
SQL: SELECT * FROM `t_nav` WHERE `bid` = 364 AND `state` = 1 AND `level` <> 3 ORDER BY id asc  [ RunTime:0.0127s ]
SQL: SELECT * FROM `t_nav` WHERE `bid` = 370 AND `state` = 1 AND `level` <> 3 ORDER BY id asc  [ RunTime:0.0154s ]
SQL: SELECT * FROM `t_nav` WHERE `bid` = 5 AND `state` = 1 AND `level` <> 3 ORDER BY id asc  [ RunTime:0.0128s ]
SQL: SELECT * FROM `t_nav` WHERE `bid` = 6 AND `state` = 1 AND `level` <> 3 ORDER BY id asc  [ RunTime:0.0230s ]
SQL: SELECT * FROM `t_nav` WHERE `bid` = 187 AND `state` = 1 AND `level` <> 3 ORDER BY id asc  [ RunTime:0.0135s ]
SQL: SELECT * FROM `t_nav` WHERE `bid` = 188 AND `state` = 1 AND `level` <> 3 ORDER BY id asc  [ RunTime:0.0311s ]
SQL: SELECT * FROM `t_nav` WHERE `bid` = 7 AND `state` = 1 AND `level` <> 3 ORDER BY id asc  [ RunTime:0.0123s ]
SQL: SELECT * FROM `t_nav` WHERE `bid` = 8 AND `state` = 1 AND `level` <> 3 ORDER BY id asc  [ RunTime:0.0243s ]
SQL: SELECT * FROM `t_nav` WHERE `bid` = 209 AND `state` = 1 AND `level` <> 3 ORDER BY id asc  [ RunTime:0.0291s ]
SQL: SELECT * FROM `t_nav` WHERE `bid` = 210 AND `state` = 1 AND `level` <> 3 ORDER BY id asc  [ RunTime:0.0213s ]
SQL: SELECT * FROM `t_nav` WHERE `bid` = 243 AND `state` = 1 AND `level` <> 3 ORDER BY id asc  [ RunTime:0.0142s ]
SQL: SELECT * FROM `t_nav` WHERE `bid` = 320 AND `state` = 1 AND `level` <> 3 ORDER BY id asc  [ RunTime:0.0156s ]
INFO: [ app_end ] --START--
INFO: Run Behavior\ShowPageTraceBehavior [ RunTime:0.000711s ]
INFO: [ app_end ] --END-- [ RunTime:0.000767s ]

[ 2015-12-15T09:49:23+08:00 ] 127.0.0.1 /Admin/Index/center
INFO: [ app_init ] --START--
INFO: Run Behavior\BuildLiteBehavior [ RunTime:0.000013s ]
INFO: [ app_init ] --END-- [ RunTime:0.000427s ]
INFO: [ app_begin ] --START--
INFO: Run Behavior\ReadHtmlCacheBehavior [ RunTime:0.001290s ]
INFO: [ app_begin ] --END-- [ RunTime:0.001403s ]
SQL: SHOW COLUMNS FROM `t_admin` [ RunTime:0.0094s ]
SQL: SHOW COLUMNS FROM `t_base` [ RunTime:0.0117s ]
SQL: SELECT * FROM `t_admin` WHERE `id` = 3 LIMIT 1   [ RunTime:0.0103s ]
SQL: SELECT * FROM `t_base` WHERE `id` = 1 LIMIT 1   [ RunTime:0.0092s ]
INFO: [ view_parse ] --START--
INFO: [ template_filter ] --START--
INFO: Run Behavior\ContentReplaceBehavior [ RunTime:0.000045s ]
INFO: [ template_filter ] --END-- [ RunTime:0.000121s ]
INFO: Run Behavior\ParseTemplateBehavior [ RunTime:0.042274s ]
INFO: [ view_parse ] --END-- [ RunTime:0.042350s ]
INFO: [ view_filter ] --START--
INFO: Run Behavior\WriteHtmlCacheBehavior [ RunTime:0.000489s ]
INFO: [ view_filter ] --END-- [ RunTime:0.000541s ]
INFO: [ app_end ] --START--
INFO: Run Behavior\ShowPageTraceBehavior [ RunTime:0.000900s ]
INFO: [ app_end ] --END-- [ RunTime:0.000983s ]

[ 2015-12-15T09:50:30+08:00 ] 127.0.0.1 /Admin/News
INFO: [ app_init ] --START--
INFO: Run Behavior\BuildLiteBehavior [ RunTime:0.000017s ]
INFO: [ app_init ] --END-- [ RunTime:0.000510s ]
INFO: [ app_begin ] --START--
INFO: Run Behavior\ReadHtmlCacheBehavior [ RunTime:0.000709s ]
INFO: [ app_begin ] --END-- [ RunTime:0.000760s ]
SQL: SHOW COLUMNS FROM `t_news` [ RunTime:0.0138s ]
NOTIC: [8] Undefined variable: data D:\wamp\www\qb\Application\Admin\Controller\NewsController.class.php 第 31 行.
SQL: SELECT COUNT(*) AS tp_count FROM `t_news` LIMIT 1   [ RunTime:0.0107s ]
NOTIC: [8] Undefined variable: data D:\wamp\www\qb\Application\Admin\Controller\NewsController.class.php 第 35 行.
SQL: SELECT * FROM `t_news` ORDER BY isred desc,ord asc,addtime desc LIMIT 0,15   [ RunTime:0.0200s ]
SQL: SHOW COLUMNS FROM `t_group` [ RunTime:0.0122s ]
SQL: SELECT * FROM `t_group` WHERE ( pid = 0 )  [ RunTime:0.0118s ]
INFO: [ view_parse ] --START--
INFO: [ template_filter ] --START--
INFO: Run Behavior\ContentReplaceBehavior [ RunTime:0.000063s ]
INFO: [ template_filter ] --END-- [ RunTime:0.000145s ]
NOTIC: [8] Undefined variable: verify D:\wamp\www\qb\Application\Runtime\Cache\Admin\e84d1c149b88214d37c4f6238ea8b474.php 第 39 行.
NOTIC: [8] Undefined variable: verify D:\wamp\www\qb\Application\Runtime\Cache\Admin\e84d1c149b88214d37c4f6238ea8b474.php 第 40 行.
NOTIC: [8] Undefined variable: verify D:\wamp\www\qb\Application\Runtime\Cache\Admin\e84d1c149b88214d37c4f6238ea8b474.php 第 40 行.
NOTIC: [8] Undefined variable: verify D:\wamp\www\qb\Application\Runtime\Cache\Admin\e84d1c149b88214d37c4f6238ea8b474.php 第 40 行.
NOTIC: [8] Undefined variable: verify D:\wamp\www\qb\Application\Runtime\Cache\Admin\e84d1c149b88214d37c4f6238ea8b474.php 第 40 行.
NOTIC: [8] Use of undefined constant istop - assumed 'istop' D:\wamp\www\qb\Application\Runtime\Cache\Admin\e84d1c149b88214d37c4f6238ea8b474.php 第 71 行.
NOTIC: [8] Use of undefined constant istop - assumed 'istop' D:\wamp\www\qb\Application\Runtime\Cache\Admin\e84d1c149b88214d37c4f6238ea8b474.php 第 71 行.
NOTIC: [8] Use of undefined constant istop - assumed 'istop' D:\wamp\www\qb\Application\Runtime\Cache\Admin\e84d1c149b88214d37c4f6238ea8b474.php 第 71 行.
NOTIC: [8] Use of undefined constant isred - assumed 'isred' D:\wamp\www\qb\Application\Runtime\Cache\Admin\e84d1c149b88214d37c4f6238ea8b474.php 第 72 行.
NOTIC: [8] Use of undefined constant isred - assumed 'isred' D:\wamp\www\qb\Application\Runtime\Cache\Admin\e84d1c149b88214d37c4f6238ea8b474.php 第 72 行.
NOTIC: [8] Use of undefined constant isred - assumed 'isred' D:\wamp\www\qb\Application\Runtime\Cache\Admin\e84d1c149b88214d37c4f6238ea8b474.php 第 72 行.
NOTIC: [8] Use of undefined constant istop - assumed 'istop' D:\wamp\www\qb\Application\Runtime\Cache\Admin\e84d1c149b88214d37c4f6238ea8b474.php 第 71 行.
NOTIC: [8] Use of undefined constant istop - assumed 'istop' D:\wamp\www\qb\Application\Runtime\Cache\Admin\e84d1c149b88214d37c4f6238ea8b474.php 第 71 行.
NOTIC: [8] Use of undefined constant istop - assumed 'istop' D:\wamp\www\qb\Application\Runtime\Cache\Admin\e84d1c149b88214d37c4f6238ea8b474.php 第 71 行.
NOTIC: [8] Use of undefined constant isred - assumed 'isred' D:\wamp\www\qb\Application\Runtime\Cache\Admin\e84d1c149b88214d37c4f6238ea8b474.php 第 72 行.
NOTIC: [8] Use of undefined constant isred - assumed 'isred' D:\wamp\www\qb\Application\Runtime\Cache\Admin\e84d1c149b88214d37c4f6238ea8b474.php 第 72 行.
NOTIC: [8] Use of undefined constant isred - assumed 'isred' D:\wamp\www\qb\Application\Runtime\Cache\Admin\e84d1c149b88214d37c4f6238ea8b474.php 第 72 行.
NOTIC: [8] Use of undefined constant istop - assumed 'istop' D:\wamp\www\qb\Application\Runtime\Cache\Admin\e84d1c149b88214d37c4f6238ea8b474.php 第 71 行.
NOTIC: [8] Use of undefined constant istop - assumed 'istop' D:\wamp\www\qb\Application\Runtime\Cache\Admin\e84d1c149b88214d37c4f6238ea8b474.php 第 71 行.
NOTIC: [8] Use of undefined constant istop - assumed 'istop' D:\wamp\www\qb\Application\Runtime\Cache\Admin\e84d1c149b88214d37c4f6238ea8b474.php 第 71 行.
NOTIC: [8] Use of undefined constant isred - assumed 'isred' D:\wamp\www\qb\Application\Runtime\Cache\Admin\e84d1c149b88214d37c4f6238ea8b474.php 第 72 行.
NOTIC: [8] Use of undefined constant isred - assumed 'isred' D:\wamp\www\qb\Application\Runtime\Cache\Admin\e84d1c149b88214d37c4f6238ea8b474.php 第 72 行.
NOTIC: [8] Use of undefined constant isred - assumed 'isred' D:\wamp\www\qb\Application\Runtime\Cache\Admin\e84d1c149b88214d37c4f6238ea8b474.php 第 72 行.
NOTIC: [8] Use of undefined constant istop - assumed 'istop' D:\wamp\www\qb\Application\Runtime\Cache\Admin\e84d1c149b88214d37c4f6238ea8b474.php 第 71 行.
NOTIC: [8] Use of undefined constant istop - assumed 'istop' D:\wamp\www\qb\Application\Runtime\Cache\Admin\e84d1c149b88214d37c4f6238ea8b474.php 第 71 行.
NOTIC: [8] Use of undefined constant istop - assumed 'istop' D:\wamp\www\qb\Application\Runtime\Cache\Admin\e84d1c149b88214d37c4f6238ea8b474.php 第 71 行.
NOTIC: [8] Use of undefined constant isred - assumed 'isred' D:\wamp\www\qb\Application\Runtime\Cache\Admin\e84d1c149b88214d37c4f6238ea8b474.php 第 72 行.
NOTIC: [8] Use of undefined constant isred - assumed 'isred' D:\wamp\www\qb\Application\Runtime\Cache\Admin\e84d1c149b88214d37c4f6238ea8b474.php 第 72 行.
NOTIC: [8] Use of undefined constant isred - assumed 'isred' D:\wamp\www\qb\Application\Runtime\Cache\Admin\e84d1c149b88214d37c4f6238ea8b474.php 第 72 行.
INFO: Run Behavior\ParseTemplateBehavior [ RunTime:0.012213s ]
INFO: [ view_parse ] --END-- [ RunTime:0.012265s ]
INFO: [ view_filter ] --START--
INFO: Run Behavior\WriteHtmlCacheBehavior [ RunTime:0.000592s ]
INFO: [ view_filter ] --END-- [ RunTime:0.000636s ]
INFO: [ app_end ] --START--
INFO: Run Behavior\ShowPageTraceBehavior [ RunTime:0.000728s ]
INFO: [ app_end ] --END-- [ RunTime:0.000770s ]

[ 2015-12-15T09:50:36+08:00 ] 127.0.0.1 /Admin/Group
INFO: [ app_init ] --START--
INFO: Run Behavior\BuildLiteBehavior [ RunTime:0.000071s ]
INFO: [ app_init ] --END-- [ RunTime:0.002168s ]
INFO: [ app_begin ] --START--
INFO: Run Behavior\ReadHtmlCacheBehavior [ RunTime:0.000860s ]
INFO: [ app_begin ] --END-- [ RunTime:0.000937s ]
SQL: SHOW COLUMNS FROM `t_group` [ RunTime:0.0092s ]
SQL: SHOW COLUMNS FROM `t_group` [ RunTime:0.0094s ]
SQL: SELECT * FROM `t_group` WHERE `pid` = 0 ORDER BY ord asc,id asc  [ RunTime:0.0079s ]
SQL: SELECT * FROM `t_group` WHERE `pid` = 1 ORDER BY ord asc,id asc  [ RunTime:0.0101s ]
SQL: SELECT * FROM `t_group` WHERE `pid` = 373 ORDER BY ord asc,id asc  [ RunTime:0.0109s ]
SQL: SELECT * FROM `t_group` WHERE `pid` = 372 ORDER BY ord asc,id asc  [ RunTime:0.0075s ]
SQL: SELECT * FROM `t_group` WHERE `pid` = 371 ORDER BY ord asc,id asc  [ RunTime:0.0120s ]
SQL: SELECT * FROM `t_group` WHERE `pid` = 378 ORDER BY ord asc,id asc  [ RunTime:0.0078s ]
SQL: SELECT * FROM `t_group` WHERE `pid` = 2 ORDER BY ord asc,id asc  [ RunTime:0.0090s ]
SQL: SELECT * FROM `t_group` WHERE `pid` = 376 ORDER BY ord asc,id asc  [ RunTime:0.0085s ]
SQL: SELECT * FROM `t_group` WHERE `pid` = 377 ORDER BY ord asc,id asc  [ RunTime:0.0098s ]
SQL: SELECT * FROM `t_group` WHERE `pid` = 379 ORDER BY ord asc,id asc  [ RunTime:0.0108s ]
SQL: SELECT * FROM `t_group` WHERE `pid` = 3 ORDER BY ord asc,id asc  [ RunTime:0.0090s ]
SQL: SELECT * FROM `t_group` WHERE `pid` = 380 ORDER BY ord asc,id asc  [ RunTime:0.0118s ]
SQL: SELECT * FROM `t_group` WHERE `pid` = 381 ORDER BY ord asc,id asc  [ RunTime:0.0141s ]
SQL: SELECT * FROM `t_group` WHERE `pid` = 382 ORDER BY ord asc,id asc  [ RunTime:0.0077s ]
SQL: SELECT * FROM `t_group` WHERE `pid` = 4 ORDER BY ord asc,id asc  [ RunTime:0.0126s ]
SQL: SELECT * FROM `t_group` WHERE `pid` = 383 ORDER BY ord asc,id asc  [ RunTime:0.0083s ]
SQL: SELECT * FROM `t_group` WHERE `pid` = 384 ORDER BY ord asc,id asc  [ RunTime:0.0102s ]
INFO: [ view_parse ] --START--
INFO: [ template_filter ] --START--
INFO: Run Behavior\ContentReplaceBehavior [ RunTime:0.000046s ]
INFO: [ template_filter ] --END-- [ RunTime:0.000101s ]
NOTIC: [8] Use of undefined constant istop - assumed 'istop' D:\wamp\www\qb\Application\Runtime\Cache\Admin\e684a848a268a41bee4e7f6c72a46aa7.php 第 83 行.
NOTIC: [8] Use of undefined constant istop - assumed 'istop' D:\wamp\www\qb\Application\Runtime\Cache\Admin\e684a848a268a41bee4e7f6c72a46aa7.php 第 83 行.
NOTIC: [8] Use of undefined constant istop - assumed 'istop' D:\wamp\www\qb\Application\Runtime\Cache\Admin\e684a848a268a41bee4e7f6c72a46aa7.php 第 83 行.
NOTIC: [8] Use of undefined constant isred - assumed 'isred' D:\wamp\www\qb\Application\Runtime\Cache\Admin\e684a848a268a41bee4e7f6c72a46aa7.php 第 85 行.
NOTIC: [8] Use of undefined constant isred - assumed 'isred' D:\wamp\www\qb\Application\Runtime\Cache\Admin\e684a848a268a41bee4e7f6c72a46aa7.php 第 85 行.
NOTIC: [8] Use of undefined constant isred - assumed 'isred' D:\wamp\www\qb\Application\Runtime\Cache\Admin\e684a848a268a41bee4e7f6c72a46aa7.php 第 85 行.
NOTIC: [8] Use of undefined constant istop - assumed 'istop' D:\wamp\www\qb\Application\Runtime\Cache\Admin\e684a848a268a41bee4e7f6c72a46aa7.php 第 83 行.
NOTIC: [8] Use of undefined constant istop - assumed 'istop' D:\wamp\www\qb\Application\Runtime\Cache\Admin\e684a848a268a41bee4e7f6c72a46aa7.php 第 83 行.
NOTIC: [8] Use of undefined constant istop - assumed 'istop' D:\wamp\www\qb\Application\Runtime\Cache\Admin\e684a848a268a41bee4e7f6c72a46aa7.php 第 83 行.
NOTIC: [8] Use of undefined constant isred - assumed 'isred' D:\wamp\www\qb\Application\Runtime\Cache\Admin\e684a848a268a41bee4e7f6c72a46aa7.php 第 85 行.
NOTIC: [8] Use of undefined constant isred - assumed 'isred' D:\wamp\www\qb\Application\Runtime\Cache\Admin\e684a848a268a41bee4e7f6c72a46aa7.php 第 85 行.
NOTIC: [8] Use of undefined constant isred - assumed 'isred' D:\wamp\www\qb\Application\Runtime\Cache\Admin\e684a848a268a41bee4e7f6c72a46aa7.php 第 85 行.
NOTIC: [8] Use of undefined constant istop - assumed 'istop' D:\wamp\www\qb\Application\Runtime\Cache\Admin\e684a848a268a41bee4e7f6c72a46aa7.php 第 83 行.
NOTIC: [8] Use of undefined constant istop - assumed 'istop' D:\wamp\www\qb\Application\Runtime\Cache\Admin\e684a848a268a41bee4e7f6c72a46aa7.php 第 83 行.
NOTIC: [8] Use of undefined constant istop - assumed 'istop' D:\wamp\www\qb\Application\Runtime\Cache\Admin\e684a848a268a41bee4e7f6c72a46aa7.php 第 83 行.
NOTIC: [8] Use of undefined constant isred - assumed 'isred' D:\wamp\www\qb\Application\Runtime\Cache\Admin\e684a848a268a41bee4e7f6c72a46aa7.php 第 85 行.
NOTIC: [8] Use of undefined constant isred - assumed 'isred' D:\wamp\www\qb\Application\Runtime\Cache\Admin\e684a848a268a41bee4e7f6c72a46aa7.php 第 85 行.
NOTIC: [8] Use of undefined constant isred - assumed 'isred' D:\wamp\www\qb\Application\Runtime\Cache\Admin\e684a848a268a41bee4e7f6c72a46aa7.php 第 85 行.
NOTIC: [8] Use of undefined constant istop - assumed 'istop' D:\wamp\www\qb\Application\Runtime\Cache\Admin\e684a848a268a41bee4e7f6c72a46aa7.php 第 83 行.
NOTIC: [8] Use of undefined constant istop - assumed 'istop' D:\wamp\www\qb\Application\Runtime\Cache\Admin\e684a848a268a41bee4e7f6c72a46aa7.php 第 83 行.
NOTIC: [8] Use of undefined constant istop - assumed 'istop' D:\wamp\www\qb\Application\Runtime\Cache\Admin\e684a848a268a41bee4e7f6c72a46aa7.php 第 83 行.
NOTIC: [8] Use of undefined constant isred - assumed 'isred' D:\wamp\www\qb\Application\Runtime\Cache\Admin\e684a848a268a41bee4e7f6c72a46aa7.php 第 85 行.
NOTIC: [8] Use of undefined constant isred - assumed 'isred' D:\wamp\www\qb\Application\Runtime\Cache\Admin\e684a848a268a41bee4e7f6c72a46aa7.php 第 85 行.
NOTIC: [8] Use of undefined constant isred - assumed 'isred' D:\wamp\www\qb\Application\Runtime\Cache\Admin\e684a848a268a41bee4e7f6c72a46aa7.php 第 85 行.
NOTIC: [8] Use of undefined constant istop - assumed 'istop' D:\wamp\www\qb\Application\Runtime\Cache\Admin\e684a848a268a41bee4e7f6c72a46aa7.php 第 83 行.
NOTIC: [8] Use of undefined constant istop - assumed 'istop' D:\wamp\www\qb\Application\Runtime\Cache\Admin\e684a848a268a41bee4e7f6c72a46aa7.php 第 83 行.
NOTIC: [8] Use of undefined constant istop - assumed 'istop' D:\wamp\www\qb\Application\Runtime\Cache\Admin\e684a848a268a41bee4e7f6c72a46aa7.php 第 83 行.
NOTIC: [8] Use of undefined constant isred - assumed 'isred' D:\wamp\www\qb\Application\Runtime\Cache\Admin\e684a848a268a41bee4e7f6c72a46aa7.php 第 85 行.
NOTIC: [8] Use of undefined constant isred - assumed 'isred' D:\wamp\www\qb\Application\Runtime\Cache\Admin\e684a848a268a41bee4e7f6c72a46aa7.php 第 85 行.
NOTIC: [8] Use of undefined constant isred - assumed 'isred' D:\wamp\www\qb\Application\Runtime\Cache\Admin\e684a848a268a41bee4e7f6c72a46aa7.php 第 85 行.
NOTIC: [8] Use of undefined constant istop - assumed 'istop' D:\wamp\www\qb\Application\Runtime\Cache\Admin\e684a848a268a41bee4e7f6c72a46aa7.php 第 83 行.
NOTIC: [8] Use of undefined constant istop - assumed 'istop' D:\wamp\www\qb\Application\Runtime\Cache\Admin\e684a848a268a41bee4e7f6c72a46aa7.php 第 83 行.
NOTIC: [8] Use of undefined constant istop - assumed 'istop' D:\wamp\www\qb\Application\Runtime\Cache\Admin\e684a848a268a41bee4e7f6c72a46aa7.php 第 83 行.
NOTIC: [8] Use of undefined constant isred - assumed 'isred' D:\wamp\www\qb\Application\Runtime\Cache\Admin\e684a848a268a41bee4e7f6c72a46aa7.php 第 85 行.
NOTIC: [8] Use of undefined constant isred - assumed 'isred' D:\wamp\www\qb\Application\Runtime\Cache\Admin\e684a848a268a41bee4e7f6c72a46aa7.php 第 85 行.
NOTIC: [8] Use of undefined constant isred - assumed 'isred' D:\wamp\www\qb\Application\Runtime\Cache\Admin\e684a848a268a41bee4e7f6c72a46aa7.php 第 85 行.
NOTIC: [8] Use of undefined constant istop - assumed 'istop' D:\wamp\www\qb\Application\Runtime\Cache\Admin\e684a848a268a41bee4e7f6c72a46aa7.php 第 83 行.
NOTIC: [8] Use of undefined constant istop - assumed 'istop' D:\wamp\www\qb\Application\Runtime\Cache\Admin\e684a848a268a41bee4e7f6c72a46aa7.php 第 83 行.
NOTIC: [8] Use of undefined constant istop - assumed 'istop' D:\wamp\www\qb\Application\Runtime\Cache\Admin\e684a848a268a41bee4e7f6c72a46aa7.php 第 83 行.
NOTIC: [8] Use of undefined constant isred - assumed 'isred' D:\wamp\www\qb\Application\Runtime\Cache\Admin\e684a848a268a41bee4e7f6c72a46aa7.php 第 85 行.
NOTIC: [8] Use of undefined constant isred - assumed 'isred' D:\wamp\www\qb\Application\Runtime\Cache\Admin\e684a848a268a41bee4e7f6c72a46aa7.php 第 85 行.
NOTIC: [8] Use of undefined constant isred - assumed 'isred' D:\wamp\www\qb\Application\Runtime\Cache\Admin\e684a848a268a41bee4e7f6c72a46aa7.php 第 85 行.
NOTIC: [8] Use of undefined constant istop - assumed 'istop' D:\wamp\www\qb\Application\Runtime\Cache\Admin\e684a848a268a41bee4e7f6c72a46aa7.php 第 83 行.
NOTIC: [8] Use of undefined constant istop - assumed 'istop' D:\wamp\www\qb\Application\Runtime\Cache\Admin\e684a848a268a41bee4e7f6c72a46aa7.php 第 83 行.
NOTIC: [8] Use of undefined constant istop - assumed 'istop' D:\wamp\www\qb\Application\Runtime\Cache\Admin\e684a848a268a41bee4e7f6c72a46aa7.php 第 83 行.
NOTIC: [8] Use of undefined constant isred - assumed 'isred' D:\wamp\www\qb\Application\Runtime\Cache\Admin\e684a848a268a41bee4e7f6c72a46aa7.php 第 85 行.
NOTIC: [8] Use of undefined constant isred - assumed 'isred' D:\wamp\www\qb\Application\Runtime\Cache\Admin\e684a848a268a41bee4e7f6c72a46aa7.php 第 85 行.
NOTIC: [8] Use of undefined constant isred - assumed 'isred' D:\wamp\www\qb\Application\Runtime\Cache\Admin\e684a848a268a41bee4e7f6c72a46aa7.php 第 85 行.
NOTIC: [8] Use of undefined constant istop - assumed 'istop' D:\wamp\www\qb\Application\Runtime\Cache\Admin\e684a848a268a41bee4e7f6c72a46aa7.php 第 83 行.
NOTIC: [8] Use of undefined constant istop - assumed 'istop' D:\wamp\www\qb\Application\Runtime\Cache\Admin\e684a848a268a41bee4e7f6c72a46aa7.php 第 83 行.
NOTIC: [8] Use of undefined constant istop - assumed 'istop' D:\wamp\www\qb\Application\Runtime\Cache\Admin\e684a848a268a41bee4e7f6c72a46aa7.php 第 83 行.
NOTIC: [8] Use of undefined constant isred - assumed 'isred' D:\wamp\www\qb\Application\Runtime\Cache\Admin\e684a848a268a41bee4e7f6c72a46aa7.php 第 85 行.
NOTIC: [8] Use of undefined constant isred - assumed 'isred' D:\wamp\www\qb\Application\Runtime\Cache\Admin\e684a848a268a41bee4e7f6c72a46aa7.php 第 85 行.
NOTIC: [8] Use of undefined constant isred - assumed 'isred' D:\wamp\www\qb\Application\Runtime\Cache\Admin\e684a848a268a41bee4e7f6c72a46aa7.php 第 85 行.
NOTIC: [8] Use of undefined constant istop - assumed 'istop' D:\wamp\www\qb\Application\Runtime\Cache\Admin\e684a848a268a41bee4e7f6c72a46aa7.php 第 83 行.
NOTIC: [8] Use of undefined constant istop - assumed 'istop' D:\wamp\www\qb\Application\Runtime\Cache\Admin\e684a848a268a41bee4e7f6c72a46aa7.php 第 83 行.
NOTIC: [8] Use of undefined constant istop - assumed 'istop' D:\wamp\www\qb\Application\Runtime\Cache\Admin\e684a848a268a41bee4e7f6c72a46aa7.php 第 83 行.
NOTIC: [8] Use of undefined constant isred - assumed 'isred' D:\wamp\www\qb\Application\Runtime\Cache\Admin\e684a848a268a41bee4e7f6c72a46aa7.php 第 85 行.
NOTIC: [8] Use of undefined constant isred - assumed 'isred' D:\wamp\www\qb\Application\Runtime\Cache\Admin\e684a848a268a41bee4e7f6c72a46aa7.php 第 85 行.
NOTIC: [8] Use of undefined constant isred - assumed 'isred' D:\wamp\www\qb\Application\Runtime\Cache\Admin\e684a848a268a41bee4e7f6c72a46aa7.php 第 85 行.
NOTIC: [8] Use of undefined constant istop - assumed 'istop' D:\wamp\www\qb\Application\Runtime\Cache\Admin\e684a848a268a41bee4e7f6c72a46aa7.php 第 83 行.
NOTIC: [8] Use of undefined constant istop - assumed 'istop' D:\wamp\www\qb\Application\Runtime\Cache\Admin\e684a848a268a41bee4e7f6c72a46aa7.php 第 83 行.
NOTIC: [8] Use of undefined constant istop - assumed 'istop' D:\wamp\www\qb\Application\Runtime\Cache\Admin\e684a848a268a41bee4e7f6c72a46aa7.php 第 83 行.
NOTIC: [8] Use of undefined constant isred - assumed 'isred' D:\wamp\www\qb\Application\Runtime\Cache\Admin\e684a848a268a41bee4e7f6c72a46aa7.php 第 85 行.
NOTIC: [8] Use of undefined constant isred - assumed 'isred' D:\wamp\www\qb\Application\Runtime\Cache\Admin\e684a848a268a41bee4e7f6c72a46aa7.php 第 85 行.
NOTIC: [8] Use of undefined constant isred - assumed 'isred' D:\wamp\www\qb\Application\Runtime\Cache\Admin\e684a848a268a41bee4e7f6c72a46aa7.php 第 85 行.
NOTIC: [8] Use of undefined constant istop - assumed 'istop' D:\wamp\www\qb\Application\Runtime\Cache\Admin\e684a848a268a41bee4e7f6c72a46aa7.php 第 83 行.
NOTIC: [8] Use of undefined constant istop - assumed 'istop' D:\wamp\www\qb\Application\Runtime\Cache\Admin\e684a848a268a41bee4e7f6c72a46aa7.php 第 83 行.
NOTIC: [8] Use of undefined constant istop - assumed 'istop' D:\wamp\www\qb\Application\Runtime\Cache\Admin\e684a848a268a41bee4e7f6c72a46aa7.php 第 83 行.
NOTIC: [8] Use of undefined constant isred - assumed 'isred' D:\wamp\www\qb\Application\Runtime\Cache\Admin\e684a848a268a41bee4e7f6c72a46aa7.php 第 85 行.
NOTIC: [8] Use of undefined constant isred - assumed 'isred' D:\wamp\www\qb\Application\Runtime\Cache\Admin\e684a848a268a41bee4e7f6c72a46aa7.php 第 85 行.
NOTIC: [8] Use of undefined constant isred - assumed 'isred' D:\wamp\www\qb\Application\Runtime\Cache\Admin\e684a848a268a41bee4e7f6c72a46aa7.php 第 85 行.
INFO: Run Behavior\ParseTemplateBehavior [ RunTime:0.030969s ]
INFO: [ view_parse ] --END-- [ RunTime:0.031023s ]
INFO: [ view_filter ] --START--
INFO: Run Behavior\WriteHtmlCacheBehavior [ RunTime:0.000671s ]
INFO: [ view_filter ] --END-- [ RunTime:0.000714s ]
INFO: [ app_end ] --START--
INFO: Run Behavior\ShowPageTraceBehavior [ RunTime:0.000772s ]
INFO: [ app_end ] --END-- [ RunTime:0.000826s ]

[ 2015-12-15T09:50:41+08:00 ] 127.0.0.1 /Admin/Selfcity
INFO: [ app_init ] --START--
INFO: Run Behavior\BuildLiteBehavior [ RunTime:0.000017s ]
INFO: [ app_init ] --END-- [ RunTime:0.000750s ]
INFO: [ app_begin ] --START--
INFO: Run Behavior\ReadHtmlCacheBehavior [ RunTime:0.000995s ]
INFO: [ app_begin ] --END-- [ RunTime:0.001084s ]
SQL: SHOW COLUMNS FROM `t_selfcity` [ RunTime:0.0114s ]
SQL: SELECT COUNT(*) AS tp_count FROM `t_selfcity` LIMIT 1   [ RunTime:0.0099s ]
NOTIC: [8] Undefined variable: data D:\wamp\www\qb\Application\Admin\Controller\SelfcityController.class.php 第 26 行.
SQL: SELECT * FROM `t_selfcity` ORDER BY isred desc,id desc LIMIT 0,15   [ RunTime:0.0121s ]
INFO: [ view_parse ] --START--
INFO: [ template_filter ] --START--
INFO: Run Behavior\ContentReplaceBehavior [ RunTime:0.000047s ]
INFO: [ template_filter ] --END-- [ RunTime:0.000112s ]
NOTIC: [8] Use of undefined constant isred - assumed 'isred' D:\wamp\www\qb\Application\Runtime\Cache\Admin\7224e4b25872e9ce0050481912a41c50.php 第 73 行.
NOTIC: [8] Use of undefined constant isred - assumed 'isred' D:\wamp\www\qb\Application\Runtime\Cache\Admin\7224e4b25872e9ce0050481912a41c50.php 第 73 行.
NOTIC: [8] Use of undefined constant isred - assumed 'isred' D:\wamp\www\qb\Application\Runtime\Cache\Admin\7224e4b25872e9ce0050481912a41c50.php 第 73 行.
NOTIC: [8] Use of undefined constant p - assumed 'p' D:\wamp\www\qb\Application\Runtime\Cache\Admin\7224e4b25872e9ce0050481912a41c50.php 第 73 行.
NOTIC: [8] Undefined index: p D:\wamp\www\qb\Application\Runtime\Cache\Admin\7224e4b25872e9ce0050481912a41c50.php 第 73 行.
NOTIC: [8] Use of undefined constant verify - assumed 'verify' D:\wamp\www\qb\Application\Runtime\Cache\Admin\7224e4b25872e9ce0050481912a41c50.php 第 73 行.
NOTIC: [8] Undefined index: verify D:\wamp\www\qb\Application\Runtime\Cache\Admin\7224e4b25872e9ce0050481912a41c50.php 第 73 行.
NOTIC: [8] Use of undefined constant keyword - assumed 'keyword' D:\wamp\www\qb\Application\Runtime\Cache\Admin\7224e4b25872e9ce0050481912a41c50.php 第 73 行.
NOTIC: [8] Undefined index: keyword D:\wamp\www\qb\Application\Runtime\Cache\Admin\7224e4b25872e9ce0050481912a41c50.php 第 73 行.
NOTIC: [8] Use of undefined constant isred - assumed 'isred' D:\wamp\www\qb\Application\Runtime\Cache\Admin\7224e4b25872e9ce0050481912a41c50.php 第 73 行.
NOTIC: [8] Use of undefined constant isred - assumed 'isred' D:\wamp\www\qb\Application\Runtime\Cache\Admin\7224e4b25872e9ce0050481912a41c50.php 第 73 行.
NOTIC: [8] Use of undefined constant isred - assumed 'isred' D:\wamp\www\qb\Application\Runtime\Cache\Admin\7224e4b25872e9ce0050481912a41c50.php 第 73 行.
NOTIC: [8] Use of undefined constant p - assumed 'p' D:\wamp\www\qb\Application\Runtime\Cache\Admin\7224e4b25872e9ce0050481912a41c50.php 第 73 行.
NOTIC: [8] Undefined index: p D:\wamp\www\qb\Application\Runtime\Cache\Admin\7224e4b25872e9ce0050481912a41c50.php 第 73 行.
NOTIC: [8] Use of undefined constant verify - assumed 'verify' D:\wamp\www\qb\Application\Runtime\Cache\Admin\7224e4b25872e9ce0050481912a41c50.php 第 73 行.
NOTIC: [8] Undefined index: verify D:\wamp\www\qb\Application\Runtime\Cache\Admin\7224e4b25872e9ce0050481912a41c50.php 第 73 行.
NOTIC: [8] Use of undefined constant keyword - assumed 'keyword' D:\wamp\www\qb\Application\Runtime\Cache\Admin\7224e4b25872e9ce0050481912a41c50.php 第 73 行.
NOTIC: [8] Undefined index: keyword D:\wamp\www\qb\Application\Runtime\Cache\Admin\7224e4b25872e9ce0050481912a41c50.php 第 73 行.
NOTIC: [8] Use of undefined constant isred - assumed 'isred' D:\wamp\www\qb\Application\Runtime\Cache\Admin\7224e4b25872e9ce0050481912a41c50.php 第 73 行.
NOTIC: [8] Use of undefined constant isred - assumed 'isred' D:\wamp\www\qb\Application\Runtime\Cache\Admin\7224e4b25872e9ce0050481912a41c50.php 第 73 行.
NOTIC: [8] Use of undefined constant isred - assumed 'isred' D:\wamp\www\qb\Application\Runtime\Cache\Admin\7224e4b25872e9ce0050481912a41c50.php 第 73 行.
NOTIC: [8] Use of undefined constant p - assumed 'p' D:\wamp\www\qb\Application\Runtime\Cache\Admin\7224e4b25872e9ce0050481912a41c50.php 第 73 行.
NOTIC: [8] Undefined index: p D:\wamp\www\qb\Application\Runtime\Cache\Admin\7224e4b25872e9ce0050481912a41c50.php 第 73 行.
NOTIC: [8] Use of undefined constant verify - assumed 'verify' D:\wamp\www\qb\Application\Runtime\Cache\Admin\7224e4b25872e9ce0050481912a41c50.php 第 73 行.
NOTIC: [8] Undefined index: verify D:\wamp\www\qb\Application\Runtime\Cache\Admin\7224e4b25872e9ce0050481912a41c50.php 第 73 行.
NOTIC: [8] Use of undefined constant keyword - assumed 'keyword' D:\wamp\www\qb\Application\Runtime\Cache\Admin\7224e4b25872e9ce0050481912a41c50.php 第 73 行.
NOTIC: [8] Undefined index: keyword D:\wamp\www\qb\Application\Runtime\Cache\Admin\7224e4b25872e9ce0050481912a41c50.php 第 73 行.
INFO: Run Behavior\ParseTemplateBehavior [ RunTime:0.067253s ]
INFO: [ view_parse ] --END-- [ RunTime:0.067327s ]
INFO: [ view_filter ] --START--
INFO: Run Behavior\WriteHtmlCacheBehavior [ RunTime:0.000472s ]
INFO: [ view_filter ] --END-- [ RunTime:0.000519s ]
INFO: [ app_end ] --START--
INFO: Run Behavior\ShowPageTraceBehavior [ RunTime:0.000859s ]
INFO: [ app_end ] --END-- [ RunTime:0.000911s ]

[ 2015-12-15T09:50:44+08:00 ] 127.0.0.1 /Admin/Base
INFO: [ app_init ] --START--
INFO: Run Behavior\BuildLiteBehavior [ RunTime:0.000014s ]
INFO: [ app_init ] --END-- [ RunTime:0.000474s ]
INFO: [ app_begin ] --START--
INFO: Run Behavior\ReadHtmlCacheBehavior [ RunTime:0.000995s ]
INFO: [ app_begin ] --END-- [ RunTime:0.001079s ]
SQL: SHOW COLUMNS FROM `t_base` [ RunTime:0.0134s ]
SQL: SELECT * FROM `t_base` WHERE `id` = 1 LIMIT 1   [ RunTime:0.0132s ]
INFO: [ view_parse ] --START--
INFO: [ template_filter ] --START--
INFO: Run Behavior\ContentReplaceBehavior [ RunTime:0.000053s ]
INFO: [ template_filter ] --END-- [ RunTime:0.000123s ]
INFO: Run Behavior\ParseTemplateBehavior [ RunTime:0.027290s ]
INFO: [ view_parse ] --END-- [ RunTime:0.027374s ]
INFO: [ view_filter ] --START--
INFO: Run Behavior\WriteHtmlCacheBehavior [ RunTime:0.000433s ]
INFO: [ view_filter ] --END-- [ RunTime:0.000475s ]
INFO: [ app_end ] --START--
INFO: Run Behavior\ShowPageTraceBehavior [ RunTime:0.001079s ]
INFO: [ app_end ] --END-- [ RunTime:0.001162s ]

[ 2015-12-15T09:50:45+08:00 ] 127.0.0.1 /Admin/Ads
INFO: [ app_init ] --START--
INFO: Run Behavior\BuildLiteBehavior [ RunTime:0.000015s ]
INFO: [ app_init ] --END-- [ RunTime:0.000517s ]
INFO: [ app_begin ] --START--
INFO: Run Behavior\ReadHtmlCacheBehavior [ RunTime:0.000907s ]
INFO: [ app_begin ] --END-- [ RunTime:0.000994s ]
SQL: SHOW COLUMNS FROM `t_ads` [ RunTime:0.0121s ]
SQL: SELECT COUNT(*) AS tp_count FROM `t_ads` LIMIT 1   [ RunTime:0.0175s ]
NOTIC: [8] Undefined variable: data D:\wamp\www\qb\Application\Admin\Controller\AdsController.class.php 第 24 行.
SQL: SELECT * FROM `t_ads` ORDER BY istop desc,isred desc,ord asc,addtime desc LIMIT 0,15   [ RunTime:0.0115s ]
INFO: [ view_parse ] --START--
INFO: [ template_filter ] --START--
INFO: Run Behavior\ContentReplaceBehavior [ RunTime:0.000044s ]
INFO: [ template_filter ] --END-- [ RunTime:0.000099s ]
NOTIC: [8] Undefined variable: verify D:\wamp\www\qb\Application\Runtime\Cache\Admin\d8dc2a3b8dcffef6921ed85a3c61e851.php 第 39 行.
NOTIC: [8] Undefined variable: verify D:\wamp\www\qb\Application\Runtime\Cache\Admin\d8dc2a3b8dcffef6921ed85a3c61e851.php 第 40 行.
NOTIC: [8] Undefined variable: verify D:\wamp\www\qb\Application\Runtime\Cache\Admin\d8dc2a3b8dcffef6921ed85a3c61e851.php 第 41 行.
NOTIC: [8] Undefined variable: verify D:\wamp\www\qb\Application\Runtime\Cache\Admin\d8dc2a3b8dcffef6921ed85a3c61e851.php 第 42 行.
NOTIC: [8] Use of undefined constant istop - assumed 'istop' D:\wamp\www\qb\Application\Runtime\Cache\Admin\d8dc2a3b8dcffef6921ed85a3c61e851.php 第 73 行.
NOTIC: [8] Use of undefined constant istop - assumed 'istop' D:\wamp\www\qb\Application\Runtime\Cache\Admin\d8dc2a3b8dcffef6921ed85a3c61e851.php 第 73 行.
NOTIC: [8] Use of undefined constant istop - assumed 'istop' D:\wamp\www\qb\Application\Runtime\Cache\Admin\d8dc2a3b8dcffef6921ed85a3c61e851.php 第 73 行.
NOTIC: [8] Use of undefined constant isred - assumed 'isred' D:\wamp\www\qb\Application\Runtime\Cache\Admin\d8dc2a3b8dcffef6921ed85a3c61e851.php 第 74 行.
NOTIC: [8] Use of undefined constant isred - assumed 'isred' D:\wamp\www\qb\Application\Runtime\Cache\Admin\d8dc2a3b8dcffef6921ed85a3c61e851.php 第 74 行.
NOTIC: [8] Use of undefined constant isred - assumed 'isred' D:\wamp\www\qb\Application\Runtime\Cache\Admin\d8dc2a3b8dcffef6921ed85a3c61e851.php 第 74 行.
NOTIC: [8] Use of undefined constant istop - assumed 'istop' D:\wamp\www\qb\Application\Runtime\Cache\Admin\d8dc2a3b8dcffef6921ed85a3c61e851.php 第 73 行.
NOTIC: [8] Use of undefined constant istop - assumed 'istop' D:\wamp\www\qb\Application\Runtime\Cache\Admin\d8dc2a3b8dcffef6921ed85a3c61e851.php 第 73 行.
NOTIC: [8] Use of undefined constant istop - assumed 'istop' D:\wamp\www\qb\Application\Runtime\Cache\Admin\d8dc2a3b8dcffef6921ed85a3c61e851.php 第 73 行.
NOTIC: [8] Use of undefined constant isred - assumed 'isred' D:\wamp\www\qb\Application\Runtime\Cache\Admin\d8dc2a3b8dcffef6921ed85a3c61e851.php 第 74 行.
NOTIC: [8] Use of undefined constant isred - assumed 'isred' D:\wamp\www\qb\Application\Runtime\Cache\Admin\d8dc2a3b8dcffef6921ed85a3c61e851.php 第 74 行.
NOTIC: [8] Use of undefined constant isred - assumed 'isred' D:\wamp\www\qb\Application\Runtime\Cache\Admin\d8dc2a3b8dcffef6921ed85a3c61e851.php 第 74 行.
INFO: Run Behavior\ParseTemplateBehavior [ RunTime:0.058443s ]
INFO: [ view_parse ] --END-- [ RunTime:0.058489s ]
INFO: [ view_filter ] --START--
INFO: Run Behavior\WriteHtmlCacheBehavior [ RunTime:0.000506s ]
INFO: [ view_filter ] --END-- [ RunTime:0.000548s ]
INFO: [ app_end ] --START--
INFO: Run Behavior\ShowPageTraceBehavior [ RunTime:0.000735s ]
INFO: [ app_end ] --END-- [ RunTime:0.000796s ]

[ 2015-12-15T09:50:47+08:00 ] 127.0.0.1 /Admin/Base
INFO: [ app_init ] --START--
INFO: Run Behavior\BuildLiteBehavior [ RunTime:0.000014s ]
INFO: [ app_init ] --END-- [ RunTime:0.000534s ]
INFO: [ app_begin ] --START--
INFO: Run Behavior\ReadHtmlCacheBehavior [ RunTime:0.001120s ]
INFO: [ app_begin ] --END-- [ RunTime:0.001239s ]
SQL: SHOW COLUMNS FROM `t_base` [ RunTime:0.0097s ]
SQL: SELECT * FROM `t_base` WHERE `id` = 1 LIMIT 1   [ RunTime:0.0088s ]
INFO: [ view_parse ] --START--
INFO: [ template_filter ] --START--
INFO: Run Behavior\ContentReplaceBehavior [ RunTime:0.000048s ]
INFO: [ template_filter ] --END-- [ RunTime:0.000104s ]
INFO: Run Behavior\ParseTemplateBehavior [ RunTime:0.007111s ]
INFO: [ view_parse ] --END-- [ RunTime:0.007173s ]
INFO: [ view_filter ] --START--
INFO: Run Behavior\WriteHtmlCacheBehavior [ RunTime:0.000450s ]
INFO: [ view_filter ] --END-- [ RunTime:0.000493s ]
INFO: [ app_end ] --START--
INFO: Run Behavior\ShowPageTraceBehavior [ RunTime:0.000655s ]
INFO: [ app_end ] --END-- [ RunTime:0.000699s ]

[ 2015-12-15T09:50:51+08:00 ] 127.0.0.1 /Admin/News
INFO: [ app_init ] --START--
INFO: Run Behavior\BuildLiteBehavior [ RunTime:0.000014s ]
INFO: [ app_init ] --END-- [ RunTime:0.000456s ]
INFO: [ app_begin ] --START--
INFO: Run Behavior\ReadHtmlCacheBehavior [ RunTime:0.000884s ]
INFO: [ app_begin ] --END-- [ RunTime:0.001000s ]
SQL: SHOW COLUMNS FROM `t_news` [ RunTime:0.0133s ]
NOTIC: [8] Undefined variable: data D:\wamp\www\qb\Application\Admin\Controller\NewsController.class.php 第 31 行.
SQL: SELECT COUNT(*) AS tp_count FROM `t_news` LIMIT 1   [ RunTime:0.0133s ]
NOTIC: [8] Undefined variable: data D:\wamp\www\qb\Application\Admin\Controller\NewsController.class.php 第 35 行.
SQL: SELECT * FROM `t_news` ORDER BY isred desc,ord asc,addtime desc LIMIT 0,15   [ RunTime:0.0148s ]
SQL: SHOW COLUMNS FROM `t_group` [ RunTime:0.0137s ]
SQL: SELECT * FROM `t_group` WHERE ( pid = 0 )  [ RunTime:0.0120s ]
INFO: [ view_parse ] --START--
INFO: [ template_filter ] --START--
INFO: Run Behavior\ContentReplaceBehavior [ RunTime:0.000064s ]
INFO: [ template_filter ] --END-- [ RunTime:0.000152s ]
NOTIC: [8] Undefined variable: verify D:\wamp\www\qb\Application\Runtime\Cache\Admin\e84d1c149b88214d37c4f6238ea8b474.php 第 39 行.
NOTIC: [8] Undefined variable: verify D:\wamp\www\qb\Application\Runtime\Cache\Admin\e84d1c149b88214d37c4f6238ea8b474.php 第 40 行.
NOTIC: [8] Undefined variable: verify D:\wamp\www\qb\Application\Runtime\Cache\Admin\e84d1c149b88214d37c4f6238ea8b474.php 第 40 行.
NOTIC: [8] Undefined variable: verify D:\wamp\www\qb\Application\Runtime\Cache\Admin\e84d1c149b88214d37c4f6238ea8b474.php 第 40 行.
NOTIC: [8] Undefined variable: verify D:\wamp\www\qb\Application\Runtime\Cache\Admin\e84d1c149b88214d37c4f6238ea8b474.php 第 40 行.
NOTIC: [8] Use of undefined constant istop - assumed 'istop' D:\wamp\www\qb\Application\Runtime\Cache\Admin\e84d1c149b88214d37c4f6238ea8b474.php 第 71 行.
NOTIC: [8] Use of undefined constant istop - assumed 'istop' D:\wamp\www\qb\Application\Runtime\Cache\Admin\e84d1c149b88214d37c4f6238ea8b474.php 第 71 行.
NOTIC: [8] Use of undefined constant istop - assumed 'istop' D:\wamp\www\qb\Application\Runtime\Cache\Admin\e84d1c149b88214d37c4f6238ea8b474.php 第 71 行.
NOTIC: [8] Use of undefined constant isred - assumed 'isred' D:\wamp\www\qb\Application\Runtime\Cache\Admin\e84d1c149b88214d37c4f6238ea8b474.php 第 72 行.
NOTIC: [8] Use of undefined constant isred - assumed 'isred' D:\wamp\www\qb\Application\Runtime\Cache\Admin\e84d1c149b88214d37c4f6238ea8b474.php 第 72 行.
NOTIC: [8] Use of undefined constant isred - assumed 'isred' D:\wamp\www\qb\Application\Runtime\Cache\Admin\e84d1c149b88214d37c4f6238ea8b474.php 第 72 行.
NOTIC: [8] Use of undefined constant istop - assumed 'istop' D:\wamp\www\qb\Application\Runtime\Cache\Admin\e84d1c149b88214d37c4f6238ea8b474.php 第 71 行.
NOTIC: [8] Use of undefined constant istop - assumed 'istop' D:\wamp\www\qb\Application\Runtime\Cache\Admin\e84d1c149b88214d37c4f6238ea8b474.php 第 71 行.
NOTIC: [8] Use of undefined constant istop - assumed 'istop' D:\wamp\www\qb\Application\Runtime\Cache\Admin\e84d1c149b88214d37c4f6238ea8b474.php 第 71 行.
NOTIC: [8] Use of undefined constant isred - assumed 'isred' D:\wamp\www\qb\Application\Runtime\Cache\Admin\e84d1c149b88214d37c4f6238ea8b474.php 第 72 行.
NOTIC: [8] Use of undefined constant isred - assumed 'isred' D:\wamp\www\qb\Application\Runtime\Cache\Admin\e84d1c149b88214d37c4f6238ea8b474.php 第 72 行.
NOTIC: [8] Use of undefined constant isred - assumed 'isred' D:\wamp\www\qb\Application\Runtime\Cache\Admin\e84d1c149b88214d37c4f6238ea8b474.php 第 72 行.
NOTIC: [8] Use of undefined constant istop - assumed 'istop' D:\wamp\www\qb\Application\Runtime\Cache\Admin\e84d1c149b88214d37c4f6238ea8b474.php 第 71 行.
NOTIC: [8] Use of undefined constant istop - assumed 'istop' D:\wamp\www\qb\Application\Runtime\Cache\Admin\e84d1c149b88214d37c4f6238ea8b474.php 第 71 行.
NOTIC: [8] Use of undefined constant istop - assumed 'istop' D:\wamp\www\qb\Application\Runtime\Cache\Admin\e84d1c149b88214d37c4f6238ea8b474.php 第 71 行.
NOTIC: [8] Use of undefined constant isred - assumed 'isred' D:\wamp\www\qb\Application\Runtime\Cache\Admin\e84d1c149b88214d37c4f6238ea8b474.php 第 72 行.
NOTIC: [8] Use of undefined constant isred - assumed 'isred' D:\wamp\www\qb\Application\Runtime\Cache\Admin\e84d1c149b88214d37c4f6238ea8b474.php 第 72 行.
NOTIC: [8] Use of undefined constant isred - assumed 'isred' D:\wamp\www\qb\Application\Runtime\Cache\Admin\e84d1c149b88214d37c4f6238ea8b474.php 第 72 行.
NOTIC: [8] Use of undefined constant istop - assumed 'istop' D:\wamp\www\qb\Application\Runtime\Cache\Admin\e84d1c149b88214d37c4f6238ea8b474.php 第 71 行.
NOTIC: [8] Use of undefined constant istop - assumed 'istop' D:\wamp\www\qb\Application\Runtime\Cache\Admin\e84d1c149b88214d37c4f6238ea8b474.php 第 71 行.
NOTIC: [8] Use of undefined constant istop - assumed 'istop' D:\wamp\www\qb\Application\Runtime\Cache\Admin\e84d1c149b88214d37c4f6238ea8b474.php 第 71 行.
NOTIC: [8] Use of undefined constant isred - assumed 'isred' D:\wamp\www\qb\Application\Runtime\Cache\Admin\e84d1c149b88214d37c4f6238ea8b474.php 第 72 行.
NOTIC: [8] Use of undefined constant isred - assumed 'isred' D:\wamp\www\qb\Application\Runtime\Cache\Admin\e84d1c149b88214d37c4f6238ea8b474.php 第 72 行.
NOTIC: [8] Use of undefined constant isred - assumed 'isred' D:\wamp\www\qb\Application\Runtime\Cache\Admin\e84d1c149b88214d37c4f6238ea8b474.php 第 72 行.
INFO: Run Behavior\ParseTemplateBehavior [ RunTime:0.014003s ]
INFO: [ view_parse ] --END-- [ RunTime:0.014077s ]
INFO: [ view_filter ] --START--
INFO: Run Behavior\WriteHtmlCacheBehavior [ RunTime:0.000954s ]
INFO: [ view_filter ] --END-- [ RunTime:0.001039s ]
INFO: [ app_end ] --START--
INFO: Run Behavior\ShowPageTraceBehavior [ RunTime:0.001381s ]
INFO: [ app_end ] --END-- [ RunTime:0.001527s ]

[ 2015-12-15T09:51:00+08:00 ] 127.0.0.1 /Admin/News/state/id/9503767/istop/2
INFO: [ app_init ] --START--
INFO: Run Behavior\BuildLiteBehavior [ RunTime:0.000013s ]
INFO: [ app_init ] --END-- [ RunTime:0.000485s ]
INFO: [ app_begin ] --START--
INFO: Run Behavior\ReadHtmlCacheBehavior [ RunTime:0.000832s ]
INFO: [ app_begin ] --END-- [ RunTime:0.000912s ]
SQL: SHOW COLUMNS FROM `t_news` [ RunTime:0.0120s ]
SQL: UPDATE `t_news` SET `istop`='2' WHERE `id` = 9503767 [ RunTime:0.0317s ]

[ 2015-12-15T09:51:00+08:00 ] 127.0.0.1 /Admin/News.html
INFO: [ app_init ] --START--
INFO: Run Behavior\BuildLiteBehavior [ RunTime:0.000023s ]
INFO: [ app_init ] --END-- [ RunTime:0.000621s ]
INFO: [ app_begin ] --START--
INFO: Run Behavior\ReadHtmlCacheBehavior [ RunTime:0.000595s ]
INFO: [ app_begin ] --END-- [ RunTime:0.000652s ]
SQL: SHOW COLUMNS FROM `t_news` [ RunTime:0.0126s ]
NOTIC: [8] Undefined variable: data D:\wamp\www\qb\Application\Admin\Controller\NewsController.class.php 第 31 行.
SQL: SELECT COUNT(*) AS tp_count FROM `t_news` LIMIT 1   [ RunTime:0.0133s ]
NOTIC: [8] Undefined variable: data D:\wamp\www\qb\Application\Admin\Controller\NewsController.class.php 第 35 行.
SQL: SELECT * FROM `t_news` ORDER BY isred desc,ord asc,addtime desc LIMIT 0,15   [ RunTime:0.0130s ]
SQL: SHOW COLUMNS FROM `t_group` [ RunTime:0.0104s ]
SQL: SELECT * FROM `t_group` WHERE ( pid = 0 )  [ RunTime:0.0109s ]
INFO: [ view_parse ] --START--
INFO: [ template_filter ] --START--
INFO: Run Behavior\ContentReplaceBehavior [ RunTime:0.000045s ]
INFO: [ template_filter ] --END-- [ RunTime:0.000103s ]
NOTIC: [8] Undefined variable: verify D:\wamp\www\qb\Application\Runtime\Cache\Admin\e84d1c149b88214d37c4f6238ea8b474.php 第 39 行.
NOTIC: [8] Undefined variable: verify D:\wamp\www\qb\Application\Runtime\Cache\Admin\e84d1c149b88214d37c4f6238ea8b474.php 第 40 行.
NOTIC: [8] Undefined variable: verify D:\wamp\www\qb\Application\Runtime\Cache\Admin\e84d1c149b88214d37c4f6238ea8b474.php 第 40 行.
NOTIC: [8] Undefined variable: verify D:\wamp\www\qb\Application\Runtime\Cache\Admin\e84d1c149b88214d37c4f6238ea8b474.php 第 40 行.
NOTIC: [8] Undefined variable: verify D:\wamp\www\qb\Application\Runtime\Cache\Admin\e84d1c149b88214d37c4f6238ea8b474.php 第 40 行.
NOTIC: [8] Use of undefined constant istop - assumed 'istop' D:\wamp\www\qb\Application\Runtime\Cache\Admin\e84d1c149b88214d37c4f6238ea8b474.php 第 71 行.
NOTIC: [8] Use of undefined constant istop - assumed 'istop' D:\wamp\www\qb\Application\Runtime\Cache\Admin\e84d1c149b88214d37c4f6238ea8b474.php 第 71 行.
NOTIC: [8] Use of undefined constant istop - assumed 'istop' D:\wamp\www\qb\Application\Runtime\Cache\Admin\e84d1c149b88214d37c4f6238ea8b474.php 第 71 行.
NOTIC: [8] Use of undefined constant isred - assumed 'isred' D:\wamp\www\qb\Application\Runtime\Cache\Admin\e84d1c149b88214d37c4f6238ea8b474.php 第 72 行.
NOTIC: [8] Use of undefined constant isred - assumed 'isred' D:\wamp\www\qb\Application\Runtime\Cache\Admin\e84d1c149b88214d37c4f6238ea8b474.php 第 72 行.
NOTIC: [8] Use of undefined constant isred - assumed 'isred' D:\wamp\www\qb\Application\Runtime\Cache\Admin\e84d1c149b88214d37c4f6238ea8b474.php 第 72 行.
NOTIC: [8] Use of undefined constant istop - assumed 'istop' D:\wamp\www\qb\Application\Runtime\Cache\Admin\e84d1c149b88214d37c4f6238ea8b474.php 第 71 行.
NOTIC: [8] Use of undefined constant istop - assumed 'istop' D:\wamp\www\qb\Application\Runtime\Cache\Admin\e84d1c149b88214d37c4f6238ea8b474.php 第 71 行.
NOTIC: [8] Use of undefined constant istop - assumed 'istop' D:\wamp\www\qb\Application\Runtime\Cache\Admin\e84d1c149b88214d37c4f6238ea8b474.php 第 71 行.
NOTIC: [8] Use of undefined constant isred - assumed 'isred' D:\wamp\www\qb\Application\Runtime\Cache\Admin\e84d1c149b88214d37c4f6238ea8b474.php 第 72 行.
NOTIC: [8] Use of undefined constant isred - assumed 'isred' D:\wamp\www\qb\Application\Runtime\Cache\Admin\e84d1c149b88214d37c4f6238ea8b474.php 第 72 行.
NOTIC: [8] Use of undefined constant isred - assumed 'isred' D:\wamp\www\qb\Application\Runtime\Cache\Admin\e84d1c149b88214d37c4f6238ea8b474.php 第 72 行.
NOTIC: [8] Use of undefined constant istop - assumed 'istop' D:\wamp\www\qb\Application\Runtime\Cache\Admin\e84d1c149b88214d37c4f6238ea8b474.php 第 71 行.
NOTIC: [8] Use of undefined constant istop - assumed 'istop' D:\wamp\www\qb\Application\Runtime\Cache\Admin\e84d1c149b88214d37c4f6238ea8b474.php 第 71 行.
NOTIC: [8] Use of undefined constant istop - assumed 'istop' D:\wamp\www\qb\Application\Runtime\Cache\Admin\e84d1c149b88214d37c4f6238ea8b474.php 第 71 行.
NOTIC: [8] Use of undefined constant isred - assumed 'isred' D:\wamp\www\qb\Application\Runtime\Cache\Admin\e84d1c149b88214d37c4f6238ea8b474.php 第 72 行.
NOTIC: [8] Use of undefined constant isred - assumed 'isred' D:\wamp\www\qb\Application\Runtime\Cache\Admin\e84d1c149b88214d37c4f6238ea8b474.php 第 72 行.
NOTIC: [8] Use of undefined constant isred - assumed 'isred' D:\wamp\www\qb\Application\Runtime\Cache\Admin\e84d1c149b88214d37c4f6238ea8b474.php 第 72 行.
NOTIC: [8] Use of undefined constant istop - assumed 'istop' D:\wamp\www\qb\Application\Runtime\Cache\Admin\e84d1c149b88214d37c4f6238ea8b474.php 第 71 行.
NOTIC: [8] Use of undefined constant istop - assumed 'istop' D:\wamp\www\qb\Application\Runtime\Cache\Admin\e84d1c149b88214d37c4f6238ea8b474.php 第 71 行.
NOTIC: [8] Use of undefined constant istop - assumed 'istop' D:\wamp\www\qb\Application\Runtime\Cache\Admin\e84d1c149b88214d37c4f6238ea8b474.php 第 71 行.
NOTIC: [8] Use of undefined constant isred - assumed 'isred' D:\wamp\www\qb\Application\Runtime\Cache\Admin\e84d1c149b88214d37c4f6238ea8b474.php 第 72 行.
NOTIC: [8] Use of undefined constant isred - assumed 'isred' D:\wamp\www\qb\Application\Runtime\Cache\Admin\e84d1c149b88214d37c4f6238ea8b474.php 第 72 行.
NOTIC: [8] Use of undefined constant isred - assumed 'isred' D:\wamp\www\qb\Application\Runtime\Cache\Admin\e84d1c149b88214d37c4f6238ea8b474.php 第 72 行.
INFO: Run Behavior\ParseTemplateBehavior [ RunTime:0.012016s ]
INFO: [ view_parse ] --END-- [ RunTime:0.012067s ]
INFO: [ view_filter ] --START--
INFO: Run Behavior\WriteHtmlCacheBehavior [ RunTime:0.000410s ]
INFO: [ view_filter ] --END-- [ RunTime:0.000455s ]
INFO: [ app_end ] --START--
INFO: Run Behavior\ShowPageTraceBehavior [ RunTime:0.000591s ]
INFO: [ app_end ] --END-- [ RunTime:0.000633s ]

[ 2015-12-15T09:51:01+08:00 ] 127.0.0.1 /Admin/News/state/id/9503767/istop/1
INFO: [ app_init ] --START--
INFO: Run Behavior\BuildLiteBehavior [ RunTime:0.000014s ]
INFO: [ app_init ] --END-- [ RunTime:0.000482s ]
INFO: [ app_begin ] --START--
INFO: Run Behavior\ReadHtmlCacheBehavior [ RunTime:0.000607s ]
INFO: [ app_begin ] --END-- [ RunTime:0.000660s ]
SQL: SHOW COLUMNS FROM `t_news` [ RunTime:0.0121s ]
SQL: UPDATE `t_news` SET `istop`='1' WHERE `id` = 9503767 [ RunTime:0.0132s ]

[ 2015-12-15T09:51:01+08:00 ] 127.0.0.1 /Admin/News.html
INFO: [ app_init ] --START--
INFO: Run Behavior\BuildLiteBehavior [ RunTime:0.000014s ]
INFO: [ app_init ] --END-- [ RunTime:0.000423s ]
INFO: [ app_begin ] --START--
INFO: Run Behavior\ReadHtmlCacheBehavior [ RunTime:0.000809s ]
INFO: [ app_begin ] --END-- [ RunTime:0.000898s ]
SQL: SHOW COLUMNS FROM `t_news` [ RunTime:0.0129s ]
NOTIC: [8] Undefined variable: data D:\wamp\www\qb\Application\Admin\Controller\NewsController.class.php 第 31 行.
SQL: SELECT COUNT(*) AS tp_count FROM `t_news` LIMIT 1   [ RunTime:0.0125s ]
NOTIC: [8] Undefined variable: data D:\wamp\www\qb\Application\Admin\Controller\NewsController.class.php 第 35 行.
SQL: SELECT * FROM `t_news` ORDER BY isred desc,ord asc,addtime desc LIMIT 0,15   [ RunTime:0.0130s ]
SQL: SHOW COLUMNS FROM `t_group` [ RunTime:0.0134s ]
SQL: SELECT * FROM `t_group` WHERE ( pid = 0 )  [ RunTime:0.0096s ]
INFO: [ view_parse ] --START--
INFO: [ template_filter ] --START--
INFO: Run Behavior\ContentReplaceBehavior [ RunTime:0.000045s ]
INFO: [ template_filter ] --END-- [ RunTime:0.000099s ]
NOTIC: [8] Undefined variable: verify D:\wamp\www\qb\Application\Runtime\Cache\Admin\e84d1c149b88214d37c4f6238ea8b474.php 第 39 行.
NOTIC: [8] Undefined variable: verify D:\wamp\www\qb\Application\Runtime\Cache\Admin\e84d1c149b88214d37c4f6238ea8b474.php 第 40 行.
NOTIC: [8] Undefined variable: verify D:\wamp\www\qb\Application\Runtime\Cache\Admin\e84d1c149b88214d37c4f6238ea8b474.php 第 40 行.
NOTIC: [8] Undefined variable: verify D:\wamp\www\qb\Application\Runtime\Cache\Admin\e84d1c149b88214d37c4f6238ea8b474.php 第 40 行.
NOTIC: [8] Undefined variable: verify D:\wamp\www\qb\Application\Runtime\Cache\Admin\e84d1c149b88214d37c4f6238ea8b474.php 第 40 行.
NOTIC: [8] Use of undefined constant istop - assumed 'istop' D:\wamp\www\qb\Application\Runtime\Cache\Admin\e84d1c149b88214d37c4f6238ea8b474.php 第 71 行.
NOTIC: [8] Use of undefined constant istop - assumed 'istop' D:\wamp\www\qb\Application\Runtime\Cache\Admin\e84d1c149b88214d37c4f6238ea8b474.php 第 71 行.
NOTIC: [8] Use of undefined constant istop - assumed 'istop' D:\wamp\www\qb\Application\Runtime\Cache\Admin\e84d1c149b88214d37c4f6238ea8b474.php 第 71 行.
NOTIC: [8] Use of undefined constant isred - assumed 'isred' D:\wamp\www\qb\Application\Runtime\Cache\Admin\e84d1c149b88214d37c4f6238ea8b474.php 第 72 行.
NOTIC: [8] Use of undefined constant isred - assumed 'isred' D:\wamp\www\qb\Application\Runtime\Cache\Admin\e84d1c149b88214d37c4f6238ea8b474.php 第 72 行.
NOTIC: [8] Use of undefined constant isred - assumed 'isred' D:\wamp\www\qb\Application\Runtime\Cache\Admin\e84d1c149b88214d37c4f6238ea8b474.php 第 72 行.
NOTIC: [8] Use of undefined constant istop - assumed 'istop' D:\wamp\www\qb\Application\Runtime\Cache\Admin\e84d1c149b88214d37c4f6238ea8b474.php 第 71 行.
NOTIC: [8] Use of undefined constant istop - assumed 'istop' D:\wamp\www\qb\Application\Runtime\Cache\Admin\e84d1c149b88214d37c4f6238ea8b474.php 第 71 行.
NOTIC: [8] Use of undefined constant istop - assumed 'istop' D:\wamp\www\qb\Application\Runtime\Cache\Admin\e84d1c149b88214d37c4f6238ea8b474.php 第 71 行.
NOTIC: [8] Use of undefined constant isred - assumed 'isred' D:\wamp\www\qb\Application\Runtime\Cache\Admin\e84d1c149b88214d37c4f6238ea8b474.php 第 72 行.
NOTIC: [8] Use of undefined constant isred - assumed 'isred' D:\wamp\www\qb\Application\Runtime\Cache\Admin\e84d1c149b88214d37c4f6238ea8b474.php 第 72 行.
NOTIC: [8] Use of undefined constant isred - assumed 'isred' D:\wamp\www\qb\Application\Runtime\Cache\Admin\e84d1c149b88214d37c4f6238ea8b474.php 第 72 行.
NOTIC: [8] Use of undefined constant istop - assumed 'istop' D:\wamp\www\qb\Application\Runtime\Cache\Admin\e84d1c149b88214d37c4f6238ea8b474.php 第 71 行.
NOTIC: [8] Use of undefined constant istop - assumed 'istop' D:\wamp\www\qb\Application\Runtime\Cache\Admin\e84d1c149b88214d37c4f6238ea8b474.php 第 71 行.
NOTIC: [8] Use of undefined constant istop - assumed 'istop' D:\wamp\www\qb\Application\Runtime\Cache\Admin\e84d1c149b88214d37c4f6238ea8b474.php 第 71 行.
NOTIC: [8] Use of undefined constant isred - assumed 'isred' D:\wamp\www\qb\Application\Runtime\Cache\Admin\e84d1c149b88214d37c4f6238ea8b474.php 第 72 行.
NOTIC: [8] Use of undefined constant isred - assumed 'isred' D:\wamp\www\qb\Application\Runtime\Cache\Admin\e84d1c149b88214d37c4f6238ea8b474.php 第 72 行.
NOTIC: [8] Use of undefined constant isred - assumed 'isred' D:\wamp\www\qb\Application\Runtime\Cache\Admin\e84d1c149b88214d37c4f6238ea8b474.php 第 72 行.
NOTIC: [8] Use of undefined constant istop - assumed 'istop' D:\wamp\www\qb\Application\Runtime\Cache\Admin\e84d1c149b88214d37c4f6238ea8b474.php 第 71 行.
NOTIC: [8] Use of undefined constant istop - assumed 'istop' D:\wamp\www\qb\Application\Runtime\Cache\Admin\e84d1c149b88214d37c4f6238ea8b474.php 第 71 行.
NOTIC: [8] Use of undefined constant istop - assumed 'istop' D:\wamp\www\qb\Application\Runtime\Cache\Admin\e84d1c149b88214d37c4f6238ea8b474.php 第 71 行.
NOTIC: [8] Use of undefined constant isred - assumed 'isred' D:\wamp\www\qb\Application\Runtime\Cache\Admin\e84d1c149b88214d37c4f6238ea8b474.php 第 72 行.
NOTIC: [8] Use of undefined constant isred - assumed 'isred' D:\wamp\www\qb\Application\Runtime\Cache\Admin\e84d1c149b88214d37c4f6238ea8b474.php 第 72 行.
NOTIC: [8] Use of undefined constant isred - assumed 'isred' D:\wamp\www\qb\Application\Runtime\Cache\Admin\e84d1c149b88214d37c4f6238ea8b474.php 第 72 行.
INFO: Run Behavior\ParseTemplateBehavior [ RunTime:0.011534s ]
INFO: [ view_parse ] --END-- [ RunTime:0.011594s ]
INFO: [ view_filter ] --START--
INFO: Run Behavior\WriteHtmlCacheBehavior [ RunTime:0.000489s ]
INFO: [ view_filter ] --END-- [ RunTime:0.000538s ]
INFO: [ app_end ] --START--
INFO: Run Behavior\ShowPageTraceBehavior [ RunTime:0.000637s ]
INFO: [ app_end ] --END-- [ RunTime:0.000704s ]

[ 2015-12-15T09:51:24+08:00 ] 127.0.0.1 /Admin/News/edit/id/9503768
INFO: [ app_init ] --START--
INFO: Run Behavior\BuildLiteBehavior [ RunTime:0.000014s ]
INFO: [ app_init ] --END-- [ RunTime:0.000576s ]
INFO: [ app_begin ] --START--
INFO: Run Behavior\ReadHtmlCacheBehavior [ RunTime:0.000920s ]
INFO: [ app_begin ] --END-- [ RunTime:0.001007s ]
SQL: SHOW COLUMNS FROM `t_news` [ RunTime:0.0125s ]
SQL: SHOW COLUMNS FROM `t_group` [ RunTime:0.0102s ]
SQL: SHOW COLUMNS FROM `t_selfcity` [ RunTime:0.0090s ]
SQL: SHOW COLUMNS FROM `t_img` [ RunTime:0.0103s ]
SQL: SELECT * FROM `t_img` WHERE ( pid = 9503768 ) ORDER BY id asc  [ RunTime:0.0090s ]
SQL: SELECT * FROM `t_news` WHERE ( id = 9503768 ) LIMIT 1   [ RunTime:0.0094s ]
SQL: SELECT * FROM `t_group` WHERE ( pid = 0 )  [ RunTime:0.0078s ]
NOTIC: [8] Undefined index: gourpid D:\wamp\www\qb\Application\Admin\Controller\NewsController.class.php 第 146 行.
SQL: SELECT * FROM `t_group` WHERE ( pid = '' )  [ RunTime:0.0129s ]
SQL: SELECT * FROM `t_selfcity` ORDER BY isred desc,id desc  [ RunTime:0.0076s ]
INFO: [ view_parse ] --START--
INFO: [ template_filter ] --START--
INFO: Run Behavior\ContentReplaceBehavior [ RunTime:0.000082s ]
INFO: [ template_filter ] --END-- [ RunTime:0.000142s ]
NOTIC: [8] Use of undefined constant id - assumed 'id' D:\wamp\www\qb\Application\Runtime\Cache\Admin\2d593be19bad87175307d9f8f606dee8.php 第 190 行.
NOTIC: [8] Use of undefined constant id - assumed 'id' D:\wamp\www\qb\Application\Runtime\Cache\Admin\2d593be19bad87175307d9f8f606dee8.php 第 190 行.
NOTIC: [8] Use of undefined constant id - assumed 'id' D:\wamp\www\qb\Application\Runtime\Cache\Admin\2d593be19bad87175307d9f8f606dee8.php 第 190 行.
NOTIC: [8] Use of undefined constant id - assumed 'id' D:\wamp\www\qb\Application\Runtime\Cache\Admin\2d593be19bad87175307d9f8f606dee8.php 第 214 行.
NOTIC: [8] Use of undefined constant id - assumed 'id' D:\wamp\www\qb\Application\Runtime\Cache\Admin\2d593be19bad87175307d9f8f606dee8.php 第 214 行.
NOTIC: [8] Use of undefined constant id - assumed 'id' D:\wamp\www\qb\Application\Runtime\Cache\Admin\2d593be19bad87175307d9f8f606dee8.php 第 214 行.
NOTIC: [8] Use of undefined constant id - assumed 'id' D:\wamp\www\qb\Application\Runtime\Cache\Admin\2d593be19bad87175307d9f8f606dee8.php 第 214 行.
INFO: Run Behavior\ParseTemplateBehavior [ RunTime:0.034743s ]
INFO: [ view_parse ] --END-- [ RunTime:0.034809s ]
INFO: [ view_filter ] --START--
INFO: Run Behavior\WriteHtmlCacheBehavior [ RunTime:0.000538s ]
INFO: [ view_filter ] --END-- [ RunTime:0.000615s ]
INFO: [ app_end ] --START--
INFO: Run Behavior\ShowPageTraceBehavior [ RunTime:0.000949s ]
INFO: [ app_end ] --END-- [ RunTime:0.001029s ]

[ 2015-12-15T09:51:25+08:00 ] 127.0.0.1 /Admin/News/edit/id/
INFO: [ app_init ] --START--
INFO: Run Behavior\BuildLiteBehavior [ RunTime:0.000017s ]
INFO: [ app_init ] --END-- [ RunTime:0.000591s ]
INFO: [ app_begin ] --START--
INFO: Run Behavior\ReadHtmlCacheBehavior [ RunTime:0.000557s ]
INFO: [ app_begin ] --END-- [ RunTime:0.000616s ]
SQL: SHOW COLUMNS FROM `t_news` [ RunTime:0.0139s ]
SQL: SHOW COLUMNS FROM `t_group` [ RunTime:0.0137s ]
SQL: SHOW COLUMNS FROM `t_selfcity` [ RunTime:0.0151s ]
SQL: SHOW COLUMNS FROM `t_img` [ RunTime:0.0182s ]
ERR: SQLSTATE[42000]: Syntax error or access violation: 1064 You have an error in your SQL syntax; check the manual that corresponds to your MySQL server version for the right syntax to use near ') ORDER BY id asc' at line 1

[ 2015-12-15T14:35:48+08:00 ] 127.0.0.1 /Admin/Group
INFO: [ app_init ] --START--
INFO: Run Behavior\BuildLiteBehavior [ RunTime:0.000022s ]
INFO: [ app_init ] --END-- [ RunTime:0.000726s ]
INFO: [ app_begin ] --START--
INFO: Run Behavior\ReadHtmlCacheBehavior [ RunTime:0.000839s ]
INFO: [ app_begin ] --END-- [ RunTime:0.000921s ]
SQL: SHOW COLUMNS FROM `t_group` [ RunTime:0.0143s ]
SQL: SHOW COLUMNS FROM `t_group` [ RunTime:0.0091s ]
SQL: SELECT * FROM `t_group` WHERE `pid` = 0 ORDER BY ord asc,id asc  [ RunTime:0.0097s ]
SQL: SELECT * FROM `t_group` WHERE `pid` = 1 ORDER BY ord asc,id asc  [ RunTime:0.0104s ]
SQL: SELECT * FROM `t_group` WHERE `pid` = 373 ORDER BY ord asc,id asc  [ RunTime:0.0088s ]
SQL: SELECT * FROM `t_group` WHERE `pid` = 372 ORDER BY ord asc,id asc  [ RunTime:0.0121s ]
SQL: SELECT * FROM `t_group` WHERE `pid` = 371 ORDER BY ord asc,id asc  [ RunTime:0.0092s ]
SQL: SELECT * FROM `t_group` WHERE `pid` = 378 ORDER BY ord asc,id asc  [ RunTime:0.0101s ]
SQL: SELECT * FROM `t_group` WHERE `pid` = 2 ORDER BY ord asc,id asc  [ RunTime:0.0081s ]
SQL: SELECT * FROM `t_group` WHERE `pid` = 376 ORDER BY ord asc,id asc  [ RunTime:0.0133s ]
SQL: SELECT * FROM `t_group` WHERE `pid` = 377 ORDER BY ord asc,id asc  [ RunTime:0.0104s ]
SQL: SELECT * FROM `t_group` WHERE `pid` = 379 ORDER BY ord asc,id asc  [ RunTime:0.0091s ]
SQL: SELECT * FROM `t_group` WHERE `pid` = 3 ORDER BY ord asc,id asc  [ RunTime:0.0082s ]
SQL: SELECT * FROM `t_group` WHERE `pid` = 380 ORDER BY ord asc,id asc  [ RunTime:0.0078s ]
SQL: SELECT * FROM `t_group` WHERE `pid` = 381 ORDER BY ord asc,id asc  [ RunTime:0.0089s ]
SQL: SELECT * FROM `t_group` WHERE `pid` = 382 ORDER BY ord asc,id asc  [ RunTime:0.0197s ]
SQL: SELECT * FROM `t_group` WHERE `pid` = 4 ORDER BY ord asc,id asc  [ RunTime:0.0103s ]
SQL: SELECT * FROM `t_group` WHERE `pid` = 383 ORDER BY ord asc,id asc  [ RunTime:0.0135s ]
SQL: SELECT * FROM `t_group` WHERE `pid` = 384 ORDER BY ord asc,id asc  [ RunTime:0.0097s ]
INFO: [ view_parse ] --START--
INFO: [ template_filter ] --START--
INFO: Run Behavior\ContentReplaceBehavior [ RunTime:0.000233s ]
INFO: [ template_filter ] --END-- [ RunTime:0.000661s ]
NOTIC: [8] Use of undefined constant istop - assumed 'istop' D:\wamp\www\qb\Application\Runtime\Cache\Admin\e684a848a268a41bee4e7f6c72a46aa7.php 第 83 行.
NOTIC: [8] Use of undefined constant istop - assumed 'istop' D:\wamp\www\qb\Application\Runtime\Cache\Admin\e684a848a268a41bee4e7f6c72a46aa7.php 第 83 行.
NOTIC: [8] Use of undefined constant istop - assumed 'istop' D:\wamp\www\qb\Application\Runtime\Cache\Admin\e684a848a268a41bee4e7f6c72a46aa7.php 第 83 行.
NOTIC: [8] Use of undefined constant isred - assumed 'isred' D:\wamp\www\qb\Application\Runtime\Cache\Admin\e684a848a268a41bee4e7f6c72a46aa7.php 第 85 行.
NOTIC: [8] Use of undefined constant isred - assumed 'isred' D:\wamp\www\qb\Application\Runtime\Cache\Admin\e684a848a268a41bee4e7f6c72a46aa7.php 第 85 行.
NOTIC: [8] Use of undefined constant isred - assumed 'isred' D:\wamp\www\qb\Application\Runtime\Cache\Admin\e684a848a268a41bee4e7f6c72a46aa7.php 第 85 行.
NOTIC: [8] Use of undefined constant istop - assumed 'istop' D:\wamp\www\qb\Application\Runtime\Cache\Admin\e684a848a268a41bee4e7f6c72a46aa7.php 第 83 行.
NOTIC: [8] Use of undefined constant istop - assumed 'istop' D:\wamp\www\qb\Application\Runtime\Cache\Admin\e684a848a268a41bee4e7f6c72a46aa7.php 第 83 行.
NOTIC: [8] Use of undefined constant istop - assumed 'istop' D:\wamp\www\qb\Application\Runtime\Cache\Admin\e684a848a268a41bee4e7f6c72a46aa7.php 第 83 行.
NOTIC: [8] Use of undefined constant isred - assumed 'isred' D:\wamp\www\qb\Application\Runtime\Cache\Admin\e684a848a268a41bee4e7f6c72a46aa7.php 第 85 行.
NOTIC: [8] Use of undefined constant isred - assumed 'isred' D:\wamp\www\qb\Application\Runtime\Cache\Admin\e684a848a268a41bee4e7f6c72a46aa7.php 第 85 行.
NOTIC: [8] Use of undefined constant isred - assumed 'isred' D:\wamp\www\qb\Application\Runtime\Cache\Admin\e684a848a268a41bee4e7f6c72a46aa7.php 第 85 行.
NOTIC: [8] Use of undefined constant istop - assumed 'istop' D:\wamp\www\qb\Application\Runtime\Cache\Admin\e684a848a268a41bee4e7f6c72a46aa7.php 第 83 行.
NOTIC: [8] Use of undefined constant istop - assumed 'istop' D:\wamp\www\qb\Application\Runtime\Cache\Admin\e684a848a268a41bee4e7f6c72a46aa7.php 第 83 行.
NOTIC: [8] Use of undefined constant istop - assumed 'istop' D:\wamp\www\qb\Application\Runtime\Cache\Admin\e684a848a268a41bee4e7f6c72a46aa7.php 第 83 行.
NOTIC: [8] Use of undefined constant isred - assumed 'isred' D:\wamp\www\qb\Application\Runtime\Cache\Admin\e684a848a268a41bee4e7f6c72a46aa7.php 第 85 行.
NOTIC: [8] Use of undefined constant isred - assumed 'isred' D:\wamp\www\qb\Application\Runtime\Cache\Admin\e684a848a268a41bee4e7f6c72a46aa7.php 第 85 行.
NOTIC: [8] Use of undefined constant isred - assumed 'isred' D:\wamp\www\qb\Application\Runtime\Cache\Admin\e684a848a268a41bee4e7f6c72a46aa7.php 第 85 行.
NOTIC: [8] Use of undefined constant istop - assumed 'istop' D:\wamp\www\qb\Application\Runtime\Cache\Admin\e684a848a268a41bee4e7f6c72a46aa7.php 第 83 行.
NOTIC: [8] Use of undefined constant istop - assumed 'istop' D:\wamp\www\qb\Application\Runtime\Cache\Admin\e684a848a268a41bee4e7f6c72a46aa7.php 第 83 行.
NOTIC: [8] Use of undefined constant istop - assumed 'istop' D:\wamp\www\qb\Application\Runtime\Cache\Admin\e684a848a268a41bee4e7f6c72a46aa7.php 第 83 行.
NOTIC: [8] Use of undefined constant isred - assumed 'isred' D:\wamp\www\qb\Application\Runtime\Cache\Admin\e684a848a268a41bee4e7f6c72a46aa7.php 第 85 行.
NOTIC: [8] Use of undefined constant isred - assumed 'isred' D:\wamp\www\qb\Application\Runtime\Cache\Admin\e684a848a268a41bee4e7f6c72a46aa7.php 第 85 行.
NOTIC: [8] Use of undefined constant isred - assumed 'isred' D:\wamp\www\qb\Application\Runtime\Cache\Admin\e684a848a268a41bee4e7f6c72a46aa7.php 第 85 行.
NOTIC: [8] Use of undefined constant istop - assumed 'istop' D:\wamp\www\qb\Application\Runtime\Cache\Admin\e684a848a268a41bee4e7f6c72a46aa7.php 第 83 行.
NOTIC: [8] Use of undefined constant istop - assumed 'istop' D:\wamp\www\qb\Application\Runtime\Cache\Admin\e684a848a268a41bee4e7f6c72a46aa7.php 第 83 行.
NOTIC: [8] Use of undefined constant istop - assumed 'istop' D:\wamp\www\qb\Application\Runtime\Cache\Admin\e684a848a268a41bee4e7f6c72a46aa7.php 第 83 行.
NOTIC: [8] Use of undefined constant isred - assumed 'isred' D:\wamp\www\qb\Application\Runtime\Cache\Admin\e684a848a268a41bee4e7f6c72a46aa7.php 第 85 行.
NOTIC: [8] Use of undefined constant isred - assumed 'isred' D:\wamp\www\qb\Application\Runtime\Cache\Admin\e684a848a268a41bee4e7f6c72a46aa7.php 第 85 行.
NOTIC: [8] Use of undefined constant isred - assumed 'isred' D:\wamp\www\qb\Application\Runtime\Cache\Admin\e684a848a268a41bee4e7f6c72a46aa7.php 第 85 行.
NOTIC: [8] Use of undefined constant istop - assumed 'istop' D:\wamp\www\qb\Application\Runtime\Cache\Admin\e684a848a268a41bee4e7f6c72a46aa7.php 第 83 行.
NOTIC: [8] Use of undefined constant istop - assumed 'istop' D:\wamp\www\qb\Application\Runtime\Cache\Admin\e684a848a268a41bee4e7f6c72a46aa7.php 第 83 行.
NOTIC: [8] Use of undefined constant istop - assumed 'istop' D:\wamp\www\qb\Application\Runtime\Cache\Admin\e684a848a268a41bee4e7f6c72a46aa7.php 第 83 行.
NOTIC: [8] Use of undefined constant isred - assumed 'isred' D:\wamp\www\qb\Application\Runtime\Cache\Admin\e684a848a268a41bee4e7f6c72a46aa7.php 第 85 行.
NOTIC: [8] Use of undefined constant isred - assumed 'isred' D:\wamp\www\qb\Application\Runtime\Cache\Admin\e684a848a268a41bee4e7f6c72a46aa7.php 第 85 行.
NOTIC: [8] Use of undefined constant isred - assumed 'isred' D:\wamp\www\qb\Application\Runtime\Cache\Admin\e684a848a268a41bee4e7f6c72a46aa7.php 第 85 行.
NOTIC: [8] Use of undefined constant istop - assumed 'istop' D:\wamp\www\qb\Application\Runtime\Cache\Admin\e684a848a268a41bee4e7f6c72a46aa7.php 第 83 行.
NOTIC: [8] Use of undefined constant istop - assumed 'istop' D:\wamp\www\qb\Application\Runtime\Cache\Admin\e684a848a268a41bee4e7f6c72a46aa7.php 第 83 行.
NOTIC: [8] Use of undefined constant istop - assumed 'istop' D:\wamp\www\qb\Application\Runtime\Cache\Admin\e684a848a268a41bee4e7f6c72a46aa7.php 第 83 行.
NOTIC: [8] Use of undefined constant isred - assumed 'isred' D:\wamp\www\qb\Application\Runtime\Cache\Admin\e684a848a268a41bee4e7f6c72a46aa7.php 第 85 行.
NOTIC: [8] Use of undefined constant isred - assumed 'isred' D:\wamp\www\qb\Application\Runtime\Cache\Admin\e684a848a268a41bee4e7f6c72a46aa7.php 第 85 行.
NOTIC: [8] Use of undefined constant isred - assumed 'isred' D:\wamp\www\qb\Application\Runtime\Cache\Admin\e684a848a268a41bee4e7f6c72a46aa7.php 第 85 行.
NOTIC: [8] Use of undefined constant istop - assumed 'istop' D:\wamp\www\qb\Application\Runtime\Cache\Admin\e684a848a268a41bee4e7f6c72a46aa7.php 第 83 行.
NOTIC: [8] Use of undefined constant istop - assumed 'istop' D:\wamp\www\qb\Application\Runtime\Cache\Admin\e684a848a268a41bee4e7f6c72a46aa7.php 第 83 行.
NOTIC: [8] Use of undefined constant istop - assumed 'istop' D:\wamp\www\qb\Application\Runtime\Cache\Admin\e684a848a268a41bee4e7f6c72a46aa7.php 第 83 行.
NOTIC: [8] Use of undefined constant isred - assumed 'isred' D:\wamp\www\qb\Application\Runtime\Cache\Admin\e684a848a268a41bee4e7f6c72a46aa7.php 第 85 行.
NOTIC: [8] Use of undefined constant isred - assumed 'isred' D:\wamp\www\qb\Application\Runtime\Cache\Admin\e684a848a268a41bee4e7f6c72a46aa7.php 第 85 行.
NOTIC: [8] Use of undefined constant isred - assumed 'isred' D:\wamp\www\qb\Application\Runtime\Cache\Admin\e684a848a268a41bee4e7f6c72a46aa7.php 第 85 行.
NOTIC: [8] Use of undefined constant istop - assumed 'istop' D:\wamp\www\qb\Application\Runtime\Cache\Admin\e684a848a268a41bee4e7f6c72a46aa7.php 第 83 行.
NOTIC: [8] Use of undefined constant istop - assumed 'istop' D:\wamp\www\qb\Application\Runtime\Cache\Admin\e684a848a268a41bee4e7f6c72a46aa7.php 第 83 行.
NOTIC: [8] Use of undefined constant istop - assumed 'istop' D:\wamp\www\qb\Application\Runtime\Cache\Admin\e684a848a268a41bee4e7f6c72a46aa7.php 第 83 行.
NOTIC: [8] Use of undefined constant isred - assumed 'isred' D:\wamp\www\qb\Application\Runtime\Cache\Admin\e684a848a268a41bee4e7f6c72a46aa7.php 第 85 行.
NOTIC: [8] Use of undefined constant isred - assumed 'isred' D:\wamp\www\qb\Application\Runtime\Cache\Admin\e684a848a268a41bee4e7f6c72a46aa7.php 第 85 行.
NOTIC: [8] Use of undefined constant isred - assumed 'isred' D:\wamp\www\qb\Application\Runtime\Cache\Admin\e684a848a268a41bee4e7f6c72a46aa7.php 第 85 行.
NOTIC: [8] Use of undefined constant istop - assumed 'istop' D:\wamp\www\qb\Application\Runtime\Cache\Admin\e684a848a268a41bee4e7f6c72a46aa7.php 第 83 行.
NOTIC: [8] Use of undefined constant istop - assumed 'istop' D:\wamp\www\qb\Application\Runtime\Cache\Admin\e684a848a268a41bee4e7f6c72a46aa7.php 第 83 行.
NOTIC: [8] Use of undefined constant istop - assumed 'istop' D:\wamp\www\qb\Application\Runtime\Cache\Admin\e684a848a268a41bee4e7f6c72a46aa7.php 第 83 行.
NOTIC: [8] Use of undefined constant isred - assumed 'isred' D:\wamp\www\qb\Application\Runtime\Cache\Admin\e684a848a268a41bee4e7f6c72a46aa7.php 第 85 行.
NOTIC: [8] Use of undefined constant isred - assumed 'isred' D:\wamp\www\qb\Application\Runtime\Cache\Admin\e684a848a268a41bee4e7f6c72a46aa7.php 第 85 行.
NOTIC: [8] Use of undefined constant isred - assumed 'isred' D:\wamp\www\qb\Application\Runtime\Cache\Admin\e684a848a268a41bee4e7f6c72a46aa7.php 第 85 行.
NOTIC: [8] Use of undefined constant istop - assumed 'istop' D:\wamp\www\qb\Application\Runtime\Cache\Admin\e684a848a268a41bee4e7f6c72a46aa7.php 第 83 行.
NOTIC: [8] Use of undefined constant istop - assumed 'istop' D:\wamp\www\qb\Application\Runtime\Cache\Admin\e684a848a268a41bee4e7f6c72a46aa7.php 第 83 行.
NOTIC: [8] Use of undefined constant istop - assumed 'istop' D:\wamp\www\qb\Application\Runtime\Cache\Admin\e684a848a268a41bee4e7f6c72a46aa7.php 第 83 行.
NOTIC: [8] Use of undefined constant isred - assumed 'isred' D:\wamp\www\qb\Application\Runtime\Cache\Admin\e684a848a268a41bee4e7f6c72a46aa7.php 第 85 行.
NOTIC: [8] Use of undefined constant isred - assumed 'isred' D:\wamp\www\qb\Application\Runtime\Cache\Admin\e684a848a268a41bee4e7f6c72a46aa7.php 第 85 行.
NOTIC: [8] Use of undefined constant isred - assumed 'isred' D:\wamp\www\qb\Application\Runtime\Cache\Admin\e684a848a268a41bee4e7f6c72a46aa7.php 第 85 行.
NOTIC: [8] Use of undefined constant istop - assumed 'istop' D:\wamp\www\qb\Application\Runtime\Cache\Admin\e684a848a268a41bee4e7f6c72a46aa7.php 第 83 行.
NOTIC: [8] Use of undefined constant istop - assumed 'istop' D:\wamp\www\qb\Application\Runtime\Cache\Admin\e684a848a268a41bee4e7f6c72a46aa7.php 第 83 行.
NOTIC: [8] Use of undefined constant istop - assumed 'istop' D:\wamp\www\qb\Application\Runtime\Cache\Admin\e684a848a268a41bee4e7f6c72a46aa7.php 第 83 行.
NOTIC: [8] Use of undefined constant isred - assumed 'isred' D:\wamp\www\qb\Application\Runtime\Cache\Admin\e684a848a268a41bee4e7f6c72a46aa7.php 第 85 行.
NOTIC: [8] Use of undefined constant isred - assumed 'isred' D:\wamp\www\qb\Application\Runtime\Cache\Admin\e684a848a268a41bee4e7f6c72a46aa7.php 第 85 行.
NOTIC: [8] Use of undefined constant isred - assumed 'isred' D:\wamp\www\qb\Application\Runtime\Cache\Admin\e684a848a268a41bee4e7f6c72a46aa7.php 第 85 行.
INFO: Run Behavior\ParseTemplateBehavior [ RunTime:0.015692s ]
INFO: [ view_parse ] --END-- [ RunTime:0.015764s ]
INFO: [ view_filter ] --START--
INFO: Run Behavior\WriteHtmlCacheBehavior [ RunTime:0.000663s ]
INFO: [ view_filter ] --END-- [ RunTime:0.000724s ]
INFO: [ app_end ] --START--
INFO: Run Behavior\ShowPageTraceBehavior [ RunTime:0.000879s ]
INFO: [ app_end ] --END-- [ RunTime:0.000945s ]

