[ 2015-12-31T09:07:37+08:00 ] 127.0.0.1 /
INFO: [ app_init ] --START--
INFO: Run Behavior\BuildLiteBehavior [ RunTime:0.000013s ]
INFO: [ app_init ] --END-- [ RunTime:0.000500s ]
INFO: [ app_begin ] --START--
INFO: Run Behavior\ReadHtmlCacheBehavior [ RunTime:0.000705s ]
INFO: [ app_begin ] --END-- [ RunTime:0.000775s ]
NOTIC: [8] Undefined index: userid D:\wamp\www\qb\Application\Admin\Controller\CommonController.class.php 第 19 行.

[ 2015-12-31T09:07:37+08:00 ] 127.0.0.1 /Admin/Public/admin.html
INFO: [ app_init ] --START--
INFO: Run Behavior\BuildLiteBehavior [ RunTime:0.000014s ]
INFO: [ app_init ] --END-- [ RunTime:0.000442s ]
INFO: [ app_begin ] --START--
INFO: Run Behavior\ReadHtmlCacheBehavior [ RunTime:0.000542s ]
INFO: [ app_begin ] --END-- [ RunTime:0.000605s ]
INFO: [ view_parse ] --START--
INFO: [ template_filter ] --START--
INFO: Run Behavior\ContentReplaceBehavior [ RunTime:0.000037s ]
INFO: [ template_filter ] --END-- [ RunTime:0.000101s ]
INFO: Run Behavior\ParseTemplateBehavior [ RunTime:0.006936s ]
INFO: [ view_parse ] --END-- [ RunTime:0.007009s ]
INFO: [ view_filter ] --START--
INFO: Run Behavior\WriteHtmlCacheBehavior [ RunTime:0.000358s ]
INFO: [ view_filter ] --END-- [ RunTime:0.000399s ]
INFO: [ app_end ] --START--
INFO: Run Behavior\ShowPageTraceBehavior [ RunTime:0.000676s ]
INFO: [ app_end ] --END-- [ RunTime:0.000729s ]

[ 2015-12-31T09:07:37+08:00 ] 127.0.0.1 /Admin/Public/scode
INFO: [ app_init ] --START--
INFO: Run Behavior\BuildLiteBehavior [ RunTime:0.000013s ]
INFO: [ app_init ] --END-- [ RunTime:0.000406s ]
INFO: [ app_begin ] --START--
INFO: Run Behavior\ReadHtmlCacheBehavior [ RunTime:0.000662s ]
INFO: [ app_begin ] --END-- [ RunTime:0.000732s ]
INFO: [ app_end ] --START--
INFO: Run Behavior\ShowPageTraceBehavior [ RunTime:0.000721s ]
INFO: [ app_end ] --END-- [ RunTime:0.000806s ]

[ 2015-12-31T09:07:38+08:00 ] 127.0.0.1 /favicon.ico
INFO: [ app_init ] --START--
INFO: Run Behavior\BuildLiteBehavior [ RunTime:0.000023s ]
INFO: [ app_init ] --END-- [ RunTime:0.000788s ]

[ 2015-12-31T09:07:38+08:00 ] 127.0.0.1 /favicon.ico
INFO: [ app_init ] --START--
INFO: Run Behavior\BuildLiteBehavior [ RunTime:0.000013s ]
INFO: [ app_init ] --END-- [ RunTime:0.000411s ]

[ 2015-12-31T09:22:24+08:00 ] 127.0.0.1 /
INFO: [ app_init ] --START--
INFO: Run Behavior\BuildLiteBehavior [ RunTime:0.000013s ]
INFO: [ app_init ] --END-- [ RunTime:0.000664s ]
INFO: [ app_begin ] --START--
INFO: Run Behavior\ReadHtmlCacheBehavior [ RunTime:0.000632s ]
INFO: [ app_begin ] --END-- [ RunTime:0.000705s ]
NOTIC: [8] Undefined index: userid D:\wamp\www\qb\Application\Admin\Controller\CommonController.class.php 第 19 行.

[ 2015-12-31T09:22:24+08:00 ] 127.0.0.1 /Admin/Public/admin.html
INFO: [ app_init ] --START--
INFO: Run Behavior\BuildLiteBehavior [ RunTime:0.000012s ]
INFO: [ app_init ] --END-- [ RunTime:0.000432s ]
INFO: [ app_begin ] --START--
INFO: Run Behavior\ReadHtmlCacheBehavior [ RunTime:0.000520s ]
INFO: [ app_begin ] --END-- [ RunTime:0.000592s ]
INFO: [ view_parse ] --START--
INFO: [ template_filter ] --START--
INFO: Run Behavior\ContentReplaceBehavior [ RunTime:0.000039s ]
INFO: [ template_filter ] --END-- [ RunTime:0.000099s ]
INFO: Run Behavior\ParseTemplateBehavior [ RunTime:0.006616s ]
INFO: [ view_parse ] --END-- [ RunTime:0.006697s ]
INFO: [ view_filter ] --START--
INFO: Run Behavior\WriteHtmlCacheBehavior [ RunTime:0.000382s ]
INFO: [ view_filter ] --END-- [ RunTime:0.000425s ]
INFO: [ app_end ] --START--
INFO: Run Behavior\ShowPageTraceBehavior [ RunTime:0.000655s ]
INFO: [ app_end ] --END-- [ RunTime:0.000697s ]

[ 2015-12-31T09:22:24+08:00 ] 127.0.0.1 /Admin/Public/scode
INFO: [ app_init ] --START--
INFO: Run Behavior\BuildLiteBehavior [ RunTime:0.000014s ]
INFO: [ app_init ] --END-- [ RunTime:0.000466s ]
INFO: [ app_begin ] --START--
INFO: Run Behavior\ReadHtmlCacheBehavior [ RunTime:0.000570s ]
INFO: [ app_begin ] --END-- [ RunTime:0.000637s ]
INFO: [ app_end ] --START--
INFO: Run Behavior\ShowPageTraceBehavior [ RunTime:0.000970s ]
INFO: [ app_end ] --END-- [ RunTime:0.001085s ]

[ 2015-12-31T09:22:34+08:00 ] 127.0.0.1 /Admin/Public/login
INFO: [ app_init ] --START--
INFO: Run Behavior\BuildLiteBehavior [ RunTime:0.000013s ]
INFO: [ app_init ] --END-- [ RunTime:0.000546s ]
INFO: [ app_begin ] --START--
INFO: Run Behavior\ReadHtmlCacheBehavior [ RunTime:0.000781s ]
INFO: [ app_begin ] --END-- [ RunTime:0.000862s ]

[ 2015-12-31T09:22:34+08:00 ] 127.0.0.1 /admin/public/scode/0.7359521856669242
INFO: [ app_init ] --START--
INFO: Run Behavior\BuildLiteBehavior [ RunTime:0.000016s ]
INFO: [ app_init ] --END-- [ RunTime:0.000515s ]
INFO: [ app_begin ] --START--
INFO: Run Behavior\ReadHtmlCacheBehavior [ RunTime:0.000607s ]
INFO: [ app_begin ] --END-- [ RunTime:0.000686s ]
INFO: [ app_end ] --START--
INFO: Run Behavior\ShowPageTraceBehavior [ RunTime:0.000969s ]
INFO: [ app_end ] --END-- [ RunTime:0.001044s ]

[ 2015-12-31T09:22:38+08:00 ] 127.0.0.1 /Admin/Public/login
INFO: [ app_init ] --START--
INFO: Run Behavior\BuildLiteBehavior [ RunTime:0.000014s ]
INFO: [ app_init ] --END-- [ RunTime:0.000530s ]
INFO: [ app_begin ] --START--
INFO: Run Behavior\ReadHtmlCacheBehavior [ RunTime:0.000714s ]
INFO: [ app_begin ] --END-- [ RunTime:0.000821s ]
SQL: SHOW COLUMNS FROM `t_admin` [ RunTime:0.0121s ]
SQL: SELECT `password` FROM `t_admin` WHERE `name` = 'admin' LIMIT 1   [ RunTime:0.0140s ]

[ 2015-12-31T09:22:38+08:00 ] 127.0.0.1 /Admin/Public/admin.html
INFO: [ app_init ] --START--
INFO: Run Behavior\BuildLiteBehavior [ RunTime:0.000012s ]
INFO: [ app_init ] --END-- [ RunTime:0.000458s ]
INFO: [ app_begin ] --START--
INFO: Run Behavior\ReadHtmlCacheBehavior [ RunTime:0.000563s ]
INFO: [ app_begin ] --END-- [ RunTime:0.000616s ]
SQL: SHOW COLUMNS FROM `t_admin` [ RunTime:0.0095s ]
SQL: SELECT `password`,`name` FROM `t_admin` WHERE `name` = 'admin' LIMIT 1   [ RunTime:0.0085s ]
SQL: SELECT * FROM `t_admin` WHERE `password` = '1c63129ae9db9c60c3e8aa94d3e00495' AND `name` = 'admin' LIMIT 1   [ RunTime:0.0087s ]
SQL: UPDATE `t_admin` SET `ip`='127.0.0.1',`addtime`='1451524958' WHERE `id` = 3 [ RunTime:0.0115s ]

[ 2015-12-31T09:22:39+08:00 ] 127.0.0.1 /Admin.html
INFO: [ app_init ] --START--
INFO: Run Behavior\BuildLiteBehavior [ RunTime:0.000013s ]
INFO: [ app_init ] --END-- [ RunTime:0.000410s ]
INFO: [ app_begin ] --START--
INFO: Run Behavior\ReadHtmlCacheBehavior [ RunTime:0.000540s ]
INFO: [ app_begin ] --END-- [ RunTime:0.000600s ]
SQL: SHOW COLUMNS FROM `t_admin` [ RunTime:0.0111s ]
SQL: SELECT t_admin.name,t_role.name as title FROM `t_admin` left join t_role_user on t_role_user.user_id = t_admin.id left join t_role on t_role.id = t_role_user.role_id  WHERE ( t_admin.id = 3 ) LIMIT 1   [ RunTime:0.0082s ]
INFO: [ view_parse ] --START--
INFO: [ template_filter ] --START--
INFO: Run Behavior\ContentReplaceBehavior [ RunTime:0.000078s ]
INFO: [ template_filter ] --END-- [ RunTime:0.000147s ]
INFO: Run Behavior\ParseTemplateBehavior [ RunTime:0.008440s ]
INFO: [ view_parse ] --END-- [ RunTime:0.008500s ]
INFO: [ view_filter ] --START--
INFO: Run Behavior\WriteHtmlCacheBehavior [ RunTime:0.000468s ]
INFO: [ view_filter ] --END-- [ RunTime:0.000511s ]
INFO: [ app_end ] --START--
INFO: Run Behavior\ShowPageTraceBehavior [ RunTime:0.000606s ]
INFO: [ app_end ] --END-- [ RunTime:0.000648s ]

[ 2015-12-31T09:22:39+08:00 ] 127.0.0.1 /Public/admin/logo.png
INFO: [ app_init ] --START--
INFO: Run Behavior\BuildLiteBehavior [ RunTime:0.000014s ]
INFO: [ app_init ] --END-- [ RunTime:0.000488s ]

[ 2015-12-31T09:22:39+08:00 ] 127.0.0.1 /Admin/Nav/nav
INFO: [ app_init ] --START--
INFO: Run Behavior\BuildLiteBehavior [ RunTime:0.000021s ]
INFO: [ app_init ] --END-- [ RunTime:0.000615s ]
INFO: [ app_begin ] --START--
INFO: Run Behavior\ReadHtmlCacheBehavior [ RunTime:0.000552s ]
INFO: [ app_begin ] --END-- [ RunTime:0.000603s ]
SQL: SHOW COLUMNS FROM `t_nav` [ RunTime:0.0122s ]
SQL: SHOW COLUMNS FROM `t_nav` [ RunTime:0.0112s ]
SQL: SHOW COLUMNS FROM `t_access` [ RunTime:0.0112s ]
SQL: SELECT * FROM `t_nav` WHERE `bid` = 0 AND `state` = 1 AND `level` <> 3 ORDER BY id asc  [ RunTime:0.0093s ]
SQL: SELECT * FROM `t_nav` WHERE `bid` = 1 AND `state` = 1 AND `level` <> 3 ORDER BY id asc  [ RunTime:0.0125s ]
SQL: SELECT * FROM `t_nav` WHERE `bid` = 2 AND `state` = 1 AND `level` <> 3 ORDER BY id asc  [ RunTime:0.0111s ]
SQL: SELECT * FROM `t_nav` WHERE `bid` = 158 AND `state` = 1 AND `level` <> 3 ORDER BY id asc  [ RunTime:0.0113s ]
SQL: SELECT * FROM `t_nav` WHERE `bid` = 159 AND `state` = 1 AND `level` <> 3 ORDER BY id asc  [ RunTime:0.0095s ]
SQL: SELECT * FROM `t_nav` WHERE `bid` = 342 AND `state` = 1 AND `level` <> 3 ORDER BY id asc  [ RunTime:0.0111s ]
SQL: SELECT * FROM `t_nav` WHERE `bid` = 167 AND `state` = 1 AND `level` <> 3 ORDER BY id asc  [ RunTime:0.0131s ]
SQL: SELECT * FROM `t_nav` WHERE `bid` = 169 AND `state` = 1 AND `level` <> 3 ORDER BY id asc  [ RunTime:0.0122s ]
SQL: SELECT * FROM `t_nav` WHERE `bid` = 204 AND `state` = 1 AND `level` <> 3 ORDER BY id asc  [ RunTime:0.0089s ]
SQL: SELECT * FROM `t_nav` WHERE `bid` = 205 AND `state` = 1 AND `level` <> 3 ORDER BY id asc  [ RunTime:0.0136s ]
SQL: SELECT * FROM `t_nav` WHERE `bid` = 207 AND `state` = 1 AND `level` <> 3 ORDER BY id asc  [ RunTime:0.0135s ]
SQL: SELECT * FROM `t_nav` WHERE `bid` = 208 AND `state` = 1 AND `level` <> 3 ORDER BY id asc  [ RunTime:0.0095s ]
SQL: SELECT * FROM `t_nav` WHERE `bid` = 380 AND `state` = 1 AND `level` <> 3 ORDER BY id asc  [ RunTime:0.0111s ]
SQL: SELECT * FROM `t_nav` WHERE `bid` = 381 AND `state` = 1 AND `level` <> 3 ORDER BY id asc  [ RunTime:0.0152s ]
SQL: SELECT * FROM `t_nav` WHERE `bid` = 3 AND `state` = 1 AND `level` <> 3 ORDER BY id asc  [ RunTime:0.0106s ]
SQL: SELECT * FROM `t_nav` WHERE `bid` = 4 AND `state` = 1 AND `level` <> 3 ORDER BY id asc  [ RunTime:0.0093s ]
SQL: SELECT * FROM `t_nav` WHERE `bid` = 173 AND `state` = 1 AND `level` <> 3 ORDER BY id asc  [ RunTime:0.0114s ]
SQL: SELECT * FROM `t_nav` WHERE `bid` = 174 AND `state` = 1 AND `level` <> 3 ORDER BY id asc  [ RunTime:0.0137s ]
SQL: SELECT * FROM `t_nav` WHERE `bid` = 438 AND `state` = 1 AND `level` <> 3 ORDER BY id asc  [ RunTime:0.0108s ]
SQL: SELECT * FROM `t_nav` WHERE `bid` = 439 AND `state` = 1 AND `level` <> 3 ORDER BY id asc  [ RunTime:0.0099s ]
SQL: SELECT * FROM `t_nav` WHERE `bid` = 5 AND `state` = 1 AND `level` <> 3 ORDER BY id asc  [ RunTime:0.0092s ]
SQL: SELECT * FROM `t_nav` WHERE `bid` = 6 AND `state` = 1 AND `level` <> 3 ORDER BY id asc  [ RunTime:0.0113s ]
SQL: SELECT * FROM `t_nav` WHERE `bid` = 187 AND `state` = 1 AND `level` <> 3 ORDER BY id asc  [ RunTime:0.0106s ]
SQL: SELECT * FROM `t_nav` WHERE `bid` = 188 AND `state` = 1 AND `level` <> 3 ORDER BY id asc  [ RunTime:0.0090s ]
SQL: SELECT * FROM `t_nav` WHERE `bid` = 7 AND `state` = 1 AND `level` <> 3 ORDER BY id asc  [ RunTime:0.0089s ]
SQL: SELECT * FROM `t_nav` WHERE `bid` = 8 AND `state` = 1 AND `level` <> 3 ORDER BY id asc  [ RunTime:0.0086s ]
SQL: SELECT * FROM `t_nav` WHERE `bid` = 209 AND `state` = 1 AND `level` <> 3 ORDER BY id asc  [ RunTime:0.0087s ]
SQL: SELECT * FROM `t_nav` WHERE `bid` = 210 AND `state` = 1 AND `level` <> 3 ORDER BY id asc  [ RunTime:0.0086s ]
SQL: SELECT * FROM `t_nav` WHERE `bid` = 243 AND `state` = 1 AND `level` <> 3 ORDER BY id asc  [ RunTime:0.0130s ]
SQL: SELECT * FROM `t_nav` WHERE `bid` = 320 AND `state` = 1 AND `level` <> 3 ORDER BY id asc  [ RunTime:0.0111s ]
INFO: [ app_end ] --START--
INFO: Run Behavior\ShowPageTraceBehavior [ RunTime:0.000783s ]
INFO: [ app_end ] --END-- [ RunTime:0.000840s ]

[ 2015-12-31T09:22:39+08:00 ] 127.0.0.1 /Admin/Index/center
INFO: [ app_init ] --START--
INFO: Run Behavior\BuildLiteBehavior [ RunTime:0.000023s ]
INFO: [ app_init ] --END-- [ RunTime:0.000612s ]
INFO: [ app_begin ] --START--
INFO: Run Behavior\ReadHtmlCacheBehavior [ RunTime:0.000826s ]
INFO: [ app_begin ] --END-- [ RunTime:0.000934s ]
SQL: SHOW COLUMNS FROM `t_admin` [ RunTime:0.0092s ]
SQL: SHOW COLUMNS FROM `t_base` [ RunTime:0.0104s ]
SQL: SELECT * FROM `t_admin` WHERE `id` = 3 LIMIT 1   [ RunTime:0.0127s ]
SQL: SELECT * FROM `t_base` WHERE `id` = 1 LIMIT 1   [ RunTime:0.0081s ]
INFO: [ view_parse ] --START--
INFO: [ template_filter ] --START--
INFO: Run Behavior\ContentReplaceBehavior [ RunTime:0.000043s ]
INFO: [ template_filter ] --END-- [ RunTime:0.000126s ]
INFO: Run Behavior\ParseTemplateBehavior [ RunTime:0.008990s ]
INFO: [ view_parse ] --END-- [ RunTime:0.009077s ]
INFO: [ view_filter ] --START--
INFO: Run Behavior\WriteHtmlCacheBehavior [ RunTime:0.000541s ]
INFO: [ view_filter ] --END-- [ RunTime:0.000585s ]
INFO: [ app_end ] --START--
INFO: Run Behavior\ShowPageTraceBehavior [ RunTime:0.000977s ]
INFO: [ app_end ] --END-- [ RunTime:0.001031s ]

[ 2015-12-31T09:22:41+08:00 ] 127.0.0.1 /Admin/Base
INFO: [ app_init ] --START--
INFO: Run Behavior\BuildLiteBehavior [ RunTime:0.000014s ]
INFO: [ app_init ] --END-- [ RunTime:0.000503s ]
INFO: [ app_begin ] --START--
INFO: Run Behavior\ReadHtmlCacheBehavior [ RunTime:0.000549s ]
INFO: [ app_begin ] --END-- [ RunTime:0.000605s ]
SQL: SHOW COLUMNS FROM `t_base` [ RunTime:0.0105s ]
SQL: SELECT * FROM `t_base` WHERE `id` = 1 LIMIT 1   [ RunTime:0.0135s ]
INFO: [ view_parse ] --START--
INFO: [ template_filter ] --START--
INFO: Run Behavior\ContentReplaceBehavior [ RunTime:0.000049s ]
INFO: [ template_filter ] --END-- [ RunTime:0.000105s ]
NOTIC: [8] Undefined variable: zong D:\wamp\www\qb\Application\Runtime\Cache\Admin\7eebb9a2bbca165faa802ccd89ce8f48.php 第 129 行.
INFO: Run Behavior\ParseTemplateBehavior [ RunTime:0.007288s ]
INFO: [ view_parse ] --END-- [ RunTime:0.007338s ]
INFO: [ view_filter ] --START--
INFO: Run Behavior\WriteHtmlCacheBehavior [ RunTime:0.000299s ]
INFO: [ view_filter ] --END-- [ RunTime:0.000338s ]
INFO: [ app_end ] --START--
INFO: Run Behavior\ShowPageTraceBehavior [ RunTime:0.000546s ]
INFO: [ app_end ] --END-- [ RunTime:0.000596s ]

[ 2015-12-31T09:22:42+08:00 ] 127.0.0.1 /Admin/Ads
INFO: [ app_init ] --START--
INFO: Run Behavior\BuildLiteBehavior [ RunTime:0.000012s ]
INFO: [ app_init ] --END-- [ RunTime:0.000596s ]
INFO: [ app_begin ] --START--
INFO: Run Behavior\ReadHtmlCacheBehavior [ RunTime:0.000499s ]
INFO: [ app_begin ] --END-- [ RunTime:0.000548s ]
SQL: SHOW COLUMNS FROM `t_ads` [ RunTime:0.0104s ]
SQL: SELECT COUNT(*) AS tp_count FROM `t_ads` LIMIT 1   [ RunTime:0.0067s ]
NOTIC: [8] Undefined variable: data D:\wamp\www\qb\Application\Admin\Controller\AdsController.class.php 第 24 行.
SQL: SELECT * FROM `t_ads` ORDER BY istop desc,isred desc,ord asc,addtime desc LIMIT 0,15   [ RunTime:0.0168s ]
INFO: [ view_parse ] --START--
INFO: [ template_filter ] --START--
INFO: Run Behavior\ContentReplaceBehavior [ RunTime:0.000043s ]
INFO: [ template_filter ] --END-- [ RunTime:0.000148s ]
NOTIC: [8] Undefined variable: verify D:\wamp\www\qb\Application\Runtime\Cache\Admin\d8dc2a3b8dcffef6921ed85a3c61e851.php 第 39 行.
NOTIC: [8] Undefined variable: verify D:\wamp\www\qb\Application\Runtime\Cache\Admin\d8dc2a3b8dcffef6921ed85a3c61e851.php 第 40 行.
NOTIC: [8] Undefined variable: verify D:\wamp\www\qb\Application\Runtime\Cache\Admin\d8dc2a3b8dcffef6921ed85a3c61e851.php 第 41 行.
NOTIC: [8] Undefined variable: verify D:\wamp\www\qb\Application\Runtime\Cache\Admin\d8dc2a3b8dcffef6921ed85a3c61e851.php 第 42 行.
NOTIC: [8] Use of undefined constant istop - assumed 'istop' D:\wamp\www\qb\Application\Runtime\Cache\Admin\d8dc2a3b8dcffef6921ed85a3c61e851.php 第 73 行.
NOTIC: [8] Use of undefined constant istop - assumed 'istop' D:\wamp\www\qb\Application\Runtime\Cache\Admin\d8dc2a3b8dcffef6921ed85a3c61e851.php 第 73 行.
NOTIC: [8] Use of undefined constant istop - assumed 'istop' D:\wamp\www\qb\Application\Runtime\Cache\Admin\d8dc2a3b8dcffef6921ed85a3c61e851.php 第 73 行.
NOTIC: [8] Use of undefined constant isred - assumed 'isred' D:\wamp\www\qb\Application\Runtime\Cache\Admin\d8dc2a3b8dcffef6921ed85a3c61e851.php 第 74 行.
NOTIC: [8] Use of undefined constant isred - assumed 'isred' D:\wamp\www\qb\Application\Runtime\Cache\Admin\d8dc2a3b8dcffef6921ed85a3c61e851.php 第 74 行.
NOTIC: [8] Use of undefined constant isred - assumed 'isred' D:\wamp\www\qb\Application\Runtime\Cache\Admin\d8dc2a3b8dcffef6921ed85a3c61e851.php 第 74 行.
NOTIC: [8] Use of undefined constant istop - assumed 'istop' D:\wamp\www\qb\Application\Runtime\Cache\Admin\d8dc2a3b8dcffef6921ed85a3c61e851.php 第 73 行.
NOTIC: [8] Use of undefined constant istop - assumed 'istop' D:\wamp\www\qb\Application\Runtime\Cache\Admin\d8dc2a3b8dcffef6921ed85a3c61e851.php 第 73 行.
NOTIC: [8] Use of undefined constant istop - assumed 'istop' D:\wamp\www\qb\Application\Runtime\Cache\Admin\d8dc2a3b8dcffef6921ed85a3c61e851.php 第 73 行.
NOTIC: [8] Use of undefined constant isred - assumed 'isred' D:\wamp\www\qb\Application\Runtime\Cache\Admin\d8dc2a3b8dcffef6921ed85a3c61e851.php 第 74 行.
NOTIC: [8] Use of undefined constant isred - assumed 'isred' D:\wamp\www\qb\Application\Runtime\Cache\Admin\d8dc2a3b8dcffef6921ed85a3c61e851.php 第 74 行.
NOTIC: [8] Use of undefined constant isred - assumed 'isred' D:\wamp\www\qb\Application\Runtime\Cache\Admin\d8dc2a3b8dcffef6921ed85a3c61e851.php 第 74 行.
INFO: Run Behavior\ParseTemplateBehavior [ RunTime:0.010333s ]
INFO: [ view_parse ] --END-- [ RunTime:0.010413s ]
INFO: [ view_filter ] --START--
INFO: Run Behavior\WriteHtmlCacheBehavior [ RunTime:0.000398s ]
INFO: [ view_filter ] --END-- [ RunTime:0.000454s ]
INFO: [ app_end ] --START--
INFO: Run Behavior\ShowPageTraceBehavior [ RunTime:0.000675s ]
INFO: [ app_end ] --END-- [ RunTime:0.000734s ]

[ 2015-12-31T09:22:51+08:00 ] 127.0.0.1 /Admin/News
INFO: [ app_init ] --START--
INFO: Run Behavior\BuildLiteBehavior [ RunTime:0.000013s ]
INFO: [ app_init ] --END-- [ RunTime:0.000423s ]
INFO: [ app_begin ] --START--
INFO: Run Behavior\ReadHtmlCacheBehavior [ RunTime:0.000546s ]
INFO: [ app_begin ] --END-- [ RunTime:0.000601s ]
SQL: SHOW COLUMNS FROM `t_news` [ RunTime:0.0122s ]
NOTIC: [8] Undefined variable: data D:\wamp\www\qb\Application\Admin\Controller\NewsController.class.php 第 31 行.
SQL: SELECT COUNT(*) AS tp_count FROM `t_news` LIMIT 1   [ RunTime:0.0106s ]
NOTIC: [8] Undefined variable: data D:\wamp\www\qb\Application\Admin\Controller\NewsController.class.php 第 35 行.
SQL: SELECT * FROM `t_news` ORDER BY isred desc,ord asc,addtime desc LIMIT 0,15   [ RunTime:0.2448s ]
SQL: SHOW COLUMNS FROM `t_group` [ RunTime:0.0491s ]
SQL: SELECT * FROM `t_group` WHERE ( pid = 0 )  [ RunTime:0.0180s ]
INFO: [ view_parse ] --START--
INFO: [ template_filter ] --START--
INFO: Run Behavior\ContentReplaceBehavior [ RunTime:0.000048s ]
INFO: [ template_filter ] --END-- [ RunTime:0.000206s ]
NOTIC: [8] Undefined variable: verify D:\wamp\www\qb\Application\Runtime\Cache\Admin\e84d1c149b88214d37c4f6238ea8b474.php 第 39 行.
NOTIC: [8] Undefined variable: verify D:\wamp\www\qb\Application\Runtime\Cache\Admin\e84d1c149b88214d37c4f6238ea8b474.php 第 40 行.
NOTIC: [8] Undefined variable: verify D:\wamp\www\qb\Application\Runtime\Cache\Admin\e84d1c149b88214d37c4f6238ea8b474.php 第 40 行.
NOTIC: [8] Undefined variable: verify D:\wamp\www\qb\Application\Runtime\Cache\Admin\e84d1c149b88214d37c4f6238ea8b474.php 第 40 行.
NOTIC: [8] Undefined variable: verify D:\wamp\www\qb\Application\Runtime\Cache\Admin\e84d1c149b88214d37c4f6238ea8b474.php 第 40 行.
NOTIC: [8] Use of undefined constant istop - assumed 'istop' D:\wamp\www\qb\Application\Runtime\Cache\Admin\e84d1c149b88214d37c4f6238ea8b474.php 第 71 行.
NOTIC: [8] Use of undefined constant istop - assumed 'istop' D:\wamp\www\qb\Application\Runtime\Cache\Admin\e84d1c149b88214d37c4f6238ea8b474.php 第 71 行.
NOTIC: [8] Use of undefined constant istop - assumed 'istop' D:\wamp\www\qb\Application\Runtime\Cache\Admin\e84d1c149b88214d37c4f6238ea8b474.php 第 71 行.
NOTIC: [8] Use of undefined constant isred - assumed 'isred' D:\wamp\www\qb\Application\Runtime\Cache\Admin\e84d1c149b88214d37c4f6238ea8b474.php 第 72 行.
NOTIC: [8] Use of undefined constant isred - assumed 'isred' D:\wamp\www\qb\Application\Runtime\Cache\Admin\e84d1c149b88214d37c4f6238ea8b474.php 第 72 行.
NOTIC: [8] Use of undefined constant isred - assumed 'isred' D:\wamp\www\qb\Application\Runtime\Cache\Admin\e84d1c149b88214d37c4f6238ea8b474.php 第 72 行.
NOTIC: [8] Use of undefined constant istop - assumed 'istop' D:\wamp\www\qb\Application\Runtime\Cache\Admin\e84d1c149b88214d37c4f6238ea8b474.php 第 71 行.
NOTIC: [8] Use of undefined constant istop - assumed 'istop' D:\wamp\www\qb\Application\Runtime\Cache\Admin\e84d1c149b88214d37c4f6238ea8b474.php 第 71 行.
NOTIC: [8] Use of undefined constant istop - assumed 'istop' D:\wamp\www\qb\Application\Runtime\Cache\Admin\e84d1c149b88214d37c4f6238ea8b474.php 第 71 行.
NOTIC: [8] Use of undefined constant isred - assumed 'isred' D:\wamp\www\qb\Application\Runtime\Cache\Admin\e84d1c149b88214d37c4f6238ea8b474.php 第 72 行.
NOTIC: [8] Use of undefined constant isred - assumed 'isred' D:\wamp\www\qb\Application\Runtime\Cache\Admin\e84d1c149b88214d37c4f6238ea8b474.php 第 72 行.
NOTIC: [8] Use of undefined constant isred - assumed 'isred' D:\wamp\www\qb\Application\Runtime\Cache\Admin\e84d1c149b88214d37c4f6238ea8b474.php 第 72 行.
NOTIC: [8] Use of undefined constant istop - assumed 'istop' D:\wamp\www\qb\Application\Runtime\Cache\Admin\e84d1c149b88214d37c4f6238ea8b474.php 第 71 行.
NOTIC: [8] Use of undefined constant istop - assumed 'istop' D:\wamp\www\qb\Application\Runtime\Cache\Admin\e84d1c149b88214d37c4f6238ea8b474.php 第 71 行.
NOTIC: [8] Use of undefined constant istop - assumed 'istop' D:\wamp\www\qb\Application\Runtime\Cache\Admin\e84d1c149b88214d37c4f6238ea8b474.php 第 71 行.
NOTIC: [8] Use of undefined constant isred - assumed 'isred' D:\wamp\www\qb\Application\Runtime\Cache\Admin\e84d1c149b88214d37c4f6238ea8b474.php 第 72 行.
NOTIC: [8] Use of undefined constant isred - assumed 'isred' D:\wamp\www\qb\Application\Runtime\Cache\Admin\e84d1c149b88214d37c4f6238ea8b474.php 第 72 行.
NOTIC: [8] Use of undefined constant isred - assumed 'isred' D:\wamp\www\qb\Application\Runtime\Cache\Admin\e84d1c149b88214d37c4f6238ea8b474.php 第 72 行.
NOTIC: [8] Use of undefined constant istop - assumed 'istop' D:\wamp\www\qb\Application\Runtime\Cache\Admin\e84d1c149b88214d37c4f6238ea8b474.php 第 71 行.
NOTIC: [8] Use of undefined constant istop - assumed 'istop' D:\wamp\www\qb\Application\Runtime\Cache\Admin\e84d1c149b88214d37c4f6238ea8b474.php 第 71 行.
NOTIC: [8] Use of undefined constant istop - assumed 'istop' D:\wamp\www\qb\Application\Runtime\Cache\Admin\e84d1c149b88214d37c4f6238ea8b474.php 第 71 行.
NOTIC: [8] Use of undefined constant isred - assumed 'isred' D:\wamp\www\qb\Application\Runtime\Cache\Admin\e84d1c149b88214d37c4f6238ea8b474.php 第 72 行.
NOTIC: [8] Use of undefined constant isred - assumed 'isred' D:\wamp\www\qb\Application\Runtime\Cache\Admin\e84d1c149b88214d37c4f6238ea8b474.php 第 72 行.
NOTIC: [8] Use of undefined constant isred - assumed 'isred' D:\wamp\www\qb\Application\Runtime\Cache\Admin\e84d1c149b88214d37c4f6238ea8b474.php 第 72 行.
NOTIC: [8] Use of undefined constant istop - assumed 'istop' D:\wamp\www\qb\Application\Runtime\Cache\Admin\e84d1c149b88214d37c4f6238ea8b474.php 第 71 行.
NOTIC: [8] Use of undefined constant istop - assumed 'istop' D:\wamp\www\qb\Application\Runtime\Cache\Admin\e84d1c149b88214d37c4f6238ea8b474.php 第 71 行.
NOTIC: [8] Use of undefined constant istop - assumed 'istop' D:\wamp\www\qb\Application\Runtime\Cache\Admin\e84d1c149b88214d37c4f6238ea8b474.php 第 71 行.
NOTIC: [8] Use of undefined constant isred - assumed 'isred' D:\wamp\www\qb\Application\Runtime\Cache\Admin\e84d1c149b88214d37c4f6238ea8b474.php 第 72 行.
NOTIC: [8] Use of undefined constant isred - assumed 'isred' D:\wamp\www\qb\Application\Runtime\Cache\Admin\e84d1c149b88214d37c4f6238ea8b474.php 第 72 行.
NOTIC: [8] Use of undefined constant isred - assumed 'isred' D:\wamp\www\qb\Application\Runtime\Cache\Admin\e84d1c149b88214d37c4f6238ea8b474.php 第 72 行.
NOTIC: [8] Use of undefined constant istop - assumed 'istop' D:\wamp\www\qb\Application\Runtime\Cache\Admin\e84d1c149b88214d37c4f6238ea8b474.php 第 71 行.
NOTIC: [8] Use of undefined constant istop - assumed 'istop' D:\wamp\www\qb\Application\Runtime\Cache\Admin\e84d1c149b88214d37c4f6238ea8b474.php 第 71 行.
NOTIC: [8] Use of undefined constant istop - assumed 'istop' D:\wamp\www\qb\Application\Runtime\Cache\Admin\e84d1c149b88214d37c4f6238ea8b474.php 第 71 行.
NOTIC: [8] Use of undefined constant isred - assumed 'isred' D:\wamp\www\qb\Application\Runtime\Cache\Admin\e84d1c149b88214d37c4f6238ea8b474.php 第 72 行.
NOTIC: [8] Use of undefined constant isred - assumed 'isred' D:\wamp\www\qb\Application\Runtime\Cache\Admin\e84d1c149b88214d37c4f6238ea8b474.php 第 72 行.
NOTIC: [8] Use of undefined constant isred - assumed 'isred' D:\wamp\www\qb\Application\Runtime\Cache\Admin\e84d1c149b88214d37c4f6238ea8b474.php 第 72 行.
NOTIC: [8] Use of undefined constant istop - assumed 'istop' D:\wamp\www\qb\Application\Runtime\Cache\Admin\e84d1c149b88214d37c4f6238ea8b474.php 第 71 行.
NOTIC: [8] Use of undefined constant istop - assumed 'istop' D:\wamp\www\qb\Application\Runtime\Cache\Admin\e84d1c149b88214d37c4f6238ea8b474.php 第 71 行.
NOTIC: [8] Use of undefined constant istop - assumed 'istop' D:\wamp\www\qb\Application\Runtime\Cache\Admin\e84d1c149b88214d37c4f6238ea8b474.php 第 71 行.
NOTIC: [8] Use of undefined constant isred - assumed 'isred' D:\wamp\www\qb\Application\Runtime\Cache\Admin\e84d1c149b88214d37c4f6238ea8b474.php 第 72 行.
NOTIC: [8] Use of undefined constant isred - assumed 'isred' D:\wamp\www\qb\Application\Runtime\Cache\Admin\e84d1c149b88214d37c4f6238ea8b474.php 第 72 行.
NOTIC: [8] Use of undefined constant isred - assumed 'isred' D:\wamp\www\qb\Application\Runtime\Cache\Admin\e84d1c149b88214d37c4f6238ea8b474.php 第 72 行.
NOTIC: [8] Use of undefined constant istop - assumed 'istop' D:\wamp\www\qb\Application\Runtime\Cache\Admin\e84d1c149b88214d37c4f6238ea8b474.php 第 71 行.
NOTIC: [8] Use of undefined constant istop - assumed 'istop' D:\wamp\www\qb\Application\Runtime\Cache\Admin\e84d1c149b88214d37c4f6238ea8b474.php 第 71 行.
NOTIC: [8] Use of undefined constant istop - assumed 'istop' D:\wamp\www\qb\Application\Runtime\Cache\Admin\e84d1c149b88214d37c4f6238ea8b474.php 第 71 行.
NOTIC: [8] Use of undefined constant isred - assumed 'isred' D:\wamp\www\qb\Application\Runtime\Cache\Admin\e84d1c149b88214d37c4f6238ea8b474.php 第 72 行.
NOTIC: [8] Use of undefined constant isred - assumed 'isred' D:\wamp\www\qb\Application\Runtime\Cache\Admin\e84d1c149b88214d37c4f6238ea8b474.php 第 72 行.
NOTIC: [8] Use of undefined constant isred - assumed 'isred' D:\wamp\www\qb\Application\Runtime\Cache\Admin\e84d1c149b88214d37c4f6238ea8b474.php 第 72 行.
NOTIC: [8] Use of undefined constant istop - assumed 'istop' D:\wamp\www\qb\Application\Runtime\Cache\Admin\e84d1c149b88214d37c4f6238ea8b474.php 第 71 行.
NOTIC: [8] Use of undefined constant istop - assumed 'istop' D:\wamp\www\qb\Application\Runtime\Cache\Admin\e84d1c149b88214d37c4f6238ea8b474.php 第 71 行.
NOTIC: [8] Use of undefined constant istop - assumed 'istop' D:\wamp\www\qb\Application\Runtime\Cache\Admin\e84d1c149b88214d37c4f6238ea8b474.php 第 71 行.
NOTIC: [8] Use of undefined constant isred - assumed 'isred' D:\wamp\www\qb\Application\Runtime\Cache\Admin\e84d1c149b88214d37c4f6238ea8b474.php 第 72 行.
NOTIC: [8] Use of undefined constant isred - assumed 'isred' D:\wamp\www\qb\Application\Runtime\Cache\Admin\e84d1c149b88214d37c4f6238ea8b474.php 第 72 行.
NOTIC: [8] Use of undefined constant isred - assumed 'isred' D:\wamp\www\qb\Application\Runtime\Cache\Admin\e84d1c149b88214d37c4f6238ea8b474.php 第 72 行.
NOTIC: [8] Use of undefined constant istop - assumed 'istop' D:\wamp\www\qb\Application\Runtime\Cache\Admin\e84d1c149b88214d37c4f6238ea8b474.php 第 71 行.
NOTIC: [8] Use of undefined constant istop - assumed 'istop' D:\wamp\www\qb\Application\Runtime\Cache\Admin\e84d1c149b88214d37c4f6238ea8b474.php 第 71 行.
NOTIC: [8] Use of undefined constant istop - assumed 'istop' D:\wamp\www\qb\Application\Runtime\Cache\Admin\e84d1c149b88214d37c4f6238ea8b474.php 第 71 行.
NOTIC: [8] Use of undefined constant isred - assumed 'isred' D:\wamp\www\qb\Application\Runtime\Cache\Admin\e84d1c149b88214d37c4f6238ea8b474.php 第 72 行.
NOTIC: [8] Use of undefined constant isred - assumed 'isred' D:\wamp\www\qb\Application\Runtime\Cache\Admin\e84d1c149b88214d37c4f6238ea8b474.php 第 72 行.
NOTIC: [8] Use of undefined constant isred - assumed 'isred' D:\wamp\www\qb\Application\Runtime\Cache\Admin\e84d1c149b88214d37c4f6238ea8b474.php 第 72 行.
NOTIC: [8] Use of undefined constant istop - assumed 'istop' D:\wamp\www\qb\Application\Runtime\Cache\Admin\e84d1c149b88214d37c4f6238ea8b474.php 第 71 行.
NOTIC: [8] Use of undefined constant istop - assumed 'istop' D:\wamp\www\qb\Application\Runtime\Cache\Admin\e84d1c149b88214d37c4f6238ea8b474.php 第 71 行.
NOTIC: [8] Use of undefined constant istop - assumed 'istop' D:\wamp\www\qb\Application\Runtime\Cache\Admin\e84d1c149b88214d37c4f6238ea8b474.php 第 71 行.
NOTIC: [8] Use of undefined constant isred - assumed 'isred' D:\wamp\www\qb\Application\Runtime\Cache\Admin\e84d1c149b88214d37c4f6238ea8b474.php 第 72 行.
NOTIC: [8] Use of undefined constant isred - assumed 'isred' D:\wamp\www\qb\Application\Runtime\Cache\Admin\e84d1c149b88214d37c4f6238ea8b474.php 第 72 行.
NOTIC: [8] Use of undefined constant isred - assumed 'isred' D:\wamp\www\qb\Application\Runtime\Cache\Admin\e84d1c149b88214d37c4f6238ea8b474.php 第 72 行.
NOTIC: [8] Use of undefined constant istop - assumed 'istop' D:\wamp\www\qb\Application\Runtime\Cache\Admin\e84d1c149b88214d37c4f6238ea8b474.php 第 71 行.
NOTIC: [8] Use of undefined constant istop - assumed 'istop' D:\wamp\www\qb\Application\Runtime\Cache\Admin\e84d1c149b88214d37c4f6238ea8b474.php 第 71 行.
NOTIC: [8] Use of undefined constant istop - assumed 'istop' D:\wamp\www\qb\Application\Runtime\Cache\Admin\e84d1c149b88214d37c4f6238ea8b474.php 第 71 行.
NOTIC: [8] Use of undefined constant isred - assumed 'isred' D:\wamp\www\qb\Application\Runtime\Cache\Admin\e84d1c149b88214d37c4f6238ea8b474.php 第 72 行.
NOTIC: [8] Use of undefined constant isred - assumed 'isred' D:\wamp\www\qb\Application\Runtime\Cache\Admin\e84d1c149b88214d37c4f6238ea8b474.php 第 72 行.
NOTIC: [8] Use of undefined constant isred - assumed 'isred' D:\wamp\www\qb\Application\Runtime\Cache\Admin\e84d1c149b88214d37c4f6238ea8b474.php 第 72 行.
NOTIC: [8] Use of undefined constant istop - assumed 'istop' D:\wamp\www\qb\Application\Runtime\Cache\Admin\e84d1c149b88214d37c4f6238ea8b474.php 第 71 行.
NOTIC: [8] Use of undefined constant istop - assumed 'istop' D:\wamp\www\qb\Application\Runtime\Cache\Admin\e84d1c149b88214d37c4f6238ea8b474.php 第 71 行.
NOTIC: [8] Use of undefined constant istop - assumed 'istop' D:\wamp\www\qb\Application\Runtime\Cache\Admin\e84d1c149b88214d37c4f6238ea8b474.php 第 71 行.
NOTIC: [8] Use of undefined constant isred - assumed 'isred' D:\wamp\www\qb\Application\Runtime\Cache\Admin\e84d1c149b88214d37c4f6238ea8b474.php 第 72 行.
NOTIC: [8] Use of undefined constant isred - assumed 'isred' D:\wamp\www\qb\Application\Runtime\Cache\Admin\e84d1c149b88214d37c4f6238ea8b474.php 第 72 行.
NOTIC: [8] Use of undefined constant isred - assumed 'isred' D:\wamp\www\qb\Application\Runtime\Cache\Admin\e84d1c149b88214d37c4f6238ea8b474.php 第 72 行.
NOTIC: [8] Use of undefined constant istop - assumed 'istop' D:\wamp\www\qb\Application\Runtime\Cache\Admin\e84d1c149b88214d37c4f6238ea8b474.php 第 71 行.
NOTIC: [8] Use of undefined constant istop - assumed 'istop' D:\wamp\www\qb\Application\Runtime\Cache\Admin\e84d1c149b88214d37c4f6238ea8b474.php 第 71 行.
NOTIC: [8] Use of undefined constant istop - assumed 'istop' D:\wamp\www\qb\Application\Runtime\Cache\Admin\e84d1c149b88214d37c4f6238ea8b474.php 第 71 行.
NOTIC: [8] Use of undefined constant isred - assumed 'isred' D:\wamp\www\qb\Application\Runtime\Cache\Admin\e84d1c149b88214d37c4f6238ea8b474.php 第 72 行.
NOTIC: [8] Use of undefined constant isred - assumed 'isred' D:\wamp\www\qb\Application\Runtime\Cache\Admin\e84d1c149b88214d37c4f6238ea8b474.php 第 72 行.
NOTIC: [8] Use of undefined constant isred - assumed 'isred' D:\wamp\www\qb\Application\Runtime\Cache\Admin\e84d1c149b88214d37c4f6238ea8b474.php 第 72 行.
NOTIC: [8] Use of undefined constant istop - assumed 'istop' D:\wamp\www\qb\Application\Runtime\Cache\Admin\e84d1c149b88214d37c4f6238ea8b474.php 第 71 行.
NOTIC: [8] Use of undefined constant istop - assumed 'istop' D:\wamp\www\qb\Application\Runtime\Cache\Admin\e84d1c149b88214d37c4f6238ea8b474.php 第 71 行.
NOTIC: [8] Use of undefined constant istop - assumed 'istop' D:\wamp\www\qb\Application\Runtime\Cache\Admin\e84d1c149b88214d37c4f6238ea8b474.php 第 71 行.
NOTIC: [8] Use of undefined constant isred - assumed 'isred' D:\wamp\www\qb\Application\Runtime\Cache\Admin\e84d1c149b88214d37c4f6238ea8b474.php 第 72 行.
NOTIC: [8] Use of undefined constant isred - assumed 'isred' D:\wamp\www\qb\Application\Runtime\Cache\Admin\e84d1c149b88214d37c4f6238ea8b474.php 第 72 行.
NOTIC: [8] Use of undefined constant isred - assumed 'isred' D:\wamp\www\qb\Application\Runtime\Cache\Admin\e84d1c149b88214d37c4f6238ea8b474.php 第 72 行.
INFO: Run Behavior\ParseTemplateBehavior [ RunTime:0.012740s ]
INFO: [ view_parse ] --END-- [ RunTime:0.012793s ]
INFO: [ view_filter ] --START--
INFO: Run Behavior\WriteHtmlCacheBehavior [ RunTime:0.000403s ]
INFO: [ view_filter ] --END-- [ RunTime:0.000447s ]
INFO: [ app_end ] --START--
INFO: Run Behavior\ShowPageTraceBehavior [ RunTime:0.000605s ]
INFO: [ app_end ] --END-- [ RunTime:0.000648s ]

[ 2015-12-31T09:22:53+08:00 ] 127.0.0.1 /Admin/News/add/type/1.html
INFO: [ app_init ] --START--
INFO: Run Behavior\BuildLiteBehavior [ RunTime:0.000013s ]
INFO: [ app_init ] --END-- [ RunTime:0.000433s ]
INFO: [ app_begin ] --START--
INFO: Run Behavior\ReadHtmlCacheBehavior [ RunTime:0.000583s ]
INFO: [ app_begin ] --END-- [ RunTime:0.000646s ]
SQL: SHOW COLUMNS FROM `t_group` [ RunTime:0.0098s ]
SQL: SHOW COLUMNS FROM `t_selfcity` [ RunTime:0.0104s ]
SQL: SELECT * FROM `t_group` WHERE ( pid = 0 )  [ RunTime:0.0082s ]
SQL: SELECT * FROM `t_group` WHERE ( pid = 1 )  [ RunTime:0.0135s ]
SQL: SELECT * FROM `t_selfcity` ORDER BY isred desc,id desc  [ RunTime:0.0096s ]
INFO: [ view_parse ] --START--
INFO: [ template_filter ] --START--
INFO: Run Behavior\ContentReplaceBehavior [ RunTime:0.000070s ]
INFO: [ template_filter ] --END-- [ RunTime:0.000125s ]
NOTIC: [8] Undefined variable: data_img D:\wamp\www\qb\Application\Runtime\Cache\Admin\bbe8a8498faed62af03f4b340b5b088c.php 第 185 行.
INFO: Run Behavior\ParseTemplateBehavior [ RunTime:0.013332s ]
INFO: [ view_parse ] --END-- [ RunTime:0.013415s ]
INFO: [ view_filter ] --START--
INFO: Run Behavior\WriteHtmlCacheBehavior [ RunTime:0.000367s ]
INFO: [ view_filter ] --END-- [ RunTime:0.000409s ]
INFO: [ app_end ] --START--
INFO: Run Behavior\ShowPageTraceBehavior [ RunTime:0.000584s ]
INFO: [ app_end ] --END-- [ RunTime:0.000652s ]

[ 2015-12-31T09:22:54+08:00 ] 127.0.0.1 /Admin/News/add/type/
INFO: [ app_init ] --START--
INFO: Run Behavior\BuildLiteBehavior [ RunTime:0.000013s ]
INFO: [ app_init ] --END-- [ RunTime:0.000426s ]
INFO: [ app_begin ] --START--
INFO: Run Behavior\ReadHtmlCacheBehavior [ RunTime:0.000575s ]
INFO: [ app_begin ] --END-- [ RunTime:0.000643s ]
SQL: SHOW COLUMNS FROM `t_group` [ RunTime:0.0097s ]
SQL: SHOW COLUMNS FROM `t_selfcity` [ RunTime:0.0098s ]
SQL: SELECT * FROM `t_group` WHERE ( pid = 0 )  [ RunTime:0.0095s ]
SQL: SELECT * FROM `t_group` WHERE ( pid = 0 )  [ RunTime:0.0133s ]
SQL: SELECT * FROM `t_selfcity` ORDER BY isred desc,id desc  [ RunTime:0.0149s ]
INFO: [ view_parse ] --START--
INFO: [ template_filter ] --START--
INFO: Run Behavior\ContentReplaceBehavior [ RunTime:0.000073s ]
INFO: [ template_filter ] --END-- [ RunTime:0.000127s ]
NOTIC: [8] Undefined variable: data_img D:\wamp\www\qb\Application\Runtime\Cache\Admin\bbe8a8498faed62af03f4b340b5b088c.php 第 185 行.
INFO: Run Behavior\ParseTemplateBehavior [ RunTime:0.013058s ]
INFO: [ view_parse ] --END-- [ RunTime:0.013139s ]
INFO: [ view_filter ] --START--
INFO: Run Behavior\WriteHtmlCacheBehavior [ RunTime:0.000365s ]
INFO: [ view_filter ] --END-- [ RunTime:0.000410s ]
INFO: [ app_end ] --START--
INFO: Run Behavior\ShowPageTraceBehavior [ RunTime:0.000515s ]
INFO: [ app_end ] --END-- [ RunTime:0.000557s ]

[ 2015-12-31T09:22:57+08:00 ] 127.0.0.1 /Admin/News/add/type/2.html
INFO: [ app_init ] --START--
INFO: Run Behavior\BuildLiteBehavior [ RunTime:0.000013s ]
INFO: [ app_init ] --END-- [ RunTime:0.000439s ]
INFO: [ app_begin ] --START--
INFO: Run Behavior\ReadHtmlCacheBehavior [ RunTime:0.000829s ]
INFO: [ app_begin ] --END-- [ RunTime:0.000933s ]
SQL: SHOW COLUMNS FROM `t_group` [ RunTime:0.0115s ]
SQL: SHOW COLUMNS FROM `t_selfcity` [ RunTime:0.0128s ]
SQL: SELECT * FROM `t_group` WHERE ( pid = 0 )  [ RunTime:0.0121s ]
SQL: SELECT * FROM `t_group` WHERE ( pid = 2 )  [ RunTime:0.0156s ]
SQL: SELECT * FROM `t_selfcity` ORDER BY isred desc,id desc  [ RunTime:0.0148s ]
INFO: [ view_parse ] --START--
INFO: [ template_filter ] --START--
INFO: Run Behavior\ContentReplaceBehavior [ RunTime:0.000070s ]
INFO: [ template_filter ] --END-- [ RunTime:0.000121s ]
NOTIC: [8] Undefined variable: data_img D:\wamp\www\qb\Application\Runtime\Cache\Admin\bbe8a8498faed62af03f4b340b5b088c.php 第 185 行.
INFO: Run Behavior\ParseTemplateBehavior [ RunTime:0.013208s ]
INFO: [ view_parse ] --END-- [ RunTime:0.013265s ]
INFO: [ view_filter ] --START--
INFO: Run Behavior\WriteHtmlCacheBehavior [ RunTime:0.000388s ]
INFO: [ view_filter ] --END-- [ RunTime:0.000435s ]
INFO: [ app_end ] --START--
INFO: Run Behavior\ShowPageTraceBehavior [ RunTime:0.000510s ]
INFO: [ app_end ] --END-- [ RunTime:0.000552s ]

[ 2015-12-31T09:22:57+08:00 ] 127.0.0.1 /Admin/News/add/type/
INFO: [ app_init ] --START--
INFO: Run Behavior\BuildLiteBehavior [ RunTime:0.000014s ]
INFO: [ app_init ] --END-- [ RunTime:0.000490s ]
INFO: [ app_begin ] --START--
INFO: Run Behavior\ReadHtmlCacheBehavior [ RunTime:0.000555s ]
INFO: [ app_begin ] --END-- [ RunTime:0.000625s ]
SQL: SHOW COLUMNS FROM `t_group` [ RunTime:0.0100s ]
SQL: SHOW COLUMNS FROM `t_selfcity` [ RunTime:0.0086s ]
SQL: SELECT * FROM `t_group` WHERE ( pid = 0 )  [ RunTime:0.0089s ]
SQL: SELECT * FROM `t_group` WHERE ( pid = 0 )  [ RunTime:0.0094s ]
SQL: SELECT * FROM `t_selfcity` ORDER BY isred desc,id desc  [ RunTime:0.0090s ]
INFO: [ view_parse ] --START--
INFO: [ template_filter ] --START--
INFO: Run Behavior\ContentReplaceBehavior [ RunTime:0.000070s ]
INFO: [ template_filter ] --END-- [ RunTime:0.000134s ]
NOTIC: [8] Undefined variable: data_img D:\wamp\www\qb\Application\Runtime\Cache\Admin\bbe8a8498faed62af03f4b340b5b088c.php 第 185 行.
INFO: Run Behavior\ParseTemplateBehavior [ RunTime:0.013289s ]
INFO: [ view_parse ] --END-- [ RunTime:0.013370s ]
INFO: [ view_filter ] --START--
INFO: Run Behavior\WriteHtmlCacheBehavior [ RunTime:0.000376s ]
INFO: [ view_filter ] --END-- [ RunTime:0.000418s ]
INFO: [ app_end ] --START--
INFO: Run Behavior\ShowPageTraceBehavior [ RunTime:0.000533s ]
INFO: [ app_end ] --END-- [ RunTime:0.000575s ]

[ 2015-12-31T09:23:01+08:00 ] 127.0.0.1 /Admin/Public/upload/Admin/Public/upload?State=1&IsWater=1&IsThumbnail=1
INFO: [ app_init ] --START--
INFO: Run Behavior\BuildLiteBehavior [ RunTime:0.000020s ]
INFO: [ app_init ] --END-- [ RunTime:0.000669s ]
INFO: [ app_begin ] --START--
INFO: Run Behavior\ReadHtmlCacheBehavior [ RunTime:0.000955s ]
INFO: [ app_begin ] --END-- [ RunTime:0.001042s ]
NOTIC: [2] call_user_func() expects parameter 1 to be a valid callback, no array or string given D:\wamp\www\qb\ThinkPHP\Library\Think\Upload.class.php 第 170 行.

[ 2015-12-31T09:24:58+08:00 ] 127.0.0.1 /Public/js/jquery-1.10.2.min.map
INFO: [ app_init ] --START--
INFO: Run Behavior\BuildLiteBehavior [ RunTime:0.000017s ]
INFO: [ app_init ] --END-- [ RunTime:0.000577s ]
INFO: [ app_begin ] --START--
INFO: Run Behavior\ReadHtmlCacheBehavior [ RunTime:0.000673s ]
INFO: [ app_begin ] --END-- [ RunTime:0.000734s ]
ERR: 非法操作:js

