[ 2015-12-22T11:20:50+08:00 ] 127.0.0.1 /
INFO: [ app_init ] --START--
INFO: Run Behavior\BuildLiteBehavior [ RunTime:0.000015s ]
INFO: [ app_init ] --END-- [ RunTime:0.000763s ]
INFO: [ app_begin ] --START--
INFO: Run Behavior\ReadHtmlCacheBehavior [ RunTime:0.000958s ]
INFO: [ app_begin ] --END-- [ RunTime:0.001033s ]
NOTIC: [8] Undefined index: userid D:\wamp\www\qb\Application\Admin\Controller\CommonController.class.php 第 8 行.

[ 2015-12-22T11:20:50+08:00 ] 127.0.0.1 /Admin/Public/admin.html
INFO: [ app_init ] --START--
INFO: Run Behavior\BuildLiteBehavior [ RunTime:0.000013s ]
INFO: [ app_init ] --END-- [ RunTime:0.000411s ]
INFO: [ app_begin ] --START--
INFO: Run Behavior\ReadHtmlCacheBehavior [ RunTime:0.000548s ]
INFO: [ app_begin ] --END-- [ RunTime:0.000604s ]
INFO: [ view_parse ] --START--
INFO: [ template_filter ] --START--
INFO: Run Behavior\ContentReplaceBehavior [ RunTime:0.000085s ]
INFO: [ template_filter ] --END-- [ RunTime:0.000169s ]
INFO: Run Behavior\ParseTemplateBehavior [ RunTime:0.019745s ]
INFO: [ view_parse ] --END-- [ RunTime:0.019855s ]
INFO: [ view_filter ] --START--
INFO: Run Behavior\WriteHtmlCacheBehavior [ RunTime:0.006945s ]
INFO: [ view_filter ] --END-- [ RunTime:0.007012s ]
INFO: [ app_end ] --START--
INFO: Run Behavior\ShowPageTraceBehavior [ RunTime:0.011068s ]
INFO: [ app_end ] --END-- [ RunTime:0.011129s ]

[ 2015-12-22T11:20:50+08:00 ] 127.0.0.1 /Admin/Public/scode
INFO: [ app_init ] --START--
INFO: Run Behavior\BuildLiteBehavior [ RunTime:0.000019s ]
INFO: [ app_init ] --END-- [ RunTime:0.000481s ]
INFO: [ app_begin ] --START--
INFO: Run Behavior\ReadHtmlCacheBehavior [ RunTime:0.001091s ]
INFO: [ app_begin ] --END-- [ RunTime:0.001187s ]
INFO: [ app_end ] --START--
INFO: Run Behavior\ShowPageTraceBehavior [ RunTime:0.000707s ]
INFO: [ app_end ] --END-- [ RunTime:0.000776s ]

[ 2015-12-22T11:20:50+08:00 ] 127.0.0.1 /favicon.ico
INFO: [ app_init ] --START--
INFO: Run Behavior\BuildLiteBehavior [ RunTime:0.000014s ]
INFO: [ app_init ] --END-- [ RunTime:0.000420s ]

[ 2015-12-22T11:20:50+08:00 ] 127.0.0.1 /favicon.ico
INFO: [ app_init ] --START--
INFO: Run Behavior\BuildLiteBehavior [ RunTime:0.000013s ]
INFO: [ app_init ] --END-- [ RunTime:0.000403s ]

[ 2015-12-22T11:20:57+08:00 ] 127.0.0.1 /Admin/Public/login
INFO: [ app_init ] --START--
INFO: Run Behavior\BuildLiteBehavior [ RunTime:0.000015s ]
INFO: [ app_init ] --END-- [ RunTime:0.000518s ]
INFO: [ app_begin ] --START--
INFO: Run Behavior\ReadHtmlCacheBehavior [ RunTime:0.000675s ]
INFO: [ app_begin ] --END-- [ RunTime:0.000748s ]
SQL: SHOW COLUMNS FROM `t_admin` [ RunTime:0.0087s ]
SQL: SELECT `password` FROM `t_admin` WHERE `name` = 'admin' LIMIT 1   [ RunTime:0.0190s ]

[ 2015-12-22T11:20:57+08:00 ] 127.0.0.1 /Admin/Public/admin.html
INFO: [ app_init ] --START--
INFO: Run Behavior\BuildLiteBehavior [ RunTime:0.000013s ]
INFO: [ app_init ] --END-- [ RunTime:0.000587s ]
INFO: [ app_begin ] --START--
INFO: Run Behavior\ReadHtmlCacheBehavior [ RunTime:0.000542s ]
INFO: [ app_begin ] --END-- [ RunTime:0.000602s ]
SQL: SHOW COLUMNS FROM `t_admin` [ RunTime:0.0141s ]
SQL: SELECT `password`,`name` FROM `t_admin` WHERE `name` = 'admin' LIMIT 1   [ RunTime:0.0094s ]
SQL: SELECT * FROM `t_admin` WHERE `password` = '1c63129ae9db9c60c3e8aa94d3e00495' AND `name` = 'admin' LIMIT 1   [ RunTime:0.0126s ]
SQL: UPDATE `t_admin` SET `ip`='127.0.0.1',`addtime`='1450754457' WHERE `id` = 3 [ RunTime:0.0160s ]

[ 2015-12-22T11:20:57+08:00 ] 127.0.0.1 /Admin.html
INFO: [ app_init ] --START--
INFO: Run Behavior\BuildLiteBehavior [ RunTime:0.000013s ]
INFO: [ app_init ] --END-- [ RunTime:0.000522s ]
INFO: [ app_begin ] --START--
INFO: Run Behavior\ReadHtmlCacheBehavior [ RunTime:0.000564s ]
INFO: [ app_begin ] --END-- [ RunTime:0.000617s ]
SQL: SHOW COLUMNS FROM `t_admin` [ RunTime:0.0197s ]
SQL: SELECT t_admin.name,t_role.name as title FROM `t_admin` left join t_role_user on t_role_user.user_id = t_admin.id left join t_role on t_role.id = t_role_user.role_id  WHERE ( t_admin.id = 3 ) LIMIT 1   [ RunTime:0.0176s ]
INFO: [ view_parse ] --START--
INFO: [ template_filter ] --START--
INFO: Run Behavior\ContentReplaceBehavior [ RunTime:0.000069s ]
INFO: [ template_filter ] --END-- [ RunTime:0.000125s ]
INFO: Run Behavior\ParseTemplateBehavior [ RunTime:0.017810s ]
INFO: [ view_parse ] --END-- [ RunTime:0.017868s ]
INFO: [ view_filter ] --START--
INFO: Run Behavior\WriteHtmlCacheBehavior [ RunTime:0.000382s ]
INFO: [ view_filter ] --END-- [ RunTime:0.000424s ]
INFO: [ app_end ] --START--
INFO: Run Behavior\ShowPageTraceBehavior [ RunTime:0.000655s ]
INFO: [ app_end ] --END-- [ RunTime:0.000697s ]

[ 2015-12-22T11:20:57+08:00 ] 127.0.0.1 /Public/admin/logo.png
INFO: [ app_init ] --START--
INFO: Run Behavior\BuildLiteBehavior [ RunTime:0.000021s ]
INFO: [ app_init ] --END-- [ RunTime:0.000554s ]

[ 2015-12-22T11:20:57+08:00 ] 127.0.0.1 /Admin/Index/center
INFO: [ app_init ] --START--
INFO: Run Behavior\BuildLiteBehavior [ RunTime:0.000020s ]
INFO: [ app_init ] --END-- [ RunTime:0.000586s ]
INFO: [ app_begin ] --START--
INFO: Run Behavior\ReadHtmlCacheBehavior [ RunTime:0.001152s ]
INFO: [ app_begin ] --END-- [ RunTime:0.001287s ]
SQL: SHOW COLUMNS FROM `t_admin` [ RunTime:0.0155s ]
SQL: SHOW COLUMNS FROM `t_base` [ RunTime:0.0152s ]
SQL: SELECT * FROM `t_admin` WHERE `id` = 3 LIMIT 1   [ RunTime:0.0136s ]
SQL: SELECT * FROM `t_base` WHERE `id` = 1 LIMIT 1   [ RunTime:0.0139s ]
INFO: [ view_parse ] --START--
INFO: [ template_filter ] --START--
INFO: Run Behavior\ContentReplaceBehavior [ RunTime:0.000039s ]
INFO: [ template_filter ] --END-- [ RunTime:0.000104s ]
INFO: Run Behavior\ParseTemplateBehavior [ RunTime:0.019479s ]
INFO: [ view_parse ] --END-- [ RunTime:0.019567s ]
INFO: [ view_filter ] --START--
INFO: Run Behavior\WriteHtmlCacheBehavior [ RunTime:0.000524s ]
INFO: [ view_filter ] --END-- [ RunTime:0.000603s ]
INFO: [ app_end ] --START--
INFO: Run Behavior\ShowPageTraceBehavior [ RunTime:0.000806s ]
INFO: [ app_end ] --END-- [ RunTime:0.000891s ]

[ 2015-12-22T11:20:58+08:00 ] 127.0.0.1 /Admin/Nav/nav
INFO: [ app_init ] --START--
INFO: Run Behavior\BuildLiteBehavior [ RunTime:0.000015s ]
INFO: [ app_init ] --END-- [ RunTime:0.000508s ]
INFO: [ app_begin ] --START--
INFO: Run Behavior\ReadHtmlCacheBehavior [ RunTime:0.000617s ]
INFO: [ app_begin ] --END-- [ RunTime:0.000684s ]
SQL: SHOW COLUMNS FROM `t_nav` [ RunTime:0.0126s ]
SQL: SHOW COLUMNS FROM `t_nav` [ RunTime:0.0135s ]
SQL: SHOW COLUMNS FROM `t_access` [ RunTime:0.0119s ]
SQL: SELECT * FROM `t_nav` WHERE `bid` = 0 AND `state` = 1 AND `level` <> 3 ORDER BY id asc  [ RunTime:0.0129s ]
SQL: SELECT * FROM `t_nav` WHERE `bid` = 1 AND `state` = 1 AND `level` <> 3 ORDER BY id asc  [ RunTime:0.0178s ]
SQL: SELECT * FROM `t_nav` WHERE `bid` = 2 AND `state` = 1 AND `level` <> 3 ORDER BY id asc  [ RunTime:0.0125s ]
SQL: SELECT * FROM `t_nav` WHERE `bid` = 158 AND `state` = 1 AND `level` <> 3 ORDER BY id asc  [ RunTime:0.0129s ]
SQL: SELECT * FROM `t_nav` WHERE `bid` = 159 AND `state` = 1 AND `level` <> 3 ORDER BY id asc  [ RunTime:0.0119s ]
SQL: SELECT * FROM `t_nav` WHERE `bid` = 342 AND `state` = 1 AND `level` <> 3 ORDER BY id asc  [ RunTime:0.0123s ]
SQL: SELECT * FROM `t_nav` WHERE `bid` = 167 AND `state` = 1 AND `level` <> 3 ORDER BY id asc  [ RunTime:0.0166s ]
SQL: SELECT * FROM `t_nav` WHERE `bid` = 169 AND `state` = 1 AND `level` <> 3 ORDER BY id asc  [ RunTime:0.0171s ]
SQL: SELECT * FROM `t_nav` WHERE `bid` = 204 AND `state` = 1 AND `level` <> 3 ORDER BY id asc  [ RunTime:0.0164s ]
SQL: SELECT * FROM `t_nav` WHERE `bid` = 205 AND `state` = 1 AND `level` <> 3 ORDER BY id asc  [ RunTime:0.0096s ]
SQL: SELECT * FROM `t_nav` WHERE `bid` = 207 AND `state` = 1 AND `level` <> 3 ORDER BY id asc  [ RunTime:0.0128s ]
SQL: SELECT * FROM `t_nav` WHERE `bid` = 208 AND `state` = 1 AND `level` <> 3 ORDER BY id asc  [ RunTime:0.0129s ]
SQL: SELECT * FROM `t_nav` WHERE `bid` = 380 AND `state` = 1 AND `level` <> 3 ORDER BY id asc  [ RunTime:0.0121s ]
SQL: SELECT * FROM `t_nav` WHERE `bid` = 381 AND `state` = 1 AND `level` <> 3 ORDER BY id asc  [ RunTime:0.0109s ]
SQL: SELECT * FROM `t_nav` WHERE `bid` = 3 AND `state` = 1 AND `level` <> 3 ORDER BY id asc  [ RunTime:0.0135s ]
SQL: SELECT * FROM `t_nav` WHERE `bid` = 4 AND `state` = 1 AND `level` <> 3 ORDER BY id asc  [ RunTime:0.0131s ]
SQL: SELECT * FROM `t_nav` WHERE `bid` = 173 AND `state` = 1 AND `level` <> 3 ORDER BY id asc  [ RunTime:0.0158s ]
SQL: SELECT * FROM `t_nav` WHERE `bid` = 174 AND `state` = 1 AND `level` <> 3 ORDER BY id asc  [ RunTime:0.0107s ]
SQL: SELECT * FROM `t_nav` WHERE `bid` = 5 AND `state` = 1 AND `level` <> 3 ORDER BY id asc  [ RunTime:0.0108s ]
SQL: SELECT * FROM `t_nav` WHERE `bid` = 6 AND `state` = 1 AND `level` <> 3 ORDER BY id asc  [ RunTime:0.0196s ]
SQL: SELECT * FROM `t_nav` WHERE `bid` = 187 AND `state` = 1 AND `level` <> 3 ORDER BY id asc  [ RunTime:0.0168s ]
SQL: SELECT * FROM `t_nav` WHERE `bid` = 188 AND `state` = 1 AND `level` <> 3 ORDER BY id asc  [ RunTime:0.0147s ]
SQL: SELECT * FROM `t_nav` WHERE `bid` = 7 AND `state` = 1 AND `level` <> 3 ORDER BY id asc  [ RunTime:0.0145s ]
SQL: SELECT * FROM `t_nav` WHERE `bid` = 8 AND `state` = 1 AND `level` <> 3 ORDER BY id asc  [ RunTime:0.0127s ]
SQL: SELECT * FROM `t_nav` WHERE `bid` = 209 AND `state` = 1 AND `level` <> 3 ORDER BY id asc  [ RunTime:0.0142s ]
SQL: SELECT * FROM `t_nav` WHERE `bid` = 210 AND `state` = 1 AND `level` <> 3 ORDER BY id asc  [ RunTime:0.0168s ]
SQL: SELECT * FROM `t_nav` WHERE `bid` = 243 AND `state` = 1 AND `level` <> 3 ORDER BY id asc  [ RunTime:0.0309s ]
SQL: SELECT * FROM `t_nav` WHERE `bid` = 320 AND `state` = 1 AND `level` <> 3 ORDER BY id asc  [ RunTime:0.0112s ]
INFO: [ app_end ] --START--
INFO: Run Behavior\ShowPageTraceBehavior [ RunTime:0.000825s ]
INFO: [ app_end ] --END-- [ RunTime:0.000871s ]

[ 2015-12-22T11:20:59+08:00 ] 127.0.0.1 /Admin/Base
INFO: [ app_init ] --START--
INFO: Run Behavior\BuildLiteBehavior [ RunTime:0.000014s ]
INFO: [ app_init ] --END-- [ RunTime:0.000532s ]
INFO: [ app_begin ] --START--
INFO: Run Behavior\ReadHtmlCacheBehavior [ RunTime:0.000562s ]
INFO: [ app_begin ] --END-- [ RunTime:0.000613s ]
SQL: SHOW COLUMNS FROM `t_base` [ RunTime:0.0137s ]
SQL: SELECT * FROM `t_base` WHERE `id` = 1 LIMIT 1   [ RunTime:0.0161s ]
INFO: [ view_parse ] --START--
INFO: [ template_filter ] --START--
INFO: Run Behavior\ContentReplaceBehavior [ RunTime:0.000063s ]
INFO: [ template_filter ] --END-- [ RunTime:0.000145s ]
INFO: Run Behavior\ParseTemplateBehavior [ RunTime:0.025302s ]
INFO: [ view_parse ] --END-- [ RunTime:0.025388s ]
INFO: [ view_filter ] --START--
INFO: Run Behavior\WriteHtmlCacheBehavior [ RunTime:0.000359s ]
INFO: [ view_filter ] --END-- [ RunTime:0.000402s ]
INFO: [ app_end ] --START--
INFO: Run Behavior\ShowPageTraceBehavior [ RunTime:0.000593s ]
INFO: [ app_end ] --END-- [ RunTime:0.000640s ]

[ 2015-12-22T11:23:56+08:00 ] 127.0.0.1 /Admin/Base
INFO: [ app_init ] --START--
INFO: Run Behavior\BuildLiteBehavior [ RunTime:0.000013s ]
INFO: [ app_init ] --END-- [ RunTime:0.000515s ]
INFO: [ app_begin ] --START--
INFO: Run Behavior\ReadHtmlCacheBehavior [ RunTime:0.000803s ]
INFO: [ app_begin ] --END-- [ RunTime:0.000870s ]
SQL: SHOW COLUMNS FROM `t_base` [ RunTime:0.0095s ]
SQL: SELECT * FROM `t_base` WHERE `id` = 1 LIMIT 1   [ RunTime:0.0095s ]
INFO: [ view_parse ] --START--
INFO: [ template_filter ] --START--
INFO: Run Behavior\ContentReplaceBehavior [ RunTime:0.000047s ]
INFO: [ template_filter ] --END-- [ RunTime:0.000108s ]
INFO: Run Behavior\ParseTemplateBehavior [ RunTime:0.007846s ]
INFO: [ view_parse ] --END-- [ RunTime:0.007916s ]
INFO: [ view_filter ] --START--
INFO: Run Behavior\WriteHtmlCacheBehavior [ RunTime:0.000456s ]
INFO: [ view_filter ] --END-- [ RunTime:0.000513s ]
INFO: [ app_end ] --START--
INFO: Run Behavior\ShowPageTraceBehavior [ RunTime:0.000723s ]
INFO: [ app_end ] --END-- [ RunTime:0.000783s ]

[ 2015-12-22T11:27:16+08:00 ] 127.0.0.1 /Admin/Base
INFO: [ app_init ] --START--
INFO: Run Behavior\BuildLiteBehavior [ RunTime:0.000016s ]
INFO: [ app_init ] --END-- [ RunTime:0.000700s ]
INFO: [ app_begin ] --START--
INFO: Run Behavior\ReadHtmlCacheBehavior [ RunTime:0.000611s ]
INFO: [ app_begin ] --END-- [ RunTime:0.000670s ]
SQL: SHOW COLUMNS FROM `t_base` [ RunTime:0.0211s ]

[ 2015-12-22T11:27:18+08:00 ] 127.0.0.1 /Admin/Base
INFO: [ app_init ] --START--
INFO: Run Behavior\BuildLiteBehavior [ RunTime:0.000016s ]
INFO: [ app_init ] --END-- [ RunTime:0.000461s ]
INFO: [ app_begin ] --START--
INFO: Run Behavior\ReadHtmlCacheBehavior [ RunTime:0.000619s ]
INFO: [ app_begin ] --END-- [ RunTime:0.000680s ]
SQL: SHOW COLUMNS FROM `t_base` [ RunTime:0.0090s ]
SQL: SELECT * FROM `t_base` WHERE `id` = 1 LIMIT 1   [ RunTime:0.0103s ]
INFO: [ view_parse ] --START--
INFO: [ template_filter ] --START--
INFO: Run Behavior\ContentReplaceBehavior [ RunTime:0.000059s ]
INFO: [ template_filter ] --END-- [ RunTime:0.000124s ]
NOTIC: [8] Undefined variable: zong D:\wamp\www\qb\Application\Runtime\Cache\Admin\7eebb9a2bbca165faa802ccd89ce8f48.php 第 129 行.
INFO: Run Behavior\ParseTemplateBehavior [ RunTime:0.007877s ]
INFO: [ view_parse ] --END-- [ RunTime:0.007968s ]
INFO: [ view_filter ] --START--
INFO: Run Behavior\WriteHtmlCacheBehavior [ RunTime:0.001559s ]
INFO: [ view_filter ] --END-- [ RunTime:0.001696s ]
INFO: [ app_end ] --START--
INFO: Run Behavior\ShowPageTraceBehavior [ RunTime:0.000755s ]
INFO: [ app_end ] --END-- [ RunTime:0.000813s ]

[ 2015-12-22T11:28:56+08:00 ] 127.0.0.1 /Admin/Base
INFO: [ app_init ] --START--
INFO: Run Behavior\BuildLiteBehavior [ RunTime:0.000017s ]
INFO: [ app_init ] --END-- [ RunTime:0.000681s ]
INFO: [ app_begin ] --START--
INFO: Run Behavior\ReadHtmlCacheBehavior [ RunTime:0.000993s ]
INFO: [ app_begin ] --END-- [ RunTime:0.001104s ]
SQL: SHOW COLUMNS FROM `t_base` [ RunTime:0.0162s ]
SQL: UPDATE `t_base` SET `title`='Q帮',`version`='1.0',`company`='Q帮',`tel`='',`addr`='',`ban`='共产党,法轮功,吸毒' WHERE `id` = 1 [ RunTime:0.0132s ]

[ 2015-12-22T11:28:57+08:00 ] 127.0.0.1 /Admin/Base
INFO: [ app_init ] --START--
INFO: Run Behavior\BuildLiteBehavior [ RunTime:0.000025s ]
INFO: [ app_init ] --END-- [ RunTime:0.000508s ]
INFO: [ app_begin ] --START--
INFO: Run Behavior\ReadHtmlCacheBehavior [ RunTime:0.000742s ]
INFO: [ app_begin ] --END-- [ RunTime:0.000808s ]
SQL: SHOW COLUMNS FROM `t_base` [ RunTime:0.0172s ]
SQL: SELECT * FROM `t_base` WHERE `id` = 1 LIMIT 1   [ RunTime:0.0133s ]
INFO: [ view_parse ] --START--
INFO: [ template_filter ] --START--
INFO: Run Behavior\ContentReplaceBehavior [ RunTime:0.000049s ]
INFO: [ template_filter ] --END-- [ RunTime:0.000161s ]
NOTIC: [8] Undefined variable: zong D:\wamp\www\qb\Application\Runtime\Cache\Admin\7eebb9a2bbca165faa802ccd89ce8f48.php 第 129 行.
INFO: Run Behavior\ParseTemplateBehavior [ RunTime:0.010233s ]
INFO: [ view_parse ] --END-- [ RunTime:0.010289s ]
INFO: [ view_filter ] --START--
INFO: Run Behavior\WriteHtmlCacheBehavior [ RunTime:0.000478s ]
INFO: [ view_filter ] --END-- [ RunTime:0.000543s ]
INFO: [ app_end ] --START--
INFO: Run Behavior\ShowPageTraceBehavior [ RunTime:0.000711s ]
INFO: [ app_end ] --END-- [ RunTime:0.000782s ]

[ 2015-12-22T16:25:53+08:00 ] 127.0.0.1 /
INFO: [ app_init ] --START--
INFO: Run Behavior\BuildLiteBehavior [ RunTime:0.000021s ]
INFO: [ app_init ] --END-- [ RunTime:0.000937s ]
INFO: [ app_begin ] --START--
INFO: Run Behavior\ReadHtmlCacheBehavior [ RunTime:0.001086s ]
INFO: [ app_begin ] --END-- [ RunTime:0.001230s ]
SQL: SHOW COLUMNS FROM `t_admin` [ RunTime:0.0166s ]
SQL: SELECT t_admin.name,t_role.name as title FROM `t_admin` left join t_role_user on t_role_user.user_id = t_admin.id left join t_role on t_role.id = t_role_user.role_id  WHERE ( t_admin.id = 3 ) LIMIT 1   [ RunTime:0.0115s ]
INFO: [ view_parse ] --START--
INFO: [ template_filter ] --START--
INFO: Run Behavior\ContentReplaceBehavior [ RunTime:0.000074s ]
INFO: [ template_filter ] --END-- [ RunTime:0.000132s ]
INFO: Run Behavior\ParseTemplateBehavior [ RunTime:0.008532s ]
INFO: [ view_parse ] --END-- [ RunTime:0.008616s ]
INFO: [ view_filter ] --START--
INFO: Run Behavior\WriteHtmlCacheBehavior [ RunTime:0.000420s ]
INFO: [ view_filter ] --END-- [ RunTime:0.000462s ]
INFO: [ app_end ] --START--
INFO: Run Behavior\ShowPageTraceBehavior [ RunTime:0.000593s ]
INFO: [ app_end ] --END-- [ RunTime:0.000636s ]

[ 2015-12-22T16:25:53+08:00 ] 127.0.0.1 /Public/admin/logo.png
INFO: [ app_init ] --START--
INFO: Run Behavior\BuildLiteBehavior [ RunTime:0.000017s ]
INFO: [ app_init ] --END-- [ RunTime:0.000667s ]

[ 2015-12-22T16:25:53+08:00 ] 127.0.0.1 /Admin/Index/center
INFO: [ app_init ] --START--
INFO: Run Behavior\BuildLiteBehavior [ RunTime:0.000021s ]
INFO: [ app_init ] --END-- [ RunTime:0.000653s ]
INFO: [ app_begin ] --START--
INFO: Run Behavior\ReadHtmlCacheBehavior [ RunTime:0.000935s ]
INFO: [ app_begin ] --END-- [ RunTime:0.001110s ]
SQL: SHOW COLUMNS FROM `t_admin` [ RunTime:0.0108s ]
SQL: SHOW COLUMNS FROM `t_base` [ RunTime:0.0164s ]
SQL: SELECT * FROM `t_admin` WHERE `id` = 3 LIMIT 1   [ RunTime:0.0101s ]
SQL: SELECT * FROM `t_base` WHERE `id` = 1 LIMIT 1   [ RunTime:0.0095s ]
INFO: [ view_parse ] --START--
INFO: [ template_filter ] --START--
INFO: Run Behavior\ContentReplaceBehavior [ RunTime:0.000041s ]
INFO: [ template_filter ] --END-- [ RunTime:0.000107s ]
INFO: Run Behavior\ParseTemplateBehavior [ RunTime:0.007359s ]
INFO: [ view_parse ] --END-- [ RunTime:0.007429s ]
INFO: [ view_filter ] --START--
INFO: Run Behavior\WriteHtmlCacheBehavior [ RunTime:0.000367s ]
INFO: [ view_filter ] --END-- [ RunTime:0.000412s ]
INFO: [ app_end ] --START--
INFO: Run Behavior\ShowPageTraceBehavior [ RunTime:0.000602s ]
INFO: [ app_end ] --END-- [ RunTime:0.000646s ]

[ 2015-12-22T16:25:57+08:00 ] 127.0.0.1 /Admin/Nav/nav
INFO: [ app_init ] --START--
INFO: Run Behavior\BuildLiteBehavior [ RunTime:0.000018s ]
INFO: [ app_init ] --END-- [ RunTime:0.000621s ]
INFO: [ app_begin ] --START--
INFO: Run Behavior\ReadHtmlCacheBehavior [ RunTime:0.000899s ]
INFO: [ app_begin ] --END-- [ RunTime:0.000987s ]
SQL: SHOW COLUMNS FROM `t_nav` [ RunTime:0.0118s ]
SQL: SHOW COLUMNS FROM `t_nav` [ RunTime:0.0111s ]
SQL: SHOW COLUMNS FROM `t_access` [ RunTime:0.0105s ]
SQL: SELECT * FROM `t_nav` WHERE `bid` = 0 AND `state` = 1 AND `level` <> 3 ORDER BY id asc  [ RunTime:0.0123s ]
SQL: SELECT * FROM `t_nav` WHERE `bid` = 1 AND `state` = 1 AND `level` <> 3 ORDER BY id asc  [ RunTime:0.0112s ]
SQL: SELECT * FROM `t_nav` WHERE `bid` = 2 AND `state` = 1 AND `level` <> 3 ORDER BY id asc  [ RunTime:0.0103s ]
SQL: SELECT * FROM `t_nav` WHERE `bid` = 158 AND `state` = 1 AND `level` <> 3 ORDER BY id asc  [ RunTime:0.0111s ]
SQL: SELECT * FROM `t_nav` WHERE `bid` = 159 AND `state` = 1 AND `level` <> 3 ORDER BY id asc  [ RunTime:0.0180s ]
SQL: SELECT * FROM `t_nav` WHERE `bid` = 342 AND `state` = 1 AND `level` <> 3 ORDER BY id asc  [ RunTime:0.0186s ]
SQL: SELECT * FROM `t_nav` WHERE `bid` = 167 AND `state` = 1 AND `level` <> 3 ORDER BY id asc  [ RunTime:0.0122s ]
SQL: SELECT * FROM `t_nav` WHERE `bid` = 169 AND `state` = 1 AND `level` <> 3 ORDER BY id asc  [ RunTime:0.0150s ]
SQL: SELECT * FROM `t_nav` WHERE `bid` = 204 AND `state` = 1 AND `level` <> 3 ORDER BY id asc  [ RunTime:0.0092s ]
SQL: SELECT * FROM `t_nav` WHERE `bid` = 205 AND `state` = 1 AND `level` <> 3 ORDER BY id asc  [ RunTime:0.0128s ]
SQL: SELECT * FROM `t_nav` WHERE `bid` = 207 AND `state` = 1 AND `level` <> 3 ORDER BY id asc  [ RunTime:0.0088s ]
SQL: SELECT * FROM `t_nav` WHERE `bid` = 208 AND `state` = 1 AND `level` <> 3 ORDER BY id asc  [ RunTime:0.0091s ]
SQL: SELECT * FROM `t_nav` WHERE `bid` = 380 AND `state` = 1 AND `level` <> 3 ORDER BY id asc  [ RunTime:0.0131s ]
SQL: SELECT * FROM `t_nav` WHERE `bid` = 381 AND `state` = 1 AND `level` <> 3 ORDER BY id asc  [ RunTime:0.0131s ]
SQL: SELECT * FROM `t_nav` WHERE `bid` = 3 AND `state` = 1 AND `level` <> 3 ORDER BY id asc  [ RunTime:0.0110s ]
SQL: SELECT * FROM `t_nav` WHERE `bid` = 4 AND `state` = 1 AND `level` <> 3 ORDER BY id asc  [ RunTime:0.0110s ]
SQL: SELECT * FROM `t_nav` WHERE `bid` = 173 AND `state` = 1 AND `level` <> 3 ORDER BY id asc  [ RunTime:0.0135s ]
SQL: SELECT * FROM `t_nav` WHERE `bid` = 174 AND `state` = 1 AND `level` <> 3 ORDER BY id asc  [ RunTime:0.0108s ]
SQL: SELECT * FROM `t_nav` WHERE `bid` = 5 AND `state` = 1 AND `level` <> 3 ORDER BY id asc  [ RunTime:0.0125s ]
SQL: SELECT * FROM `t_nav` WHERE `bid` = 6 AND `state` = 1 AND `level` <> 3 ORDER BY id asc  [ RunTime:0.0099s ]
SQL: SELECT * FROM `t_nav` WHERE `bid` = 187 AND `state` = 1 AND `level` <> 3 ORDER BY id asc  [ RunTime:0.0114s ]
SQL: SELECT * FROM `t_nav` WHERE `bid` = 188 AND `state` = 1 AND `level` <> 3 ORDER BY id asc  [ RunTime:0.0097s ]
SQL: SELECT * FROM `t_nav` WHERE `bid` = 7 AND `state` = 1 AND `level` <> 3 ORDER BY id asc  [ RunTime:0.0135s ]
SQL: SELECT * FROM `t_nav` WHERE `bid` = 8 AND `state` = 1 AND `level` <> 3 ORDER BY id asc  [ RunTime:0.0198s ]
SQL: SELECT * FROM `t_nav` WHERE `bid` = 209 AND `state` = 1 AND `level` <> 3 ORDER BY id asc  [ RunTime:0.0134s ]
SQL: SELECT * FROM `t_nav` WHERE `bid` = 210 AND `state` = 1 AND `level` <> 3 ORDER BY id asc  [ RunTime:0.0150s ]
SQL: SELECT * FROM `t_nav` WHERE `bid` = 243 AND `state` = 1 AND `level` <> 3 ORDER BY id asc  [ RunTime:0.0095s ]
SQL: SELECT * FROM `t_nav` WHERE `bid` = 320 AND `state` = 1 AND `level` <> 3 ORDER BY id asc  [ RunTime:0.0098s ]
INFO: [ app_end ] --START--
INFO: Run Behavior\ShowPageTraceBehavior [ RunTime:0.001136s ]
INFO: [ app_end ] --END-- [ RunTime:0.001204s ]

[ 2015-12-22T16:25:59+08:00 ] 127.0.0.1 /Admin/Selfcity
INFO: [ app_init ] --START--
INFO: Run Behavior\BuildLiteBehavior [ RunTime:0.000015s ]
INFO: [ app_init ] --END-- [ RunTime:0.000440s ]
INFO: [ app_begin ] --START--
INFO: Run Behavior\ReadHtmlCacheBehavior [ RunTime:0.000581s ]
INFO: [ app_begin ] --END-- [ RunTime:0.000645s ]
SQL: SHOW COLUMNS FROM `t_selfcity` [ RunTime:0.0142s ]
SQL: SELECT COUNT(*) AS tp_count FROM `t_selfcity` LIMIT 1   [ RunTime:0.0173s ]
NOTIC: [8] Undefined variable: data D:\wamp\www\qb\Application\Admin\Controller\SelfcityController.class.php 第 26 行.
SQL: SELECT * FROM `t_selfcity` ORDER BY isred desc,id desc LIMIT 0,15   [ RunTime:0.0117s ]
INFO: [ view_parse ] --START--
INFO: [ template_filter ] --START--
INFO: Run Behavior\ContentReplaceBehavior [ RunTime:0.000045s ]
INFO: [ template_filter ] --END-- [ RunTime:0.000104s ]
NOTIC: [8] Use of undefined constant isred - assumed 'isred' D:\wamp\www\qb\Application\Runtime\Cache\Admin\7224e4b25872e9ce0050481912a41c50.php 第 73 行.
NOTIC: [8] Use of undefined constant isred - assumed 'isred' D:\wamp\www\qb\Application\Runtime\Cache\Admin\7224e4b25872e9ce0050481912a41c50.php 第 73 行.
NOTIC: [8] Use of undefined constant isred - assumed 'isred' D:\wamp\www\qb\Application\Runtime\Cache\Admin\7224e4b25872e9ce0050481912a41c50.php 第 73 行.
NOTIC: [8] Use of undefined constant p - assumed 'p' D:\wamp\www\qb\Application\Runtime\Cache\Admin\7224e4b25872e9ce0050481912a41c50.php 第 73 行.
NOTIC: [8] Undefined index: p D:\wamp\www\qb\Application\Runtime\Cache\Admin\7224e4b25872e9ce0050481912a41c50.php 第 73 行.
NOTIC: [8] Use of undefined constant verify - assumed 'verify' D:\wamp\www\qb\Application\Runtime\Cache\Admin\7224e4b25872e9ce0050481912a41c50.php 第 73 行.
NOTIC: [8] Undefined index: verify D:\wamp\www\qb\Application\Runtime\Cache\Admin\7224e4b25872e9ce0050481912a41c50.php 第 73 行.
NOTIC: [8] Use of undefined constant keyword - assumed 'keyword' D:\wamp\www\qb\Application\Runtime\Cache\Admin\7224e4b25872e9ce0050481912a41c50.php 第 73 行.
NOTIC: [8] Undefined index: keyword D:\wamp\www\qb\Application\Runtime\Cache\Admin\7224e4b25872e9ce0050481912a41c50.php 第 73 行.
NOTIC: [8] Use of undefined constant isred - assumed 'isred' D:\wamp\www\qb\Application\Runtime\Cache\Admin\7224e4b25872e9ce0050481912a41c50.php 第 73 行.
NOTIC: [8] Use of undefined constant isred - assumed 'isred' D:\wamp\www\qb\Application\Runtime\Cache\Admin\7224e4b25872e9ce0050481912a41c50.php 第 73 行.
NOTIC: [8] Use of undefined constant isred - assumed 'isred' D:\wamp\www\qb\Application\Runtime\Cache\Admin\7224e4b25872e9ce0050481912a41c50.php 第 73 行.
NOTIC: [8] Use of undefined constant p - assumed 'p' D:\wamp\www\qb\Application\Runtime\Cache\Admin\7224e4b25872e9ce0050481912a41c50.php 第 73 行.
NOTIC: [8] Undefined index: p D:\wamp\www\qb\Application\Runtime\Cache\Admin\7224e4b25872e9ce0050481912a41c50.php 第 73 行.
NOTIC: [8] Use of undefined constant verify - assumed 'verify' D:\wamp\www\qb\Application\Runtime\Cache\Admin\7224e4b25872e9ce0050481912a41c50.php 第 73 行.
NOTIC: [8] Undefined index: verify D:\wamp\www\qb\Application\Runtime\Cache\Admin\7224e4b25872e9ce0050481912a41c50.php 第 73 行.
NOTIC: [8] Use of undefined constant keyword - assumed 'keyword' D:\wamp\www\qb\Application\Runtime\Cache\Admin\7224e4b25872e9ce0050481912a41c50.php 第 73 行.
NOTIC: [8] Undefined index: keyword D:\wamp\www\qb\Application\Runtime\Cache\Admin\7224e4b25872e9ce0050481912a41c50.php 第 73 行.
NOTIC: [8] Use of undefined constant isred - assumed 'isred' D:\wamp\www\qb\Application\Runtime\Cache\Admin\7224e4b25872e9ce0050481912a41c50.php 第 73 行.
NOTIC: [8] Use of undefined constant isred - assumed 'isred' D:\wamp\www\qb\Application\Runtime\Cache\Admin\7224e4b25872e9ce0050481912a41c50.php 第 73 行.
NOTIC: [8] Use of undefined constant isred - assumed 'isred' D:\wamp\www\qb\Application\Runtime\Cache\Admin\7224e4b25872e9ce0050481912a41c50.php 第 73 行.
NOTIC: [8] Use of undefined constant p - assumed 'p' D:\wamp\www\qb\Application\Runtime\Cache\Admin\7224e4b25872e9ce0050481912a41c50.php 第 73 行.
NOTIC: [8] Undefined index: p D:\wamp\www\qb\Application\Runtime\Cache\Admin\7224e4b25872e9ce0050481912a41c50.php 第 73 行.
NOTIC: [8] Use of undefined constant verify - assumed 'verify' D:\wamp\www\qb\Application\Runtime\Cache\Admin\7224e4b25872e9ce0050481912a41c50.php 第 73 行.
NOTIC: [8] Undefined index: verify D:\wamp\www\qb\Application\Runtime\Cache\Admin\7224e4b25872e9ce0050481912a41c50.php 第 73 行.
NOTIC: [8] Use of undefined constant keyword - assumed 'keyword' D:\wamp\www\qb\Application\Runtime\Cache\Admin\7224e4b25872e9ce0050481912a41c50.php 第 73 行.
NOTIC: [8] Undefined index: keyword D:\wamp\www\qb\Application\Runtime\Cache\Admin\7224e4b25872e9ce0050481912a41c50.php 第 73 行.
INFO: Run Behavior\ParseTemplateBehavior [ RunTime:0.011421s ]
INFO: [ view_parse ] --END-- [ RunTime:0.011490s ]
INFO: [ view_filter ] --START--
INFO: Run Behavior\WriteHtmlCacheBehavior [ RunTime:0.000751s ]
INFO: [ view_filter ] --END-- [ RunTime:0.000800s ]
INFO: [ app_end ] --START--
INFO: Run Behavior\ShowPageTraceBehavior [ RunTime:0.000716s ]
INFO: [ app_end ] --END-- [ RunTime:0.000777s ]

[ 2015-12-22T16:26:04+08:00 ] 127.0.0.1 /Admin/Selfcity/edit/id/9503760
INFO: [ app_init ] --START--
INFO: Run Behavior\BuildLiteBehavior [ RunTime:0.000015s ]
INFO: [ app_init ] --END-- [ RunTime:0.000559s ]
INFO: [ app_begin ] --START--
INFO: Run Behavior\ReadHtmlCacheBehavior [ RunTime:0.000534s ]
INFO: [ app_begin ] --END-- [ RunTime:0.000589s ]
SQL: SHOW COLUMNS FROM `t_selfcity` [ RunTime:0.0193s ]
SQL: SELECT * FROM `t_selfcity` WHERE ( id = 9503760 ) LIMIT 1   [ RunTime:0.0129s ]
INFO: [ view_parse ] --START--
INFO: [ template_filter ] --START--
INFO: Run Behavior\ContentReplaceBehavior [ RunTime:0.000045s ]
INFO: [ template_filter ] --END-- [ RunTime:0.000104s ]
INFO: Run Behavior\ParseTemplateBehavior [ RunTime:0.008312s ]
INFO: [ view_parse ] --END-- [ RunTime:0.008378s ]
INFO: [ view_filter ] --START--
INFO: Run Behavior\WriteHtmlCacheBehavior [ RunTime:0.000530s ]
INFO: [ view_filter ] --END-- [ RunTime:0.000572s ]
INFO: [ app_end ] --START--
INFO: Run Behavior\ShowPageTraceBehavior [ RunTime:0.000710s ]
INFO: [ app_end ] --END-- [ RunTime:0.000754s ]

[ 2015-12-22T16:26:12+08:00 ] 127.0.0.1 /Admin/Selfcity/edit/id/9503760
INFO: [ app_init ] --START--
INFO: Run Behavior\BuildLiteBehavior [ RunTime:0.000013s ]
INFO: [ app_init ] --END-- [ RunTime:0.000430s ]
INFO: [ app_begin ] --START--
INFO: Run Behavior\ReadHtmlCacheBehavior [ RunTime:0.000710s ]
INFO: [ app_begin ] --END-- [ RunTime:0.000772s ]
SQL: SHOW COLUMNS FROM `t_selfcity` [ RunTime:0.0136s ]
SQL: UPDATE `t_selfcity` SET `title`='北京',`isred`='2' WHERE `id` = 9503760 [ RunTime:0.0203s ]

[ 2015-12-22T16:26:13+08:00 ] 127.0.0.1 /Admin/Selfcity/edit/id/9503760
INFO: [ app_init ] --START--
INFO: Run Behavior\BuildLiteBehavior [ RunTime:0.000014s ]
INFO: [ app_init ] --END-- [ RunTime:0.000515s ]
INFO: [ app_begin ] --START--
INFO: Run Behavior\ReadHtmlCacheBehavior [ RunTime:0.000887s ]
INFO: [ app_begin ] --END-- [ RunTime:0.001066s ]
SQL: SHOW COLUMNS FROM `t_selfcity` [ RunTime:0.0109s ]
SQL: SELECT * FROM `t_selfcity` WHERE ( id = 9503760 ) LIMIT 1   [ RunTime:0.0096s ]
INFO: [ view_parse ] --START--
INFO: [ template_filter ] --START--
INFO: Run Behavior\ContentReplaceBehavior [ RunTime:0.000044s ]
INFO: [ template_filter ] --END-- [ RunTime:0.000101s ]
INFO: Run Behavior\ParseTemplateBehavior [ RunTime:0.009432s ]
INFO: [ view_parse ] --END-- [ RunTime:0.009499s ]
INFO: [ view_filter ] --START--
INFO: Run Behavior\WriteHtmlCacheBehavior [ RunTime:0.000410s ]
INFO: [ view_filter ] --END-- [ RunTime:0.000461s ]
INFO: [ app_end ] --START--
INFO: Run Behavior\ShowPageTraceBehavior [ RunTime:0.000666s ]
INFO: [ app_end ] --END-- [ RunTime:0.000711s ]

[ 2015-12-22T16:26:14+08:00 ] 127.0.0.1 /Admin/Selfcity
INFO: [ app_init ] --START--
INFO: Run Behavior\BuildLiteBehavior [ RunTime:0.000013s ]
INFO: [ app_init ] --END-- [ RunTime:0.000445s ]
INFO: [ app_begin ] --START--
INFO: Run Behavior\ReadHtmlCacheBehavior [ RunTime:0.000606s ]
INFO: [ app_begin ] --END-- [ RunTime:0.000656s ]
SQL: SHOW COLUMNS FROM `t_selfcity` [ RunTime:0.0142s ]
SQL: SELECT COUNT(*) AS tp_count FROM `t_selfcity` LIMIT 1   [ RunTime:0.0104s ]
NOTIC: [8] Undefined variable: data D:\wamp\www\qb\Application\Admin\Controller\SelfcityController.class.php 第 26 行.
SQL: SELECT * FROM `t_selfcity` ORDER BY isred desc,id desc LIMIT 0,15   [ RunTime:0.0097s ]
INFO: [ view_parse ] --START--
INFO: [ template_filter ] --START--
INFO: Run Behavior\ContentReplaceBehavior [ RunTime:0.000045s ]
INFO: [ template_filter ] --END-- [ RunTime:0.000106s ]
NOTIC: [8] Use of undefined constant isred - assumed 'isred' D:\wamp\www\qb\Application\Runtime\Cache\Admin\7224e4b25872e9ce0050481912a41c50.php 第 73 行.
NOTIC: [8] Use of undefined constant isred - assumed 'isred' D:\wamp\www\qb\Application\Runtime\Cache\Admin\7224e4b25872e9ce0050481912a41c50.php 第 73 行.
NOTIC: [8] Use of undefined constant isred - assumed 'isred' D:\wamp\www\qb\Application\Runtime\Cache\Admin\7224e4b25872e9ce0050481912a41c50.php 第 73 行.
NOTIC: [8] Use of undefined constant p - assumed 'p' D:\wamp\www\qb\Application\Runtime\Cache\Admin\7224e4b25872e9ce0050481912a41c50.php 第 73 行.
NOTIC: [8] Undefined index: p D:\wamp\www\qb\Application\Runtime\Cache\Admin\7224e4b25872e9ce0050481912a41c50.php 第 73 行.
NOTIC: [8] Use of undefined constant verify - assumed 'verify' D:\wamp\www\qb\Application\Runtime\Cache\Admin\7224e4b25872e9ce0050481912a41c50.php 第 73 行.
NOTIC: [8] Undefined index: verify D:\wamp\www\qb\Application\Runtime\Cache\Admin\7224e4b25872e9ce0050481912a41c50.php 第 73 行.
NOTIC: [8] Use of undefined constant keyword - assumed 'keyword' D:\wamp\www\qb\Application\Runtime\Cache\Admin\7224e4b25872e9ce0050481912a41c50.php 第 73 行.
NOTIC: [8] Undefined index: keyword D:\wamp\www\qb\Application\Runtime\Cache\Admin\7224e4b25872e9ce0050481912a41c50.php 第 73 行.
NOTIC: [8] Use of undefined constant isred - assumed 'isred' D:\wamp\www\qb\Application\Runtime\Cache\Admin\7224e4b25872e9ce0050481912a41c50.php 第 73 行.
NOTIC: [8] Use of undefined constant isred - assumed 'isred' D:\wamp\www\qb\Application\Runtime\Cache\Admin\7224e4b25872e9ce0050481912a41c50.php 第 73 行.
NOTIC: [8] Use of undefined constant isred - assumed 'isred' D:\wamp\www\qb\Application\Runtime\Cache\Admin\7224e4b25872e9ce0050481912a41c50.php 第 73 行.
NOTIC: [8] Use of undefined constant p - assumed 'p' D:\wamp\www\qb\Application\Runtime\Cache\Admin\7224e4b25872e9ce0050481912a41c50.php 第 73 行.
NOTIC: [8] Undefined index: p D:\wamp\www\qb\Application\Runtime\Cache\Admin\7224e4b25872e9ce0050481912a41c50.php 第 73 行.
NOTIC: [8] Use of undefined constant verify - assumed 'verify' D:\wamp\www\qb\Application\Runtime\Cache\Admin\7224e4b25872e9ce0050481912a41c50.php 第 73 行.
NOTIC: [8] Undefined index: verify D:\wamp\www\qb\Application\Runtime\Cache\Admin\7224e4b25872e9ce0050481912a41c50.php 第 73 行.
NOTIC: [8] Use of undefined constant keyword - assumed 'keyword' D:\wamp\www\qb\Application\Runtime\Cache\Admin\7224e4b25872e9ce0050481912a41c50.php 第 73 行.
NOTIC: [8] Undefined index: keyword D:\wamp\www\qb\Application\Runtime\Cache\Admin\7224e4b25872e9ce0050481912a41c50.php 第 73 行.
NOTIC: [8] Use of undefined constant isred - assumed 'isred' D:\wamp\www\qb\Application\Runtime\Cache\Admin\7224e4b25872e9ce0050481912a41c50.php 第 73 行.
NOTIC: [8] Use of undefined constant isred - assumed 'isred' D:\wamp\www\qb\Application\Runtime\Cache\Admin\7224e4b25872e9ce0050481912a41c50.php 第 73 行.
NOTIC: [8] Use of undefined constant isred - assumed 'isred' D:\wamp\www\qb\Application\Runtime\Cache\Admin\7224e4b25872e9ce0050481912a41c50.php 第 73 行.
NOTIC: [8] Use of undefined constant p - assumed 'p' D:\wamp\www\qb\Application\Runtime\Cache\Admin\7224e4b25872e9ce0050481912a41c50.php 第 73 行.
NOTIC: [8] Undefined index: p D:\wamp\www\qb\Application\Runtime\Cache\Admin\7224e4b25872e9ce0050481912a41c50.php 第 73 行.
NOTIC: [8] Use of undefined constant verify - assumed 'verify' D:\wamp\www\qb\Application\Runtime\Cache\Admin\7224e4b25872e9ce0050481912a41c50.php 第 73 行.
NOTIC: [8] Undefined index: verify D:\wamp\www\qb\Application\Runtime\Cache\Admin\7224e4b25872e9ce0050481912a41c50.php 第 73 行.
NOTIC: [8] Use of undefined constant keyword - assumed 'keyword' D:\wamp\www\qb\Application\Runtime\Cache\Admin\7224e4b25872e9ce0050481912a41c50.php 第 73 行.
NOTIC: [8] Undefined index: keyword D:\wamp\www\qb\Application\Runtime\Cache\Admin\7224e4b25872e9ce0050481912a41c50.php 第 73 行.
INFO: Run Behavior\ParseTemplateBehavior [ RunTime:0.011876s ]
INFO: [ view_parse ] --END-- [ RunTime:0.011943s ]
INFO: [ view_filter ] --START--
INFO: Run Behavior\WriteHtmlCacheBehavior [ RunTime:0.000432s ]
INFO: [ view_filter ] --END-- [ RunTime:0.000475s ]
INFO: [ app_end ] --START--
INFO: Run Behavior\ShowPageTraceBehavior [ RunTime:0.000808s ]
INFO: [ app_end ] --END-- [ RunTime:0.000891s ]

[ 2015-12-22T16:26:18+08:00 ] 127.0.0.1 /Admin/Selfcity/edit/id/9503762
INFO: [ app_init ] --START--
INFO: Run Behavior\BuildLiteBehavior [ RunTime:0.000013s ]
INFO: [ app_init ] --END-- [ RunTime:0.000690s ]
INFO: [ app_begin ] --START--
INFO: Run Behavior\ReadHtmlCacheBehavior [ RunTime:0.000820s ]
INFO: [ app_begin ] --END-- [ RunTime:0.000883s ]
SQL: SHOW COLUMNS FROM `t_selfcity` [ RunTime:0.0157s ]
SQL: SELECT * FROM `t_selfcity` WHERE ( id = 9503762 ) LIMIT 1   [ RunTime:0.0130s ]
INFO: [ view_parse ] --START--
INFO: [ template_filter ] --START--
INFO: Run Behavior\ContentReplaceBehavior [ RunTime:0.000057s ]
INFO: [ template_filter ] --END-- [ RunTime:0.000119s ]
INFO: Run Behavior\ParseTemplateBehavior [ RunTime:0.007910s ]
INFO: [ view_parse ] --END-- [ RunTime:0.007971s ]
INFO: [ view_filter ] --START--
INFO: Run Behavior\WriteHtmlCacheBehavior [ RunTime:0.000518s ]
INFO: [ view_filter ] --END-- [ RunTime:0.000561s ]
INFO: [ app_end ] --START--
INFO: Run Behavior\ShowPageTraceBehavior [ RunTime:0.000694s ]
INFO: [ app_end ] --END-- [ RunTime:0.000753s ]

[ 2015-12-22T16:26:21+08:00 ] 127.0.0.1 /Admin/Selfcity/edit/id/9503762
INFO: [ app_init ] --START--
INFO: Run Behavior\BuildLiteBehavior [ RunTime:0.000016s ]
INFO: [ app_init ] --END-- [ RunTime:0.000654s ]
INFO: [ app_begin ] --START--
INFO: Run Behavior\ReadHtmlCacheBehavior [ RunTime:0.001090s ]
INFO: [ app_begin ] --END-- [ RunTime:0.001186s ]
SQL: SHOW COLUMNS FROM `t_selfcity` [ RunTime:0.0113s ]
SQL: UPDATE `t_selfcity` SET `title`='天津',`isred`='1' WHERE `id` = 9503762 [ RunTime:0.0152s ]

[ 2015-12-22T16:26:22+08:00 ] 127.0.0.1 /Admin/Selfcity/edit/id/9503762
INFO: [ app_init ] --START--
INFO: Run Behavior\BuildLiteBehavior [ RunTime:0.000017s ]
INFO: [ app_init ] --END-- [ RunTime:0.000483s ]
INFO: [ app_begin ] --START--
INFO: Run Behavior\ReadHtmlCacheBehavior [ RunTime:0.002260s ]
INFO: [ app_begin ] --END-- [ RunTime:0.002468s ]
SQL: SHOW COLUMNS FROM `t_selfcity` [ RunTime:0.0124s ]
SQL: SELECT * FROM `t_selfcity` WHERE ( id = 9503762 ) LIMIT 1   [ RunTime:0.0114s ]
INFO: [ view_parse ] --START--
INFO: [ template_filter ] --START--
INFO: Run Behavior\ContentReplaceBehavior [ RunTime:0.000042s ]
INFO: [ template_filter ] --END-- [ RunTime:0.000100s ]
INFO: Run Behavior\ParseTemplateBehavior [ RunTime:0.007878s ]
INFO: [ view_parse ] --END-- [ RunTime:0.007941s ]
INFO: [ view_filter ] --START--
INFO: Run Behavior\WriteHtmlCacheBehavior [ RunTime:0.000506s ]
INFO: [ view_filter ] --END-- [ RunTime:0.000549s ]
INFO: [ app_end ] --START--
INFO: Run Behavior\ShowPageTraceBehavior [ RunTime:0.000666s ]
INFO: [ app_end ] --END-- [ RunTime:0.000709s ]

[ 2015-12-22T16:26:23+08:00 ] 127.0.0.1 /Admin/Selfcity
INFO: [ app_init ] --START--
INFO: Run Behavior\BuildLiteBehavior [ RunTime:0.000014s ]
INFO: [ app_init ] --END-- [ RunTime:0.000464s ]
INFO: [ app_begin ] --START--
INFO: Run Behavior\ReadHtmlCacheBehavior [ RunTime:0.000706s ]
INFO: [ app_begin ] --END-- [ RunTime:0.000762s ]
SQL: SHOW COLUMNS FROM `t_selfcity` [ RunTime:0.0158s ]
SQL: SELECT COUNT(*) AS tp_count FROM `t_selfcity` LIMIT 1   [ RunTime:0.0088s ]
NOTIC: [8] Undefined variable: data D:\wamp\www\qb\Application\Admin\Controller\SelfcityController.class.php 第 26 行.
SQL: SELECT * FROM `t_selfcity` ORDER BY isred desc,id desc LIMIT 0,15   [ RunTime:0.0092s ]
INFO: [ view_parse ] --START--
INFO: [ template_filter ] --START--
INFO: Run Behavior\ContentReplaceBehavior [ RunTime:0.000045s ]
INFO: [ template_filter ] --END-- [ RunTime:0.000104s ]
NOTIC: [8] Use of undefined constant isred - assumed 'isred' D:\wamp\www\qb\Application\Runtime\Cache\Admin\7224e4b25872e9ce0050481912a41c50.php 第 73 行.
NOTIC: [8] Use of undefined constant isred - assumed 'isred' D:\wamp\www\qb\Application\Runtime\Cache\Admin\7224e4b25872e9ce0050481912a41c50.php 第 73 行.
NOTIC: [8] Use of undefined constant isred - assumed 'isred' D:\wamp\www\qb\Application\Runtime\Cache\Admin\7224e4b25872e9ce0050481912a41c50.php 第 73 行.
NOTIC: [8] Use of undefined constant p - assumed 'p' D:\wamp\www\qb\Application\Runtime\Cache\Admin\7224e4b25872e9ce0050481912a41c50.php 第 73 行.
NOTIC: [8] Undefined index: p D:\wamp\www\qb\Application\Runtime\Cache\Admin\7224e4b25872e9ce0050481912a41c50.php 第 73 行.
NOTIC: [8] Use of undefined constant verify - assumed 'verify' D:\wamp\www\qb\Application\Runtime\Cache\Admin\7224e4b25872e9ce0050481912a41c50.php 第 73 行.
NOTIC: [8] Undefined index: verify D:\wamp\www\qb\Application\Runtime\Cache\Admin\7224e4b25872e9ce0050481912a41c50.php 第 73 行.
NOTIC: [8] Use of undefined constant keyword - assumed 'keyword' D:\wamp\www\qb\Application\Runtime\Cache\Admin\7224e4b25872e9ce0050481912a41c50.php 第 73 行.
NOTIC: [8] Undefined index: keyword D:\wamp\www\qb\Application\Runtime\Cache\Admin\7224e4b25872e9ce0050481912a41c50.php 第 73 行.
NOTIC: [8] Use of undefined constant isred - assumed 'isred' D:\wamp\www\qb\Application\Runtime\Cache\Admin\7224e4b25872e9ce0050481912a41c50.php 第 73 行.
NOTIC: [8] Use of undefined constant isred - assumed 'isred' D:\wamp\www\qb\Application\Runtime\Cache\Admin\7224e4b25872e9ce0050481912a41c50.php 第 73 行.
NOTIC: [8] Use of undefined constant isred - assumed 'isred' D:\wamp\www\qb\Application\Runtime\Cache\Admin\7224e4b25872e9ce0050481912a41c50.php 第 73 行.
NOTIC: [8] Use of undefined constant p - assumed 'p' D:\wamp\www\qb\Application\Runtime\Cache\Admin\7224e4b25872e9ce0050481912a41c50.php 第 73 行.
NOTIC: [8] Undefined index: p D:\wamp\www\qb\Application\Runtime\Cache\Admin\7224e4b25872e9ce0050481912a41c50.php 第 73 行.
NOTIC: [8] Use of undefined constant verify - assumed 'verify' D:\wamp\www\qb\Application\Runtime\Cache\Admin\7224e4b25872e9ce0050481912a41c50.php 第 73 行.
NOTIC: [8] Undefined index: verify D:\wamp\www\qb\Application\Runtime\Cache\Admin\7224e4b25872e9ce0050481912a41c50.php 第 73 行.
NOTIC: [8] Use of undefined constant keyword - assumed 'keyword' D:\wamp\www\qb\Application\Runtime\Cache\Admin\7224e4b25872e9ce0050481912a41c50.php 第 73 行.
NOTIC: [8] Undefined index: keyword D:\wamp\www\qb\Application\Runtime\Cache\Admin\7224e4b25872e9ce0050481912a41c50.php 第 73 行.
NOTIC: [8] Use of undefined constant isred - assumed 'isred' D:\wamp\www\qb\Application\Runtime\Cache\Admin\7224e4b25872e9ce0050481912a41c50.php 第 73 行.
NOTIC: [8] Use of undefined constant isred - assumed 'isred' D:\wamp\www\qb\Application\Runtime\Cache\Admin\7224e4b25872e9ce0050481912a41c50.php 第 73 行.
NOTIC: [8] Use of undefined constant isred - assumed 'isred' D:\wamp\www\qb\Application\Runtime\Cache\Admin\7224e4b25872e9ce0050481912a41c50.php 第 73 行.
NOTIC: [8] Use of undefined constant p - assumed 'p' D:\wamp\www\qb\Application\Runtime\Cache\Admin\7224e4b25872e9ce0050481912a41c50.php 第 73 行.
NOTIC: [8] Undefined index: p D:\wamp\www\qb\Application\Runtime\Cache\Admin\7224e4b25872e9ce0050481912a41c50.php 第 73 行.
NOTIC: [8] Use of undefined constant verify - assumed 'verify' D:\wamp\www\qb\Application\Runtime\Cache\Admin\7224e4b25872e9ce0050481912a41c50.php 第 73 行.
NOTIC: [8] Undefined index: verify D:\wamp\www\qb\Application\Runtime\Cache\Admin\7224e4b25872e9ce0050481912a41c50.php 第 73 行.
NOTIC: [8] Use of undefined constant keyword - assumed 'keyword' D:\wamp\www\qb\Application\Runtime\Cache\Admin\7224e4b25872e9ce0050481912a41c50.php 第 73 行.
NOTIC: [8] Undefined index: keyword D:\wamp\www\qb\Application\Runtime\Cache\Admin\7224e4b25872e9ce0050481912a41c50.php 第 73 行.
INFO: Run Behavior\ParseTemplateBehavior [ RunTime:0.010337s ]
INFO: [ view_parse ] --END-- [ RunTime:0.010404s ]
INFO: [ view_filter ] --START--
INFO: Run Behavior\WriteHtmlCacheBehavior [ RunTime:0.000551s ]
INFO: [ view_filter ] --END-- [ RunTime:0.000603s ]
INFO: [ app_end ] --START--
INFO: Run Behavior\ShowPageTraceBehavior [ RunTime:0.000607s ]
INFO: [ app_end ] --END-- [ RunTime:0.000651s ]

[ 2015-12-22T16:26:25+08:00 ] 127.0.0.1 /Admin/Selfcity/edit/id/9503761
INFO: [ app_init ] --START--
INFO: Run Behavior\BuildLiteBehavior [ RunTime:0.000013s ]
INFO: [ app_init ] --END-- [ RunTime:0.000546s ]
INFO: [ app_begin ] --START--
INFO: Run Behavior\ReadHtmlCacheBehavior [ RunTime:0.000888s ]
INFO: [ app_begin ] --END-- [ RunTime:0.000949s ]
SQL: SHOW COLUMNS FROM `t_selfcity` [ RunTime:0.0143s ]
SQL: SELECT * FROM `t_selfcity` WHERE ( id = 9503761 ) LIMIT 1   [ RunTime:0.0121s ]
INFO: [ view_parse ] --START--
INFO: [ template_filter ] --START--
INFO: Run Behavior\ContentReplaceBehavior [ RunTime:0.000053s ]
INFO: [ template_filter ] --END-- [ RunTime:0.000119s ]
INFO: Run Behavior\ParseTemplateBehavior [ RunTime:0.007911s ]
INFO: [ view_parse ] --END-- [ RunTime:0.007973s ]
INFO: [ view_filter ] --START--
INFO: Run Behavior\WriteHtmlCacheBehavior [ RunTime:0.000498s ]
INFO: [ view_filter ] --END-- [ RunTime:0.000540s ]
INFO: [ app_end ] --START--
INFO: Run Behavior\ShowPageTraceBehavior [ RunTime:0.000603s ]
INFO: [ app_end ] --END-- [ RunTime:0.000663s ]

[ 2015-12-22T16:26:29+08:00 ] 127.0.0.1 /Admin/Selfcity/edit/id/9503761
INFO: [ app_init ] --START--
INFO: Run Behavior\BuildLiteBehavior [ RunTime:0.000015s ]
INFO: [ app_init ] --END-- [ RunTime:0.000508s ]
INFO: [ app_begin ] --START--
INFO: Run Behavior\ReadHtmlCacheBehavior [ RunTime:0.000838s ]
INFO: [ app_begin ] --END-- [ RunTime:0.000923s ]
SQL: SHOW COLUMNS FROM `t_selfcity` [ RunTime:0.0189s ]
SQL: UPDATE `t_selfcity` SET `title`='上海',`isred`='1' WHERE `id` = 9503761 [ RunTime:0.0154s ]

[ 2015-12-22T16:26:30+08:00 ] 127.0.0.1 /Admin/Selfcity/edit/id/9503761
INFO: [ app_init ] --START--
INFO: Run Behavior\BuildLiteBehavior [ RunTime:0.000015s ]
INFO: [ app_init ] --END-- [ RunTime:0.001207s ]
INFO: [ app_begin ] --START--
INFO: Run Behavior\ReadHtmlCacheBehavior [ RunTime:0.000737s ]
INFO: [ app_begin ] --END-- [ RunTime:0.000798s ]
SQL: SHOW COLUMNS FROM `t_selfcity` [ RunTime:0.0146s ]
SQL: SELECT * FROM `t_selfcity` WHERE ( id = 9503761 ) LIMIT 1   [ RunTime:0.0191s ]
INFO: [ view_parse ] --START--
INFO: [ template_filter ] --START--
INFO: Run Behavior\ContentReplaceBehavior [ RunTime:0.000043s ]
INFO: [ template_filter ] --END-- [ RunTime:0.000097s ]
INFO: Run Behavior\ParseTemplateBehavior [ RunTime:0.007839s ]
INFO: [ view_parse ] --END-- [ RunTime:0.007931s ]
INFO: [ view_filter ] --START--
INFO: Run Behavior\WriteHtmlCacheBehavior [ RunTime:0.000630s ]
INFO: [ view_filter ] --END-- [ RunTime:0.000687s ]
INFO: [ app_end ] --START--
INFO: Run Behavior\ShowPageTraceBehavior [ RunTime:0.000664s ]
INFO: [ app_end ] --END-- [ RunTime:0.000713s ]

[ 2015-12-22T16:26:31+08:00 ] 127.0.0.1 /Admin/Selfcity
INFO: [ app_init ] --START--
INFO: Run Behavior\BuildLiteBehavior [ RunTime:0.000014s ]
INFO: [ app_init ] --END-- [ RunTime:0.000530s ]
INFO: [ app_begin ] --START--
INFO: Run Behavior\ReadHtmlCacheBehavior [ RunTime:0.000862s ]
INFO: [ app_begin ] --END-- [ RunTime:0.000944s ]
SQL: SHOW COLUMNS FROM `t_selfcity` [ RunTime:0.0114s ]
SQL: SELECT COUNT(*) AS tp_count FROM `t_selfcity` LIMIT 1   [ RunTime:0.0089s ]
NOTIC: [8] Undefined variable: data D:\wamp\www\qb\Application\Admin\Controller\SelfcityController.class.php 第 26 行.
SQL: SELECT * FROM `t_selfcity` ORDER BY isred desc,id desc LIMIT 0,15   [ RunTime:0.0070s ]
INFO: [ view_parse ] --START--
INFO: [ template_filter ] --START--
INFO: Run Behavior\ContentReplaceBehavior [ RunTime:0.000070s ]
INFO: [ template_filter ] --END-- [ RunTime:0.000163s ]
NOTIC: [8] Use of undefined constant isred - assumed 'isred' D:\wamp\www\qb\Application\Runtime\Cache\Admin\7224e4b25872e9ce0050481912a41c50.php 第 73 行.
NOTIC: [8] Use of undefined constant isred - assumed 'isred' D:\wamp\www\qb\Application\Runtime\Cache\Admin\7224e4b25872e9ce0050481912a41c50.php 第 73 行.
NOTIC: [8] Use of undefined constant isred - assumed 'isred' D:\wamp\www\qb\Application\Runtime\Cache\Admin\7224e4b25872e9ce0050481912a41c50.php 第 73 行.
NOTIC: [8] Use of undefined constant p - assumed 'p' D:\wamp\www\qb\Application\Runtime\Cache\Admin\7224e4b25872e9ce0050481912a41c50.php 第 73 行.
NOTIC: [8] Undefined index: p D:\wamp\www\qb\Application\Runtime\Cache\Admin\7224e4b25872e9ce0050481912a41c50.php 第 73 行.
NOTIC: [8] Use of undefined constant verify - assumed 'verify' D:\wamp\www\qb\Application\Runtime\Cache\Admin\7224e4b25872e9ce0050481912a41c50.php 第 73 行.
NOTIC: [8] Undefined index: verify D:\wamp\www\qb\Application\Runtime\Cache\Admin\7224e4b25872e9ce0050481912a41c50.php 第 73 行.
NOTIC: [8] Use of undefined constant keyword - assumed 'keyword' D:\wamp\www\qb\Application\Runtime\Cache\Admin\7224e4b25872e9ce0050481912a41c50.php 第 73 行.
NOTIC: [8] Undefined index: keyword D:\wamp\www\qb\Application\Runtime\Cache\Admin\7224e4b25872e9ce0050481912a41c50.php 第 73 行.
NOTIC: [8] Use of undefined constant isred - assumed 'isred' D:\wamp\www\qb\Application\Runtime\Cache\Admin\7224e4b25872e9ce0050481912a41c50.php 第 73 行.
NOTIC: [8] Use of undefined constant isred - assumed 'isred' D:\wamp\www\qb\Application\Runtime\Cache\Admin\7224e4b25872e9ce0050481912a41c50.php 第 73 行.
NOTIC: [8] Use of undefined constant isred - assumed 'isred' D:\wamp\www\qb\Application\Runtime\Cache\Admin\7224e4b25872e9ce0050481912a41c50.php 第 73 行.
NOTIC: [8] Use of undefined constant p - assumed 'p' D:\wamp\www\qb\Application\Runtime\Cache\Admin\7224e4b25872e9ce0050481912a41c50.php 第 73 行.
NOTIC: [8] Undefined index: p D:\wamp\www\qb\Application\Runtime\Cache\Admin\7224e4b25872e9ce0050481912a41c50.php 第 73 行.
NOTIC: [8] Use of undefined constant verify - assumed 'verify' D:\wamp\www\qb\Application\Runtime\Cache\Admin\7224e4b25872e9ce0050481912a41c50.php 第 73 行.
NOTIC: [8] Undefined index: verify D:\wamp\www\qb\Application\Runtime\Cache\Admin\7224e4b25872e9ce0050481912a41c50.php 第 73 行.
NOTIC: [8] Use of undefined constant keyword - assumed 'keyword' D:\wamp\www\qb\Application\Runtime\Cache\Admin\7224e4b25872e9ce0050481912a41c50.php 第 73 行.
NOTIC: [8] Undefined index: keyword D:\wamp\www\qb\Application\Runtime\Cache\Admin\7224e4b25872e9ce0050481912a41c50.php 第 73 行.
NOTIC: [8] Use of undefined constant isred - assumed 'isred' D:\wamp\www\qb\Application\Runtime\Cache\Admin\7224e4b25872e9ce0050481912a41c50.php 第 73 行.
NOTIC: [8] Use of undefined constant isred - assumed 'isred' D:\wamp\www\qb\Application\Runtime\Cache\Admin\7224e4b25872e9ce0050481912a41c50.php 第 73 行.
NOTIC: [8] Use of undefined constant isred - assumed 'isred' D:\wamp\www\qb\Application\Runtime\Cache\Admin\7224e4b25872e9ce0050481912a41c50.php 第 73 行.
NOTIC: [8] Use of undefined constant p - assumed 'p' D:\wamp\www\qb\Application\Runtime\Cache\Admin\7224e4b25872e9ce0050481912a41c50.php 第 73 行.
NOTIC: [8] Undefined index: p D:\wamp\www\qb\Application\Runtime\Cache\Admin\7224e4b25872e9ce0050481912a41c50.php 第 73 行.
NOTIC: [8] Use of undefined constant verify - assumed 'verify' D:\wamp\www\qb\Application\Runtime\Cache\Admin\7224e4b25872e9ce0050481912a41c50.php 第 73 行.
NOTIC: [8] Undefined index: verify D:\wamp\www\qb\Application\Runtime\Cache\Admin\7224e4b25872e9ce0050481912a41c50.php 第 73 行.
NOTIC: [8] Use of undefined constant keyword - assumed 'keyword' D:\wamp\www\qb\Application\Runtime\Cache\Admin\7224e4b25872e9ce0050481912a41c50.php 第 73 行.
NOTIC: [8] Undefined index: keyword D:\wamp\www\qb\Application\Runtime\Cache\Admin\7224e4b25872e9ce0050481912a41c50.php 第 73 行.
INFO: Run Behavior\ParseTemplateBehavior [ RunTime:0.011784s ]
INFO: [ view_parse ] --END-- [ RunTime:0.011855s ]
INFO: [ view_filter ] --START--
INFO: Run Behavior\WriteHtmlCacheBehavior [ RunTime:0.000506s ]
INFO: [ view_filter ] --END-- [ RunTime:0.000549s ]
INFO: [ app_end ] --START--
INFO: Run Behavior\ShowPageTraceBehavior [ RunTime:0.000623s ]
INFO: [ app_end ] --END-- [ RunTime:0.000668s ]

[ 2015-12-22T16:26:44+08:00 ] 127.0.0.1 /Admin/Selfcity
INFO: [ app_init ] --START--
INFO: Run Behavior\BuildLiteBehavior [ RunTime:0.000080s ]
INFO: [ app_init ] --END-- [ RunTime:0.002803s ]
INFO: [ app_begin ] --START--
INFO: Run Behavior\ReadHtmlCacheBehavior [ RunTime:0.001084s ]
INFO: [ app_begin ] --END-- [ RunTime:0.001196s ]
SQL: SHOW COLUMNS FROM `t_selfcity` [ RunTime:0.0107s ]
SQL: SELECT COUNT(*) AS tp_count FROM `t_selfcity` LIMIT 1   [ RunTime:0.0079s ]
NOTIC: [8] Undefined variable: data D:\wamp\www\qb\Application\Admin\Controller\SelfcityController.class.php 第 26 行.
SQL: SELECT * FROM `t_selfcity` ORDER BY isred desc,id desc LIMIT 0,15   [ RunTime:0.0110s ]
INFO: [ view_parse ] --START--
INFO: [ template_filter ] --START--
INFO: Run Behavior\ContentReplaceBehavior [ RunTime:0.000076s ]
INFO: [ template_filter ] --END-- [ RunTime:0.000224s ]
NOTIC: [8] Use of undefined constant isred - assumed 'isred' D:\wamp\www\qb\Application\Runtime\Cache\Admin\7224e4b25872e9ce0050481912a41c50.php 第 73 行.
NOTIC: [8] Use of undefined constant isred - assumed 'isred' D:\wamp\www\qb\Application\Runtime\Cache\Admin\7224e4b25872e9ce0050481912a41c50.php 第 73 行.
NOTIC: [8] Use of undefined constant isred - assumed 'isred' D:\wamp\www\qb\Application\Runtime\Cache\Admin\7224e4b25872e9ce0050481912a41c50.php 第 73 行.
NOTIC: [8] Use of undefined constant p - assumed 'p' D:\wamp\www\qb\Application\Runtime\Cache\Admin\7224e4b25872e9ce0050481912a41c50.php 第 73 行.
NOTIC: [8] Undefined index: p D:\wamp\www\qb\Application\Runtime\Cache\Admin\7224e4b25872e9ce0050481912a41c50.php 第 73 行.
NOTIC: [8] Use of undefined constant verify - assumed 'verify' D:\wamp\www\qb\Application\Runtime\Cache\Admin\7224e4b25872e9ce0050481912a41c50.php 第 73 行.
NOTIC: [8] Undefined index: verify D:\wamp\www\qb\Application\Runtime\Cache\Admin\7224e4b25872e9ce0050481912a41c50.php 第 73 行.
NOTIC: [8] Use of undefined constant keyword - assumed 'keyword' D:\wamp\www\qb\Application\Runtime\Cache\Admin\7224e4b25872e9ce0050481912a41c50.php 第 73 行.
NOTIC: [8] Undefined index: keyword D:\wamp\www\qb\Application\Runtime\Cache\Admin\7224e4b25872e9ce0050481912a41c50.php 第 73 行.
NOTIC: [8] Use of undefined constant isred - assumed 'isred' D:\wamp\www\qb\Application\Runtime\Cache\Admin\7224e4b25872e9ce0050481912a41c50.php 第 73 行.
NOTIC: [8] Use of undefined constant isred - assumed 'isred' D:\wamp\www\qb\Application\Runtime\Cache\Admin\7224e4b25872e9ce0050481912a41c50.php 第 73 行.
NOTIC: [8] Use of undefined constant isred - assumed 'isred' D:\wamp\www\qb\Application\Runtime\Cache\Admin\7224e4b25872e9ce0050481912a41c50.php 第 73 行.
NOTIC: [8] Use of undefined constant p - assumed 'p' D:\wamp\www\qb\Application\Runtime\Cache\Admin\7224e4b25872e9ce0050481912a41c50.php 第 73 行.
NOTIC: [8] Undefined index: p D:\wamp\www\qb\Application\Runtime\Cache\Admin\7224e4b25872e9ce0050481912a41c50.php 第 73 行.
NOTIC: [8] Use of undefined constant verify - assumed 'verify' D:\wamp\www\qb\Application\Runtime\Cache\Admin\7224e4b25872e9ce0050481912a41c50.php 第 73 行.
NOTIC: [8] Undefined index: verify D:\wamp\www\qb\Application\Runtime\Cache\Admin\7224e4b25872e9ce0050481912a41c50.php 第 73 行.
NOTIC: [8] Use of undefined constant keyword - assumed 'keyword' D:\wamp\www\qb\Application\Runtime\Cache\Admin\7224e4b25872e9ce0050481912a41c50.php 第 73 行.
NOTIC: [8] Undefined index: keyword D:\wamp\www\qb\Application\Runtime\Cache\Admin\7224e4b25872e9ce0050481912a41c50.php 第 73 行.
NOTIC: [8] Use of undefined constant isred - assumed 'isred' D:\wamp\www\qb\Application\Runtime\Cache\Admin\7224e4b25872e9ce0050481912a41c50.php 第 73 行.
NOTIC: [8] Use of undefined constant isred - assumed 'isred' D:\wamp\www\qb\Application\Runtime\Cache\Admin\7224e4b25872e9ce0050481912a41c50.php 第 73 行.
NOTIC: [8] Use of undefined constant isred - assumed 'isred' D:\wamp\www\qb\Application\Runtime\Cache\Admin\7224e4b25872e9ce0050481912a41c50.php 第 73 行.
NOTIC: [8] Use of undefined constant p - assumed 'p' D:\wamp\www\qb\Application\Runtime\Cache\Admin\7224e4b25872e9ce0050481912a41c50.php 第 73 行.
NOTIC: [8] Undefined index: p D:\wamp\www\qb\Application\Runtime\Cache\Admin\7224e4b25872e9ce0050481912a41c50.php 第 73 行.
NOTIC: [8] Use of undefined constant verify - assumed 'verify' D:\wamp\www\qb\Application\Runtime\Cache\Admin\7224e4b25872e9ce0050481912a41c50.php 第 73 行.
NOTIC: [8] Undefined index: verify D:\wamp\www\qb\Application\Runtime\Cache\Admin\7224e4b25872e9ce0050481912a41c50.php 第 73 行.
NOTIC: [8] Use of undefined constant keyword - assumed 'keyword' D:\wamp\www\qb\Application\Runtime\Cache\Admin\7224e4b25872e9ce0050481912a41c50.php 第 73 行.
NOTIC: [8] Undefined index: keyword D:\wamp\www\qb\Application\Runtime\Cache\Admin\7224e4b25872e9ce0050481912a41c50.php 第 73 行.
INFO: Run Behavior\ParseTemplateBehavior [ RunTime:0.013668s ]
INFO: [ view_parse ] --END-- [ RunTime:0.013762s ]
INFO: [ view_filter ] --START--
INFO: Run Behavior\WriteHtmlCacheBehavior [ RunTime:0.000611s ]
INFO: [ view_filter ] --END-- [ RunTime:0.000669s ]
INFO: [ app_end ] --START--
INFO: Run Behavior\ShowPageTraceBehavior [ RunTime:0.000665s ]
INFO: [ app_end ] --END-- [ RunTime:0.000713s ]

[ 2015-12-22T16:26:50+08:00 ] 127.0.0.1 /Admin/Group
INFO: [ app_init ] --START--
INFO: Run Behavior\BuildLiteBehavior [ RunTime:0.000013s ]
INFO: [ app_init ] --END-- [ RunTime:0.000439s ]
INFO: [ app_begin ] --START--
INFO: Run Behavior\ReadHtmlCacheBehavior [ RunTime:0.000674s ]
INFO: [ app_begin ] --END-- [ RunTime:0.000739s ]
SQL: SHOW COLUMNS FROM `t_group` [ RunTime:0.0183s ]
SQL: SHOW COLUMNS FROM `t_group` [ RunTime:0.0151s ]
SQL: SELECT * FROM `t_group` WHERE `pid` = 0 ORDER BY ord asc,id asc  [ RunTime:0.0126s ]
SQL: SELECT * FROM `t_group` WHERE `pid` = 1 ORDER BY ord asc,id asc  [ RunTime:0.0141s ]
SQL: SELECT * FROM `t_group` WHERE `pid` = 373 ORDER BY ord asc,id asc  [ RunTime:0.0120s ]
SQL: SELECT * FROM `t_group` WHERE `pid` = 372 ORDER BY ord asc,id asc  [ RunTime:0.0191s ]
SQL: SELECT * FROM `t_group` WHERE `pid` = 371 ORDER BY ord asc,id asc  [ RunTime:0.0125s ]
SQL: SELECT * FROM `t_group` WHERE `pid` = 378 ORDER BY ord asc,id asc  [ RunTime:0.0136s ]
SQL: SELECT * FROM `t_group` WHERE `pid` = 2 ORDER BY ord asc,id asc  [ RunTime:0.0142s ]
SQL: SELECT * FROM `t_group` WHERE `pid` = 376 ORDER BY ord asc,id asc  [ RunTime:0.0120s ]
SQL: SELECT * FROM `t_group` WHERE `pid` = 377 ORDER BY ord asc,id asc  [ RunTime:0.0122s ]
SQL: SELECT * FROM `t_group` WHERE `pid` = 379 ORDER BY ord asc,id asc  [ RunTime:0.0119s ]
SQL: SELECT * FROM `t_group` WHERE `pid` = 3 ORDER BY ord asc,id asc  [ RunTime:0.0121s ]
SQL: SELECT * FROM `t_group` WHERE `pid` = 380 ORDER BY ord asc,id asc  [ RunTime:0.0126s ]
SQL: SELECT * FROM `t_group` WHERE `pid` = 381 ORDER BY ord asc,id asc  [ RunTime:0.0131s ]
SQL: SELECT * FROM `t_group` WHERE `pid` = 382 ORDER BY ord asc,id asc  [ RunTime:0.0129s ]
SQL: SELECT * FROM `t_group` WHERE `pid` = 4 ORDER BY ord asc,id asc  [ RunTime:0.0123s ]
SQL: SELECT * FROM `t_group` WHERE `pid` = 383 ORDER BY ord asc,id asc  [ RunTime:0.0110s ]
SQL: SELECT * FROM `t_group` WHERE `pid` = 384 ORDER BY ord asc,id asc  [ RunTime:0.0138s ]
INFO: [ view_parse ] --START--
INFO: [ template_filter ] --START--
INFO: Run Behavior\ContentReplaceBehavior [ RunTime:0.000048s ]
INFO: [ template_filter ] --END-- [ RunTime:0.000107s ]
NOTIC: [8] Use of undefined constant istop - assumed 'istop' D:\wamp\www\qb\Application\Runtime\Cache\Admin\e684a848a268a41bee4e7f6c72a46aa7.php 第 83 行.
NOTIC: [8] Use of undefined constant istop - assumed 'istop' D:\wamp\www\qb\Application\Runtime\Cache\Admin\e684a848a268a41bee4e7f6c72a46aa7.php 第 83 行.
NOTIC: [8] Use of undefined constant istop - assumed 'istop' D:\wamp\www\qb\Application\Runtime\Cache\Admin\e684a848a268a41bee4e7f6c72a46aa7.php 第 83 行.
NOTIC: [8] Use of undefined constant isred - assumed 'isred' D:\wamp\www\qb\Application\Runtime\Cache\Admin\e684a848a268a41bee4e7f6c72a46aa7.php 第 85 行.
NOTIC: [8] Use of undefined constant isred - assumed 'isred' D:\wamp\www\qb\Application\Runtime\Cache\Admin\e684a848a268a41bee4e7f6c72a46aa7.php 第 85 行.
NOTIC: [8] Use of undefined constant isred - assumed 'isred' D:\wamp\www\qb\Application\Runtime\Cache\Admin\e684a848a268a41bee4e7f6c72a46aa7.php 第 85 行.
NOTIC: [8] Use of undefined constant istop - assumed 'istop' D:\wamp\www\qb\Application\Runtime\Cache\Admin\e684a848a268a41bee4e7f6c72a46aa7.php 第 83 行.
NOTIC: [8] Use of undefined constant istop - assumed 'istop' D:\wamp\www\qb\Application\Runtime\Cache\Admin\e684a848a268a41bee4e7f6c72a46aa7.php 第 83 行.
NOTIC: [8] Use of undefined constant istop - assumed 'istop' D:\wamp\www\qb\Application\Runtime\Cache\Admin\e684a848a268a41bee4e7f6c72a46aa7.php 第 83 行.
NOTIC: [8] Use of undefined constant isred - assumed 'isred' D:\wamp\www\qb\Application\Runtime\Cache\Admin\e684a848a268a41bee4e7f6c72a46aa7.php 第 85 行.
NOTIC: [8] Use of undefined constant isred - assumed 'isred' D:\wamp\www\qb\Application\Runtime\Cache\Admin\e684a848a268a41bee4e7f6c72a46aa7.php 第 85 行.
NOTIC: [8] Use of undefined constant isred - assumed 'isred' D:\wamp\www\qb\Application\Runtime\Cache\Admin\e684a848a268a41bee4e7f6c72a46aa7.php 第 85 行.
NOTIC: [8] Use of undefined constant istop - assumed 'istop' D:\wamp\www\qb\Application\Runtime\Cache\Admin\e684a848a268a41bee4e7f6c72a46aa7.php 第 83 行.
NOTIC: [8] Use of undefined constant istop - assumed 'istop' D:\wamp\www\qb\Application\Runtime\Cache\Admin\e684a848a268a41bee4e7f6c72a46aa7.php 第 83 行.
NOTIC: [8] Use of undefined constant istop - assumed 'istop' D:\wamp\www\qb\Application\Runtime\Cache\Admin\e684a848a268a41bee4e7f6c72a46aa7.php 第 83 行.
NOTIC: [8] Use of undefined constant isred - assumed 'isred' D:\wamp\www\qb\Application\Runtime\Cache\Admin\e684a848a268a41bee4e7f6c72a46aa7.php 第 85 行.
NOTIC: [8] Use of undefined constant isred - assumed 'isred' D:\wamp\www\qb\Application\Runtime\Cache\Admin\e684a848a268a41bee4e7f6c72a46aa7.php 第 85 行.
NOTIC: [8] Use of undefined constant isred - assumed 'isred' D:\wamp\www\qb\Application\Runtime\Cache\Admin\e684a848a268a41bee4e7f6c72a46aa7.php 第 85 行.
NOTIC: [8] Use of undefined constant istop - assumed 'istop' D:\wamp\www\qb\Application\Runtime\Cache\Admin\e684a848a268a41bee4e7f6c72a46aa7.php 第 83 行.
NOTIC: [8] Use of undefined constant istop - assumed 'istop' D:\wamp\www\qb\Application\Runtime\Cache\Admin\e684a848a268a41bee4e7f6c72a46aa7.php 第 83 行.
NOTIC: [8] Use of undefined constant istop - assumed 'istop' D:\wamp\www\qb\Application\Runtime\Cache\Admin\e684a848a268a41bee4e7f6c72a46aa7.php 第 83 行.
NOTIC: [8] Use of undefined constant isred - assumed 'isred' D:\wamp\www\qb\Application\Runtime\Cache\Admin\e684a848a268a41bee4e7f6c72a46aa7.php 第 85 行.
NOTIC: [8] Use of undefined constant isred - assumed 'isred' D:\wamp\www\qb\Application\Runtime\Cache\Admin\e684a848a268a41bee4e7f6c72a46aa7.php 第 85 行.
NOTIC: [8] Use of undefined constant isred - assumed 'isred' D:\wamp\www\qb\Application\Runtime\Cache\Admin\e684a848a268a41bee4e7f6c72a46aa7.php 第 85 行.
NOTIC: [8] Use of undefined constant istop - assumed 'istop' D:\wamp\www\qb\Application\Runtime\Cache\Admin\e684a848a268a41bee4e7f6c72a46aa7.php 第 83 行.
NOTIC: [8] Use of undefined constant istop - assumed 'istop' D:\wamp\www\qb\Application\Runtime\Cache\Admin\e684a848a268a41bee4e7f6c72a46aa7.php 第 83 行.
NOTIC: [8] Use of undefined constant istop - assumed 'istop' D:\wamp\www\qb\Application\Runtime\Cache\Admin\e684a848a268a41bee4e7f6c72a46aa7.php 第 83 行.
NOTIC: [8] Use of undefined constant isred - assumed 'isred' D:\wamp\www\qb\Application\Runtime\Cache\Admin\e684a848a268a41bee4e7f6c72a46aa7.php 第 85 行.
NOTIC: [8] Use of undefined constant isred - assumed 'isred' D:\wamp\www\qb\Application\Runtime\Cache\Admin\e684a848a268a41bee4e7f6c72a46aa7.php 第 85 行.
NOTIC: [8] Use of undefined constant isred - assumed 'isred' D:\wamp\www\qb\Application\Runtime\Cache\Admin\e684a848a268a41bee4e7f6c72a46aa7.php 第 85 行.
NOTIC: [8] Use of undefined constant istop - assumed 'istop' D:\wamp\www\qb\Application\Runtime\Cache\Admin\e684a848a268a41bee4e7f6c72a46aa7.php 第 83 行.
NOTIC: [8] Use of undefined constant istop - assumed 'istop' D:\wamp\www\qb\Application\Runtime\Cache\Admin\e684a848a268a41bee4e7f6c72a46aa7.php 第 83 行.
NOTIC: [8] Use of undefined constant istop - assumed 'istop' D:\wamp\www\qb\Application\Runtime\Cache\Admin\e684a848a268a41bee4e7f6c72a46aa7.php 第 83 行.
NOTIC: [8] Use of undefined constant isred - assumed 'isred' D:\wamp\www\qb\Application\Runtime\Cache\Admin\e684a848a268a41bee4e7f6c72a46aa7.php 第 85 行.
NOTIC: [8] Use of undefined constant isred - assumed 'isred' D:\wamp\www\qb\Application\Runtime\Cache\Admin\e684a848a268a41bee4e7f6c72a46aa7.php 第 85 行.
NOTIC: [8] Use of undefined constant isred - assumed 'isred' D:\wamp\www\qb\Application\Runtime\Cache\Admin\e684a848a268a41bee4e7f6c72a46aa7.php 第 85 行.
NOTIC: [8] Use of undefined constant istop - assumed 'istop' D:\wamp\www\qb\Application\Runtime\Cache\Admin\e684a848a268a41bee4e7f6c72a46aa7.php 第 83 行.
NOTIC: [8] Use of undefined constant istop - assumed 'istop' D:\wamp\www\qb\Application\Runtime\Cache\Admin\e684a848a268a41bee4e7f6c72a46aa7.php 第 83 行.
NOTIC: [8] Use of undefined constant istop - assumed 'istop' D:\wamp\www\qb\Application\Runtime\Cache\Admin\e684a848a268a41bee4e7f6c72a46aa7.php 第 83 行.
NOTIC: [8] Use of undefined constant isred - assumed 'isred' D:\wamp\www\qb\Application\Runtime\Cache\Admin\e684a848a268a41bee4e7f6c72a46aa7.php 第 85 行.
NOTIC: [8] Use of undefined constant isred - assumed 'isred' D:\wamp\www\qb\Application\Runtime\Cache\Admin\e684a848a268a41bee4e7f6c72a46aa7.php 第 85 行.
NOTIC: [8] Use of undefined constant isred - assumed 'isred' D:\wamp\www\qb\Application\Runtime\Cache\Admin\e684a848a268a41bee4e7f6c72a46aa7.php 第 85 行.
NOTIC: [8] Use of undefined constant istop - assumed 'istop' D:\wamp\www\qb\Application\Runtime\Cache\Admin\e684a848a268a41bee4e7f6c72a46aa7.php 第 83 行.
NOTIC: [8] Use of undefined constant istop - assumed 'istop' D:\wamp\www\qb\Application\Runtime\Cache\Admin\e684a848a268a41bee4e7f6c72a46aa7.php 第 83 行.
NOTIC: [8] Use of undefined constant istop - assumed 'istop' D:\wamp\www\qb\Application\Runtime\Cache\Admin\e684a848a268a41bee4e7f6c72a46aa7.php 第 83 行.
NOTIC: [8] Use of undefined constant isred - assumed 'isred' D:\wamp\www\qb\Application\Runtime\Cache\Admin\e684a848a268a41bee4e7f6c72a46aa7.php 第 85 行.
NOTIC: [8] Use of undefined constant isred - assumed 'isred' D:\wamp\www\qb\Application\Runtime\Cache\Admin\e684a848a268a41bee4e7f6c72a46aa7.php 第 85 行.
NOTIC: [8] Use of undefined constant isred - assumed 'isred' D:\wamp\www\qb\Application\Runtime\Cache\Admin\e684a848a268a41bee4e7f6c72a46aa7.php 第 85 行.
NOTIC: [8] Use of undefined constant istop - assumed 'istop' D:\wamp\www\qb\Application\Runtime\Cache\Admin\e684a848a268a41bee4e7f6c72a46aa7.php 第 83 行.
NOTIC: [8] Use of undefined constant istop - assumed 'istop' D:\wamp\www\qb\Application\Runtime\Cache\Admin\e684a848a268a41bee4e7f6c72a46aa7.php 第 83 行.
NOTIC: [8] Use of undefined constant istop - assumed 'istop' D:\wamp\www\qb\Application\Runtime\Cache\Admin\e684a848a268a41bee4e7f6c72a46aa7.php 第 83 行.
NOTIC: [8] Use of undefined constant isred - assumed 'isred' D:\wamp\www\qb\Application\Runtime\Cache\Admin\e684a848a268a41bee4e7f6c72a46aa7.php 第 85 行.
NOTIC: [8] Use of undefined constant isred - assumed 'isred' D:\wamp\www\qb\Application\Runtime\Cache\Admin\e684a848a268a41bee4e7f6c72a46aa7.php 第 85 行.
NOTIC: [8] Use of undefined constant isred - assumed 'isred' D:\wamp\www\qb\Application\Runtime\Cache\Admin\e684a848a268a41bee4e7f6c72a46aa7.php 第 85 行.
NOTIC: [8] Use of undefined constant istop - assumed 'istop' D:\wamp\www\qb\Application\Runtime\Cache\Admin\e684a848a268a41bee4e7f6c72a46aa7.php 第 83 行.
NOTIC: [8] Use of undefined constant istop - assumed 'istop' D:\wamp\www\qb\Application\Runtime\Cache\Admin\e684a848a268a41bee4e7f6c72a46aa7.php 第 83 行.
NOTIC: [8] Use of undefined constant istop - assumed 'istop' D:\wamp\www\qb\Application\Runtime\Cache\Admin\e684a848a268a41bee4e7f6c72a46aa7.php 第 83 行.
NOTIC: [8] Use of undefined constant isred - assumed 'isred' D:\wamp\www\qb\Application\Runtime\Cache\Admin\e684a848a268a41bee4e7f6c72a46aa7.php 第 85 行.
NOTIC: [8] Use of undefined constant isred - assumed 'isred' D:\wamp\www\qb\Application\Runtime\Cache\Admin\e684a848a268a41bee4e7f6c72a46aa7.php 第 85 行.
NOTIC: [8] Use of undefined constant isred - assumed 'isred' D:\wamp\www\qb\Application\Runtime\Cache\Admin\e684a848a268a41bee4e7f6c72a46aa7.php 第 85 行.
NOTIC: [8] Use of undefined constant istop - assumed 'istop' D:\wamp\www\qb\Application\Runtime\Cache\Admin\e684a848a268a41bee4e7f6c72a46aa7.php 第 83 行.
NOTIC: [8] Use of undefined constant istop - assumed 'istop' D:\wamp\www\qb\Application\Runtime\Cache\Admin\e684a848a268a41bee4e7f6c72a46aa7.php 第 83 行.
NOTIC: [8] Use of undefined constant istop - assumed 'istop' D:\wamp\www\qb\Application\Runtime\Cache\Admin\e684a848a268a41bee4e7f6c72a46aa7.php 第 83 行.
NOTIC: [8] Use of undefined constant isred - assumed 'isred' D:\wamp\www\qb\Application\Runtime\Cache\Admin\e684a848a268a41bee4e7f6c72a46aa7.php 第 85 行.
NOTIC: [8] Use of undefined constant isred - assumed 'isred' D:\wamp\www\qb\Application\Runtime\Cache\Admin\e684a848a268a41bee4e7f6c72a46aa7.php 第 85 行.
NOTIC: [8] Use of undefined constant isred - assumed 'isred' D:\wamp\www\qb\Application\Runtime\Cache\Admin\e684a848a268a41bee4e7f6c72a46aa7.php 第 85 行.
NOTIC: [8] Use of undefined constant istop - assumed 'istop' D:\wamp\www\qb\Application\Runtime\Cache\Admin\e684a848a268a41bee4e7f6c72a46aa7.php 第 83 行.
NOTIC: [8] Use of undefined constant istop - assumed 'istop' D:\wamp\www\qb\Application\Runtime\Cache\Admin\e684a848a268a41bee4e7f6c72a46aa7.php 第 83 行.
NOTIC: [8] Use of undefined constant istop - assumed 'istop' D:\wamp\www\qb\Application\Runtime\Cache\Admin\e684a848a268a41bee4e7f6c72a46aa7.php 第 83 行.
NOTIC: [8] Use of undefined constant isred - assumed 'isred' D:\wamp\www\qb\Application\Runtime\Cache\Admin\e684a848a268a41bee4e7f6c72a46aa7.php 第 85 行.
NOTIC: [8] Use of undefined constant isred - assumed 'isred' D:\wamp\www\qb\Application\Runtime\Cache\Admin\e684a848a268a41bee4e7f6c72a46aa7.php 第 85 行.
NOTIC: [8] Use of undefined constant isred - assumed 'isred' D:\wamp\www\qb\Application\Runtime\Cache\Admin\e684a848a268a41bee4e7f6c72a46aa7.php 第 85 行.
INFO: Run Behavior\ParseTemplateBehavior [ RunTime:0.013069s ]
INFO: [ view_parse ] --END-- [ RunTime:0.013120s ]
INFO: [ view_filter ] --START--
INFO: Run Behavior\WriteHtmlCacheBehavior [ RunTime:0.000510s ]
INFO: [ view_filter ] --END-- [ RunTime:0.000555s ]
INFO: [ app_end ] --START--
INFO: Run Behavior\ShowPageTraceBehavior [ RunTime:0.000551s ]
INFO: [ app_end ] --END-- [ RunTime:0.000593s ]

