[ 2016-01-04T13:59:46+08:00 ] 127.0.0.1 /
INFO: [ app_init ] --START--
INFO: Run Behavior\BuildLiteBehavior [ RunTime:0.000013s ]
INFO: [ app_init ] --END-- [ RunTime:0.000475s ]
INFO: [ app_begin ] --START--
INFO: Run Behavior\ReadHtmlCacheBehavior [ RunTime:0.000635s ]
INFO: [ app_begin ] --END-- [ RunTime:0.000700s ]
NOTIC: [8] Undefined index: userid D:\wamp\www\qb\Application\Admin\Controller\CommonController.class.php 第 19 行.

[ 2016-01-04T13:59:46+08:00 ] 127.0.0.1 /Admin/Public/admin.html
INFO: [ app_init ] --START--
INFO: Run Behavior\BuildLiteBehavior [ RunTime:0.000012s ]
INFO: [ app_init ] --END-- [ RunTime:0.000417s ]
INFO: [ app_begin ] --START--
INFO: Run Behavior\ReadHtmlCacheBehavior [ RunTime:0.000513s ]
INFO: [ app_begin ] --END-- [ RunTime:0.000573s ]
INFO: [ view_parse ] --START--
INFO: [ template_filter ] --START--
INFO: Run Behavior\ContentReplaceBehavior [ RunTime:0.000037s ]
INFO: [ template_filter ] --END-- [ RunTime:0.000097s ]
INFO: Run Behavior\ParseTemplateBehavior [ RunTime:0.006154s ]
INFO: [ view_parse ] --END-- [ RunTime:0.006226s ]
INFO: [ view_filter ] --START--
INFO: Run Behavior\WriteHtmlCacheBehavior [ RunTime:0.000510s ]
INFO: [ view_filter ] --END-- [ RunTime:0.000679s ]
INFO: [ app_end ] --START--
INFO: Run Behavior\ShowPageTraceBehavior [ RunTime:0.001170s ]
INFO: [ app_end ] --END-- [ RunTime:0.001260s ]

[ 2016-01-04T13:59:46+08:00 ] 127.0.0.1 /Admin/Public/scode
INFO: [ app_init ] --START--
INFO: Run Behavior\BuildLiteBehavior [ RunTime:0.000014s ]
INFO: [ app_init ] --END-- [ RunTime:0.000428s ]
INFO: [ app_begin ] --START--
INFO: Run Behavior\ReadHtmlCacheBehavior [ RunTime:0.000729s ]
INFO: [ app_begin ] --END-- [ RunTime:0.000830s ]
INFO: [ app_end ] --START--
INFO: Run Behavior\ShowPageTraceBehavior [ RunTime:0.000757s ]
INFO: [ app_end ] --END-- [ RunTime:0.000842s ]

[ 2016-01-04T13:59:46+08:00 ] 127.0.0.1 /favicon.ico
INFO: [ app_init ] --START--
INFO: Run Behavior\BuildLiteBehavior [ RunTime:0.000013s ]
INFO: [ app_init ] --END-- [ RunTime:0.000420s ]

[ 2016-01-04T13:59:47+08:00 ] 127.0.0.1 /favicon.ico
INFO: [ app_init ] --START--
INFO: Run Behavior\BuildLiteBehavior [ RunTime:0.000012s ]
INFO: [ app_init ] --END-- [ RunTime:0.000386s ]

[ 2016-01-04T13:59:54+08:00 ] 127.0.0.1 /Admin/Public/login
INFO: [ app_init ] --START--
INFO: Run Behavior\BuildLiteBehavior [ RunTime:0.000019s ]
INFO: [ app_init ] --END-- [ RunTime:0.000661s ]
INFO: [ app_begin ] --START--
INFO: Run Behavior\ReadHtmlCacheBehavior [ RunTime:0.000578s ]
INFO: [ app_begin ] --END-- [ RunTime:0.000631s ]
SQL: SHOW COLUMNS FROM `t_admin` [ RunTime:0.0130s ]
SQL: SELECT `password` FROM `t_admin` WHERE `name` = 'admin' LIMIT 1   [ RunTime:0.0091s ]

[ 2016-01-04T13:59:54+08:00 ] 127.0.0.1 /admin/public/scode/0.3136873444024251
INFO: [ app_init ] --START--
INFO: Run Behavior\BuildLiteBehavior [ RunTime:0.000014s ]
INFO: [ app_init ] --END-- [ RunTime:0.000507s ]
INFO: [ app_begin ] --START--
INFO: Run Behavior\ReadHtmlCacheBehavior [ RunTime:0.000587s ]
INFO: [ app_begin ] --END-- [ RunTime:0.000641s ]
INFO: [ app_end ] --START--
INFO: Run Behavior\ShowPageTraceBehavior [ RunTime:0.000688s ]
INFO: [ app_end ] --END-- [ RunTime:0.000752s ]

[ 2016-01-04T14:00:04+08:00 ] 127.0.0.1 /Admin/Public/login
INFO: [ app_init ] --START--
INFO: Run Behavior\BuildLiteBehavior [ RunTime:0.000014s ]
INFO: [ app_init ] --END-- [ RunTime:0.000485s ]
INFO: [ app_begin ] --START--
INFO: Run Behavior\ReadHtmlCacheBehavior [ RunTime:0.000609s ]
INFO: [ app_begin ] --END-- [ RunTime:0.000657s ]
SQL: SHOW COLUMNS FROM `t_admin` [ RunTime:0.0104s ]
SQL: SELECT `password` FROM `t_admin` WHERE `name` = 'admin' LIMIT 1   [ RunTime:0.0135s ]

[ 2016-01-04T14:00:04+08:00 ] 127.0.0.1 /admin/public/scode/0.22037096084849417
INFO: [ app_init ] --START--
INFO: Run Behavior\BuildLiteBehavior [ RunTime:0.000020s ]
INFO: [ app_init ] --END-- [ RunTime:0.000563s ]
INFO: [ app_begin ] --START--
INFO: Run Behavior\ReadHtmlCacheBehavior [ RunTime:0.000551s ]
INFO: [ app_begin ] --END-- [ RunTime:0.000608s ]
INFO: [ app_end ] --START--
INFO: Run Behavior\ShowPageTraceBehavior [ RunTime:0.000778s ]
INFO: [ app_end ] --END-- [ RunTime:0.000843s ]

[ 2016-01-04T14:00:05+08:00 ] 127.0.0.1 /admin/public/scode/0.025859163864112578
INFO: [ app_init ] --START--
INFO: Run Behavior\BuildLiteBehavior [ RunTime:0.000018s ]
INFO: [ app_init ] --END-- [ RunTime:0.000444s ]
INFO: [ app_begin ] --START--
INFO: Run Behavior\ReadHtmlCacheBehavior [ RunTime:0.000676s ]
INFO: [ app_begin ] --END-- [ RunTime:0.000748s ]
INFO: [ app_end ] --START--
INFO: Run Behavior\ShowPageTraceBehavior [ RunTime:0.000705s ]
INFO: [ app_end ] --END-- [ RunTime:0.000772s ]

[ 2016-01-04T14:00:10+08:00 ] 127.0.0.1 /Admin/Public/login
INFO: [ app_init ] --START--
INFO: Run Behavior\BuildLiteBehavior [ RunTime:0.000015s ]
INFO: [ app_init ] --END-- [ RunTime:0.000450s ]
INFO: [ app_begin ] --START--
INFO: Run Behavior\ReadHtmlCacheBehavior [ RunTime:0.000734s ]
INFO: [ app_begin ] --END-- [ RunTime:0.000812s ]
SQL: SHOW COLUMNS FROM `t_admin` [ RunTime:0.0129s ]
SQL: SELECT `password` FROM `t_admin` WHERE `name` = 'admin' LIMIT 1   [ RunTime:0.0120s ]

[ 2016-01-04T14:00:10+08:00 ] 127.0.0.1 /admin/public/scode/0.7236456478973675
INFO: [ app_init ] --START--
INFO: Run Behavior\BuildLiteBehavior [ RunTime:0.000016s ]
INFO: [ app_init ] --END-- [ RunTime:0.000472s ]
INFO: [ app_begin ] --START--
INFO: Run Behavior\ReadHtmlCacheBehavior [ RunTime:0.000584s ]
INFO: [ app_begin ] --END-- [ RunTime:0.000638s ]
INFO: [ app_end ] --START--
INFO: Run Behavior\ShowPageTraceBehavior [ RunTime:0.000682s ]
INFO: [ app_end ] --END-- [ RunTime:0.000766s ]

[ 2016-01-04T14:00:21+08:00 ] 127.0.0.1 /Admin/Public/login
INFO: [ app_init ] --START--
INFO: Run Behavior\BuildLiteBehavior [ RunTime:0.000013s ]
INFO: [ app_init ] --END-- [ RunTime:0.000504s ]
INFO: [ app_begin ] --START--
INFO: Run Behavior\ReadHtmlCacheBehavior [ RunTime:0.000669s ]
INFO: [ app_begin ] --END-- [ RunTime:0.000718s ]
SQL: SHOW COLUMNS FROM `t_admin` [ RunTime:0.0100s ]
SQL: SELECT `password` FROM `t_admin` WHERE `name` = 'admin' LIMIT 1   [ RunTime:0.0098s ]

[ 2016-01-04T14:00:21+08:00 ] 127.0.0.1 /admin/public/scode/0.9843567651661357
INFO: [ app_init ] --START--
INFO: Run Behavior\BuildLiteBehavior [ RunTime:0.000013s ]
INFO: [ app_init ] --END-- [ RunTime:0.000492s ]
INFO: [ app_begin ] --START--
INFO: Run Behavior\ReadHtmlCacheBehavior [ RunTime:0.000616s ]
INFO: [ app_begin ] --END-- [ RunTime:0.000673s ]
INFO: [ app_end ] --START--
INFO: Run Behavior\ShowPageTraceBehavior [ RunTime:0.000599s ]
INFO: [ app_end ] --END-- [ RunTime:0.000660s ]

[ 2016-01-04T14:00:35+08:00 ] 127.0.0.1 /admin/public/scode/0.9651751309975155
INFO: [ app_init ] --START--
INFO: Run Behavior\BuildLiteBehavior [ RunTime:0.000013s ]
INFO: [ app_init ] --END-- [ RunTime:0.000467s ]
INFO: [ app_begin ] --START--
INFO: Run Behavior\ReadHtmlCacheBehavior [ RunTime:0.000655s ]
INFO: [ app_begin ] --END-- [ RunTime:0.000733s ]
INFO: [ app_end ] --START--
INFO: Run Behavior\ShowPageTraceBehavior [ RunTime:0.000808s ]
INFO: [ app_end ] --END-- [ RunTime:0.000893s ]

[ 2016-01-04T14:00:43+08:00 ] 127.0.0.1 /Admin/Public/login
INFO: [ app_init ] --START--
INFO: Run Behavior\BuildLiteBehavior [ RunTime:0.000014s ]
INFO: [ app_init ] --END-- [ RunTime:0.000479s ]
INFO: [ app_begin ] --START--
INFO: Run Behavior\ReadHtmlCacheBehavior [ RunTime:0.000511s ]
INFO: [ app_begin ] --END-- [ RunTime:0.000562s ]
SQL: SHOW COLUMNS FROM `t_admin` [ RunTime:0.0132s ]
SQL: SELECT `password` FROM `t_admin` WHERE `name` = 'admin' LIMIT 1   [ RunTime:0.0114s ]

[ 2016-01-04T14:00:43+08:00 ] 127.0.0.1 /admin/public/scode/0.8059066115501573
INFO: [ app_init ] --START--
INFO: Run Behavior\BuildLiteBehavior [ RunTime:0.000012s ]
INFO: [ app_init ] --END-- [ RunTime:0.000506s ]
INFO: [ app_begin ] --START--
INFO: Run Behavior\ReadHtmlCacheBehavior [ RunTime:0.000572s ]
INFO: [ app_begin ] --END-- [ RunTime:0.000623s ]
INFO: [ app_end ] --START--
INFO: Run Behavior\ShowPageTraceBehavior [ RunTime:0.000946s ]
INFO: [ app_end ] --END-- [ RunTime:0.001042s ]

[ 2016-01-04T14:01:21+08:00 ] 127.0.0.1 /Admin/Public/login
INFO: [ app_init ] --START--
INFO: Run Behavior\BuildLiteBehavior [ RunTime:0.000014s ]
INFO: [ app_init ] --END-- [ RunTime:0.000535s ]
INFO: [ app_begin ] --START--
INFO: Run Behavior\ReadHtmlCacheBehavior [ RunTime:0.000610s ]
INFO: [ app_begin ] --END-- [ RunTime:0.000658s ]

[ 2016-01-04T14:01:21+08:00 ] 127.0.0.1 /admin/public/scode/0.6806521772636194
INFO: [ app_init ] --START--
INFO: Run Behavior\BuildLiteBehavior [ RunTime:0.000013s ]
INFO: [ app_init ] --END-- [ RunTime:0.000393s ]
INFO: [ app_begin ] --START--
INFO: Run Behavior\ReadHtmlCacheBehavior [ RunTime:0.000583s ]
INFO: [ app_begin ] --END-- [ RunTime:0.000639s ]
INFO: [ app_end ] --START--
INFO: Run Behavior\ShowPageTraceBehavior [ RunTime:0.000690s ]
INFO: [ app_end ] --END-- [ RunTime:0.000785s ]

[ 2016-01-04T14:01:26+08:00 ] 127.0.0.1 /Admin/Public/login
INFO: [ app_init ] --START--
INFO: Run Behavior\BuildLiteBehavior [ RunTime:0.000017s ]
INFO: [ app_init ] --END-- [ RunTime:0.000439s ]
INFO: [ app_begin ] --START--
INFO: Run Behavior\ReadHtmlCacheBehavior [ RunTime:0.000608s ]
INFO: [ app_begin ] --END-- [ RunTime:0.000657s ]
SQL: SHOW COLUMNS FROM `t_admin` [ RunTime:0.0109s ]
SQL: SELECT `password` FROM `t_admin` WHERE `name` = 'admin' LIMIT 1   [ RunTime:0.0116s ]

[ 2016-01-04T14:01:26+08:00 ] 127.0.0.1 /Admin/Public/admin.html
INFO: [ app_init ] --START--
INFO: Run Behavior\BuildLiteBehavior [ RunTime:0.000021s ]
INFO: [ app_init ] --END-- [ RunTime:0.000695s ]
INFO: [ app_begin ] --START--
INFO: Run Behavior\ReadHtmlCacheBehavior [ RunTime:0.000548s ]
INFO: [ app_begin ] --END-- [ RunTime:0.000606s ]
SQL: SHOW COLUMNS FROM `t_admin` [ RunTime:0.0108s ]
SQL: SELECT `password`,`name` FROM `t_admin` WHERE `name` = 'admin' LIMIT 1   [ RunTime:0.0100s ]
SQL: SELECT * FROM `t_admin` WHERE `password` = '1c63129ae9db9c60c3e8aa94d3e00495' AND `name` = 'admin' LIMIT 1   [ RunTime:0.0095s ]
SQL: UPDATE `t_admin` SET `ip`='127.0.0.1',`addtime`='1451887286' WHERE `id` = 3 [ RunTime:0.0085s ]

[ 2016-01-04T14:01:27+08:00 ] 127.0.0.1 /Admin.html
INFO: [ app_init ] --START--
INFO: Run Behavior\BuildLiteBehavior [ RunTime:0.000013s ]
INFO: [ app_init ] --END-- [ RunTime:0.000404s ]
INFO: [ app_begin ] --START--
INFO: Run Behavior\ReadHtmlCacheBehavior [ RunTime:0.000594s ]
INFO: [ app_begin ] --END-- [ RunTime:0.000646s ]
SQL: SHOW COLUMNS FROM `t_admin` [ RunTime:0.0096s ]
SQL: SELECT t_admin.name,t_role.name as title FROM `t_admin` left join t_role_user on t_role_user.user_id = t_admin.id left join t_role on t_role.id = t_role_user.role_id  WHERE ( t_admin.id = 3 ) LIMIT 1   [ RunTime:0.0117s ]
INFO: [ view_parse ] --START--
INFO: [ template_filter ] --START--
INFO: Run Behavior\ContentReplaceBehavior [ RunTime:0.000071s ]
INFO: [ template_filter ] --END-- [ RunTime:0.000127s ]
INFO: Run Behavior\ParseTemplateBehavior [ RunTime:0.008332s ]
INFO: [ view_parse ] --END-- [ RunTime:0.008391s ]
INFO: [ view_filter ] --START--
INFO: Run Behavior\WriteHtmlCacheBehavior [ RunTime:0.000456s ]
INFO: [ view_filter ] --END-- [ RunTime:0.000500s ]
INFO: [ app_end ] --START--
INFO: Run Behavior\ShowPageTraceBehavior [ RunTime:0.000639s ]
INFO: [ app_end ] --END-- [ RunTime:0.000682s ]

[ 2016-01-04T14:01:27+08:00 ] 127.0.0.1 /Public/admin/logo.png
INFO: [ app_init ] --START--
INFO: Run Behavior\BuildLiteBehavior [ RunTime:0.000013s ]
INFO: [ app_init ] --END-- [ RunTime:0.000418s ]

[ 2016-01-04T14:01:27+08:00 ] 127.0.0.1 /Admin/Index/center
INFO: [ app_init ] --START--
INFO: Run Behavior\BuildLiteBehavior [ RunTime:0.000020s ]
INFO: [ app_init ] --END-- [ RunTime:0.000567s ]
INFO: [ app_begin ] --START--
INFO: Run Behavior\ReadHtmlCacheBehavior [ RunTime:0.000781s ]
INFO: [ app_begin ] --END-- [ RunTime:0.000873s ]
SQL: SHOW COLUMNS FROM `t_admin` [ RunTime:0.0134s ]
SQL: SHOW COLUMNS FROM `t_base` [ RunTime:0.0123s ]
SQL: SELECT * FROM `t_admin` WHERE `id` = 3 LIMIT 1   [ RunTime:0.0117s ]
SQL: SELECT * FROM `t_base` WHERE `id` = 1 LIMIT 1   [ RunTime:0.0122s ]
INFO: [ view_parse ] --START--
INFO: [ template_filter ] --START--
INFO: Run Behavior\ContentReplaceBehavior [ RunTime:0.000040s ]
INFO: [ template_filter ] --END-- [ RunTime:0.000093s ]
INFO: Run Behavior\ParseTemplateBehavior [ RunTime:0.007063s ]
INFO: [ view_parse ] --END-- [ RunTime:0.007122s ]
INFO: [ view_filter ] --START--
INFO: Run Behavior\WriteHtmlCacheBehavior [ RunTime:0.000410s ]
INFO: [ view_filter ] --END-- [ RunTime:0.000452s ]
INFO: [ app_end ] --START--
INFO: Run Behavior\ShowPageTraceBehavior [ RunTime:0.000594s ]
INFO: [ app_end ] --END-- [ RunTime:0.000637s ]

[ 2016-01-04T14:01:27+08:00 ] 127.0.0.1 /Admin/Nav/nav
INFO: [ app_init ] --START--
INFO: Run Behavior\BuildLiteBehavior [ RunTime:0.000019s ]
INFO: [ app_init ] --END-- [ RunTime:0.000608s ]
INFO: [ app_begin ] --START--
INFO: Run Behavior\ReadHtmlCacheBehavior [ RunTime:0.000807s ]
INFO: [ app_begin ] --END-- [ RunTime:0.000892s ]
SQL: SHOW COLUMNS FROM `t_nav` [ RunTime:0.0132s ]
SQL: SHOW COLUMNS FROM `t_nav` [ RunTime:0.0128s ]
SQL: SHOW COLUMNS FROM `t_access` [ RunTime:0.0125s ]
SQL: SELECT * FROM `t_nav` WHERE `bid` = 0 AND `state` = 1 AND `level` <> 3 ORDER BY id asc  [ RunTime:0.0108s ]
SQL: SELECT * FROM `t_nav` WHERE `bid` = 1 AND `state` = 1 AND `level` <> 3 ORDER BY id asc  [ RunTime:0.0103s ]
SQL: SELECT * FROM `t_nav` WHERE `bid` = 2 AND `state` = 1 AND `level` <> 3 ORDER BY id asc  [ RunTime:0.0146s ]
SQL: SELECT * FROM `t_nav` WHERE `bid` = 158 AND `state` = 1 AND `level` <> 3 ORDER BY id asc  [ RunTime:0.0104s ]
SQL: SELECT * FROM `t_nav` WHERE `bid` = 159 AND `state` = 1 AND `level` <> 3 ORDER BY id asc  [ RunTime:0.0087s ]
SQL: SELECT * FROM `t_nav` WHERE `bid` = 342 AND `state` = 1 AND `level` <> 3 ORDER BY id asc  [ RunTime:0.0108s ]
SQL: SELECT * FROM `t_nav` WHERE `bid` = 167 AND `state` = 1 AND `level` <> 3 ORDER BY id asc  [ RunTime:0.0119s ]
SQL: SELECT * FROM `t_nav` WHERE `bid` = 169 AND `state` = 1 AND `level` <> 3 ORDER BY id asc  [ RunTime:0.0104s ]
SQL: SELECT * FROM `t_nav` WHERE `bid` = 204 AND `state` = 1 AND `level` <> 3 ORDER BY id asc  [ RunTime:0.0103s ]
SQL: SELECT * FROM `t_nav` WHERE `bid` = 205 AND `state` = 1 AND `level` <> 3 ORDER BY id asc  [ RunTime:0.0115s ]
SQL: SELECT * FROM `t_nav` WHERE `bid` = 207 AND `state` = 1 AND `level` <> 3 ORDER BY id asc  [ RunTime:0.0126s ]
SQL: SELECT * FROM `t_nav` WHERE `bid` = 208 AND `state` = 1 AND `level` <> 3 ORDER BY id asc  [ RunTime:0.0120s ]
SQL: SELECT * FROM `t_nav` WHERE `bid` = 380 AND `state` = 1 AND `level` <> 3 ORDER BY id asc  [ RunTime:0.0122s ]
SQL: SELECT * FROM `t_nav` WHERE `bid` = 381 AND `state` = 1 AND `level` <> 3 ORDER BY id asc  [ RunTime:0.0112s ]
SQL: SELECT * FROM `t_nav` WHERE `bid` = 445 AND `state` = 1 AND `level` <> 3 ORDER BY id asc  [ RunTime:0.0123s ]
SQL: SELECT * FROM `t_nav` WHERE `bid` = 450 AND `state` = 1 AND `level` <> 3 ORDER BY id asc  [ RunTime:0.0105s ]
SQL: SELECT * FROM `t_nav` WHERE `bid` = 3 AND `state` = 1 AND `level` <> 3 ORDER BY id asc  [ RunTime:0.0091s ]
SQL: SELECT * FROM `t_nav` WHERE `bid` = 4 AND `state` = 1 AND `level` <> 3 ORDER BY id asc  [ RunTime:0.0088s ]
SQL: SELECT * FROM `t_nav` WHERE `bid` = 173 AND `state` = 1 AND `level` <> 3 ORDER BY id asc  [ RunTime:0.0092s ]
SQL: SELECT * FROM `t_nav` WHERE `bid` = 174 AND `state` = 1 AND `level` <> 3 ORDER BY id asc  [ RunTime:0.0117s ]
SQL: SELECT * FROM `t_nav` WHERE `bid` = 438 AND `state` = 1 AND `level` <> 3 ORDER BY id asc  [ RunTime:0.0157s ]
SQL: SELECT * FROM `t_nav` WHERE `bid` = 439 AND `state` = 1 AND `level` <> 3 ORDER BY id asc  [ RunTime:0.0102s ]
SQL: SELECT * FROM `t_nav` WHERE `bid` = 5 AND `state` = 1 AND `level` <> 3 ORDER BY id asc  [ RunTime:0.0147s ]
SQL: SELECT * FROM `t_nav` WHERE `bid` = 6 AND `state` = 1 AND `level` <> 3 ORDER BY id asc  [ RunTime:0.0145s ]
SQL: SELECT * FROM `t_nav` WHERE `bid` = 187 AND `state` = 1 AND `level` <> 3 ORDER BY id asc  [ RunTime:0.0112s ]
SQL: SELECT * FROM `t_nav` WHERE `bid` = 188 AND `state` = 1 AND `level` <> 3 ORDER BY id asc  [ RunTime:0.0109s ]
SQL: SELECT * FROM `t_nav` WHERE `bid` = 7 AND `state` = 1 AND `level` <> 3 ORDER BY id asc  [ RunTime:0.0092s ]
SQL: SELECT * FROM `t_nav` WHERE `bid` = 8 AND `state` = 1 AND `level` <> 3 ORDER BY id asc  [ RunTime:0.0129s ]
SQL: SELECT * FROM `t_nav` WHERE `bid` = 209 AND `state` = 1 AND `level` <> 3 ORDER BY id asc  [ RunTime:0.0136s ]
SQL: SELECT * FROM `t_nav` WHERE `bid` = 210 AND `state` = 1 AND `level` <> 3 ORDER BY id asc  [ RunTime:0.0113s ]
SQL: SELECT * FROM `t_nav` WHERE `bid` = 243 AND `state` = 1 AND `level` <> 3 ORDER BY id asc  [ RunTime:0.0108s ]
SQL: SELECT * FROM `t_nav` WHERE `bid` = 320 AND `state` = 1 AND `level` <> 3 ORDER BY id asc  [ RunTime:0.0100s ]
INFO: [ app_end ] --START--
INFO: Run Behavior\ShowPageTraceBehavior [ RunTime:0.001040s ]
INFO: [ app_end ] --END-- [ RunTime:0.001112s ]

[ 2016-01-04T14:01:31+08:00 ] 127.0.0.1 /Admin/Groups
INFO: [ app_init ] --START--
INFO: Run Behavior\BuildLiteBehavior [ RunTime:0.000019s ]
INFO: [ app_init ] --END-- [ RunTime:0.000547s ]
INFO: [ app_begin ] --START--
INFO: Run Behavior\ReadHtmlCacheBehavior [ RunTime:0.000661s ]
INFO: [ app_begin ] --END-- [ RunTime:0.000729s ]
SQL: SHOW COLUMNS FROM `t_groups` [ RunTime:0.0099s ]
NOTIC: [8] Undefined variable: data D:\wamp\www\qb\Application\Admin\Controller\GroupsController.class.php 第 18 行.
SQL: SELECT COUNT(*) AS tp_count FROM `t_groups` LIMIT 1   [ RunTime:0.0240s ]
NOTIC: [8] Undefined variable: data D:\wamp\www\qb\Application\Admin\Controller\GroupsController.class.php 第 24 行.
SQL: SELECT t_groups.*,t_user.username,t_user.phone FROM `t_groups` left join t_user on t_user.id = t_groups.uid  ORDER BY state asc,id desc LIMIT 0,15   [ RunTime:0.0097s ]
INFO: [ view_parse ] --START--
INFO: [ template_filter ] --START--
INFO: Run Behavior\ContentReplaceBehavior [ RunTime:0.000052s ]
INFO: [ template_filter ] --END-- [ RunTime:0.000120s ]
NOTIC: [8] Undefined variable: verify D:\wamp\www\qb\Application\Runtime\Cache\Admin\4327f01a89f25b0c940a04bc5fd19293.php 第 39 行.
NOTIC: [8] Undefined variable: verify D:\wamp\www\qb\Application\Runtime\Cache\Admin\4327f01a89f25b0c940a04bc5fd19293.php 第 40 行.
NOTIC: [8] Undefined variable: verify D:\wamp\www\qb\Application\Runtime\Cache\Admin\4327f01a89f25b0c940a04bc5fd19293.php 第 41 行.
NOTIC: [8] Undefined variable: verify D:\wamp\www\qb\Application\Runtime\Cache\Admin\4327f01a89f25b0c940a04bc5fd19293.php 第 42 行.
NOTIC: [8] Undefined variable: verify D:\wamp\www\qb\Application\Runtime\Cache\Admin\4327f01a89f25b0c940a04bc5fd19293.php 第 43 行.
NOTIC: [8] Use of undefined constant type - assumed 'type' D:\wamp\www\qb\Application\Runtime\Cache\Admin\4327f01a89f25b0c940a04bc5fd19293.php 第 73 行.
NOTIC: [8] Undefined index: ord D:\wamp\www\qb\Application\Runtime\Cache\Admin\4327f01a89f25b0c940a04bc5fd19293.php 第 76 行.
NOTIC: [8] Use of undefined constant istop - assumed 'istop' D:\wamp\www\qb\Application\Runtime\Cache\Admin\4327f01a89f25b0c940a04bc5fd19293.php 第 80 行.
NOTIC: [8] Undefined index: istop D:\wamp\www\qb\Application\Runtime\Cache\Admin\4327f01a89f25b0c940a04bc5fd19293.php 第 80 行.
NOTIC: [8] Use of undefined constant istop - assumed 'istop' D:\wamp\www\qb\Application\Runtime\Cache\Admin\4327f01a89f25b0c940a04bc5fd19293.php 第 80 行.
NOTIC: [8] Undefined index: istop D:\wamp\www\qb\Application\Runtime\Cache\Admin\4327f01a89f25b0c940a04bc5fd19293.php 第 80 行.
NOTIC: [8] Use of undefined constant istop - assumed 'istop' D:\wamp\www\qb\Application\Runtime\Cache\Admin\4327f01a89f25b0c940a04bc5fd19293.php 第 80 行.
NOTIC: [8] Undefined index: istop D:\wamp\www\qb\Application\Runtime\Cache\Admin\4327f01a89f25b0c940a04bc5fd19293.php 第 80 行.
NOTIC: [8] Use of undefined constant isred - assumed 'isred' D:\wamp\www\qb\Application\Runtime\Cache\Admin\4327f01a89f25b0c940a04bc5fd19293.php 第 81 行.
NOTIC: [8] Undefined index: isred D:\wamp\www\qb\Application\Runtime\Cache\Admin\4327f01a89f25b0c940a04bc5fd19293.php 第 81 行.
NOTIC: [8] Use of undefined constant isred - assumed 'isred' D:\wamp\www\qb\Application\Runtime\Cache\Admin\4327f01a89f25b0c940a04bc5fd19293.php 第 81 行.
NOTIC: [8] Undefined index: isred D:\wamp\www\qb\Application\Runtime\Cache\Admin\4327f01a89f25b0c940a04bc5fd19293.php 第 81 行.
NOTIC: [8] Use of undefined constant isred - assumed 'isred' D:\wamp\www\qb\Application\Runtime\Cache\Admin\4327f01a89f25b0c940a04bc5fd19293.php 第 81 行.
NOTIC: [8] Undefined index: isred D:\wamp\www\qb\Application\Runtime\Cache\Admin\4327f01a89f25b0c940a04bc5fd19293.php 第 81 行.
NOTIC: [8] Use of undefined constant state - assumed 'state' D:\wamp\www\qb\Application\Runtime\Cache\Admin\4327f01a89f25b0c940a04bc5fd19293.php 第 87 行.
NOTIC: [8] Use of undefined constant type - assumed 'type' D:\wamp\www\qb\Application\Runtime\Cache\Admin\4327f01a89f25b0c940a04bc5fd19293.php 第 73 行.
NOTIC: [8] Undefined index: ord D:\wamp\www\qb\Application\Runtime\Cache\Admin\4327f01a89f25b0c940a04bc5fd19293.php 第 76 行.
NOTIC: [8] Use of undefined constant istop - assumed 'istop' D:\wamp\www\qb\Application\Runtime\Cache\Admin\4327f01a89f25b0c940a04bc5fd19293.php 第 80 行.
NOTIC: [8] Undefined index: istop D:\wamp\www\qb\Application\Runtime\Cache\Admin\4327f01a89f25b0c940a04bc5fd19293.php 第 80 行.
NOTIC: [8] Use of undefined constant istop - assumed 'istop' D:\wamp\www\qb\Application\Runtime\Cache\Admin\4327f01a89f25b0c940a04bc5fd19293.php 第 80 行.
NOTIC: [8] Undefined index: istop D:\wamp\www\qb\Application\Runtime\Cache\Admin\4327f01a89f25b0c940a04bc5fd19293.php 第 80 行.
NOTIC: [8] Use of undefined constant istop - assumed 'istop' D:\wamp\www\qb\Application\Runtime\Cache\Admin\4327f01a89f25b0c940a04bc5fd19293.php 第 80 行.
NOTIC: [8] Undefined index: istop D:\wamp\www\qb\Application\Runtime\Cache\Admin\4327f01a89f25b0c940a04bc5fd19293.php 第 80 行.
NOTIC: [8] Use of undefined constant isred - assumed 'isred' D:\wamp\www\qb\Application\Runtime\Cache\Admin\4327f01a89f25b0c940a04bc5fd19293.php 第 81 行.
NOTIC: [8] Undefined index: isred D:\wamp\www\qb\Application\Runtime\Cache\Admin\4327f01a89f25b0c940a04bc5fd19293.php 第 81 行.
NOTIC: [8] Use of undefined constant isred - assumed 'isred' D:\wamp\www\qb\Application\Runtime\Cache\Admin\4327f01a89f25b0c940a04bc5fd19293.php 第 81 行.
NOTIC: [8] Undefined index: isred D:\wamp\www\qb\Application\Runtime\Cache\Admin\4327f01a89f25b0c940a04bc5fd19293.php 第 81 行.
NOTIC: [8] Use of undefined constant isred - assumed 'isred' D:\wamp\www\qb\Application\Runtime\Cache\Admin\4327f01a89f25b0c940a04bc5fd19293.php 第 81 行.
NOTIC: [8] Undefined index: isred D:\wamp\www\qb\Application\Runtime\Cache\Admin\4327f01a89f25b0c940a04bc5fd19293.php 第 81 行.
NOTIC: [8] Use of undefined constant state - assumed 'state' D:\wamp\www\qb\Application\Runtime\Cache\Admin\4327f01a89f25b0c940a04bc5fd19293.php 第 87 行.
NOTIC: [8] Use of undefined constant type - assumed 'type' D:\wamp\www\qb\Application\Runtime\Cache\Admin\4327f01a89f25b0c940a04bc5fd19293.php 第 73 行.
NOTIC: [8] Undefined index: ord D:\wamp\www\qb\Application\Runtime\Cache\Admin\4327f01a89f25b0c940a04bc5fd19293.php 第 76 行.
NOTIC: [8] Use of undefined constant istop - assumed 'istop' D:\wamp\www\qb\Application\Runtime\Cache\Admin\4327f01a89f25b0c940a04bc5fd19293.php 第 80 行.
NOTIC: [8] Undefined index: istop D:\wamp\www\qb\Application\Runtime\Cache\Admin\4327f01a89f25b0c940a04bc5fd19293.php 第 80 行.
NOTIC: [8] Use of undefined constant istop - assumed 'istop' D:\wamp\www\qb\Application\Runtime\Cache\Admin\4327f01a89f25b0c940a04bc5fd19293.php 第 80 行.
NOTIC: [8] Undefined index: istop D:\wamp\www\qb\Application\Runtime\Cache\Admin\4327f01a89f25b0c940a04bc5fd19293.php 第 80 行.
NOTIC: [8] Use of undefined constant istop - assumed 'istop' D:\wamp\www\qb\Application\Runtime\Cache\Admin\4327f01a89f25b0c940a04bc5fd19293.php 第 80 行.
NOTIC: [8] Undefined index: istop D:\wamp\www\qb\Application\Runtime\Cache\Admin\4327f01a89f25b0c940a04bc5fd19293.php 第 80 行.
NOTIC: [8] Use of undefined constant isred - assumed 'isred' D:\wamp\www\qb\Application\Runtime\Cache\Admin\4327f01a89f25b0c940a04bc5fd19293.php 第 81 行.
NOTIC: [8] Undefined index: isred D:\wamp\www\qb\Application\Runtime\Cache\Admin\4327f01a89f25b0c940a04bc5fd19293.php 第 81 行.
NOTIC: [8] Use of undefined constant isred - assumed 'isred' D:\wamp\www\qb\Application\Runtime\Cache\Admin\4327f01a89f25b0c940a04bc5fd19293.php 第 81 行.
NOTIC: [8] Undefined index: isred D:\wamp\www\qb\Application\Runtime\Cache\Admin\4327f01a89f25b0c940a04bc5fd19293.php 第 81 行.
NOTIC: [8] Use of undefined constant isred - assumed 'isred' D:\wamp\www\qb\Application\Runtime\Cache\Admin\4327f01a89f25b0c940a04bc5fd19293.php 第 81 行.
NOTIC: [8] Undefined index: isred D:\wamp\www\qb\Application\Runtime\Cache\Admin\4327f01a89f25b0c940a04bc5fd19293.php 第 81 行.
NOTIC: [8] Use of undefined constant state - assumed 'state' D:\wamp\www\qb\Application\Runtime\Cache\Admin\4327f01a89f25b0c940a04bc5fd19293.php 第 87 行.
NOTIC: [8] Use of undefined constant type - assumed 'type' D:\wamp\www\qb\Application\Runtime\Cache\Admin\4327f01a89f25b0c940a04bc5fd19293.php 第 73 行.
NOTIC: [8] Undefined index: ord D:\wamp\www\qb\Application\Runtime\Cache\Admin\4327f01a89f25b0c940a04bc5fd19293.php 第 76 行.
NOTIC: [8] Use of undefined constant istop - assumed 'istop' D:\wamp\www\qb\Application\Runtime\Cache\Admin\4327f01a89f25b0c940a04bc5fd19293.php 第 80 行.
NOTIC: [8] Undefined index: istop D:\wamp\www\qb\Application\Runtime\Cache\Admin\4327f01a89f25b0c940a04bc5fd19293.php 第 80 行.
NOTIC: [8] Use of undefined constant istop - assumed 'istop' D:\wamp\www\qb\Application\Runtime\Cache\Admin\4327f01a89f25b0c940a04bc5fd19293.php 第 80 行.
NOTIC: [8] Undefined index: istop D:\wamp\www\qb\Application\Runtime\Cache\Admin\4327f01a89f25b0c940a04bc5fd19293.php 第 80 行.
NOTIC: [8] Use of undefined constant istop - assumed 'istop' D:\wamp\www\qb\Application\Runtime\Cache\Admin\4327f01a89f25b0c940a04bc5fd19293.php 第 80 行.
NOTIC: [8] Undefined index: istop D:\wamp\www\qb\Application\Runtime\Cache\Admin\4327f01a89f25b0c940a04bc5fd19293.php 第 80 行.
NOTIC: [8] Use of undefined constant isred - assumed 'isred' D:\wamp\www\qb\Application\Runtime\Cache\Admin\4327f01a89f25b0c940a04bc5fd19293.php 第 81 行.
NOTIC: [8] Undefined index: isred D:\wamp\www\qb\Application\Runtime\Cache\Admin\4327f01a89f25b0c940a04bc5fd19293.php 第 81 行.
NOTIC: [8] Use of undefined constant isred - assumed 'isred' D:\wamp\www\qb\Application\Runtime\Cache\Admin\4327f01a89f25b0c940a04bc5fd19293.php 第 81 行.
NOTIC: [8] Undefined index: isred D:\wamp\www\qb\Application\Runtime\Cache\Admin\4327f01a89f25b0c940a04bc5fd19293.php 第 81 行.
NOTIC: [8] Use of undefined constant isred - assumed 'isred' D:\wamp\www\qb\Application\Runtime\Cache\Admin\4327f01a89f25b0c940a04bc5fd19293.php 第 81 行.
NOTIC: [8] Undefined index: isred D:\wamp\www\qb\Application\Runtime\Cache\Admin\4327f01a89f25b0c940a04bc5fd19293.php 第 81 行.
NOTIC: [8] Use of undefined constant state - assumed 'state' D:\wamp\www\qb\Application\Runtime\Cache\Admin\4327f01a89f25b0c940a04bc5fd19293.php 第 87 行.
NOTIC: [8] Use of undefined constant type - assumed 'type' D:\wamp\www\qb\Application\Runtime\Cache\Admin\4327f01a89f25b0c940a04bc5fd19293.php 第 73 行.
NOTIC: [8] Undefined index: ord D:\wamp\www\qb\Application\Runtime\Cache\Admin\4327f01a89f25b0c940a04bc5fd19293.php 第 76 行.
NOTIC: [8] Use of undefined constant istop - assumed 'istop' D:\wamp\www\qb\Application\Runtime\Cache\Admin\4327f01a89f25b0c940a04bc5fd19293.php 第 80 行.
NOTIC: [8] Undefined index: istop D:\wamp\www\qb\Application\Runtime\Cache\Admin\4327f01a89f25b0c940a04bc5fd19293.php 第 80 行.
NOTIC: [8] Use of undefined constant istop - assumed 'istop' D:\wamp\www\qb\Application\Runtime\Cache\Admin\4327f01a89f25b0c940a04bc5fd19293.php 第 80 行.
NOTIC: [8] Undefined index: istop D:\wamp\www\qb\Application\Runtime\Cache\Admin\4327f01a89f25b0c940a04bc5fd19293.php 第 80 行.
NOTIC: [8] Use of undefined constant istop - assumed 'istop' D:\wamp\www\qb\Application\Runtime\Cache\Admin\4327f01a89f25b0c940a04bc5fd19293.php 第 80 行.
NOTIC: [8] Undefined index: istop D:\wamp\www\qb\Application\Runtime\Cache\Admin\4327f01a89f25b0c940a04bc5fd19293.php 第 80 行.
NOTIC: [8] Use of undefined constant isred - assumed 'isred' D:\wamp\www\qb\Application\Runtime\Cache\Admin\4327f01a89f25b0c940a04bc5fd19293.php 第 81 行.
NOTIC: [8] Undefined index: isred D:\wamp\www\qb\Application\Runtime\Cache\Admin\4327f01a89f25b0c940a04bc5fd19293.php 第 81 行.
NOTIC: [8] Use of undefined constant isred - assumed 'isred' D:\wamp\www\qb\Application\Runtime\Cache\Admin\4327f01a89f25b0c940a04bc5fd19293.php 第 81 行.
NOTIC: [8] Undefined index: isred D:\wamp\www\qb\Application\Runtime\Cache\Admin\4327f01a89f25b0c940a04bc5fd19293.php 第 81 行.
NOTIC: [8] Use of undefined constant isred - assumed 'isred' D:\wamp\www\qb\Application\Runtime\Cache\Admin\4327f01a89f25b0c940a04bc5fd19293.php 第 81 行.
NOTIC: [8] Undefined index: isred D:\wamp\www\qb\Application\Runtime\Cache\Admin\4327f01a89f25b0c940a04bc5fd19293.php 第 81 行.
NOTIC: [8] Use of undefined constant state - assumed 'state' D:\wamp\www\qb\Application\Runtime\Cache\Admin\4327f01a89f25b0c940a04bc5fd19293.php 第 87 行.
INFO: Run Behavior\ParseTemplateBehavior [ RunTime:0.012614s ]
INFO: [ view_parse ] --END-- [ RunTime:0.012695s ]
INFO: [ view_filter ] --START--
INFO: Run Behavior\WriteHtmlCacheBehavior [ RunTime:0.000526s ]
INFO: [ view_filter ] --END-- [ RunTime:0.000590s ]
INFO: [ app_end ] --START--
INFO: Run Behavior\ShowPageTraceBehavior [ RunTime:0.000701s ]
INFO: [ app_end ] --END-- [ RunTime:0.000763s ]

[ 2016-01-04T14:01:42+08:00 ] 127.0.0.1 /Admin/Groups/state/id/390
INFO: [ app_init ] --START--
INFO: Run Behavior\BuildLiteBehavior [ RunTime:0.000013s ]
INFO: [ app_init ] --END-- [ RunTime:0.000461s ]
INFO: [ app_begin ] --START--
INFO: Run Behavior\ReadHtmlCacheBehavior [ RunTime:0.000606s ]
INFO: [ app_begin ] --END-- [ RunTime:0.000658s ]
SQL: SHOW COLUMNS FROM `t_groups` [ RunTime:0.0116s ]
SQL: UPDATE `t_groups` SET `state`='2' WHERE `id` = 390 [ RunTime:0.0097s ]
SQL: SELECT * FROM `t_groups` WHERE `id` = 390 LIMIT 1   [ RunTime:0.0120s ]
SQL: SHOW COLUMNS FROM `t_user` [ RunTime:0.0110s ]
SQL: SELECT * FROM `t_user` WHERE `id` = 111197 LIMIT 1   [ RunTime:0.0099s ]
SQL: SHOW COLUMNS FROM `t_groupuser` [ RunTime:0.0458s ]
SQL: INSERT INTO `t_groupuser` (`group_id`,`username`,`user_id`,`level`,`addtime`) VALUES ('390','雨神','111197','5','1451887302') [ RunTime:0.0171s ]

[ 2016-01-04T14:01:43+08:00 ] 127.0.0.1 /Admin/Groups
INFO: [ app_init ] --START--
INFO: Run Behavior\BuildLiteBehavior [ RunTime:0.000013s ]
INFO: [ app_init ] --END-- [ RunTime:0.000465s ]
INFO: [ app_begin ] --START--
INFO: Run Behavior\ReadHtmlCacheBehavior [ RunTime:0.000611s ]
INFO: [ app_begin ] --END-- [ RunTime:0.000665s ]
SQL: SHOW COLUMNS FROM `t_groups` [ RunTime:0.0128s ]
NOTIC: [8] Undefined variable: data D:\wamp\www\qb\Application\Admin\Controller\GroupsController.class.php 第 18 行.
SQL: SELECT COUNT(*) AS tp_count FROM `t_groups` LIMIT 1   [ RunTime:0.0085s ]
NOTIC: [8] Undefined variable: data D:\wamp\www\qb\Application\Admin\Controller\GroupsController.class.php 第 24 行.
SQL: SELECT t_groups.*,t_user.username,t_user.phone FROM `t_groups` left join t_user on t_user.id = t_groups.uid  ORDER BY state asc,id desc LIMIT 0,15   [ RunTime:0.0098s ]
INFO: [ view_parse ] --START--
INFO: [ template_filter ] --START--
INFO: Run Behavior\ContentReplaceBehavior [ RunTime:0.000074s ]
INFO: [ template_filter ] --END-- [ RunTime:0.000210s ]
NOTIC: [8] Undefined variable: verify D:\wamp\www\qb\Application\Runtime\Cache\Admin\4327f01a89f25b0c940a04bc5fd19293.php 第 39 行.
NOTIC: [8] Undefined variable: verify D:\wamp\www\qb\Application\Runtime\Cache\Admin\4327f01a89f25b0c940a04bc5fd19293.php 第 40 行.
NOTIC: [8] Undefined variable: verify D:\wamp\www\qb\Application\Runtime\Cache\Admin\4327f01a89f25b0c940a04bc5fd19293.php 第 41 行.
NOTIC: [8] Undefined variable: verify D:\wamp\www\qb\Application\Runtime\Cache\Admin\4327f01a89f25b0c940a04bc5fd19293.php 第 42 行.
NOTIC: [8] Undefined variable: verify D:\wamp\www\qb\Application\Runtime\Cache\Admin\4327f01a89f25b0c940a04bc5fd19293.php 第 43 行.
NOTIC: [8] Use of undefined constant type - assumed 'type' D:\wamp\www\qb\Application\Runtime\Cache\Admin\4327f01a89f25b0c940a04bc5fd19293.php 第 73 行.
NOTIC: [8] Undefined index: ord D:\wamp\www\qb\Application\Runtime\Cache\Admin\4327f01a89f25b0c940a04bc5fd19293.php 第 76 行.
NOTIC: [8] Use of undefined constant istop - assumed 'istop' D:\wamp\www\qb\Application\Runtime\Cache\Admin\4327f01a89f25b0c940a04bc5fd19293.php 第 80 行.
NOTIC: [8] Undefined index: istop D:\wamp\www\qb\Application\Runtime\Cache\Admin\4327f01a89f25b0c940a04bc5fd19293.php 第 80 行.
NOTIC: [8] Use of undefined constant istop - assumed 'istop' D:\wamp\www\qb\Application\Runtime\Cache\Admin\4327f01a89f25b0c940a04bc5fd19293.php 第 80 行.
NOTIC: [8] Undefined index: istop D:\wamp\www\qb\Application\Runtime\Cache\Admin\4327f01a89f25b0c940a04bc5fd19293.php 第 80 行.
NOTIC: [8] Use of undefined constant istop - assumed 'istop' D:\wamp\www\qb\Application\Runtime\Cache\Admin\4327f01a89f25b0c940a04bc5fd19293.php 第 80 行.
NOTIC: [8] Undefined index: istop D:\wamp\www\qb\Application\Runtime\Cache\Admin\4327f01a89f25b0c940a04bc5fd19293.php 第 80 行.
NOTIC: [8] Use of undefined constant isred - assumed 'isred' D:\wamp\www\qb\Application\Runtime\Cache\Admin\4327f01a89f25b0c940a04bc5fd19293.php 第 81 行.
NOTIC: [8] Undefined index: isred D:\wamp\www\qb\Application\Runtime\Cache\Admin\4327f01a89f25b0c940a04bc5fd19293.php 第 81 行.
NOTIC: [8] Use of undefined constant isred - assumed 'isred' D:\wamp\www\qb\Application\Runtime\Cache\Admin\4327f01a89f25b0c940a04bc5fd19293.php 第 81 行.
NOTIC: [8] Undefined index: isred D:\wamp\www\qb\Application\Runtime\Cache\Admin\4327f01a89f25b0c940a04bc5fd19293.php 第 81 行.
NOTIC: [8] Use of undefined constant isred - assumed 'isred' D:\wamp\www\qb\Application\Runtime\Cache\Admin\4327f01a89f25b0c940a04bc5fd19293.php 第 81 行.
NOTIC: [8] Undefined index: isred D:\wamp\www\qb\Application\Runtime\Cache\Admin\4327f01a89f25b0c940a04bc5fd19293.php 第 81 行.
NOTIC: [8] Use of undefined constant state - assumed 'state' D:\wamp\www\qb\Application\Runtime\Cache\Admin\4327f01a89f25b0c940a04bc5fd19293.php 第 87 行.
NOTIC: [8] Use of undefined constant type - assumed 'type' D:\wamp\www\qb\Application\Runtime\Cache\Admin\4327f01a89f25b0c940a04bc5fd19293.php 第 73 行.
NOTIC: [8] Undefined index: ord D:\wamp\www\qb\Application\Runtime\Cache\Admin\4327f01a89f25b0c940a04bc5fd19293.php 第 76 行.
NOTIC: [8] Use of undefined constant istop - assumed 'istop' D:\wamp\www\qb\Application\Runtime\Cache\Admin\4327f01a89f25b0c940a04bc5fd19293.php 第 80 行.
NOTIC: [8] Undefined index: istop D:\wamp\www\qb\Application\Runtime\Cache\Admin\4327f01a89f25b0c940a04bc5fd19293.php 第 80 行.
NOTIC: [8] Use of undefined constant istop - assumed 'istop' D:\wamp\www\qb\Application\Runtime\Cache\Admin\4327f01a89f25b0c940a04bc5fd19293.php 第 80 行.
NOTIC: [8] Undefined index: istop D:\wamp\www\qb\Application\Runtime\Cache\Admin\4327f01a89f25b0c940a04bc5fd19293.php 第 80 行.
NOTIC: [8] Use of undefined constant istop - assumed 'istop' D:\wamp\www\qb\Application\Runtime\Cache\Admin\4327f01a89f25b0c940a04bc5fd19293.php 第 80 行.
NOTIC: [8] Undefined index: istop D:\wamp\www\qb\Application\Runtime\Cache\Admin\4327f01a89f25b0c940a04bc5fd19293.php 第 80 行.
NOTIC: [8] Use of undefined constant isred - assumed 'isred' D:\wamp\www\qb\Application\Runtime\Cache\Admin\4327f01a89f25b0c940a04bc5fd19293.php 第 81 行.
NOTIC: [8] Undefined index: isred D:\wamp\www\qb\Application\Runtime\Cache\Admin\4327f01a89f25b0c940a04bc5fd19293.php 第 81 行.
NOTIC: [8] Use of undefined constant isred - assumed 'isred' D:\wamp\www\qb\Application\Runtime\Cache\Admin\4327f01a89f25b0c940a04bc5fd19293.php 第 81 行.
NOTIC: [8] Undefined index: isred D:\wamp\www\qb\Application\Runtime\Cache\Admin\4327f01a89f25b0c940a04bc5fd19293.php 第 81 行.
NOTIC: [8] Use of undefined constant isred - assumed 'isred' D:\wamp\www\qb\Application\Runtime\Cache\Admin\4327f01a89f25b0c940a04bc5fd19293.php 第 81 行.
NOTIC: [8] Undefined index: isred D:\wamp\www\qb\Application\Runtime\Cache\Admin\4327f01a89f25b0c940a04bc5fd19293.php 第 81 行.
NOTIC: [8] Use of undefined constant state - assumed 'state' D:\wamp\www\qb\Application\Runtime\Cache\Admin\4327f01a89f25b0c940a04bc5fd19293.php 第 87 行.
NOTIC: [8] Use of undefined constant type - assumed 'type' D:\wamp\www\qb\Application\Runtime\Cache\Admin\4327f01a89f25b0c940a04bc5fd19293.php 第 73 行.
NOTIC: [8] Undefined index: ord D:\wamp\www\qb\Application\Runtime\Cache\Admin\4327f01a89f25b0c940a04bc5fd19293.php 第 76 行.
NOTIC: [8] Use of undefined constant istop - assumed 'istop' D:\wamp\www\qb\Application\Runtime\Cache\Admin\4327f01a89f25b0c940a04bc5fd19293.php 第 80 行.
NOTIC: [8] Undefined index: istop D:\wamp\www\qb\Application\Runtime\Cache\Admin\4327f01a89f25b0c940a04bc5fd19293.php 第 80 行.
NOTIC: [8] Use of undefined constant istop - assumed 'istop' D:\wamp\www\qb\Application\Runtime\Cache\Admin\4327f01a89f25b0c940a04bc5fd19293.php 第 80 行.
NOTIC: [8] Undefined index: istop D:\wamp\www\qb\Application\Runtime\Cache\Admin\4327f01a89f25b0c940a04bc5fd19293.php 第 80 行.
NOTIC: [8] Use of undefined constant istop - assumed 'istop' D:\wamp\www\qb\Application\Runtime\Cache\Admin\4327f01a89f25b0c940a04bc5fd19293.php 第 80 行.
NOTIC: [8] Undefined index: istop D:\wamp\www\qb\Application\Runtime\Cache\Admin\4327f01a89f25b0c940a04bc5fd19293.php 第 80 行.
NOTIC: [8] Use of undefined constant isred - assumed 'isred' D:\wamp\www\qb\Application\Runtime\Cache\Admin\4327f01a89f25b0c940a04bc5fd19293.php 第 81 行.
NOTIC: [8] Undefined index: isred D:\wamp\www\qb\Application\Runtime\Cache\Admin\4327f01a89f25b0c940a04bc5fd19293.php 第 81 行.
NOTIC: [8] Use of undefined constant isred - assumed 'isred' D:\wamp\www\qb\Application\Runtime\Cache\Admin\4327f01a89f25b0c940a04bc5fd19293.php 第 81 行.
NOTIC: [8] Undefined index: isred D:\wamp\www\qb\Application\Runtime\Cache\Admin\4327f01a89f25b0c940a04bc5fd19293.php 第 81 行.
NOTIC: [8] Use of undefined constant isred - assumed 'isred' D:\wamp\www\qb\Application\Runtime\Cache\Admin\4327f01a89f25b0c940a04bc5fd19293.php 第 81 行.
NOTIC: [8] Undefined index: isred D:\wamp\www\qb\Application\Runtime\Cache\Admin\4327f01a89f25b0c940a04bc5fd19293.php 第 81 行.
NOTIC: [8] Use of undefined constant state - assumed 'state' D:\wamp\www\qb\Application\Runtime\Cache\Admin\4327f01a89f25b0c940a04bc5fd19293.php 第 87 行.
NOTIC: [8] Use of undefined constant type - assumed 'type' D:\wamp\www\qb\Application\Runtime\Cache\Admin\4327f01a89f25b0c940a04bc5fd19293.php 第 73 行.
NOTIC: [8] Undefined index: ord D:\wamp\www\qb\Application\Runtime\Cache\Admin\4327f01a89f25b0c940a04bc5fd19293.php 第 76 行.
NOTIC: [8] Use of undefined constant istop - assumed 'istop' D:\wamp\www\qb\Application\Runtime\Cache\Admin\4327f01a89f25b0c940a04bc5fd19293.php 第 80 行.
NOTIC: [8] Undefined index: istop D:\wamp\www\qb\Application\Runtime\Cache\Admin\4327f01a89f25b0c940a04bc5fd19293.php 第 80 行.
NOTIC: [8] Use of undefined constant istop - assumed 'istop' D:\wamp\www\qb\Application\Runtime\Cache\Admin\4327f01a89f25b0c940a04bc5fd19293.php 第 80 行.
NOTIC: [8] Undefined index: istop D:\wamp\www\qb\Application\Runtime\Cache\Admin\4327f01a89f25b0c940a04bc5fd19293.php 第 80 行.
NOTIC: [8] Use of undefined constant istop - assumed 'istop' D:\wamp\www\qb\Application\Runtime\Cache\Admin\4327f01a89f25b0c940a04bc5fd19293.php 第 80 行.
NOTIC: [8] Undefined index: istop D:\wamp\www\qb\Application\Runtime\Cache\Admin\4327f01a89f25b0c940a04bc5fd19293.php 第 80 行.
NOTIC: [8] Use of undefined constant isred - assumed 'isred' D:\wamp\www\qb\Application\Runtime\Cache\Admin\4327f01a89f25b0c940a04bc5fd19293.php 第 81 行.
NOTIC: [8] Undefined index: isred D:\wamp\www\qb\Application\Runtime\Cache\Admin\4327f01a89f25b0c940a04bc5fd19293.php 第 81 行.
NOTIC: [8] Use of undefined constant isred - assumed 'isred' D:\wamp\www\qb\Application\Runtime\Cache\Admin\4327f01a89f25b0c940a04bc5fd19293.php 第 81 行.
NOTIC: [8] Undefined index: isred D:\wamp\www\qb\Application\Runtime\Cache\Admin\4327f01a89f25b0c940a04bc5fd19293.php 第 81 行.
NOTIC: [8] Use of undefined constant isred - assumed 'isred' D:\wamp\www\qb\Application\Runtime\Cache\Admin\4327f01a89f25b0c940a04bc5fd19293.php 第 81 行.
NOTIC: [8] Undefined index: isred D:\wamp\www\qb\Application\Runtime\Cache\Admin\4327f01a89f25b0c940a04bc5fd19293.php 第 81 行.
NOTIC: [8] Use of undefined constant state - assumed 'state' D:\wamp\www\qb\Application\Runtime\Cache\Admin\4327f01a89f25b0c940a04bc5fd19293.php 第 87 行.
NOTIC: [8] Use of undefined constant type - assumed 'type' D:\wamp\www\qb\Application\Runtime\Cache\Admin\4327f01a89f25b0c940a04bc5fd19293.php 第 73 行.
NOTIC: [8] Undefined index: ord D:\wamp\www\qb\Application\Runtime\Cache\Admin\4327f01a89f25b0c940a04bc5fd19293.php 第 76 行.
NOTIC: [8] Use of undefined constant istop - assumed 'istop' D:\wamp\www\qb\Application\Runtime\Cache\Admin\4327f01a89f25b0c940a04bc5fd19293.php 第 80 行.
NOTIC: [8] Undefined index: istop D:\wamp\www\qb\Application\Runtime\Cache\Admin\4327f01a89f25b0c940a04bc5fd19293.php 第 80 行.
NOTIC: [8] Use of undefined constant istop - assumed 'istop' D:\wamp\www\qb\Application\Runtime\Cache\Admin\4327f01a89f25b0c940a04bc5fd19293.php 第 80 行.
NOTIC: [8] Undefined index: istop D:\wamp\www\qb\Application\Runtime\Cache\Admin\4327f01a89f25b0c940a04bc5fd19293.php 第 80 行.
NOTIC: [8] Use of undefined constant istop - assumed 'istop' D:\wamp\www\qb\Application\Runtime\Cache\Admin\4327f01a89f25b0c940a04bc5fd19293.php 第 80 行.
NOTIC: [8] Undefined index: istop D:\wamp\www\qb\Application\Runtime\Cache\Admin\4327f01a89f25b0c940a04bc5fd19293.php 第 80 行.
NOTIC: [8] Use of undefined constant isred - assumed 'isred' D:\wamp\www\qb\Application\Runtime\Cache\Admin\4327f01a89f25b0c940a04bc5fd19293.php 第 81 行.
NOTIC: [8] Undefined index: isred D:\wamp\www\qb\Application\Runtime\Cache\Admin\4327f01a89f25b0c940a04bc5fd19293.php 第 81 行.
NOTIC: [8] Use of undefined constant isred - assumed 'isred' D:\wamp\www\qb\Application\Runtime\Cache\Admin\4327f01a89f25b0c940a04bc5fd19293.php 第 81 行.
NOTIC: [8] Undefined index: isred D:\wamp\www\qb\Application\Runtime\Cache\Admin\4327f01a89f25b0c940a04bc5fd19293.php 第 81 行.
NOTIC: [8] Use of undefined constant isred - assumed 'isred' D:\wamp\www\qb\Application\Runtime\Cache\Admin\4327f01a89f25b0c940a04bc5fd19293.php 第 81 行.
NOTIC: [8] Undefined index: isred D:\wamp\www\qb\Application\Runtime\Cache\Admin\4327f01a89f25b0c940a04bc5fd19293.php 第 81 行.
NOTIC: [8] Use of undefined constant state - assumed 'state' D:\wamp\www\qb\Application\Runtime\Cache\Admin\4327f01a89f25b0c940a04bc5fd19293.php 第 87 行.
INFO: Run Behavior\ParseTemplateBehavior [ RunTime:0.013320s ]
INFO: [ view_parse ] --END-- [ RunTime:0.013402s ]
INFO: [ view_filter ] --START--
INFO: Run Behavior\WriteHtmlCacheBehavior [ RunTime:0.000449s ]
INFO: [ view_filter ] --END-- [ RunTime:0.000493s ]
INFO: [ app_end ] --START--
INFO: Run Behavior\ShowPageTraceBehavior [ RunTime:0.000683s ]
INFO: [ app_end ] --END-- [ RunTime:0.000725s ]

[ 2016-01-04T14:01:48+08:00 ] 127.0.0.1 /Admin/Groups/edit/id/390
INFO: [ app_init ] --START--
INFO: Run Behavior\BuildLiteBehavior [ RunTime:0.000015s ]
INFO: [ app_init ] --END-- [ RunTime:0.000532s ]
INFO: [ app_begin ] --START--
INFO: Run Behavior\ReadHtmlCacheBehavior [ RunTime:0.000825s ]
INFO: [ app_begin ] --END-- [ RunTime:0.000903s ]
SQL: SHOW COLUMNS FROM `t_news` [ RunTime:0.0102s ]
SQL: SHOW COLUMNS FROM `t_group` [ RunTime:0.0109s ]
SQL: SHOW COLUMNS FROM `t_selfcity` [ RunTime:0.0082s ]
SQL: SHOW COLUMNS FROM `t_img` [ RunTime:0.0100s ]
SQL: SELECT * FROM `t_img` WHERE ( pid = 390 ) ORDER BY id asc  [ RunTime:0.0112s ]
SQL: SELECT * FROM `t_news` WHERE ( id = 390 ) LIMIT 1   [ RunTime:0.0097s ]
SQL: SELECT * FROM `t_group` WHERE ( pid = 0 )  [ RunTime:0.0142s ]
NOTIC: [8] Undefined index: gourpid D:\wamp\www\qb\Application\Admin\Controller\GroupsController.class.php 第 135 行.
SQL: SELECT * FROM `t_group` WHERE ( pid = '' )  [ RunTime:0.0094s ]
SQL: SELECT * FROM `t_selfcity` ORDER BY isred desc,id desc  [ RunTime:0.0097s ]
ERR: 模板不存在:./Application/Admin/View/Groups_edit.html

[ 2016-01-04T14:01:49+08:00 ] 127.0.0.1 /Admin/Groups
INFO: [ app_init ] --START--
INFO: Run Behavior\BuildLiteBehavior [ RunTime:0.000012s ]
INFO: [ app_init ] --END-- [ RunTime:0.000477s ]
INFO: [ app_begin ] --START--
INFO: Run Behavior\ReadHtmlCacheBehavior [ RunTime:0.001306s ]
INFO: [ app_begin ] --END-- [ RunTime:0.001411s ]
SQL: SHOW COLUMNS FROM `t_groups` [ RunTime:0.0134s ]
NOTIC: [8] Undefined variable: data D:\wamp\www\qb\Application\Admin\Controller\GroupsController.class.php 第 18 行.
SQL: SELECT COUNT(*) AS tp_count FROM `t_groups` LIMIT 1   [ RunTime:0.0090s ]
NOTIC: [8] Undefined variable: data D:\wamp\www\qb\Application\Admin\Controller\GroupsController.class.php 第 24 行.
SQL: SELECT t_groups.*,t_user.username,t_user.phone FROM `t_groups` left join t_user on t_user.id = t_groups.uid  ORDER BY state asc,id desc LIMIT 0,15   [ RunTime:0.0107s ]
INFO: [ view_parse ] --START--
INFO: [ template_filter ] --START--
INFO: Run Behavior\ContentReplaceBehavior [ RunTime:0.000046s ]
INFO: [ template_filter ] --END-- [ RunTime:0.000110s ]
NOTIC: [8] Undefined variable: verify D:\wamp\www\qb\Application\Runtime\Cache\Admin\4327f01a89f25b0c940a04bc5fd19293.php 第 39 行.
NOTIC: [8] Undefined variable: verify D:\wamp\www\qb\Application\Runtime\Cache\Admin\4327f01a89f25b0c940a04bc5fd19293.php 第 40 行.
NOTIC: [8] Undefined variable: verify D:\wamp\www\qb\Application\Runtime\Cache\Admin\4327f01a89f25b0c940a04bc5fd19293.php 第 41 行.
NOTIC: [8] Undefined variable: verify D:\wamp\www\qb\Application\Runtime\Cache\Admin\4327f01a89f25b0c940a04bc5fd19293.php 第 42 行.
NOTIC: [8] Undefined variable: verify D:\wamp\www\qb\Application\Runtime\Cache\Admin\4327f01a89f25b0c940a04bc5fd19293.php 第 43 行.
NOTIC: [8] Use of undefined constant type - assumed 'type' D:\wamp\www\qb\Application\Runtime\Cache\Admin\4327f01a89f25b0c940a04bc5fd19293.php 第 73 行.
NOTIC: [8] Undefined index: ord D:\wamp\www\qb\Application\Runtime\Cache\Admin\4327f01a89f25b0c940a04bc5fd19293.php 第 76 行.
NOTIC: [8] Use of undefined constant istop - assumed 'istop' D:\wamp\www\qb\Application\Runtime\Cache\Admin\4327f01a89f25b0c940a04bc5fd19293.php 第 80 行.
NOTIC: [8] Undefined index: istop D:\wamp\www\qb\Application\Runtime\Cache\Admin\4327f01a89f25b0c940a04bc5fd19293.php 第 80 行.
NOTIC: [8] Use of undefined constant istop - assumed 'istop' D:\wamp\www\qb\Application\Runtime\Cache\Admin\4327f01a89f25b0c940a04bc5fd19293.php 第 80 行.
NOTIC: [8] Undefined index: istop D:\wamp\www\qb\Application\Runtime\Cache\Admin\4327f01a89f25b0c940a04bc5fd19293.php 第 80 行.
NOTIC: [8] Use of undefined constant istop - assumed 'istop' D:\wamp\www\qb\Application\Runtime\Cache\Admin\4327f01a89f25b0c940a04bc5fd19293.php 第 80 行.
NOTIC: [8] Undefined index: istop D:\wamp\www\qb\Application\Runtime\Cache\Admin\4327f01a89f25b0c940a04bc5fd19293.php 第 80 行.
NOTIC: [8] Use of undefined constant isred - assumed 'isred' D:\wamp\www\qb\Application\Runtime\Cache\Admin\4327f01a89f25b0c940a04bc5fd19293.php 第 81 行.
NOTIC: [8] Undefined index: isred D:\wamp\www\qb\Application\Runtime\Cache\Admin\4327f01a89f25b0c940a04bc5fd19293.php 第 81 行.
NOTIC: [8] Use of undefined constant isred - assumed 'isred' D:\wamp\www\qb\Application\Runtime\Cache\Admin\4327f01a89f25b0c940a04bc5fd19293.php 第 81 行.
NOTIC: [8] Undefined index: isred D:\wamp\www\qb\Application\Runtime\Cache\Admin\4327f01a89f25b0c940a04bc5fd19293.php 第 81 行.
NOTIC: [8] Use of undefined constant isred - assumed 'isred' D:\wamp\www\qb\Application\Runtime\Cache\Admin\4327f01a89f25b0c940a04bc5fd19293.php 第 81 行.
NOTIC: [8] Undefined index: isred D:\wamp\www\qb\Application\Runtime\Cache\Admin\4327f01a89f25b0c940a04bc5fd19293.php 第 81 行.
NOTIC: [8] Use of undefined constant state - assumed 'state' D:\wamp\www\qb\Application\Runtime\Cache\Admin\4327f01a89f25b0c940a04bc5fd19293.php 第 87 行.
NOTIC: [8] Use of undefined constant type - assumed 'type' D:\wamp\www\qb\Application\Runtime\Cache\Admin\4327f01a89f25b0c940a04bc5fd19293.php 第 73 行.
NOTIC: [8] Undefined index: ord D:\wamp\www\qb\Application\Runtime\Cache\Admin\4327f01a89f25b0c940a04bc5fd19293.php 第 76 行.
NOTIC: [8] Use of undefined constant istop - assumed 'istop' D:\wamp\www\qb\Application\Runtime\Cache\Admin\4327f01a89f25b0c940a04bc5fd19293.php 第 80 行.
NOTIC: [8] Undefined index: istop D:\wamp\www\qb\Application\Runtime\Cache\Admin\4327f01a89f25b0c940a04bc5fd19293.php 第 80 行.
NOTIC: [8] Use of undefined constant istop - assumed 'istop' D:\wamp\www\qb\Application\Runtime\Cache\Admin\4327f01a89f25b0c940a04bc5fd19293.php 第 80 行.
NOTIC: [8] Undefined index: istop D:\wamp\www\qb\Application\Runtime\Cache\Admin\4327f01a89f25b0c940a04bc5fd19293.php 第 80 行.
NOTIC: [8] Use of undefined constant istop - assumed 'istop' D:\wamp\www\qb\Application\Runtime\Cache\Admin\4327f01a89f25b0c940a04bc5fd19293.php 第 80 行.
NOTIC: [8] Undefined index: istop D:\wamp\www\qb\Application\Runtime\Cache\Admin\4327f01a89f25b0c940a04bc5fd19293.php 第 80 行.
NOTIC: [8] Use of undefined constant isred - assumed 'isred' D:\wamp\www\qb\Application\Runtime\Cache\Admin\4327f01a89f25b0c940a04bc5fd19293.php 第 81 行.
NOTIC: [8] Undefined index: isred D:\wamp\www\qb\Application\Runtime\Cache\Admin\4327f01a89f25b0c940a04bc5fd19293.php 第 81 行.
NOTIC: [8] Use of undefined constant isred - assumed 'isred' D:\wamp\www\qb\Application\Runtime\Cache\Admin\4327f01a89f25b0c940a04bc5fd19293.php 第 81 行.
NOTIC: [8] Undefined index: isred D:\wamp\www\qb\Application\Runtime\Cache\Admin\4327f01a89f25b0c940a04bc5fd19293.php 第 81 行.
NOTIC: [8] Use of undefined constant isred - assumed 'isred' D:\wamp\www\qb\Application\Runtime\Cache\Admin\4327f01a89f25b0c940a04bc5fd19293.php 第 81 行.
NOTIC: [8] Undefined index: isred D:\wamp\www\qb\Application\Runtime\Cache\Admin\4327f01a89f25b0c940a04bc5fd19293.php 第 81 行.
NOTIC: [8] Use of undefined constant state - assumed 'state' D:\wamp\www\qb\Application\Runtime\Cache\Admin\4327f01a89f25b0c940a04bc5fd19293.php 第 87 行.
NOTIC: [8] Use of undefined constant type - assumed 'type' D:\wamp\www\qb\Application\Runtime\Cache\Admin\4327f01a89f25b0c940a04bc5fd19293.php 第 73 行.
NOTIC: [8] Undefined index: ord D:\wamp\www\qb\Application\Runtime\Cache\Admin\4327f01a89f25b0c940a04bc5fd19293.php 第 76 行.
NOTIC: [8] Use of undefined constant istop - assumed 'istop' D:\wamp\www\qb\Application\Runtime\Cache\Admin\4327f01a89f25b0c940a04bc5fd19293.php 第 80 行.
NOTIC: [8] Undefined index: istop D:\wamp\www\qb\Application\Runtime\Cache\Admin\4327f01a89f25b0c940a04bc5fd19293.php 第 80 行.
NOTIC: [8] Use of undefined constant istop - assumed 'istop' D:\wamp\www\qb\Application\Runtime\Cache\Admin\4327f01a89f25b0c940a04bc5fd19293.php 第 80 行.
NOTIC: [8] Undefined index: istop D:\wamp\www\qb\Application\Runtime\Cache\Admin\4327f01a89f25b0c940a04bc5fd19293.php 第 80 行.
NOTIC: [8] Use of undefined constant istop - assumed 'istop' D:\wamp\www\qb\Application\Runtime\Cache\Admin\4327f01a89f25b0c940a04bc5fd19293.php 第 80 行.
NOTIC: [8] Undefined index: istop D:\wamp\www\qb\Application\Runtime\Cache\Admin\4327f01a89f25b0c940a04bc5fd19293.php 第 80 行.
NOTIC: [8] Use of undefined constant isred - assumed 'isred' D:\wamp\www\qb\Application\Runtime\Cache\Admin\4327f01a89f25b0c940a04bc5fd19293.php 第 81 行.
NOTIC: [8] Undefined index: isred D:\wamp\www\qb\Application\Runtime\Cache\Admin\4327f01a89f25b0c940a04bc5fd19293.php 第 81 行.
NOTIC: [8] Use of undefined constant isred - assumed 'isred' D:\wamp\www\qb\Application\Runtime\Cache\Admin\4327f01a89f25b0c940a04bc5fd19293.php 第 81 行.
NOTIC: [8] Undefined index: isred D:\wamp\www\qb\Application\Runtime\Cache\Admin\4327f01a89f25b0c940a04bc5fd19293.php 第 81 行.
NOTIC: [8] Use of undefined constant isred - assumed 'isred' D:\wamp\www\qb\Application\Runtime\Cache\Admin\4327f01a89f25b0c940a04bc5fd19293.php 第 81 行.
NOTIC: [8] Undefined index: isred D:\wamp\www\qb\Application\Runtime\Cache\Admin\4327f01a89f25b0c940a04bc5fd19293.php 第 81 行.
NOTIC: [8] Use of undefined constant state - assumed 'state' D:\wamp\www\qb\Application\Runtime\Cache\Admin\4327f01a89f25b0c940a04bc5fd19293.php 第 87 行.
NOTIC: [8] Use of undefined constant type - assumed 'type' D:\wamp\www\qb\Application\Runtime\Cache\Admin\4327f01a89f25b0c940a04bc5fd19293.php 第 73 行.
NOTIC: [8] Undefined index: ord D:\wamp\www\qb\Application\Runtime\Cache\Admin\4327f01a89f25b0c940a04bc5fd19293.php 第 76 行.
NOTIC: [8] Use of undefined constant istop - assumed 'istop' D:\wamp\www\qb\Application\Runtime\Cache\Admin\4327f01a89f25b0c940a04bc5fd19293.php 第 80 行.
NOTIC: [8] Undefined index: istop D:\wamp\www\qb\Application\Runtime\Cache\Admin\4327f01a89f25b0c940a04bc5fd19293.php 第 80 行.
NOTIC: [8] Use of undefined constant istop - assumed 'istop' D:\wamp\www\qb\Application\Runtime\Cache\Admin\4327f01a89f25b0c940a04bc5fd19293.php 第 80 行.
NOTIC: [8] Undefined index: istop D:\wamp\www\qb\Application\Runtime\Cache\Admin\4327f01a89f25b0c940a04bc5fd19293.php 第 80 行.
NOTIC: [8] Use of undefined constant istop - assumed 'istop' D:\wamp\www\qb\Application\Runtime\Cache\Admin\4327f01a89f25b0c940a04bc5fd19293.php 第 80 行.
NOTIC: [8] Undefined index: istop D:\wamp\www\qb\Application\Runtime\Cache\Admin\4327f01a89f25b0c940a04bc5fd19293.php 第 80 行.
NOTIC: [8] Use of undefined constant isred - assumed 'isred' D:\wamp\www\qb\Application\Runtime\Cache\Admin\4327f01a89f25b0c940a04bc5fd19293.php 第 81 行.
NOTIC: [8] Undefined index: isred D:\wamp\www\qb\Application\Runtime\Cache\Admin\4327f01a89f25b0c940a04bc5fd19293.php 第 81 行.
NOTIC: [8] Use of undefined constant isred - assumed 'isred' D:\wamp\www\qb\Application\Runtime\Cache\Admin\4327f01a89f25b0c940a04bc5fd19293.php 第 81 行.
NOTIC: [8] Undefined index: isred D:\wamp\www\qb\Application\Runtime\Cache\Admin\4327f01a89f25b0c940a04bc5fd19293.php 第 81 行.
NOTIC: [8] Use of undefined constant isred - assumed 'isred' D:\wamp\www\qb\Application\Runtime\Cache\Admin\4327f01a89f25b0c940a04bc5fd19293.php 第 81 行.
NOTIC: [8] Undefined index: isred D:\wamp\www\qb\Application\Runtime\Cache\Admin\4327f01a89f25b0c940a04bc5fd19293.php 第 81 行.
NOTIC: [8] Use of undefined constant state - assumed 'state' D:\wamp\www\qb\Application\Runtime\Cache\Admin\4327f01a89f25b0c940a04bc5fd19293.php 第 87 行.
NOTIC: [8] Use of undefined constant type - assumed 'type' D:\wamp\www\qb\Application\Runtime\Cache\Admin\4327f01a89f25b0c940a04bc5fd19293.php 第 73 行.
NOTIC: [8] Undefined index: ord D:\wamp\www\qb\Application\Runtime\Cache\Admin\4327f01a89f25b0c940a04bc5fd19293.php 第 76 行.
NOTIC: [8] Use of undefined constant istop - assumed 'istop' D:\wamp\www\qb\Application\Runtime\Cache\Admin\4327f01a89f25b0c940a04bc5fd19293.php 第 80 行.
NOTIC: [8] Undefined index: istop D:\wamp\www\qb\Application\Runtime\Cache\Admin\4327f01a89f25b0c940a04bc5fd19293.php 第 80 行.
NOTIC: [8] Use of undefined constant istop - assumed 'istop' D:\wamp\www\qb\Application\Runtime\Cache\Admin\4327f01a89f25b0c940a04bc5fd19293.php 第 80 行.
NOTIC: [8] Undefined index: istop D:\wamp\www\qb\Application\Runtime\Cache\Admin\4327f01a89f25b0c940a04bc5fd19293.php 第 80 行.
NOTIC: [8] Use of undefined constant istop - assumed 'istop' D:\wamp\www\qb\Application\Runtime\Cache\Admin\4327f01a89f25b0c940a04bc5fd19293.php 第 80 行.
NOTIC: [8] Undefined index: istop D:\wamp\www\qb\Application\Runtime\Cache\Admin\4327f01a89f25b0c940a04bc5fd19293.php 第 80 行.
NOTIC: [8] Use of undefined constant isred - assumed 'isred' D:\wamp\www\qb\Application\Runtime\Cache\Admin\4327f01a89f25b0c940a04bc5fd19293.php 第 81 行.
NOTIC: [8] Undefined index: isred D:\wamp\www\qb\Application\Runtime\Cache\Admin\4327f01a89f25b0c940a04bc5fd19293.php 第 81 行.
NOTIC: [8] Use of undefined constant isred - assumed 'isred' D:\wamp\www\qb\Application\Runtime\Cache\Admin\4327f01a89f25b0c940a04bc5fd19293.php 第 81 行.
NOTIC: [8] Undefined index: isred D:\wamp\www\qb\Application\Runtime\Cache\Admin\4327f01a89f25b0c940a04bc5fd19293.php 第 81 行.
NOTIC: [8] Use of undefined constant isred - assumed 'isred' D:\wamp\www\qb\Application\Runtime\Cache\Admin\4327f01a89f25b0c940a04bc5fd19293.php 第 81 行.
NOTIC: [8] Undefined index: isred D:\wamp\www\qb\Application\Runtime\Cache\Admin\4327f01a89f25b0c940a04bc5fd19293.php 第 81 行.
NOTIC: [8] Use of undefined constant state - assumed 'state' D:\wamp\www\qb\Application\Runtime\Cache\Admin\4327f01a89f25b0c940a04bc5fd19293.php 第 87 行.
INFO: Run Behavior\ParseTemplateBehavior [ RunTime:0.013152s ]
INFO: [ view_parse ] --END-- [ RunTime:0.013202s ]
INFO: [ view_filter ] --START--
INFO: Run Behavior\WriteHtmlCacheBehavior [ RunTime:0.000555s ]
INFO: [ view_filter ] --END-- [ RunTime:0.000600s ]
INFO: [ app_end ] --START--
INFO: Run Behavior\ShowPageTraceBehavior [ RunTime:0.000685s ]
INFO: [ app_end ] --END-- [ RunTime:0.000729s ]

[ 2016-01-04T14:01:50+08:00 ] 127.0.0.1 /Admin/Groups
INFO: [ app_init ] --START--
INFO: Run Behavior\BuildLiteBehavior [ RunTime:0.000023s ]
INFO: [ app_init ] --END-- [ RunTime:0.000687s ]
INFO: [ app_begin ] --START--
INFO: Run Behavior\ReadHtmlCacheBehavior [ RunTime:0.000793s ]
INFO: [ app_begin ] --END-- [ RunTime:0.000883s ]
SQL: SHOW COLUMNS FROM `t_groups` [ RunTime:0.0138s ]
NOTIC: [8] Undefined variable: data D:\wamp\www\qb\Application\Admin\Controller\GroupsController.class.php 第 18 行.
SQL: SELECT COUNT(*) AS tp_count FROM `t_groups` LIMIT 1   [ RunTime:0.0143s ]
NOTIC: [8] Undefined variable: data D:\wamp\www\qb\Application\Admin\Controller\GroupsController.class.php 第 24 行.
SQL: SELECT t_groups.*,t_user.username,t_user.phone FROM `t_groups` left join t_user on t_user.id = t_groups.uid  ORDER BY state asc,id desc LIMIT 0,15   [ RunTime:0.0133s ]
INFO: [ view_parse ] --START--
INFO: [ template_filter ] --START--
INFO: Run Behavior\ContentReplaceBehavior [ RunTime:0.000076s ]
INFO: [ template_filter ] --END-- [ RunTime:0.000159s ]
NOTIC: [8] Undefined variable: verify D:\wamp\www\qb\Application\Runtime\Cache\Admin\4327f01a89f25b0c940a04bc5fd19293.php 第 39 行.
NOTIC: [8] Undefined variable: verify D:\wamp\www\qb\Application\Runtime\Cache\Admin\4327f01a89f25b0c940a04bc5fd19293.php 第 40 行.
NOTIC: [8] Undefined variable: verify D:\wamp\www\qb\Application\Runtime\Cache\Admin\4327f01a89f25b0c940a04bc5fd19293.php 第 41 行.
NOTIC: [8] Undefined variable: verify D:\wamp\www\qb\Application\Runtime\Cache\Admin\4327f01a89f25b0c940a04bc5fd19293.php 第 42 行.
NOTIC: [8] Undefined variable: verify D:\wamp\www\qb\Application\Runtime\Cache\Admin\4327f01a89f25b0c940a04bc5fd19293.php 第 43 行.
NOTIC: [8] Use of undefined constant type - assumed 'type' D:\wamp\www\qb\Application\Runtime\Cache\Admin\4327f01a89f25b0c940a04bc5fd19293.php 第 73 行.
NOTIC: [8] Undefined index: ord D:\wamp\www\qb\Application\Runtime\Cache\Admin\4327f01a89f25b0c940a04bc5fd19293.php 第 76 行.
NOTIC: [8] Use of undefined constant istop - assumed 'istop' D:\wamp\www\qb\Application\Runtime\Cache\Admin\4327f01a89f25b0c940a04bc5fd19293.php 第 80 行.
NOTIC: [8] Undefined index: istop D:\wamp\www\qb\Application\Runtime\Cache\Admin\4327f01a89f25b0c940a04bc5fd19293.php 第 80 行.
NOTIC: [8] Use of undefined constant istop - assumed 'istop' D:\wamp\www\qb\Application\Runtime\Cache\Admin\4327f01a89f25b0c940a04bc5fd19293.php 第 80 行.
NOTIC: [8] Undefined index: istop D:\wamp\www\qb\Application\Runtime\Cache\Admin\4327f01a89f25b0c940a04bc5fd19293.php 第 80 行.
NOTIC: [8] Use of undefined constant istop - assumed 'istop' D:\wamp\www\qb\Application\Runtime\Cache\Admin\4327f01a89f25b0c940a04bc5fd19293.php 第 80 行.
NOTIC: [8] Undefined index: istop D:\wamp\www\qb\Application\Runtime\Cache\Admin\4327f01a89f25b0c940a04bc5fd19293.php 第 80 行.
NOTIC: [8] Use of undefined constant isred - assumed 'isred' D:\wamp\www\qb\Application\Runtime\Cache\Admin\4327f01a89f25b0c940a04bc5fd19293.php 第 81 行.
NOTIC: [8] Undefined index: isred D:\wamp\www\qb\Application\Runtime\Cache\Admin\4327f01a89f25b0c940a04bc5fd19293.php 第 81 行.
NOTIC: [8] Use of undefined constant isred - assumed 'isred' D:\wamp\www\qb\Application\Runtime\Cache\Admin\4327f01a89f25b0c940a04bc5fd19293.php 第 81 行.
NOTIC: [8] Undefined index: isred D:\wamp\www\qb\Application\Runtime\Cache\Admin\4327f01a89f25b0c940a04bc5fd19293.php 第 81 行.
NOTIC: [8] Use of undefined constant isred - assumed 'isred' D:\wamp\www\qb\Application\Runtime\Cache\Admin\4327f01a89f25b0c940a04bc5fd19293.php 第 81 行.
NOTIC: [8] Undefined index: isred D:\wamp\www\qb\Application\Runtime\Cache\Admin\4327f01a89f25b0c940a04bc5fd19293.php 第 81 行.
NOTIC: [8] Use of undefined constant state - assumed 'state' D:\wamp\www\qb\Application\Runtime\Cache\Admin\4327f01a89f25b0c940a04bc5fd19293.php 第 87 行.
NOTIC: [8] Use of undefined constant type - assumed 'type' D:\wamp\www\qb\Application\Runtime\Cache\Admin\4327f01a89f25b0c940a04bc5fd19293.php 第 73 行.
NOTIC: [8] Undefined index: ord D:\wamp\www\qb\Application\Runtime\Cache\Admin\4327f01a89f25b0c940a04bc5fd19293.php 第 76 行.
NOTIC: [8] Use of undefined constant istop - assumed 'istop' D:\wamp\www\qb\Application\Runtime\Cache\Admin\4327f01a89f25b0c940a04bc5fd19293.php 第 80 行.
NOTIC: [8] Undefined index: istop D:\wamp\www\qb\Application\Runtime\Cache\Admin\4327f01a89f25b0c940a04bc5fd19293.php 第 80 行.
NOTIC: [8] Use of undefined constant istop - assumed 'istop' D:\wamp\www\qb\Application\Runtime\Cache\Admin\4327f01a89f25b0c940a04bc5fd19293.php 第 80 行.
NOTIC: [8] Undefined index: istop D:\wamp\www\qb\Application\Runtime\Cache\Admin\4327f01a89f25b0c940a04bc5fd19293.php 第 80 行.
NOTIC: [8] Use of undefined constant istop - assumed 'istop' D:\wamp\www\qb\Application\Runtime\Cache\Admin\4327f01a89f25b0c940a04bc5fd19293.php 第 80 行.
NOTIC: [8] Undefined index: istop D:\wamp\www\qb\Application\Runtime\Cache\Admin\4327f01a89f25b0c940a04bc5fd19293.php 第 80 行.
NOTIC: [8] Use of undefined constant isred - assumed 'isred' D:\wamp\www\qb\Application\Runtime\Cache\Admin\4327f01a89f25b0c940a04bc5fd19293.php 第 81 行.
NOTIC: [8] Undefined index: isred D:\wamp\www\qb\Application\Runtime\Cache\Admin\4327f01a89f25b0c940a04bc5fd19293.php 第 81 行.
NOTIC: [8] Use of undefined constant isred - assumed 'isred' D:\wamp\www\qb\Application\Runtime\Cache\Admin\4327f01a89f25b0c940a04bc5fd19293.php 第 81 行.
NOTIC: [8] Undefined index: isred D:\wamp\www\qb\Application\Runtime\Cache\Admin\4327f01a89f25b0c940a04bc5fd19293.php 第 81 行.
NOTIC: [8] Use of undefined constant isred - assumed 'isred' D:\wamp\www\qb\Application\Runtime\Cache\Admin\4327f01a89f25b0c940a04bc5fd19293.php 第 81 行.
NOTIC: [8] Undefined index: isred D:\wamp\www\qb\Application\Runtime\Cache\Admin\4327f01a89f25b0c940a04bc5fd19293.php 第 81 行.
NOTIC: [8] Use of undefined constant state - assumed 'state' D:\wamp\www\qb\Application\Runtime\Cache\Admin\4327f01a89f25b0c940a04bc5fd19293.php 第 87 行.
NOTIC: [8] Use of undefined constant type - assumed 'type' D:\wamp\www\qb\Application\Runtime\Cache\Admin\4327f01a89f25b0c940a04bc5fd19293.php 第 73 行.
NOTIC: [8] Undefined index: ord D:\wamp\www\qb\Application\Runtime\Cache\Admin\4327f01a89f25b0c940a04bc5fd19293.php 第 76 行.
NOTIC: [8] Use of undefined constant istop - assumed 'istop' D:\wamp\www\qb\Application\Runtime\Cache\Admin\4327f01a89f25b0c940a04bc5fd19293.php 第 80 行.
NOTIC: [8] Undefined index: istop D:\wamp\www\qb\Application\Runtime\Cache\Admin\4327f01a89f25b0c940a04bc5fd19293.php 第 80 行.
NOTIC: [8] Use of undefined constant istop - assumed 'istop' D:\wamp\www\qb\Application\Runtime\Cache\Admin\4327f01a89f25b0c940a04bc5fd19293.php 第 80 行.
NOTIC: [8] Undefined index: istop D:\wamp\www\qb\Application\Runtime\Cache\Admin\4327f01a89f25b0c940a04bc5fd19293.php 第 80 行.
NOTIC: [8] Use of undefined constant istop - assumed 'istop' D:\wamp\www\qb\Application\Runtime\Cache\Admin\4327f01a89f25b0c940a04bc5fd19293.php 第 80 行.
NOTIC: [8] Undefined index: istop D:\wamp\www\qb\Application\Runtime\Cache\Admin\4327f01a89f25b0c940a04bc5fd19293.php 第 80 行.
NOTIC: [8] Use of undefined constant isred - assumed 'isred' D:\wamp\www\qb\Application\Runtime\Cache\Admin\4327f01a89f25b0c940a04bc5fd19293.php 第 81 行.
NOTIC: [8] Undefined index: isred D:\wamp\www\qb\Application\Runtime\Cache\Admin\4327f01a89f25b0c940a04bc5fd19293.php 第 81 行.
NOTIC: [8] Use of undefined constant isred - assumed 'isred' D:\wamp\www\qb\Application\Runtime\Cache\Admin\4327f01a89f25b0c940a04bc5fd19293.php 第 81 行.
NOTIC: [8] Undefined index: isred D:\wamp\www\qb\Application\Runtime\Cache\Admin\4327f01a89f25b0c940a04bc5fd19293.php 第 81 行.
NOTIC: [8] Use of undefined constant isred - assumed 'isred' D:\wamp\www\qb\Application\Runtime\Cache\Admin\4327f01a89f25b0c940a04bc5fd19293.php 第 81 行.
NOTIC: [8] Undefined index: isred D:\wamp\www\qb\Application\Runtime\Cache\Admin\4327f01a89f25b0c940a04bc5fd19293.php 第 81 行.
NOTIC: [8] Use of undefined constant state - assumed 'state' D:\wamp\www\qb\Application\Runtime\Cache\Admin\4327f01a89f25b0c940a04bc5fd19293.php 第 87 行.
NOTIC: [8] Use of undefined constant type - assumed 'type' D:\wamp\www\qb\Application\Runtime\Cache\Admin\4327f01a89f25b0c940a04bc5fd19293.php 第 73 行.
NOTIC: [8] Undefined index: ord D:\wamp\www\qb\Application\Runtime\Cache\Admin\4327f01a89f25b0c940a04bc5fd19293.php 第 76 行.
NOTIC: [8] Use of undefined constant istop - assumed 'istop' D:\wamp\www\qb\Application\Runtime\Cache\Admin\4327f01a89f25b0c940a04bc5fd19293.php 第 80 行.
NOTIC: [8] Undefined index: istop D:\wamp\www\qb\Application\Runtime\Cache\Admin\4327f01a89f25b0c940a04bc5fd19293.php 第 80 行.
NOTIC: [8] Use of undefined constant istop - assumed 'istop' D:\wamp\www\qb\Application\Runtime\Cache\Admin\4327f01a89f25b0c940a04bc5fd19293.php 第 80 行.
NOTIC: [8] Undefined index: istop D:\wamp\www\qb\Application\Runtime\Cache\Admin\4327f01a89f25b0c940a04bc5fd19293.php 第 80 行.
NOTIC: [8] Use of undefined constant istop - assumed 'istop' D:\wamp\www\qb\Application\Runtime\Cache\Admin\4327f01a89f25b0c940a04bc5fd19293.php 第 80 行.
NOTIC: [8] Undefined index: istop D:\wamp\www\qb\Application\Runtime\Cache\Admin\4327f01a89f25b0c940a04bc5fd19293.php 第 80 行.
NOTIC: [8] Use of undefined constant isred - assumed 'isred' D:\wamp\www\qb\Application\Runtime\Cache\Admin\4327f01a89f25b0c940a04bc5fd19293.php 第 81 行.
NOTIC: [8] Undefined index: isred D:\wamp\www\qb\Application\Runtime\Cache\Admin\4327f01a89f25b0c940a04bc5fd19293.php 第 81 行.
NOTIC: [8] Use of undefined constant isred - assumed 'isred' D:\wamp\www\qb\Application\Runtime\Cache\Admin\4327f01a89f25b0c940a04bc5fd19293.php 第 81 行.
NOTIC: [8] Undefined index: isred D:\wamp\www\qb\Application\Runtime\Cache\Admin\4327f01a89f25b0c940a04bc5fd19293.php 第 81 行.
NOTIC: [8] Use of undefined constant isred - assumed 'isred' D:\wamp\www\qb\Application\Runtime\Cache\Admin\4327f01a89f25b0c940a04bc5fd19293.php 第 81 行.
NOTIC: [8] Undefined index: isred D:\wamp\www\qb\Application\Runtime\Cache\Admin\4327f01a89f25b0c940a04bc5fd19293.php 第 81 行.
NOTIC: [8] Use of undefined constant state - assumed 'state' D:\wamp\www\qb\Application\Runtime\Cache\Admin\4327f01a89f25b0c940a04bc5fd19293.php 第 87 行.
NOTIC: [8] Use of undefined constant type - assumed 'type' D:\wamp\www\qb\Application\Runtime\Cache\Admin\4327f01a89f25b0c940a04bc5fd19293.php 第 73 行.
NOTIC: [8] Undefined index: ord D:\wamp\www\qb\Application\Runtime\Cache\Admin\4327f01a89f25b0c940a04bc5fd19293.php 第 76 行.
NOTIC: [8] Use of undefined constant istop - assumed 'istop' D:\wamp\www\qb\Application\Runtime\Cache\Admin\4327f01a89f25b0c940a04bc5fd19293.php 第 80 行.
NOTIC: [8] Undefined index: istop D:\wamp\www\qb\Application\Runtime\Cache\Admin\4327f01a89f25b0c940a04bc5fd19293.php 第 80 行.
NOTIC: [8] Use of undefined constant istop - assumed 'istop' D:\wamp\www\qb\Application\Runtime\Cache\Admin\4327f01a89f25b0c940a04bc5fd19293.php 第 80 行.
NOTIC: [8] Undefined index: istop D:\wamp\www\qb\Application\Runtime\Cache\Admin\4327f01a89f25b0c940a04bc5fd19293.php 第 80 行.
NOTIC: [8] Use of undefined constant istop - assumed 'istop' D:\wamp\www\qb\Application\Runtime\Cache\Admin\4327f01a89f25b0c940a04bc5fd19293.php 第 80 行.
NOTIC: [8] Undefined index: istop D:\wamp\www\qb\Application\Runtime\Cache\Admin\4327f01a89f25b0c940a04bc5fd19293.php 第 80 行.
NOTIC: [8] Use of undefined constant isred - assumed 'isred' D:\wamp\www\qb\Application\Runtime\Cache\Admin\4327f01a89f25b0c940a04bc5fd19293.php 第 81 行.
NOTIC: [8] Undefined index: isred D:\wamp\www\qb\Application\Runtime\Cache\Admin\4327f01a89f25b0c940a04bc5fd19293.php 第 81 行.
NOTIC: [8] Use of undefined constant isred - assumed 'isred' D:\wamp\www\qb\Application\Runtime\Cache\Admin\4327f01a89f25b0c940a04bc5fd19293.php 第 81 行.
NOTIC: [8] Undefined index: isred D:\wamp\www\qb\Application\Runtime\Cache\Admin\4327f01a89f25b0c940a04bc5fd19293.php 第 81 行.
NOTIC: [8] Use of undefined constant isred - assumed 'isred' D:\wamp\www\qb\Application\Runtime\Cache\Admin\4327f01a89f25b0c940a04bc5fd19293.php 第 81 行.
NOTIC: [8] Undefined index: isred D:\wamp\www\qb\Application\Runtime\Cache\Admin\4327f01a89f25b0c940a04bc5fd19293.php 第 81 行.
NOTIC: [8] Use of undefined constant state - assumed 'state' D:\wamp\www\qb\Application\Runtime\Cache\Admin\4327f01a89f25b0c940a04bc5fd19293.php 第 87 行.
INFO: Run Behavior\ParseTemplateBehavior [ RunTime:0.014313s ]
INFO: [ view_parse ] --END-- [ RunTime:0.014374s ]
INFO: [ view_filter ] --START--
INFO: Run Behavior\WriteHtmlCacheBehavior [ RunTime:0.000369s ]
INFO: [ view_filter ] --END-- [ RunTime:0.000409s ]
INFO: [ app_end ] --START--
INFO: Run Behavior\ShowPageTraceBehavior [ RunTime:0.000521s ]
INFO: [ app_end ] --END-- [ RunTime:0.000562s ]

