[ 2016-01-22T17:30:40+08:00 ] 127.0.0.1 /
INFO: [ app_init ] --START--
INFO: Run Behavior\BuildLiteBehavior [ RunTime:0.000015s ]
INFO: [ app_init ] --END-- [ RunTime:0.000642s ]
INFO: [ app_begin ] --START--
INFO: Run Behavior\ReadHtmlCacheBehavior [ RunTime:0.000733s ]
INFO: [ app_begin ] --END-- [ RunTime:0.000799s ]
NOTIC: [8] Undefined index: userid D:\wamp\www\qb\Application\Admin\Controller\CommonController.class.php 第 19 行.

[ 2016-01-22T17:30:40+08:00 ] 127.0.0.1 /Admin/Public/admin.html
INFO: [ app_init ] --START--
INFO: Run Behavior\BuildLiteBehavior [ RunTime:0.000013s ]
INFO: [ app_init ] --END-- [ RunTime:0.000541s ]
INFO: [ app_begin ] --START--
INFO: Run Behavior\ReadHtmlCacheBehavior [ RunTime:0.000578s ]
INFO: [ app_begin ] --END-- [ RunTime:0.000629s ]
INFO: [ view_parse ] --START--
INFO: [ template_filter ] --START--
INFO: Run Behavior\ContentReplaceBehavior [ RunTime:0.000055s ]
INFO: [ template_filter ] --END-- [ RunTime:0.000133s ]
INFO: Run Behavior\ParseTemplateBehavior [ RunTime:0.051868s ]
INFO: [ view_parse ] --END-- [ RunTime:0.051941s ]
INFO: [ view_filter ] --START--
INFO: Run Behavior\WriteHtmlCacheBehavior [ RunTime:0.061797s ]
INFO: [ view_filter ] --END-- [ RunTime:0.061891s ]
INFO: [ app_end ] --START--
INFO: Run Behavior\ShowPageTraceBehavior [ RunTime:0.010976s ]
INFO: [ app_end ] --END-- [ RunTime:0.011037s ]

[ 2016-01-22T17:30:40+08:00 ] 127.0.0.1 /Admin/Public/scode
INFO: [ app_init ] --START--
INFO: Run Behavior\BuildLiteBehavior [ RunTime:0.000012s ]
INFO: [ app_init ] --END-- [ RunTime:0.000516s ]
INFO: [ app_begin ] --START--
INFO: Run Behavior\ReadHtmlCacheBehavior [ RunTime:0.000886s ]
INFO: [ app_begin ] --END-- [ RunTime:0.001024s ]
INFO: [ app_end ] --START--
INFO: Run Behavior\ShowPageTraceBehavior [ RunTime:0.000714s ]
INFO: [ app_end ] --END-- [ RunTime:0.000777s ]

[ 2016-01-22T17:30:40+08:00 ] 127.0.0.1 /favicon.ico
INFO: [ app_init ] --START--
INFO: Run Behavior\BuildLiteBehavior [ RunTime:0.000011s ]
INFO: [ app_init ] --END-- [ RunTime:0.000468s ]

[ 2016-01-22T17:30:40+08:00 ] 127.0.0.1 /favicon.ico
INFO: [ app_init ] --START--
INFO: Run Behavior\BuildLiteBehavior [ RunTime:0.000013s ]
INFO: [ app_init ] --END-- [ RunTime:0.000372s ]

[ 2016-01-22T17:30:47+08:00 ] 127.0.0.1 /Admin/Public/login
INFO: [ app_init ] --START--
INFO: Run Behavior\BuildLiteBehavior [ RunTime:0.000014s ]
INFO: [ app_init ] --END-- [ RunTime:0.000467s ]
INFO: [ app_begin ] --START--
INFO: Run Behavior\ReadHtmlCacheBehavior [ RunTime:0.000531s ]
INFO: [ app_begin ] --END-- [ RunTime:0.000611s ]

[ 2016-01-22T17:30:47+08:00 ] 127.0.0.1 /admin/public/scode/0.5087560166416337
INFO: [ app_init ] --START--
INFO: Run Behavior\BuildLiteBehavior [ RunTime:0.000012s ]
INFO: [ app_init ] --END-- [ RunTime:0.000379s ]
INFO: [ app_begin ] --START--
INFO: Run Behavior\ReadHtmlCacheBehavior [ RunTime:0.000488s ]
INFO: [ app_begin ] --END-- [ RunTime:0.000536s ]
INFO: [ app_end ] --START--
INFO: Run Behavior\ShowPageTraceBehavior [ RunTime:0.000587s ]
INFO: [ app_end ] --END-- [ RunTime:0.000671s ]

[ 2016-01-22T17:30:50+08:00 ] 127.0.0.1 /Admin/Public/login
INFO: [ app_init ] --START--
INFO: Run Behavior\BuildLiteBehavior [ RunTime:0.000013s ]
INFO: [ app_init ] --END-- [ RunTime:0.000462s ]
INFO: [ app_begin ] --START--
INFO: Run Behavior\ReadHtmlCacheBehavior [ RunTime:0.000509s ]
INFO: [ app_begin ] --END-- [ RunTime:0.000555s ]
SQL: SHOW COLUMNS FROM `t_admin` [ RunTime:0.0242s ]
SQL: SELECT `password` FROM `t_admin` WHERE `name` = 'admin' LIMIT 1   [ RunTime:0.0140s ]

[ 2016-01-22T17:30:50+08:00 ] 127.0.0.1 /Admin/Public/admin.html
INFO: [ app_init ] --START--
INFO: Run Behavior\BuildLiteBehavior [ RunTime:0.000015s ]
INFO: [ app_init ] --END-- [ RunTime:0.000447s ]
INFO: [ app_begin ] --START--
INFO: Run Behavior\ReadHtmlCacheBehavior [ RunTime:0.000670s ]
INFO: [ app_begin ] --END-- [ RunTime:0.000750s ]
SQL: SHOW COLUMNS FROM `t_admin` [ RunTime:0.0083s ]
SQL: SELECT `password`,`name` FROM `t_admin` WHERE `name` = 'admin' LIMIT 1   [ RunTime:0.0080s ]
SQL: SELECT * FROM `t_admin` WHERE `password` = '1c63129ae9db9c60c3e8aa94d3e00495' AND `name` = 'admin' LIMIT 1   [ RunTime:0.0094s ]
SQL: UPDATE `t_admin` SET `ip`='127.0.0.1',`addtime`='1453455050' WHERE `id` = 3 [ RunTime:0.0105s ]

[ 2016-01-22T17:30:50+08:00 ] 127.0.0.1 /Admin.html
INFO: [ app_init ] --START--
INFO: Run Behavior\BuildLiteBehavior [ RunTime:0.000019s ]
INFO: [ app_init ] --END-- [ RunTime:0.000581s ]
INFO: [ app_begin ] --START--
INFO: Run Behavior\ReadHtmlCacheBehavior [ RunTime:0.000495s ]
INFO: [ app_begin ] --END-- [ RunTime:0.000548s ]
SQL: SHOW COLUMNS FROM `t_admin` [ RunTime:0.0091s ]
SQL: SELECT t_admin.name,t_role.name as title FROM `t_admin` left join t_role_user on t_role_user.user_id = t_admin.id left join t_role on t_role.id = t_role_user.role_id  WHERE ( t_admin.id = 3 ) LIMIT 1   [ RunTime:0.0097s ]
INFO: [ view_parse ] --START--
INFO: [ template_filter ] --START--
INFO: Run Behavior\ContentReplaceBehavior [ RunTime:0.000076s ]
INFO: [ template_filter ] --END-- [ RunTime:0.000136s ]
INFO: Run Behavior\ParseTemplateBehavior [ RunTime:0.033391s ]
INFO: [ view_parse ] --END-- [ RunTime:0.033458s ]
INFO: [ view_filter ] --START--
INFO: Run Behavior\WriteHtmlCacheBehavior [ RunTime:0.000325s ]
INFO: [ view_filter ] --END-- [ RunTime:0.000368s ]
INFO: [ app_end ] --START--
INFO: Run Behavior\ShowPageTraceBehavior [ RunTime:0.000585s ]
INFO: [ app_end ] --END-- [ RunTime:0.000626s ]

[ 2016-01-22T17:30:50+08:00 ] 127.0.0.1 /Public/admin/logo.png
INFO: [ app_init ] --START--
INFO: Run Behavior\BuildLiteBehavior [ RunTime:0.000013s ]
INFO: [ app_init ] --END-- [ RunTime:0.000423s ]

[ 2016-01-22T17:30:51+08:00 ] 127.0.0.1 /Admin/Nav/nav
INFO: [ app_init ] --START--
INFO: Run Behavior\BuildLiteBehavior [ RunTime:0.000019s ]
INFO: [ app_init ] --END-- [ RunTime:0.000575s ]
INFO: [ app_begin ] --START--
INFO: Run Behavior\ReadHtmlCacheBehavior [ RunTime:0.000753s ]
INFO: [ app_begin ] --END-- [ RunTime:0.000839s ]
SQL: SHOW COLUMNS FROM `t_nav` [ RunTime:0.0103s ]
SQL: SHOW COLUMNS FROM `t_nav` [ RunTime:0.0108s ]
SQL: SHOW COLUMNS FROM `t_access` [ RunTime:0.0104s ]
SQL: SELECT * FROM `t_nav` WHERE `bid` = 0 AND `state` = 1 AND `level` <> 3 ORDER BY id asc  [ RunTime:0.0114s ]
SQL: SELECT * FROM `t_nav` WHERE `bid` = 1 AND `state` = 1 AND `level` <> 3 ORDER BY id asc  [ RunTime:0.0090s ]
SQL: SELECT * FROM `t_nav` WHERE `bid` = 2 AND `state` = 1 AND `level` <> 3 ORDER BY id asc  [ RunTime:0.0083s ]
SQL: SELECT * FROM `t_nav` WHERE `bid` = 158 AND `state` = 1 AND `level` <> 3 ORDER BY id asc  [ RunTime:0.0121s ]
SQL: SELECT * FROM `t_nav` WHERE `bid` = 159 AND `state` = 1 AND `level` <> 3 ORDER BY id asc  [ RunTime:0.0092s ]
SQL: SELECT * FROM `t_nav` WHERE `bid` = 342 AND `state` = 1 AND `level` <> 3 ORDER BY id asc  [ RunTime:0.0179s ]
SQL: SELECT * FROM `t_nav` WHERE `bid` = 167 AND `state` = 1 AND `level` <> 3 ORDER BY id asc  [ RunTime:0.0093s ]
SQL: SELECT * FROM `t_nav` WHERE `bid` = 169 AND `state` = 1 AND `level` <> 3 ORDER BY id asc  [ RunTime:0.0117s ]
SQL: SELECT * FROM `t_nav` WHERE `bid` = 204 AND `state` = 1 AND `level` <> 3 ORDER BY id asc  [ RunTime:0.0112s ]
SQL: SELECT * FROM `t_nav` WHERE `bid` = 205 AND `state` = 1 AND `level` <> 3 ORDER BY id asc  [ RunTime:0.0102s ]
SQL: SELECT * FROM `t_nav` WHERE `bid` = 455 AND `state` = 1 AND `level` <> 3 ORDER BY id asc  [ RunTime:0.0088s ]
SQL: SELECT * FROM `t_nav` WHERE `bid` = 207 AND `state` = 1 AND `level` <> 3 ORDER BY id asc  [ RunTime:0.0296s ]
SQL: SELECT * FROM `t_nav` WHERE `bid` = 208 AND `state` = 1 AND `level` <> 3 ORDER BY id asc  [ RunTime:0.0089s ]
SQL: SELECT * FROM `t_nav` WHERE `bid` = 380 AND `state` = 1 AND `level` <> 3 ORDER BY id asc  [ RunTime:0.0082s ]
SQL: SELECT * FROM `t_nav` WHERE `bid` = 381 AND `state` = 1 AND `level` <> 3 ORDER BY id asc  [ RunTime:0.0165s ]
SQL: SELECT * FROM `t_nav` WHERE `bid` = 445 AND `state` = 1 AND `level` <> 3 ORDER BY id asc  [ RunTime:0.0132s ]
SQL: SELECT * FROM `t_nav` WHERE `bid` = 450 AND `state` = 1 AND `level` <> 3 ORDER BY id asc  [ RunTime:0.0095s ]
SQL: SELECT * FROM `t_nav` WHERE `bid` = 3 AND `state` = 1 AND `level` <> 3 ORDER BY id asc  [ RunTime:0.0097s ]
SQL: SELECT * FROM `t_nav` WHERE `bid` = 4 AND `state` = 1 AND `level` <> 3 ORDER BY id asc  [ RunTime:0.0099s ]
SQL: SELECT * FROM `t_nav` WHERE `bid` = 173 AND `state` = 1 AND `level` <> 3 ORDER BY id asc  [ RunTime:0.0105s ]
SQL: SELECT * FROM `t_nav` WHERE `bid` = 174 AND `state` = 1 AND `level` <> 3 ORDER BY id asc  [ RunTime:0.0081s ]
SQL: SELECT * FROM `t_nav` WHERE `bid` = 438 AND `state` = 1 AND `level` <> 3 ORDER BY id asc  [ RunTime:0.0081s ]
SQL: SELECT * FROM `t_nav` WHERE `bid` = 439 AND `state` = 1 AND `level` <> 3 ORDER BY id asc  [ RunTime:0.0133s ]
SQL: SELECT * FROM `t_nav` WHERE `bid` = 5 AND `state` = 1 AND `level` <> 3 ORDER BY id asc  [ RunTime:0.0131s ]
SQL: SELECT * FROM `t_nav` WHERE `bid` = 6 AND `state` = 1 AND `level` <> 3 ORDER BY id asc  [ RunTime:0.0096s ]
SQL: SELECT * FROM `t_nav` WHERE `bid` = 187 AND `state` = 1 AND `level` <> 3 ORDER BY id asc  [ RunTime:0.0096s ]
SQL: SELECT * FROM `t_nav` WHERE `bid` = 188 AND `state` = 1 AND `level` <> 3 ORDER BY id asc  [ RunTime:0.0098s ]
SQL: SELECT * FROM `t_nav` WHERE `bid` = 7 AND `state` = 1 AND `level` <> 3 ORDER BY id asc  [ RunTime:0.0101s ]
SQL: SELECT * FROM `t_nav` WHERE `bid` = 8 AND `state` = 1 AND `level` <> 3 ORDER BY id asc  [ RunTime:0.0101s ]
SQL: SELECT * FROM `t_nav` WHERE `bid` = 209 AND `state` = 1 AND `level` <> 3 ORDER BY id asc  [ RunTime:0.0111s ]
SQL: SELECT * FROM `t_nav` WHERE `bid` = 210 AND `state` = 1 AND `level` <> 3 ORDER BY id asc  [ RunTime:0.0141s ]
SQL: SELECT * FROM `t_nav` WHERE `bid` = 243 AND `state` = 1 AND `level` <> 3 ORDER BY id asc  [ RunTime:0.0086s ]
SQL: SELECT * FROM `t_nav` WHERE `bid` = 320 AND `state` = 1 AND `level` <> 3 ORDER BY id asc  [ RunTime:0.0093s ]
INFO: [ app_end ] --START--
INFO: Run Behavior\ShowPageTraceBehavior [ RunTime:0.000801s ]
INFO: [ app_end ] --END-- [ RunTime:0.000887s ]

[ 2016-01-22T17:30:51+08:00 ] 127.0.0.1 /Admin/Index/center
INFO: [ app_init ] --START--
INFO: Run Behavior\BuildLiteBehavior [ RunTime:0.000022s ]
INFO: [ app_init ] --END-- [ RunTime:0.000646s ]
INFO: [ app_begin ] --START--
INFO: Run Behavior\ReadHtmlCacheBehavior [ RunTime:0.000878s ]
INFO: [ app_begin ] --END-- [ RunTime:0.000972s ]
SQL: SHOW COLUMNS FROM `t_admin` [ RunTime:0.0130s ]
SQL: SHOW COLUMNS FROM `t_base` [ RunTime:0.0116s ]
SQL: SELECT * FROM `t_admin` WHERE `id` = 3 LIMIT 1   [ RunTime:0.0137s ]
SQL: SELECT * FROM `t_base` WHERE `id` = 1 LIMIT 1   [ RunTime:0.0096s ]
INFO: [ view_parse ] --START--
INFO: [ template_filter ] --START--
INFO: Run Behavior\ContentReplaceBehavior [ RunTime:0.000055s ]
INFO: [ template_filter ] --END-- [ RunTime:0.000133s ]
INFO: Run Behavior\ParseTemplateBehavior [ RunTime:0.060632s ]
INFO: [ view_parse ] --END-- [ RunTime:0.060703s ]
INFO: [ view_filter ] --START--
INFO: Run Behavior\WriteHtmlCacheBehavior [ RunTime:0.000592s ]
INFO: [ view_filter ] --END-- [ RunTime:0.000640s ]
INFO: [ app_end ] --START--
INFO: Run Behavior\ShowPageTraceBehavior [ RunTime:0.000736s ]
INFO: [ app_end ] --END-- [ RunTime:0.000784s ]

[ 2016-01-22T17:30:54+08:00 ] 127.0.0.1 /Admin/Selfcity
INFO: [ app_init ] --START--
INFO: Run Behavior\BuildLiteBehavior [ RunTime:0.000012s ]
INFO: [ app_init ] --END-- [ RunTime:0.000449s ]
INFO: [ app_begin ] --START--
INFO: Run Behavior\ReadHtmlCacheBehavior [ RunTime:0.000515s ]
INFO: [ app_begin ] --END-- [ RunTime:0.000596s ]
SQL: SHOW COLUMNS FROM `t_selfcity` [ RunTime:0.0125s ]
SQL: SELECT COUNT(*) AS tp_count FROM `t_selfcity` LIMIT 1   [ RunTime:0.3151s ]
NOTIC: [8] Undefined variable: data D:\wamp\www\qb\Application\Admin\Controller\SelfcityController.class.php 第 26 行.
SQL: SELECT * FROM `t_selfcity` ORDER BY isred desc,id desc LIMIT 0,15   [ RunTime:0.0095s ]
INFO: [ view_parse ] --START--
INFO: [ template_filter ] --START--
INFO: Run Behavior\ContentReplaceBehavior [ RunTime:0.000060s ]
INFO: [ template_filter ] --END-- [ RunTime:0.000148s ]
NOTIC: [8] Use of undefined constant isred - assumed 'isred' D:\wamp\www\qb\Application\Runtime\Cache\Admin\7224e4b25872e9ce0050481912a41c50.php 第 73 行.
NOTIC: [8] Use of undefined constant isred - assumed 'isred' D:\wamp\www\qb\Application\Runtime\Cache\Admin\7224e4b25872e9ce0050481912a41c50.php 第 73 行.
NOTIC: [8] Use of undefined constant isred - assumed 'isred' D:\wamp\www\qb\Application\Runtime\Cache\Admin\7224e4b25872e9ce0050481912a41c50.php 第 73 行.
NOTIC: [8] Use of undefined constant p - assumed 'p' D:\wamp\www\qb\Application\Runtime\Cache\Admin\7224e4b25872e9ce0050481912a41c50.php 第 73 行.
NOTIC: [8] Undefined index: p D:\wamp\www\qb\Application\Runtime\Cache\Admin\7224e4b25872e9ce0050481912a41c50.php 第 73 行.
NOTIC: [8] Use of undefined constant verify - assumed 'verify' D:\wamp\www\qb\Application\Runtime\Cache\Admin\7224e4b25872e9ce0050481912a41c50.php 第 73 行.
NOTIC: [8] Undefined index: verify D:\wamp\www\qb\Application\Runtime\Cache\Admin\7224e4b25872e9ce0050481912a41c50.php 第 73 行.
NOTIC: [8] Use of undefined constant keyword - assumed 'keyword' D:\wamp\www\qb\Application\Runtime\Cache\Admin\7224e4b25872e9ce0050481912a41c50.php 第 73 行.
NOTIC: [8] Undefined index: keyword D:\wamp\www\qb\Application\Runtime\Cache\Admin\7224e4b25872e9ce0050481912a41c50.php 第 73 行.
NOTIC: [8] Use of undefined constant isred - assumed 'isred' D:\wamp\www\qb\Application\Runtime\Cache\Admin\7224e4b25872e9ce0050481912a41c50.php 第 73 行.
NOTIC: [8] Use of undefined constant isred - assumed 'isred' D:\wamp\www\qb\Application\Runtime\Cache\Admin\7224e4b25872e9ce0050481912a41c50.php 第 73 行.
NOTIC: [8] Use of undefined constant isred - assumed 'isred' D:\wamp\www\qb\Application\Runtime\Cache\Admin\7224e4b25872e9ce0050481912a41c50.php 第 73 行.
NOTIC: [8] Use of undefined constant p - assumed 'p' D:\wamp\www\qb\Application\Runtime\Cache\Admin\7224e4b25872e9ce0050481912a41c50.php 第 73 行.
NOTIC: [8] Undefined index: p D:\wamp\www\qb\Application\Runtime\Cache\Admin\7224e4b25872e9ce0050481912a41c50.php 第 73 行.
NOTIC: [8] Use of undefined constant verify - assumed 'verify' D:\wamp\www\qb\Application\Runtime\Cache\Admin\7224e4b25872e9ce0050481912a41c50.php 第 73 行.
NOTIC: [8] Undefined index: verify D:\wamp\www\qb\Application\Runtime\Cache\Admin\7224e4b25872e9ce0050481912a41c50.php 第 73 行.
NOTIC: [8] Use of undefined constant keyword - assumed 'keyword' D:\wamp\www\qb\Application\Runtime\Cache\Admin\7224e4b25872e9ce0050481912a41c50.php 第 73 行.
NOTIC: [8] Undefined index: keyword D:\wamp\www\qb\Application\Runtime\Cache\Admin\7224e4b25872e9ce0050481912a41c50.php 第 73 行.
NOTIC: [8] Use of undefined constant isred - assumed 'isred' D:\wamp\www\qb\Application\Runtime\Cache\Admin\7224e4b25872e9ce0050481912a41c50.php 第 73 行.
NOTIC: [8] Use of undefined constant isred - assumed 'isred' D:\wamp\www\qb\Application\Runtime\Cache\Admin\7224e4b25872e9ce0050481912a41c50.php 第 73 行.
NOTIC: [8] Use of undefined constant isred - assumed 'isred' D:\wamp\www\qb\Application\Runtime\Cache\Admin\7224e4b25872e9ce0050481912a41c50.php 第 73 行.
NOTIC: [8] Use of undefined constant p - assumed 'p' D:\wamp\www\qb\Application\Runtime\Cache\Admin\7224e4b25872e9ce0050481912a41c50.php 第 73 行.
NOTIC: [8] Undefined index: p D:\wamp\www\qb\Application\Runtime\Cache\Admin\7224e4b25872e9ce0050481912a41c50.php 第 73 行.
NOTIC: [8] Use of undefined constant verify - assumed 'verify' D:\wamp\www\qb\Application\Runtime\Cache\Admin\7224e4b25872e9ce0050481912a41c50.php 第 73 行.
NOTIC: [8] Undefined index: verify D:\wamp\www\qb\Application\Runtime\Cache\Admin\7224e4b25872e9ce0050481912a41c50.php 第 73 行.
NOTIC: [8] Use of undefined constant keyword - assumed 'keyword' D:\wamp\www\qb\Application\Runtime\Cache\Admin\7224e4b25872e9ce0050481912a41c50.php 第 73 行.
NOTIC: [8] Undefined index: keyword D:\wamp\www\qb\Application\Runtime\Cache\Admin\7224e4b25872e9ce0050481912a41c50.php 第 73 行.
NOTIC: [8] Use of undefined constant isred - assumed 'isred' D:\wamp\www\qb\Application\Runtime\Cache\Admin\7224e4b25872e9ce0050481912a41c50.php 第 73 行.
NOTIC: [8] Use of undefined constant isred - assumed 'isred' D:\wamp\www\qb\Application\Runtime\Cache\Admin\7224e4b25872e9ce0050481912a41c50.php 第 73 行.
NOTIC: [8] Use of undefined constant isred - assumed 'isred' D:\wamp\www\qb\Application\Runtime\Cache\Admin\7224e4b25872e9ce0050481912a41c50.php 第 73 行.
NOTIC: [8] Use of undefined constant p - assumed 'p' D:\wamp\www\qb\Application\Runtime\Cache\Admin\7224e4b25872e9ce0050481912a41c50.php 第 73 行.
NOTIC: [8] Undefined index: p D:\wamp\www\qb\Application\Runtime\Cache\Admin\7224e4b25872e9ce0050481912a41c50.php 第 73 行.
NOTIC: [8] Use of undefined constant verify - assumed 'verify' D:\wamp\www\qb\Application\Runtime\Cache\Admin\7224e4b25872e9ce0050481912a41c50.php 第 73 行.
NOTIC: [8] Undefined index: verify D:\wamp\www\qb\Application\Runtime\Cache\Admin\7224e4b25872e9ce0050481912a41c50.php 第 73 行.
NOTIC: [8] Use of undefined constant keyword - assumed 'keyword' D:\wamp\www\qb\Application\Runtime\Cache\Admin\7224e4b25872e9ce0050481912a41c50.php 第 73 行.
NOTIC: [8] Undefined index: keyword D:\wamp\www\qb\Application\Runtime\Cache\Admin\7224e4b25872e9ce0050481912a41c50.php 第 73 行.
NOTIC: [8] Use of undefined constant isred - assumed 'isred' D:\wamp\www\qb\Application\Runtime\Cache\Admin\7224e4b25872e9ce0050481912a41c50.php 第 73 行.
NOTIC: [8] Use of undefined constant isred - assumed 'isred' D:\wamp\www\qb\Application\Runtime\Cache\Admin\7224e4b25872e9ce0050481912a41c50.php 第 73 行.
NOTIC: [8] Use of undefined constant isred - assumed 'isred' D:\wamp\www\qb\Application\Runtime\Cache\Admin\7224e4b25872e9ce0050481912a41c50.php 第 73 行.
NOTIC: [8] Use of undefined constant p - assumed 'p' D:\wamp\www\qb\Application\Runtime\Cache\Admin\7224e4b25872e9ce0050481912a41c50.php 第 73 行.
NOTIC: [8] Undefined index: p D:\wamp\www\qb\Application\Runtime\Cache\Admin\7224e4b25872e9ce0050481912a41c50.php 第 73 行.
NOTIC: [8] Use of undefined constant verify - assumed 'verify' D:\wamp\www\qb\Application\Runtime\Cache\Admin\7224e4b25872e9ce0050481912a41c50.php 第 73 行.
NOTIC: [8] Undefined index: verify D:\wamp\www\qb\Application\Runtime\Cache\Admin\7224e4b25872e9ce0050481912a41c50.php 第 73 行.
NOTIC: [8] Use of undefined constant keyword - assumed 'keyword' D:\wamp\www\qb\Application\Runtime\Cache\Admin\7224e4b25872e9ce0050481912a41c50.php 第 73 行.
NOTIC: [8] Undefined index: keyword D:\wamp\www\qb\Application\Runtime\Cache\Admin\7224e4b25872e9ce0050481912a41c50.php 第 73 行.
NOTIC: [8] Use of undefined constant isred - assumed 'isred' D:\wamp\www\qb\Application\Runtime\Cache\Admin\7224e4b25872e9ce0050481912a41c50.php 第 73 行.
NOTIC: [8] Use of undefined constant isred - assumed 'isred' D:\wamp\www\qb\Application\Runtime\Cache\Admin\7224e4b25872e9ce0050481912a41c50.php 第 73 行.
NOTIC: [8] Use of undefined constant isred - assumed 'isred' D:\wamp\www\qb\Application\Runtime\Cache\Admin\7224e4b25872e9ce0050481912a41c50.php 第 73 行.
NOTIC: [8] Use of undefined constant p - assumed 'p' D:\wamp\www\qb\Application\Runtime\Cache\Admin\7224e4b25872e9ce0050481912a41c50.php 第 73 行.
NOTIC: [8] Undefined index: p D:\wamp\www\qb\Application\Runtime\Cache\Admin\7224e4b25872e9ce0050481912a41c50.php 第 73 行.
NOTIC: [8] Use of undefined constant verify - assumed 'verify' D:\wamp\www\qb\Application\Runtime\Cache\Admin\7224e4b25872e9ce0050481912a41c50.php 第 73 行.
NOTIC: [8] Undefined index: verify D:\wamp\www\qb\Application\Runtime\Cache\Admin\7224e4b25872e9ce0050481912a41c50.php 第 73 行.
NOTIC: [8] Use of undefined constant keyword - assumed 'keyword' D:\wamp\www\qb\Application\Runtime\Cache\Admin\7224e4b25872e9ce0050481912a41c50.php 第 73 行.
NOTIC: [8] Undefined index: keyword D:\wamp\www\qb\Application\Runtime\Cache\Admin\7224e4b25872e9ce0050481912a41c50.php 第 73 行.
NOTIC: [8] Use of undefined constant isred - assumed 'isred' D:\wamp\www\qb\Application\Runtime\Cache\Admin\7224e4b25872e9ce0050481912a41c50.php 第 73 行.
NOTIC: [8] Use of undefined constant isred - assumed 'isred' D:\wamp\www\qb\Application\Runtime\Cache\Admin\7224e4b25872e9ce0050481912a41c50.php 第 73 行.
NOTIC: [8] Use of undefined constant isred - assumed 'isred' D:\wamp\www\qb\Application\Runtime\Cache\Admin\7224e4b25872e9ce0050481912a41c50.php 第 73 行.
NOTIC: [8] Use of undefined constant p - assumed 'p' D:\wamp\www\qb\Application\Runtime\Cache\Admin\7224e4b25872e9ce0050481912a41c50.php 第 73 行.
NOTIC: [8] Undefined index: p D:\wamp\www\qb\Application\Runtime\Cache\Admin\7224e4b25872e9ce0050481912a41c50.php 第 73 行.
NOTIC: [8] Use of undefined constant verify - assumed 'verify' D:\wamp\www\qb\Application\Runtime\Cache\Admin\7224e4b25872e9ce0050481912a41c50.php 第 73 行.
NOTIC: [8] Undefined index: verify D:\wamp\www\qb\Application\Runtime\Cache\Admin\7224e4b25872e9ce0050481912a41c50.php 第 73 行.
NOTIC: [8] Use of undefined constant keyword - assumed 'keyword' D:\wamp\www\qb\Application\Runtime\Cache\Admin\7224e4b25872e9ce0050481912a41c50.php 第 73 行.
NOTIC: [8] Undefined index: keyword D:\wamp\www\qb\Application\Runtime\Cache\Admin\7224e4b25872e9ce0050481912a41c50.php 第 73 行.
NOTIC: [8] Use of undefined constant isred - assumed 'isred' D:\wamp\www\qb\Application\Runtime\Cache\Admin\7224e4b25872e9ce0050481912a41c50.php 第 73 行.
NOTIC: [8] Use of undefined constant isred - assumed 'isred' D:\wamp\www\qb\Application\Runtime\Cache\Admin\7224e4b25872e9ce0050481912a41c50.php 第 73 行.
NOTIC: [8] Use of undefined constant isred - assumed 'isred' D:\wamp\www\qb\Application\Runtime\Cache\Admin\7224e4b25872e9ce0050481912a41c50.php 第 73 行.
NOTIC: [8] Use of undefined constant p - assumed 'p' D:\wamp\www\qb\Application\Runtime\Cache\Admin\7224e4b25872e9ce0050481912a41c50.php 第 73 行.
NOTIC: [8] Undefined index: p D:\wamp\www\qb\Application\Runtime\Cache\Admin\7224e4b25872e9ce0050481912a41c50.php 第 73 行.
NOTIC: [8] Use of undefined constant verify - assumed 'verify' D:\wamp\www\qb\Application\Runtime\Cache\Admin\7224e4b25872e9ce0050481912a41c50.php 第 73 行.
NOTIC: [8] Undefined index: verify D:\wamp\www\qb\Application\Runtime\Cache\Admin\7224e4b25872e9ce0050481912a41c50.php 第 73 行.
NOTIC: [8] Use of undefined constant keyword - assumed 'keyword' D:\wamp\www\qb\Application\Runtime\Cache\Admin\7224e4b25872e9ce0050481912a41c50.php 第 73 行.
NOTIC: [8] Undefined index: keyword D:\wamp\www\qb\Application\Runtime\Cache\Admin\7224e4b25872e9ce0050481912a41c50.php 第 73 行.
NOTIC: [8] Use of undefined constant isred - assumed 'isred' D:\wamp\www\qb\Application\Runtime\Cache\Admin\7224e4b25872e9ce0050481912a41c50.php 第 73 行.
NOTIC: [8] Use of undefined constant isred - assumed 'isred' D:\wamp\www\qb\Application\Runtime\Cache\Admin\7224e4b25872e9ce0050481912a41c50.php 第 73 行.
NOTIC: [8] Use of undefined constant isred - assumed 'isred' D:\wamp\www\qb\Application\Runtime\Cache\Admin\7224e4b25872e9ce0050481912a41c50.php 第 73 行.
NOTIC: [8] Use of undefined constant p - assumed 'p' D:\wamp\www\qb\Application\Runtime\Cache\Admin\7224e4b25872e9ce0050481912a41c50.php 第 73 行.
NOTIC: [8] Undefined index: p D:\wamp\www\qb\Application\Runtime\Cache\Admin\7224e4b25872e9ce0050481912a41c50.php 第 73 行.
NOTIC: [8] Use of undefined constant verify - assumed 'verify' D:\wamp\www\qb\Application\Runtime\Cache\Admin\7224e4b25872e9ce0050481912a41c50.php 第 73 行.
NOTIC: [8] Undefined index: verify D:\wamp\www\qb\Application\Runtime\Cache\Admin\7224e4b25872e9ce0050481912a41c50.php 第 73 行.
NOTIC: [8] Use of undefined constant keyword - assumed 'keyword' D:\wamp\www\qb\Application\Runtime\Cache\Admin\7224e4b25872e9ce0050481912a41c50.php 第 73 行.
NOTIC: [8] Undefined index: keyword D:\wamp\www\qb\Application\Runtime\Cache\Admin\7224e4b25872e9ce0050481912a41c50.php 第 73 行.
NOTIC: [8] Use of undefined constant isred - assumed 'isred' D:\wamp\www\qb\Application\Runtime\Cache\Admin\7224e4b25872e9ce0050481912a41c50.php 第 73 行.
NOTIC: [8] Use of undefined constant isred - assumed 'isred' D:\wamp\www\qb\Application\Runtime\Cache\Admin\7224e4b25872e9ce0050481912a41c50.php 第 73 行.
NOTIC: [8] Use of undefined constant isred - assumed 'isred' D:\wamp\www\qb\Application\Runtime\Cache\Admin\7224e4b25872e9ce0050481912a41c50.php 第 73 行.
NOTIC: [8] Use of undefined constant p - assumed 'p' D:\wamp\www\qb\Application\Runtime\Cache\Admin\7224e4b25872e9ce0050481912a41c50.php 第 73 行.
NOTIC: [8] Undefined index: p D:\wamp\www\qb\Application\Runtime\Cache\Admin\7224e4b25872e9ce0050481912a41c50.php 第 73 行.
NOTIC: [8] Use of undefined constant verify - assumed 'verify' D:\wamp\www\qb\Application\Runtime\Cache\Admin\7224e4b25872e9ce0050481912a41c50.php 第 73 行.
NOTIC: [8] Undefined index: verify D:\wamp\www\qb\Application\Runtime\Cache\Admin\7224e4b25872e9ce0050481912a41c50.php 第 73 行.
NOTIC: [8] Use of undefined constant keyword - assumed 'keyword' D:\wamp\www\qb\Application\Runtime\Cache\Admin\7224e4b25872e9ce0050481912a41c50.php 第 73 行.
NOTIC: [8] Undefined index: keyword D:\wamp\www\qb\Application\Runtime\Cache\Admin\7224e4b25872e9ce0050481912a41c50.php 第 73 行.
INFO: Run Behavior\ParseTemplateBehavior [ RunTime:0.068163s ]
INFO: [ view_parse ] --END-- [ RunTime:0.068227s ]
INFO: [ view_filter ] --START--
INFO: Run Behavior\WriteHtmlCacheBehavior [ RunTime:0.000447s ]
INFO: [ view_filter ] --END-- [ RunTime:0.000499s ]
INFO: [ app_end ] --START--
INFO: Run Behavior\ShowPageTraceBehavior [ RunTime:0.000837s ]
INFO: [ app_end ] --END-- [ RunTime:0.000886s ]

[ 2016-01-22T17:30:56+08:00 ] 127.0.0.1 /Admin/Selfcity/add.html
INFO: [ app_init ] --START--
INFO: Run Behavior\BuildLiteBehavior [ RunTime:0.000017s ]
INFO: [ app_init ] --END-- [ RunTime:0.000536s ]
INFO: [ app_begin ] --START--
INFO: Run Behavior\ReadHtmlCacheBehavior [ RunTime:0.000656s ]
INFO: [ app_begin ] --END-- [ RunTime:0.000754s ]
INFO: [ view_parse ] --START--
INFO: [ template_filter ] --START--
INFO: Run Behavior\ContentReplaceBehavior [ RunTime:0.000051s ]
INFO: [ template_filter ] --END-- [ RunTime:0.000118s ]
INFO: Run Behavior\ParseTemplateBehavior [ RunTime:0.061064s ]
INFO: [ view_parse ] --END-- [ RunTime:0.061162s ]
INFO: [ view_filter ] --START--
INFO: Run Behavior\WriteHtmlCacheBehavior [ RunTime:0.000358s ]
INFO: [ view_filter ] --END-- [ RunTime:0.000396s ]
INFO: [ app_end ] --START--
INFO: Run Behavior\ShowPageTraceBehavior [ RunTime:0.000549s ]
INFO: [ app_end ] --END-- [ RunTime:0.000589s ]

[ 2016-01-22T17:31:06+08:00 ] 127.0.0.1 /Admin/Selfcity/add.html
INFO: [ app_init ] --START--
INFO: Run Behavior\BuildLiteBehavior [ RunTime:0.000013s ]
INFO: [ app_init ] --END-- [ RunTime:0.000459s ]
INFO: [ app_begin ] --START--
INFO: Run Behavior\ReadHtmlCacheBehavior [ RunTime:0.000540s ]
INFO: [ app_begin ] --END-- [ RunTime:0.000593s ]
SQL: SHOW COLUMNS FROM `t_selfcity` [ RunTime:0.0100s ]
SQL: INSERT INTO `t_selfcity` (`title`,`prefix`,`isred`) VALUES ('哈尔滨','H','1') [ RunTime:0.0213s ]

[ 2016-01-22T17:31:06+08:00 ] 127.0.0.1 /Admin/Selfcity
INFO: [ app_init ] --START--
INFO: Run Behavior\BuildLiteBehavior [ RunTime:0.000020s ]
INFO: [ app_init ] --END-- [ RunTime:0.000578s ]
INFO: [ app_begin ] --START--
INFO: Run Behavior\ReadHtmlCacheBehavior [ RunTime:0.000892s ]
INFO: [ app_begin ] --END-- [ RunTime:0.001044s ]
SQL: SHOW COLUMNS FROM `t_selfcity` [ RunTime:0.0093s ]
SQL: SELECT COUNT(*) AS tp_count FROM `t_selfcity` LIMIT 1   [ RunTime:0.0086s ]
NOTIC: [8] Undefined variable: data D:\wamp\www\qb\Application\Admin\Controller\SelfcityController.class.php 第 26 行.
SQL: SELECT * FROM `t_selfcity` ORDER BY isred desc,id desc LIMIT 0,15   [ RunTime:0.0073s ]
INFO: [ view_parse ] --START--
INFO: [ template_filter ] --START--
INFO: Run Behavior\ContentReplaceBehavior [ RunTime:0.000045s ]
INFO: [ template_filter ] --END-- [ RunTime:0.000105s ]
NOTIC: [8] Use of undefined constant isred - assumed 'isred' D:\wamp\www\qb\Application\Runtime\Cache\Admin\7224e4b25872e9ce0050481912a41c50.php 第 73 行.
NOTIC: [8] Use of undefined constant isred - assumed 'isred' D:\wamp\www\qb\Application\Runtime\Cache\Admin\7224e4b25872e9ce0050481912a41c50.php 第 73 行.
NOTIC: [8] Use of undefined constant isred - assumed 'isred' D:\wamp\www\qb\Application\Runtime\Cache\Admin\7224e4b25872e9ce0050481912a41c50.php 第 73 行.
NOTIC: [8] Use of undefined constant p - assumed 'p' D:\wamp\www\qb\Application\Runtime\Cache\Admin\7224e4b25872e9ce0050481912a41c50.php 第 73 行.
NOTIC: [8] Undefined index: p D:\wamp\www\qb\Application\Runtime\Cache\Admin\7224e4b25872e9ce0050481912a41c50.php 第 73 行.
NOTIC: [8] Use of undefined constant verify - assumed 'verify' D:\wamp\www\qb\Application\Runtime\Cache\Admin\7224e4b25872e9ce0050481912a41c50.php 第 73 行.
NOTIC: [8] Undefined index: verify D:\wamp\www\qb\Application\Runtime\Cache\Admin\7224e4b25872e9ce0050481912a41c50.php 第 73 行.
NOTIC: [8] Use of undefined constant keyword - assumed 'keyword' D:\wamp\www\qb\Application\Runtime\Cache\Admin\7224e4b25872e9ce0050481912a41c50.php 第 73 行.
NOTIC: [8] Undefined index: keyword D:\wamp\www\qb\Application\Runtime\Cache\Admin\7224e4b25872e9ce0050481912a41c50.php 第 73 行.
NOTIC: [8] Use of undefined constant isred - assumed 'isred' D:\wamp\www\qb\Application\Runtime\Cache\Admin\7224e4b25872e9ce0050481912a41c50.php 第 73 行.
NOTIC: [8] Use of undefined constant isred - assumed 'isred' D:\wamp\www\qb\Application\Runtime\Cache\Admin\7224e4b25872e9ce0050481912a41c50.php 第 73 行.
NOTIC: [8] Use of undefined constant isred - assumed 'isred' D:\wamp\www\qb\Application\Runtime\Cache\Admin\7224e4b25872e9ce0050481912a41c50.php 第 73 行.
NOTIC: [8] Use of undefined constant p - assumed 'p' D:\wamp\www\qb\Application\Runtime\Cache\Admin\7224e4b25872e9ce0050481912a41c50.php 第 73 行.
NOTIC: [8] Undefined index: p D:\wamp\www\qb\Application\Runtime\Cache\Admin\7224e4b25872e9ce0050481912a41c50.php 第 73 行.
NOTIC: [8] Use of undefined constant verify - assumed 'verify' D:\wamp\www\qb\Application\Runtime\Cache\Admin\7224e4b25872e9ce0050481912a41c50.php 第 73 行.
NOTIC: [8] Undefined index: verify D:\wamp\www\qb\Application\Runtime\Cache\Admin\7224e4b25872e9ce0050481912a41c50.php 第 73 行.
NOTIC: [8] Use of undefined constant keyword - assumed 'keyword' D:\wamp\www\qb\Application\Runtime\Cache\Admin\7224e4b25872e9ce0050481912a41c50.php 第 73 行.
NOTIC: [8] Undefined index: keyword D:\wamp\www\qb\Application\Runtime\Cache\Admin\7224e4b25872e9ce0050481912a41c50.php 第 73 行.
NOTIC: [8] Use of undefined constant isred - assumed 'isred' D:\wamp\www\qb\Application\Runtime\Cache\Admin\7224e4b25872e9ce0050481912a41c50.php 第 73 行.
NOTIC: [8] Use of undefined constant isred - assumed 'isred' D:\wamp\www\qb\Application\Runtime\Cache\Admin\7224e4b25872e9ce0050481912a41c50.php 第 73 行.
NOTIC: [8] Use of undefined constant isred - assumed 'isred' D:\wamp\www\qb\Application\Runtime\Cache\Admin\7224e4b25872e9ce0050481912a41c50.php 第 73 行.
NOTIC: [8] Use of undefined constant p - assumed 'p' D:\wamp\www\qb\Application\Runtime\Cache\Admin\7224e4b25872e9ce0050481912a41c50.php 第 73 行.
NOTIC: [8] Undefined index: p D:\wamp\www\qb\Application\Runtime\Cache\Admin\7224e4b25872e9ce0050481912a41c50.php 第 73 行.
NOTIC: [8] Use of undefined constant verify - assumed 'verify' D:\wamp\www\qb\Application\Runtime\Cache\Admin\7224e4b25872e9ce0050481912a41c50.php 第 73 行.
NOTIC: [8] Undefined index: verify D:\wamp\www\qb\Application\Runtime\Cache\Admin\7224e4b25872e9ce0050481912a41c50.php 第 73 行.
NOTIC: [8] Use of undefined constant keyword - assumed 'keyword' D:\wamp\www\qb\Application\Runtime\Cache\Admin\7224e4b25872e9ce0050481912a41c50.php 第 73 行.
NOTIC: [8] Undefined index: keyword D:\wamp\www\qb\Application\Runtime\Cache\Admin\7224e4b25872e9ce0050481912a41c50.php 第 73 行.
NOTIC: [8] Use of undefined constant isred - assumed 'isred' D:\wamp\www\qb\Application\Runtime\Cache\Admin\7224e4b25872e9ce0050481912a41c50.php 第 73 行.
NOTIC: [8] Use of undefined constant isred - assumed 'isred' D:\wamp\www\qb\Application\Runtime\Cache\Admin\7224e4b25872e9ce0050481912a41c50.php 第 73 行.
NOTIC: [8] Use of undefined constant isred - assumed 'isred' D:\wamp\www\qb\Application\Runtime\Cache\Admin\7224e4b25872e9ce0050481912a41c50.php 第 73 行.
NOTIC: [8] Use of undefined constant p - assumed 'p' D:\wamp\www\qb\Application\Runtime\Cache\Admin\7224e4b25872e9ce0050481912a41c50.php 第 73 行.
NOTIC: [8] Undefined index: p D:\wamp\www\qb\Application\Runtime\Cache\Admin\7224e4b25872e9ce0050481912a41c50.php 第 73 行.
NOTIC: [8] Use of undefined constant verify - assumed 'verify' D:\wamp\www\qb\Application\Runtime\Cache\Admin\7224e4b25872e9ce0050481912a41c50.php 第 73 行.
NOTIC: [8] Undefined index: verify D:\wamp\www\qb\Application\Runtime\Cache\Admin\7224e4b25872e9ce0050481912a41c50.php 第 73 行.
NOTIC: [8] Use of undefined constant keyword - assumed 'keyword' D:\wamp\www\qb\Application\Runtime\Cache\Admin\7224e4b25872e9ce0050481912a41c50.php 第 73 行.
NOTIC: [8] Undefined index: keyword D:\wamp\www\qb\Application\Runtime\Cache\Admin\7224e4b25872e9ce0050481912a41c50.php 第 73 行.
NOTIC: [8] Use of undefined constant isred - assumed 'isred' D:\wamp\www\qb\Application\Runtime\Cache\Admin\7224e4b25872e9ce0050481912a41c50.php 第 73 行.
NOTIC: [8] Use of undefined constant isred - assumed 'isred' D:\wamp\www\qb\Application\Runtime\Cache\Admin\7224e4b25872e9ce0050481912a41c50.php 第 73 行.
NOTIC: [8] Use of undefined constant isred - assumed 'isred' D:\wamp\www\qb\Application\Runtime\Cache\Admin\7224e4b25872e9ce0050481912a41c50.php 第 73 行.
NOTIC: [8] Use of undefined constant p - assumed 'p' D:\wamp\www\qb\Application\Runtime\Cache\Admin\7224e4b25872e9ce0050481912a41c50.php 第 73 行.
NOTIC: [8] Undefined index: p D:\wamp\www\qb\Application\Runtime\Cache\Admin\7224e4b25872e9ce0050481912a41c50.php 第 73 行.
NOTIC: [8] Use of undefined constant verify - assumed 'verify' D:\wamp\www\qb\Application\Runtime\Cache\Admin\7224e4b25872e9ce0050481912a41c50.php 第 73 行.
NOTIC: [8] Undefined index: verify D:\wamp\www\qb\Application\Runtime\Cache\Admin\7224e4b25872e9ce0050481912a41c50.php 第 73 行.
NOTIC: [8] Use of undefined constant keyword - assumed 'keyword' D:\wamp\www\qb\Application\Runtime\Cache\Admin\7224e4b25872e9ce0050481912a41c50.php 第 73 行.
NOTIC: [8] Undefined index: keyword D:\wamp\www\qb\Application\Runtime\Cache\Admin\7224e4b25872e9ce0050481912a41c50.php 第 73 行.
NOTIC: [8] Use of undefined constant isred - assumed 'isred' D:\wamp\www\qb\Application\Runtime\Cache\Admin\7224e4b25872e9ce0050481912a41c50.php 第 73 行.
NOTIC: [8] Use of undefined constant isred - assumed 'isred' D:\wamp\www\qb\Application\Runtime\Cache\Admin\7224e4b25872e9ce0050481912a41c50.php 第 73 行.
NOTIC: [8] Use of undefined constant isred - assumed 'isred' D:\wamp\www\qb\Application\Runtime\Cache\Admin\7224e4b25872e9ce0050481912a41c50.php 第 73 行.
NOTIC: [8] Use of undefined constant p - assumed 'p' D:\wamp\www\qb\Application\Runtime\Cache\Admin\7224e4b25872e9ce0050481912a41c50.php 第 73 行.
NOTIC: [8] Undefined index: p D:\wamp\www\qb\Application\Runtime\Cache\Admin\7224e4b25872e9ce0050481912a41c50.php 第 73 行.
NOTIC: [8] Use of undefined constant verify - assumed 'verify' D:\wamp\www\qb\Application\Runtime\Cache\Admin\7224e4b25872e9ce0050481912a41c50.php 第 73 行.
NOTIC: [8] Undefined index: verify D:\wamp\www\qb\Application\Runtime\Cache\Admin\7224e4b25872e9ce0050481912a41c50.php 第 73 行.
NOTIC: [8] Use of undefined constant keyword - assumed 'keyword' D:\wamp\www\qb\Application\Runtime\Cache\Admin\7224e4b25872e9ce0050481912a41c50.php 第 73 行.
NOTIC: [8] Undefined index: keyword D:\wamp\www\qb\Application\Runtime\Cache\Admin\7224e4b25872e9ce0050481912a41c50.php 第 73 行.
NOTIC: [8] Use of undefined constant isred - assumed 'isred' D:\wamp\www\qb\Application\Runtime\Cache\Admin\7224e4b25872e9ce0050481912a41c50.php 第 73 行.
NOTIC: [8] Use of undefined constant isred - assumed 'isred' D:\wamp\www\qb\Application\Runtime\Cache\Admin\7224e4b25872e9ce0050481912a41c50.php 第 73 行.
NOTIC: [8] Use of undefined constant isred - assumed 'isred' D:\wamp\www\qb\Application\Runtime\Cache\Admin\7224e4b25872e9ce0050481912a41c50.php 第 73 行.
NOTIC: [8] Use of undefined constant p - assumed 'p' D:\wamp\www\qb\Application\Runtime\Cache\Admin\7224e4b25872e9ce0050481912a41c50.php 第 73 行.
NOTIC: [8] Undefined index: p D:\wamp\www\qb\Application\Runtime\Cache\Admin\7224e4b25872e9ce0050481912a41c50.php 第 73 行.
NOTIC: [8] Use of undefined constant verify - assumed 'verify' D:\wamp\www\qb\Application\Runtime\Cache\Admin\7224e4b25872e9ce0050481912a41c50.php 第 73 行.
NOTIC: [8] Undefined index: verify D:\wamp\www\qb\Application\Runtime\Cache\Admin\7224e4b25872e9ce0050481912a41c50.php 第 73 行.
NOTIC: [8] Use of undefined constant keyword - assumed 'keyword' D:\wamp\www\qb\Application\Runtime\Cache\Admin\7224e4b25872e9ce0050481912a41c50.php 第 73 行.
NOTIC: [8] Undefined index: keyword D:\wamp\www\qb\Application\Runtime\Cache\Admin\7224e4b25872e9ce0050481912a41c50.php 第 73 行.
NOTIC: [8] Use of undefined constant isred - assumed 'isred' D:\wamp\www\qb\Application\Runtime\Cache\Admin\7224e4b25872e9ce0050481912a41c50.php 第 73 行.
NOTIC: [8] Use of undefined constant isred - assumed 'isred' D:\wamp\www\qb\Application\Runtime\Cache\Admin\7224e4b25872e9ce0050481912a41c50.php 第 73 行.
NOTIC: [8] Use of undefined constant isred - assumed 'isred' D:\wamp\www\qb\Application\Runtime\Cache\Admin\7224e4b25872e9ce0050481912a41c50.php 第 73 行.
NOTIC: [8] Use of undefined constant p - assumed 'p' D:\wamp\www\qb\Application\Runtime\Cache\Admin\7224e4b25872e9ce0050481912a41c50.php 第 73 行.
NOTIC: [8] Undefined index: p D:\wamp\www\qb\Application\Runtime\Cache\Admin\7224e4b25872e9ce0050481912a41c50.php 第 73 行.
NOTIC: [8] Use of undefined constant verify - assumed 'verify' D:\wamp\www\qb\Application\Runtime\Cache\Admin\7224e4b25872e9ce0050481912a41c50.php 第 73 行.
NOTIC: [8] Undefined index: verify D:\wamp\www\qb\Application\Runtime\Cache\Admin\7224e4b25872e9ce0050481912a41c50.php 第 73 行.
NOTIC: [8] Use of undefined constant keyword - assumed 'keyword' D:\wamp\www\qb\Application\Runtime\Cache\Admin\7224e4b25872e9ce0050481912a41c50.php 第 73 行.
NOTIC: [8] Undefined index: keyword D:\wamp\www\qb\Application\Runtime\Cache\Admin\7224e4b25872e9ce0050481912a41c50.php 第 73 行.
NOTIC: [8] Use of undefined constant isred - assumed 'isred' D:\wamp\www\qb\Application\Runtime\Cache\Admin\7224e4b25872e9ce0050481912a41c50.php 第 73 行.
NOTIC: [8] Use of undefined constant isred - assumed 'isred' D:\wamp\www\qb\Application\Runtime\Cache\Admin\7224e4b25872e9ce0050481912a41c50.php 第 73 行.
NOTIC: [8] Use of undefined constant isred - assumed 'isred' D:\wamp\www\qb\Application\Runtime\Cache\Admin\7224e4b25872e9ce0050481912a41c50.php 第 73 行.
NOTIC: [8] Use of undefined constant p - assumed 'p' D:\wamp\www\qb\Application\Runtime\Cache\Admin\7224e4b25872e9ce0050481912a41c50.php 第 73 行.
NOTIC: [8] Undefined index: p D:\wamp\www\qb\Application\Runtime\Cache\Admin\7224e4b25872e9ce0050481912a41c50.php 第 73 行.
NOTIC: [8] Use of undefined constant verify - assumed 'verify' D:\wamp\www\qb\Application\Runtime\Cache\Admin\7224e4b25872e9ce0050481912a41c50.php 第 73 行.
NOTIC: [8] Undefined index: verify D:\wamp\www\qb\Application\Runtime\Cache\Admin\7224e4b25872e9ce0050481912a41c50.php 第 73 行.
NOTIC: [8] Use of undefined constant keyword - assumed 'keyword' D:\wamp\www\qb\Application\Runtime\Cache\Admin\7224e4b25872e9ce0050481912a41c50.php 第 73 行.
NOTIC: [8] Undefined index: keyword D:\wamp\www\qb\Application\Runtime\Cache\Admin\7224e4b25872e9ce0050481912a41c50.php 第 73 行.
NOTIC: [8] Use of undefined constant isred - assumed 'isred' D:\wamp\www\qb\Application\Runtime\Cache\Admin\7224e4b25872e9ce0050481912a41c50.php 第 73 行.
NOTIC: [8] Use of undefined constant isred - assumed 'isred' D:\wamp\www\qb\Application\Runtime\Cache\Admin\7224e4b25872e9ce0050481912a41c50.php 第 73 行.
NOTIC: [8] Use of undefined constant isred - assumed 'isred' D:\wamp\www\qb\Application\Runtime\Cache\Admin\7224e4b25872e9ce0050481912a41c50.php 第 73 行.
NOTIC: [8] Use of undefined constant p - assumed 'p' D:\wamp\www\qb\Application\Runtime\Cache\Admin\7224e4b25872e9ce0050481912a41c50.php 第 73 行.
NOTIC: [8] Undefined index: p D:\wamp\www\qb\Application\Runtime\Cache\Admin\7224e4b25872e9ce0050481912a41c50.php 第 73 行.
NOTIC: [8] Use of undefined constant verify - assumed 'verify' D:\wamp\www\qb\Application\Runtime\Cache\Admin\7224e4b25872e9ce0050481912a41c50.php 第 73 行.
NOTIC: [8] Undefined index: verify D:\wamp\www\qb\Application\Runtime\Cache\Admin\7224e4b25872e9ce0050481912a41c50.php 第 73 行.
NOTIC: [8] Use of undefined constant keyword - assumed 'keyword' D:\wamp\www\qb\Application\Runtime\Cache\Admin\7224e4b25872e9ce0050481912a41c50.php 第 73 行.
NOTIC: [8] Undefined index: keyword D:\wamp\www\qb\Application\Runtime\Cache\Admin\7224e4b25872e9ce0050481912a41c50.php 第 73 行.
NOTIC: [8] Use of undefined constant isred - assumed 'isred' D:\wamp\www\qb\Application\Runtime\Cache\Admin\7224e4b25872e9ce0050481912a41c50.php 第 73 行.
NOTIC: [8] Use of undefined constant isred - assumed 'isred' D:\wamp\www\qb\Application\Runtime\Cache\Admin\7224e4b25872e9ce0050481912a41c50.php 第 73 行.
NOTIC: [8] Use of undefined constant isred - assumed 'isred' D:\wamp\www\qb\Application\Runtime\Cache\Admin\7224e4b25872e9ce0050481912a41c50.php 第 73 行.
NOTIC: [8] Use of undefined constant p - assumed 'p' D:\wamp\www\qb\Application\Runtime\Cache\Admin\7224e4b25872e9ce0050481912a41c50.php 第 73 行.
NOTIC: [8] Undefined index: p D:\wamp\www\qb\Application\Runtime\Cache\Admin\7224e4b25872e9ce0050481912a41c50.php 第 73 行.
NOTIC: [8] Use of undefined constant verify - assumed 'verify' D:\wamp\www\qb\Application\Runtime\Cache\Admin\7224e4b25872e9ce0050481912a41c50.php 第 73 行.
NOTIC: [8] Undefined index: verify D:\wamp\www\qb\Application\Runtime\Cache\Admin\7224e4b25872e9ce0050481912a41c50.php 第 73 行.
NOTIC: [8] Use of undefined constant keyword - assumed 'keyword' D:\wamp\www\qb\Application\Runtime\Cache\Admin\7224e4b25872e9ce0050481912a41c50.php 第 73 行.
NOTIC: [8] Undefined index: keyword D:\wamp\www\qb\Application\Runtime\Cache\Admin\7224e4b25872e9ce0050481912a41c50.php 第 73 行.
INFO: Run Behavior\ParseTemplateBehavior [ RunTime:0.012134s ]
INFO: [ view_parse ] --END-- [ RunTime:0.012218s ]
INFO: [ view_filter ] --START--
INFO: Run Behavior\WriteHtmlCacheBehavior [ RunTime:0.000545s ]
INFO: [ view_filter ] --END-- [ RunTime:0.000589s ]
INFO: [ app_end ] --START--
INFO: Run Behavior\ShowPageTraceBehavior [ RunTime:0.000792s ]
INFO: [ app_end ] --END-- [ RunTime:0.000842s ]

[ 2016-01-22T17:49:10+08:00 ] 127.0.0.1 /Admin/Selfcity/add.html
INFO: [ app_init ] --START--
INFO: Run Behavior\BuildLiteBehavior [ RunTime:0.000016s ]
INFO: [ app_init ] --END-- [ RunTime:0.000696s ]
INFO: [ app_begin ] --START--
INFO: Run Behavior\ReadHtmlCacheBehavior [ RunTime:0.000756s ]
INFO: [ app_begin ] --END-- [ RunTime:0.000835s ]
INFO: [ view_parse ] --START--
INFO: [ template_filter ] --START--
INFO: Run Behavior\ContentReplaceBehavior [ RunTime:0.000055s ]
INFO: [ template_filter ] --END-- [ RunTime:0.000121s ]
INFO: Run Behavior\ParseTemplateBehavior [ RunTime:0.007249s ]
INFO: [ view_parse ] --END-- [ RunTime:0.007313s ]
INFO: [ view_filter ] --START--
INFO: Run Behavior\WriteHtmlCacheBehavior [ RunTime:0.000397s ]
INFO: [ view_filter ] --END-- [ RunTime:0.000437s ]
INFO: [ app_end ] --START--
INFO: Run Behavior\ShowPageTraceBehavior [ RunTime:0.000603s ]
INFO: [ app_end ] --END-- [ RunTime:0.000653s ]

[ 2016-01-22T17:49:21+08:00 ] 127.0.0.1 /Admin/Selfcity/add.html
INFO: [ app_init ] --START--
INFO: Run Behavior\BuildLiteBehavior [ RunTime:0.000019s ]
INFO: [ app_init ] --END-- [ RunTime:0.001033s ]
INFO: [ app_begin ] --START--
INFO: Run Behavior\ReadHtmlCacheBehavior [ RunTime:0.000752s ]
INFO: [ app_begin ] --END-- [ RunTime:0.000884s ]
SQL: SHOW COLUMNS FROM `t_selfcity` [ RunTime:0.0121s ]
SQL: INSERT INTO `t_selfcity` (`title`,`prefix`,`isred`) VALUES ('松原市','S','1') [ RunTime:0.0181s ]

[ 2016-01-22T17:49:22+08:00 ] 127.0.0.1 /Admin/Selfcity
INFO: [ app_init ] --START--
INFO: Run Behavior\BuildLiteBehavior [ RunTime:0.000017s ]
INFO: [ app_init ] --END-- [ RunTime:0.000653s ]
INFO: [ app_begin ] --START--
INFO: Run Behavior\ReadHtmlCacheBehavior [ RunTime:0.000779s ]
INFO: [ app_begin ] --END-- [ RunTime:0.000861s ]
SQL: SHOW COLUMNS FROM `t_selfcity` [ RunTime:0.0111s ]
SQL: SELECT COUNT(*) AS tp_count FROM `t_selfcity` LIMIT 1   [ RunTime:0.0107s ]
NOTIC: [8] Undefined variable: data D:\wamp\www\qb\Application\Admin\Controller\SelfcityController.class.php 第 26 行.
SQL: SELECT * FROM `t_selfcity` ORDER BY isred desc,id desc LIMIT 0,15   [ RunTime:0.0099s ]
INFO: [ view_parse ] --START--
INFO: [ template_filter ] --START--
INFO: Run Behavior\ContentReplaceBehavior [ RunTime:0.000060s ]
INFO: [ template_filter ] --END-- [ RunTime:0.000126s ]
NOTIC: [8] Use of undefined constant isred - assumed 'isred' D:\wamp\www\qb\Application\Runtime\Cache\Admin\7224e4b25872e9ce0050481912a41c50.php 第 73 行.
NOTIC: [8] Use of undefined constant isred - assumed 'isred' D:\wamp\www\qb\Application\Runtime\Cache\Admin\7224e4b25872e9ce0050481912a41c50.php 第 73 行.
NOTIC: [8] Use of undefined constant isred - assumed 'isred' D:\wamp\www\qb\Application\Runtime\Cache\Admin\7224e4b25872e9ce0050481912a41c50.php 第 73 行.
NOTIC: [8] Use of undefined constant p - assumed 'p' D:\wamp\www\qb\Application\Runtime\Cache\Admin\7224e4b25872e9ce0050481912a41c50.php 第 73 行.
NOTIC: [8] Undefined index: p D:\wamp\www\qb\Application\Runtime\Cache\Admin\7224e4b25872e9ce0050481912a41c50.php 第 73 行.
NOTIC: [8] Use of undefined constant verify - assumed 'verify' D:\wamp\www\qb\Application\Runtime\Cache\Admin\7224e4b25872e9ce0050481912a41c50.php 第 73 行.
NOTIC: [8] Undefined index: verify D:\wamp\www\qb\Application\Runtime\Cache\Admin\7224e4b25872e9ce0050481912a41c50.php 第 73 行.
NOTIC: [8] Use of undefined constant keyword - assumed 'keyword' D:\wamp\www\qb\Application\Runtime\Cache\Admin\7224e4b25872e9ce0050481912a41c50.php 第 73 行.
NOTIC: [8] Undefined index: keyword D:\wamp\www\qb\Application\Runtime\Cache\Admin\7224e4b25872e9ce0050481912a41c50.php 第 73 行.
NOTIC: [8] Use of undefined constant isred - assumed 'isred' D:\wamp\www\qb\Application\Runtime\Cache\Admin\7224e4b25872e9ce0050481912a41c50.php 第 73 行.
NOTIC: [8] Use of undefined constant isred - assumed 'isred' D:\wamp\www\qb\Application\Runtime\Cache\Admin\7224e4b25872e9ce0050481912a41c50.php 第 73 行.
NOTIC: [8] Use of undefined constant isred - assumed 'isred' D:\wamp\www\qb\Application\Runtime\Cache\Admin\7224e4b25872e9ce0050481912a41c50.php 第 73 行.
NOTIC: [8] Use of undefined constant p - assumed 'p' D:\wamp\www\qb\Application\Runtime\Cache\Admin\7224e4b25872e9ce0050481912a41c50.php 第 73 行.
NOTIC: [8] Undefined index: p D:\wamp\www\qb\Application\Runtime\Cache\Admin\7224e4b25872e9ce0050481912a41c50.php 第 73 行.
NOTIC: [8] Use of undefined constant verify - assumed 'verify' D:\wamp\www\qb\Application\Runtime\Cache\Admin\7224e4b25872e9ce0050481912a41c50.php 第 73 行.
NOTIC: [8] Undefined index: verify D:\wamp\www\qb\Application\Runtime\Cache\Admin\7224e4b25872e9ce0050481912a41c50.php 第 73 行.
NOTIC: [8] Use of undefined constant keyword - assumed 'keyword' D:\wamp\www\qb\Application\Runtime\Cache\Admin\7224e4b25872e9ce0050481912a41c50.php 第 73 行.
NOTIC: [8] Undefined index: keyword D:\wamp\www\qb\Application\Runtime\Cache\Admin\7224e4b25872e9ce0050481912a41c50.php 第 73 行.
NOTIC: [8] Use of undefined constant isred - assumed 'isred' D:\wamp\www\qb\Application\Runtime\Cache\Admin\7224e4b25872e9ce0050481912a41c50.php 第 73 行.
NOTIC: [8] Use of undefined constant isred - assumed 'isred' D:\wamp\www\qb\Application\Runtime\Cache\Admin\7224e4b25872e9ce0050481912a41c50.php 第 73 行.
NOTIC: [8] Use of undefined constant isred - assumed 'isred' D:\wamp\www\qb\Application\Runtime\Cache\Admin\7224e4b25872e9ce0050481912a41c50.php 第 73 行.
NOTIC: [8] Use of undefined constant p - assumed 'p' D:\wamp\www\qb\Application\Runtime\Cache\Admin\7224e4b25872e9ce0050481912a41c50.php 第 73 行.
NOTIC: [8] Undefined index: p D:\wamp\www\qb\Application\Runtime\Cache\Admin\7224e4b25872e9ce0050481912a41c50.php 第 73 行.
NOTIC: [8] Use of undefined constant verify - assumed 'verify' D:\wamp\www\qb\Application\Runtime\Cache\Admin\7224e4b25872e9ce0050481912a41c50.php 第 73 行.
NOTIC: [8] Undefined index: verify D:\wamp\www\qb\Application\Runtime\Cache\Admin\7224e4b25872e9ce0050481912a41c50.php 第 73 行.
NOTIC: [8] Use of undefined constant keyword - assumed 'keyword' D:\wamp\www\qb\Application\Runtime\Cache\Admin\7224e4b25872e9ce0050481912a41c50.php 第 73 行.
NOTIC: [8] Undefined index: keyword D:\wamp\www\qb\Application\Runtime\Cache\Admin\7224e4b25872e9ce0050481912a41c50.php 第 73 行.
NOTIC: [8] Use of undefined constant isred - assumed 'isred' D:\wamp\www\qb\Application\Runtime\Cache\Admin\7224e4b25872e9ce0050481912a41c50.php 第 73 行.
NOTIC: [8] Use of undefined constant isred - assumed 'isred' D:\wamp\www\qb\Application\Runtime\Cache\Admin\7224e4b25872e9ce0050481912a41c50.php 第 73 行.
NOTIC: [8] Use of undefined constant isred - assumed 'isred' D:\wamp\www\qb\Application\Runtime\Cache\Admin\7224e4b25872e9ce0050481912a41c50.php 第 73 行.
NOTIC: [8] Use of undefined constant p - assumed 'p' D:\wamp\www\qb\Application\Runtime\Cache\Admin\7224e4b25872e9ce0050481912a41c50.php 第 73 行.
NOTIC: [8] Undefined index: p D:\wamp\www\qb\Application\Runtime\Cache\Admin\7224e4b25872e9ce0050481912a41c50.php 第 73 行.
NOTIC: [8] Use of undefined constant verify - assumed 'verify' D:\wamp\www\qb\Application\Runtime\Cache\Admin\7224e4b25872e9ce0050481912a41c50.php 第 73 行.
NOTIC: [8] Undefined index: verify D:\wamp\www\qb\Application\Runtime\Cache\Admin\7224e4b25872e9ce0050481912a41c50.php 第 73 行.
NOTIC: [8] Use of undefined constant keyword - assumed 'keyword' D:\wamp\www\qb\Application\Runtime\Cache\Admin\7224e4b25872e9ce0050481912a41c50.php 第 73 行.
NOTIC: [8] Undefined index: keyword D:\wamp\www\qb\Application\Runtime\Cache\Admin\7224e4b25872e9ce0050481912a41c50.php 第 73 行.
NOTIC: [8] Use of undefined constant isred - assumed 'isred' D:\wamp\www\qb\Application\Runtime\Cache\Admin\7224e4b25872e9ce0050481912a41c50.php 第 73 行.
NOTIC: [8] Use of undefined constant isred - assumed 'isred' D:\wamp\www\qb\Application\Runtime\Cache\Admin\7224e4b25872e9ce0050481912a41c50.php 第 73 行.
NOTIC: [8] Use of undefined constant isred - assumed 'isred' D:\wamp\www\qb\Application\Runtime\Cache\Admin\7224e4b25872e9ce0050481912a41c50.php 第 73 行.
NOTIC: [8] Use of undefined constant p - assumed 'p' D:\wamp\www\qb\Application\Runtime\Cache\Admin\7224e4b25872e9ce0050481912a41c50.php 第 73 行.
NOTIC: [8] Undefined index: p D:\wamp\www\qb\Application\Runtime\Cache\Admin\7224e4b25872e9ce0050481912a41c50.php 第 73 行.
NOTIC: [8] Use of undefined constant verify - assumed 'verify' D:\wamp\www\qb\Application\Runtime\Cache\Admin\7224e4b25872e9ce0050481912a41c50.php 第 73 行.
NOTIC: [8] Undefined index: verify D:\wamp\www\qb\Application\Runtime\Cache\Admin\7224e4b25872e9ce0050481912a41c50.php 第 73 行.
NOTIC: [8] Use of undefined constant keyword - assumed 'keyword' D:\wamp\www\qb\Application\Runtime\Cache\Admin\7224e4b25872e9ce0050481912a41c50.php 第 73 行.
NOTIC: [8] Undefined index: keyword D:\wamp\www\qb\Application\Runtime\Cache\Admin\7224e4b25872e9ce0050481912a41c50.php 第 73 行.
NOTIC: [8] Use of undefined constant isred - assumed 'isred' D:\wamp\www\qb\Application\Runtime\Cache\Admin\7224e4b25872e9ce0050481912a41c50.php 第 73 行.
NOTIC: [8] Use of undefined constant isred - assumed 'isred' D:\wamp\www\qb\Application\Runtime\Cache\Admin\7224e4b25872e9ce0050481912a41c50.php 第 73 行.
NOTIC: [8] Use of undefined constant isred - assumed 'isred' D:\wamp\www\qb\Application\Runtime\Cache\Admin\7224e4b25872e9ce0050481912a41c50.php 第 73 行.
NOTIC: [8] Use of undefined constant p - assumed 'p' D:\wamp\www\qb\Application\Runtime\Cache\Admin\7224e4b25872e9ce0050481912a41c50.php 第 73 行.
NOTIC: [8] Undefined index: p D:\wamp\www\qb\Application\Runtime\Cache\Admin\7224e4b25872e9ce0050481912a41c50.php 第 73 行.
NOTIC: [8] Use of undefined constant verify - assumed 'verify' D:\wamp\www\qb\Application\Runtime\Cache\Admin\7224e4b25872e9ce0050481912a41c50.php 第 73 行.
NOTIC: [8] Undefined index: verify D:\wamp\www\qb\Application\Runtime\Cache\Admin\7224e4b25872e9ce0050481912a41c50.php 第 73 行.
NOTIC: [8] Use of undefined constant keyword - assumed 'keyword' D:\wamp\www\qb\Application\Runtime\Cache\Admin\7224e4b25872e9ce0050481912a41c50.php 第 73 行.
NOTIC: [8] Undefined index: keyword D:\wamp\www\qb\Application\Runtime\Cache\Admin\7224e4b25872e9ce0050481912a41c50.php 第 73 行.
NOTIC: [8] Use of undefined constant isred - assumed 'isred' D:\wamp\www\qb\Application\Runtime\Cache\Admin\7224e4b25872e9ce0050481912a41c50.php 第 73 行.
NOTIC: [8] Use of undefined constant isred - assumed 'isred' D:\wamp\www\qb\Application\Runtime\Cache\Admin\7224e4b25872e9ce0050481912a41c50.php 第 73 行.
NOTIC: [8] Use of undefined constant isred - assumed 'isred' D:\wamp\www\qb\Application\Runtime\Cache\Admin\7224e4b25872e9ce0050481912a41c50.php 第 73 行.
NOTIC: [8] Use of undefined constant p - assumed 'p' D:\wamp\www\qb\Application\Runtime\Cache\Admin\7224e4b25872e9ce0050481912a41c50.php 第 73 行.
NOTIC: [8] Undefined index: p D:\wamp\www\qb\Application\Runtime\Cache\Admin\7224e4b25872e9ce0050481912a41c50.php 第 73 行.
NOTIC: [8] Use of undefined constant verify - assumed 'verify' D:\wamp\www\qb\Application\Runtime\Cache\Admin\7224e4b25872e9ce0050481912a41c50.php 第 73 行.
NOTIC: [8] Undefined index: verify D:\wamp\www\qb\Application\Runtime\Cache\Admin\7224e4b25872e9ce0050481912a41c50.php 第 73 行.
NOTIC: [8] Use of undefined constant keyword - assumed 'keyword' D:\wamp\www\qb\Application\Runtime\Cache\Admin\7224e4b25872e9ce0050481912a41c50.php 第 73 行.
NOTIC: [8] Undefined index: keyword D:\wamp\www\qb\Application\Runtime\Cache\Admin\7224e4b25872e9ce0050481912a41c50.php 第 73 行.
NOTIC: [8] Use of undefined constant isred - assumed 'isred' D:\wamp\www\qb\Application\Runtime\Cache\Admin\7224e4b25872e9ce0050481912a41c50.php 第 73 行.
NOTIC: [8] Use of undefined constant isred - assumed 'isred' D:\wamp\www\qb\Application\Runtime\Cache\Admin\7224e4b25872e9ce0050481912a41c50.php 第 73 行.
NOTIC: [8] Use of undefined constant isred - assumed 'isred' D:\wamp\www\qb\Application\Runtime\Cache\Admin\7224e4b25872e9ce0050481912a41c50.php 第 73 行.
NOTIC: [8] Use of undefined constant p - assumed 'p' D:\wamp\www\qb\Application\Runtime\Cache\Admin\7224e4b25872e9ce0050481912a41c50.php 第 73 行.
NOTIC: [8] Undefined index: p D:\wamp\www\qb\Application\Runtime\Cache\Admin\7224e4b25872e9ce0050481912a41c50.php 第 73 行.
NOTIC: [8] Use of undefined constant verify - assumed 'verify' D:\wamp\www\qb\Application\Runtime\Cache\Admin\7224e4b25872e9ce0050481912a41c50.php 第 73 行.
NOTIC: [8] Undefined index: verify D:\wamp\www\qb\Application\Runtime\Cache\Admin\7224e4b25872e9ce0050481912a41c50.php 第 73 行.
NOTIC: [8] Use of undefined constant keyword - assumed 'keyword' D:\wamp\www\qb\Application\Runtime\Cache\Admin\7224e4b25872e9ce0050481912a41c50.php 第 73 行.
NOTIC: [8] Undefined index: keyword D:\wamp\www\qb\Application\Runtime\Cache\Admin\7224e4b25872e9ce0050481912a41c50.php 第 73 行.
NOTIC: [8] Use of undefined constant isred - assumed 'isred' D:\wamp\www\qb\Application\Runtime\Cache\Admin\7224e4b25872e9ce0050481912a41c50.php 第 73 行.
NOTIC: [8] Use of undefined constant isred - assumed 'isred' D:\wamp\www\qb\Application\Runtime\Cache\Admin\7224e4b25872e9ce0050481912a41c50.php 第 73 行.
NOTIC: [8] Use of undefined constant isred - assumed 'isred' D:\wamp\www\qb\Application\Runtime\Cache\Admin\7224e4b25872e9ce0050481912a41c50.php 第 73 行.
NOTIC: [8] Use of undefined constant p - assumed 'p' D:\wamp\www\qb\Application\Runtime\Cache\Admin\7224e4b25872e9ce0050481912a41c50.php 第 73 行.
NOTIC: [8] Undefined index: p D:\wamp\www\qb\Application\Runtime\Cache\Admin\7224e4b25872e9ce0050481912a41c50.php 第 73 行.
NOTIC: [8] Use of undefined constant verify - assumed 'verify' D:\wamp\www\qb\Application\Runtime\Cache\Admin\7224e4b25872e9ce0050481912a41c50.php 第 73 行.
NOTIC: [8] Undefined index: verify D:\wamp\www\qb\Application\Runtime\Cache\Admin\7224e4b25872e9ce0050481912a41c50.php 第 73 行.
NOTIC: [8] Use of undefined constant keyword - assumed 'keyword' D:\wamp\www\qb\Application\Runtime\Cache\Admin\7224e4b25872e9ce0050481912a41c50.php 第 73 行.
NOTIC: [8] Undefined index: keyword D:\wamp\www\qb\Application\Runtime\Cache\Admin\7224e4b25872e9ce0050481912a41c50.php 第 73 行.
NOTIC: [8] Use of undefined constant isred - assumed 'isred' D:\wamp\www\qb\Application\Runtime\Cache\Admin\7224e4b25872e9ce0050481912a41c50.php 第 73 行.
NOTIC: [8] Use of undefined constant isred - assumed 'isred' D:\wamp\www\qb\Application\Runtime\Cache\Admin\7224e4b25872e9ce0050481912a41c50.php 第 73 行.
NOTIC: [8] Use of undefined constant isred - assumed 'isred' D:\wamp\www\qb\Application\Runtime\Cache\Admin\7224e4b25872e9ce0050481912a41c50.php 第 73 行.
NOTIC: [8] Use of undefined constant p - assumed 'p' D:\wamp\www\qb\Application\Runtime\Cache\Admin\7224e4b25872e9ce0050481912a41c50.php 第 73 行.
NOTIC: [8] Undefined index: p D:\wamp\www\qb\Application\Runtime\Cache\Admin\7224e4b25872e9ce0050481912a41c50.php 第 73 行.
NOTIC: [8] Use of undefined constant verify - assumed 'verify' D:\wamp\www\qb\Application\Runtime\Cache\Admin\7224e4b25872e9ce0050481912a41c50.php 第 73 行.
NOTIC: [8] Undefined index: verify D:\wamp\www\qb\Application\Runtime\Cache\Admin\7224e4b25872e9ce0050481912a41c50.php 第 73 行.
NOTIC: [8] Use of undefined constant keyword - assumed 'keyword' D:\wamp\www\qb\Application\Runtime\Cache\Admin\7224e4b25872e9ce0050481912a41c50.php 第 73 行.
NOTIC: [8] Undefined index: keyword D:\wamp\www\qb\Application\Runtime\Cache\Admin\7224e4b25872e9ce0050481912a41c50.php 第 73 行.
NOTIC: [8] Use of undefined constant isred - assumed 'isred' D:\wamp\www\qb\Application\Runtime\Cache\Admin\7224e4b25872e9ce0050481912a41c50.php 第 73 行.
NOTIC: [8] Use of undefined constant isred - assumed 'isred' D:\wamp\www\qb\Application\Runtime\Cache\Admin\7224e4b25872e9ce0050481912a41c50.php 第 73 行.
NOTIC: [8] Use of undefined constant isred - assumed 'isred' D:\wamp\www\qb\Application\Runtime\Cache\Admin\7224e4b25872e9ce0050481912a41c50.php 第 73 行.
NOTIC: [8] Use of undefined constant p - assumed 'p' D:\wamp\www\qb\Application\Runtime\Cache\Admin\7224e4b25872e9ce0050481912a41c50.php 第 73 行.
NOTIC: [8] Undefined index: p D:\wamp\www\qb\Application\Runtime\Cache\Admin\7224e4b25872e9ce0050481912a41c50.php 第 73 行.
NOTIC: [8] Use of undefined constant verify - assumed 'verify' D:\wamp\www\qb\Application\Runtime\Cache\Admin\7224e4b25872e9ce0050481912a41c50.php 第 73 行.
NOTIC: [8] Undefined index: verify D:\wamp\www\qb\Application\Runtime\Cache\Admin\7224e4b25872e9ce0050481912a41c50.php 第 73 行.
NOTIC: [8] Use of undefined constant keyword - assumed 'keyword' D:\wamp\www\qb\Application\Runtime\Cache\Admin\7224e4b25872e9ce0050481912a41c50.php 第 73 行.
NOTIC: [8] Undefined index: keyword D:\wamp\www\qb\Application\Runtime\Cache\Admin\7224e4b25872e9ce0050481912a41c50.php 第 73 行.
NOTIC: [8] Use of undefined constant isred - assumed 'isred' D:\wamp\www\qb\Application\Runtime\Cache\Admin\7224e4b25872e9ce0050481912a41c50.php 第 73 行.
NOTIC: [8] Use of undefined constant isred - assumed 'isred' D:\wamp\www\qb\Application\Runtime\Cache\Admin\7224e4b25872e9ce0050481912a41c50.php 第 73 行.
NOTIC: [8] Use of undefined constant isred - assumed 'isred' D:\wamp\www\qb\Application\Runtime\Cache\Admin\7224e4b25872e9ce0050481912a41c50.php 第 73 行.
NOTIC: [8] Use of undefined constant p - assumed 'p' D:\wamp\www\qb\Application\Runtime\Cache\Admin\7224e4b25872e9ce0050481912a41c50.php 第 73 行.
NOTIC: [8] Undefined index: p D:\wamp\www\qb\Application\Runtime\Cache\Admin\7224e4b25872e9ce0050481912a41c50.php 第 73 行.
NOTIC: [8] Use of undefined constant verify - assumed 'verify' D:\wamp\www\qb\Application\Runtime\Cache\Admin\7224e4b25872e9ce0050481912a41c50.php 第 73 行.
NOTIC: [8] Undefined index: verify D:\wamp\www\qb\Application\Runtime\Cache\Admin\7224e4b25872e9ce0050481912a41c50.php 第 73 行.
NOTIC: [8] Use of undefined constant keyword - assumed 'keyword' D:\wamp\www\qb\Application\Runtime\Cache\Admin\7224e4b25872e9ce0050481912a41c50.php 第 73 行.
NOTIC: [8] Undefined index: keyword D:\wamp\www\qb\Application\Runtime\Cache\Admin\7224e4b25872e9ce0050481912a41c50.php 第 73 行.
INFO: Run Behavior\ParseTemplateBehavior [ RunTime:0.018805s ]
INFO: [ view_parse ] --END-- [ RunTime:0.018857s ]
INFO: [ view_filter ] --START--
INFO: Run Behavior\WriteHtmlCacheBehavior [ RunTime:0.000446s ]
INFO: [ view_filter ] --END-- [ RunTime:0.000494s ]
INFO: [ app_end ] --START--
INFO: Run Behavior\ShowPageTraceBehavior [ RunTime:0.000992s ]
INFO: [ app_end ] --END-- [ RunTime:0.001055s ]

[ 2016-01-22T17:49:36+08:00 ] 127.0.0.1 /Admin/Selfcity/edit/id/9503771
INFO: [ app_init ] --START--
INFO: Run Behavior\BuildLiteBehavior [ RunTime:0.000023s ]
INFO: [ app_init ] --END-- [ RunTime:0.001151s ]
INFO: [ app_begin ] --START--
INFO: Run Behavior\ReadHtmlCacheBehavior [ RunTime:0.000675s ]
INFO: [ app_begin ] --END-- [ RunTime:0.000752s ]
SQL: SHOW COLUMNS FROM `t_selfcity` [ RunTime:0.0096s ]
SQL: SELECT * FROM `t_selfcity` WHERE ( id = 9503771 ) LIMIT 1   [ RunTime:0.0093s ]
INFO: [ view_parse ] --START--
INFO: [ template_filter ] --START--
INFO: Run Behavior\ContentReplaceBehavior [ RunTime:0.000047s ]
INFO: [ template_filter ] --END-- [ RunTime:0.000111s ]
INFO: Run Behavior\ParseTemplateBehavior [ RunTime:0.015300s ]
INFO: [ view_parse ] --END-- [ RunTime:0.015390s ]
INFO: [ view_filter ] --START--
INFO: Run Behavior\WriteHtmlCacheBehavior [ RunTime:0.000398s ]
INFO: [ view_filter ] --END-- [ RunTime:0.000455s ]
INFO: [ app_end ] --START--
INFO: Run Behavior\ShowPageTraceBehavior [ RunTime:0.000625s ]
INFO: [ app_end ] --END-- [ RunTime:0.000678s ]

[ 2016-01-22T17:49:39+08:00 ] 127.0.0.1 /Admin/Selfcity/edit/id/9503771
INFO: [ app_init ] --START--
INFO: Run Behavior\BuildLiteBehavior [ RunTime:0.000015s ]
INFO: [ app_init ] --END-- [ RunTime:0.000479s ]
INFO: [ app_begin ] --START--
INFO: Run Behavior\ReadHtmlCacheBehavior [ RunTime:0.000638s ]
INFO: [ app_begin ] --END-- [ RunTime:0.000690s ]
SQL: SHOW COLUMNS FROM `t_selfcity` [ RunTime:0.0121s ]
SQL: UPDATE `t_selfcity` SET `title`='松原',`prefix`='S',`isred`='1' WHERE `id` = 9503771 [ RunTime:0.0206s ]

[ 2016-01-22T17:49:39+08:00 ] 127.0.0.1 /Admin/Selfcity/edit/id/9503771
INFO: [ app_init ] --START--
INFO: Run Behavior\BuildLiteBehavior [ RunTime:0.000013s ]
INFO: [ app_init ] --END-- [ RunTime:0.000436s ]
INFO: [ app_begin ] --START--
INFO: Run Behavior\ReadHtmlCacheBehavior [ RunTime:0.000598s ]
INFO: [ app_begin ] --END-- [ RunTime:0.000647s ]
SQL: SHOW COLUMNS FROM `t_selfcity` [ RunTime:0.0113s ]
SQL: SELECT * FROM `t_selfcity` WHERE ( id = 9503771 ) LIMIT 1   [ RunTime:0.0078s ]
INFO: [ view_parse ] --START--
INFO: [ template_filter ] --START--
INFO: Run Behavior\ContentReplaceBehavior [ RunTime:0.000054s ]
INFO: [ template_filter ] --END-- [ RunTime:0.000142s ]
INFO: Run Behavior\ParseTemplateBehavior [ RunTime:0.008046s ]
INFO: [ view_parse ] --END-- [ RunTime:0.008115s ]
INFO: [ view_filter ] --START--
INFO: Run Behavior\WriteHtmlCacheBehavior [ RunTime:0.000396s ]
INFO: [ view_filter ] --END-- [ RunTime:0.000449s ]
INFO: [ app_end ] --START--
INFO: Run Behavior\ShowPageTraceBehavior [ RunTime:0.000586s ]
INFO: [ app_end ] --END-- [ RunTime:0.000632s ]

[ 2016-01-22T17:49:41+08:00 ] 127.0.0.1 /Admin/Selfcity
INFO: [ app_init ] --START--
INFO: Run Behavior\BuildLiteBehavior [ RunTime:0.000021s ]
INFO: [ app_init ] --END-- [ RunTime:0.000690s ]
INFO: [ app_begin ] --START--
INFO: Run Behavior\ReadHtmlCacheBehavior [ RunTime:0.000597s ]
INFO: [ app_begin ] --END-- [ RunTime:0.000666s ]
SQL: SHOW COLUMNS FROM `t_selfcity` [ RunTime:0.0128s ]
SQL: SELECT COUNT(*) AS tp_count FROM `t_selfcity` LIMIT 1   [ RunTime:0.0088s ]
NOTIC: [8] Undefined variable: data D:\wamp\www\qb\Application\Admin\Controller\SelfcityController.class.php 第 26 行.
SQL: SELECT * FROM `t_selfcity` ORDER BY isred desc,id desc LIMIT 0,15   [ RunTime:0.0105s ]
INFO: [ view_parse ] --START--
INFO: [ template_filter ] --START--
INFO: Run Behavior\ContentReplaceBehavior [ RunTime:0.000045s ]
INFO: [ template_filter ] --END-- [ RunTime:0.000099s ]
NOTIC: [8] Use of undefined constant isred - assumed 'isred' D:\wamp\www\qb\Application\Runtime\Cache\Admin\7224e4b25872e9ce0050481912a41c50.php 第 73 行.
NOTIC: [8] Use of undefined constant isred - assumed 'isred' D:\wamp\www\qb\Application\Runtime\Cache\Admin\7224e4b25872e9ce0050481912a41c50.php 第 73 行.
NOTIC: [8] Use of undefined constant isred - assumed 'isred' D:\wamp\www\qb\Application\Runtime\Cache\Admin\7224e4b25872e9ce0050481912a41c50.php 第 73 行.
NOTIC: [8] Use of undefined constant p - assumed 'p' D:\wamp\www\qb\Application\Runtime\Cache\Admin\7224e4b25872e9ce0050481912a41c50.php 第 73 行.
NOTIC: [8] Undefined index: p D:\wamp\www\qb\Application\Runtime\Cache\Admin\7224e4b25872e9ce0050481912a41c50.php 第 73 行.
NOTIC: [8] Use of undefined constant verify - assumed 'verify' D:\wamp\www\qb\Application\Runtime\Cache\Admin\7224e4b25872e9ce0050481912a41c50.php 第 73 行.
NOTIC: [8] Undefined index: verify D:\wamp\www\qb\Application\Runtime\Cache\Admin\7224e4b25872e9ce0050481912a41c50.php 第 73 行.
NOTIC: [8] Use of undefined constant keyword - assumed 'keyword' D:\wamp\www\qb\Application\Runtime\Cache\Admin\7224e4b25872e9ce0050481912a41c50.php 第 73 行.
NOTIC: [8] Undefined index: keyword D:\wamp\www\qb\Application\Runtime\Cache\Admin\7224e4b25872e9ce0050481912a41c50.php 第 73 行.
NOTIC: [8] Use of undefined constant isred - assumed 'isred' D:\wamp\www\qb\Application\Runtime\Cache\Admin\7224e4b25872e9ce0050481912a41c50.php 第 73 行.
NOTIC: [8] Use of undefined constant isred - assumed 'isred' D:\wamp\www\qb\Application\Runtime\Cache\Admin\7224e4b25872e9ce0050481912a41c50.php 第 73 行.
NOTIC: [8] Use of undefined constant isred - assumed 'isred' D:\wamp\www\qb\Application\Runtime\Cache\Admin\7224e4b25872e9ce0050481912a41c50.php 第 73 行.
NOTIC: [8] Use of undefined constant p - assumed 'p' D:\wamp\www\qb\Application\Runtime\Cache\Admin\7224e4b25872e9ce0050481912a41c50.php 第 73 行.
NOTIC: [8] Undefined index: p D:\wamp\www\qb\Application\Runtime\Cache\Admin\7224e4b25872e9ce0050481912a41c50.php 第 73 行.
NOTIC: [8] Use of undefined constant verify - assumed 'verify' D:\wamp\www\qb\Application\Runtime\Cache\Admin\7224e4b25872e9ce0050481912a41c50.php 第 73 行.
NOTIC: [8] Undefined index: verify D:\wamp\www\qb\Application\Runtime\Cache\Admin\7224e4b25872e9ce0050481912a41c50.php 第 73 行.
NOTIC: [8] Use of undefined constant keyword - assumed 'keyword' D:\wamp\www\qb\Application\Runtime\Cache\Admin\7224e4b25872e9ce0050481912a41c50.php 第 73 行.
NOTIC: [8] Undefined index: keyword D:\wamp\www\qb\Application\Runtime\Cache\Admin\7224e4b25872e9ce0050481912a41c50.php 第 73 行.
NOTIC: [8] Use of undefined constant isred - assumed 'isred' D:\wamp\www\qb\Application\Runtime\Cache\Admin\7224e4b25872e9ce0050481912a41c50.php 第 73 行.
NOTIC: [8] Use of undefined constant isred - assumed 'isred' D:\wamp\www\qb\Application\Runtime\Cache\Admin\7224e4b25872e9ce0050481912a41c50.php 第 73 行.
NOTIC: [8] Use of undefined constant isred - assumed 'isred' D:\wamp\www\qb\Application\Runtime\Cache\Admin\7224e4b25872e9ce0050481912a41c50.php 第 73 行.
NOTIC: [8] Use of undefined constant p - assumed 'p' D:\wamp\www\qb\Application\Runtime\Cache\Admin\7224e4b25872e9ce0050481912a41c50.php 第 73 行.
NOTIC: [8] Undefined index: p D:\wamp\www\qb\Application\Runtime\Cache\Admin\7224e4b25872e9ce0050481912a41c50.php 第 73 行.
NOTIC: [8] Use of undefined constant verify - assumed 'verify' D:\wamp\www\qb\Application\Runtime\Cache\Admin\7224e4b25872e9ce0050481912a41c50.php 第 73 行.
NOTIC: [8] Undefined index: verify D:\wamp\www\qb\Application\Runtime\Cache\Admin\7224e4b25872e9ce0050481912a41c50.php 第 73 行.
NOTIC: [8] Use of undefined constant keyword - assumed 'keyword' D:\wamp\www\qb\Application\Runtime\Cache\Admin\7224e4b25872e9ce0050481912a41c50.php 第 73 行.
NOTIC: [8] Undefined index: keyword D:\wamp\www\qb\Application\Runtime\Cache\Admin\7224e4b25872e9ce0050481912a41c50.php 第 73 行.
NOTIC: [8] Use of undefined constant isred - assumed 'isred' D:\wamp\www\qb\Application\Runtime\Cache\Admin\7224e4b25872e9ce0050481912a41c50.php 第 73 行.
NOTIC: [8] Use of undefined constant isred - assumed 'isred' D:\wamp\www\qb\Application\Runtime\Cache\Admin\7224e4b25872e9ce0050481912a41c50.php 第 73 行.
NOTIC: [8] Use of undefined constant isred - assumed 'isred' D:\wamp\www\qb\Application\Runtime\Cache\Admin\7224e4b25872e9ce0050481912a41c50.php 第 73 行.
NOTIC: [8] Use of undefined constant p - assumed 'p' D:\wamp\www\qb\Application\Runtime\Cache\Admin\7224e4b25872e9ce0050481912a41c50.php 第 73 行.
NOTIC: [8] Undefined index: p D:\wamp\www\qb\Application\Runtime\Cache\Admin\7224e4b25872e9ce0050481912a41c50.php 第 73 行.
NOTIC: [8] Use of undefined constant verify - assumed 'verify' D:\wamp\www\qb\Application\Runtime\Cache\Admin\7224e4b25872e9ce0050481912a41c50.php 第 73 行.
NOTIC: [8] Undefined index: verify D:\wamp\www\qb\Application\Runtime\Cache\Admin\7224e4b25872e9ce0050481912a41c50.php 第 73 行.
NOTIC: [8] Use of undefined constant keyword - assumed 'keyword' D:\wamp\www\qb\Application\Runtime\Cache\Admin\7224e4b25872e9ce0050481912a41c50.php 第 73 行.
NOTIC: [8] Undefined index: keyword D:\wamp\www\qb\Application\Runtime\Cache\Admin\7224e4b25872e9ce0050481912a41c50.php 第 73 行.
NOTIC: [8] Use of undefined constant isred - assumed 'isred' D:\wamp\www\qb\Application\Runtime\Cache\Admin\7224e4b25872e9ce0050481912a41c50.php 第 73 行.
NOTIC: [8] Use of undefined constant isred - assumed 'isred' D:\wamp\www\qb\Application\Runtime\Cache\Admin\7224e4b25872e9ce0050481912a41c50.php 第 73 行.
NOTIC: [8] Use of undefined constant isred - assumed 'isred' D:\wamp\www\qb\Application\Runtime\Cache\Admin\7224e4b25872e9ce0050481912a41c50.php 第 73 行.
NOTIC: [8] Use of undefined constant p - assumed 'p' D:\wamp\www\qb\Application\Runtime\Cache\Admin\7224e4b25872e9ce0050481912a41c50.php 第 73 行.
NOTIC: [8] Undefined index: p D:\wamp\www\qb\Application\Runtime\Cache\Admin\7224e4b25872e9ce0050481912a41c50.php 第 73 行.
NOTIC: [8] Use of undefined constant verify - assumed 'verify' D:\wamp\www\qb\Application\Runtime\Cache\Admin\7224e4b25872e9ce0050481912a41c50.php 第 73 行.
NOTIC: [8] Undefined index: verify D:\wamp\www\qb\Application\Runtime\Cache\Admin\7224e4b25872e9ce0050481912a41c50.php 第 73 行.
NOTIC: [8] Use of undefined constant keyword - assumed 'keyword' D:\wamp\www\qb\Application\Runtime\Cache\Admin\7224e4b25872e9ce0050481912a41c50.php 第 73 行.
NOTIC: [8] Undefined index: keyword D:\wamp\www\qb\Application\Runtime\Cache\Admin\7224e4b25872e9ce0050481912a41c50.php 第 73 行.
NOTIC: [8] Use of undefined constant isred - assumed 'isred' D:\wamp\www\qb\Application\Runtime\Cache\Admin\7224e4b25872e9ce0050481912a41c50.php 第 73 行.
NOTIC: [8] Use of undefined constant isred - assumed 'isred' D:\wamp\www\qb\Application\Runtime\Cache\Admin\7224e4b25872e9ce0050481912a41c50.php 第 73 行.
NOTIC: [8] Use of undefined constant isred - assumed 'isred' D:\wamp\www\qb\Application\Runtime\Cache\Admin\7224e4b25872e9ce0050481912a41c50.php 第 73 行.
NOTIC: [8] Use of undefined constant p - assumed 'p' D:\wamp\www\qb\Application\Runtime\Cache\Admin\7224e4b25872e9ce0050481912a41c50.php 第 73 行.
NOTIC: [8] Undefined index: p D:\wamp\www\qb\Application\Runtime\Cache\Admin\7224e4b25872e9ce0050481912a41c50.php 第 73 行.
NOTIC: [8] Use of undefined constant verify - assumed 'verify' D:\wamp\www\qb\Application\Runtime\Cache\Admin\7224e4b25872e9ce0050481912a41c50.php 第 73 行.
NOTIC: [8] Undefined index: verify D:\wamp\www\qb\Application\Runtime\Cache\Admin\7224e4b25872e9ce0050481912a41c50.php 第 73 行.
NOTIC: [8] Use of undefined constant keyword - assumed 'keyword' D:\wamp\www\qb\Application\Runtime\Cache\Admin\7224e4b25872e9ce0050481912a41c50.php 第 73 行.
NOTIC: [8] Undefined index: keyword D:\wamp\www\qb\Application\Runtime\Cache\Admin\7224e4b25872e9ce0050481912a41c50.php 第 73 行.
NOTIC: [8] Use of undefined constant isred - assumed 'isred' D:\wamp\www\qb\Application\Runtime\Cache\Admin\7224e4b25872e9ce0050481912a41c50.php 第 73 行.
NOTIC: [8] Use of undefined constant isred - assumed 'isred' D:\wamp\www\qb\Application\Runtime\Cache\Admin\7224e4b25872e9ce0050481912a41c50.php 第 73 行.
NOTIC: [8] Use of undefined constant isred - assumed 'isred' D:\wamp\www\qb\Application\Runtime\Cache\Admin\7224e4b25872e9ce0050481912a41c50.php 第 73 行.
NOTIC: [8] Use of undefined constant p - assumed 'p' D:\wamp\www\qb\Application\Runtime\Cache\Admin\7224e4b25872e9ce0050481912a41c50.php 第 73 行.
NOTIC: [8] Undefined index: p D:\wamp\www\qb\Application\Runtime\Cache\Admin\7224e4b25872e9ce0050481912a41c50.php 第 73 行.
NOTIC: [8] Use of undefined constant verify - assumed 'verify' D:\wamp\www\qb\Application\Runtime\Cache\Admin\7224e4b25872e9ce0050481912a41c50.php 第 73 行.
NOTIC: [8] Undefined index: verify D:\wamp\www\qb\Application\Runtime\Cache\Admin\7224e4b25872e9ce0050481912a41c50.php 第 73 行.
NOTIC: [8] Use of undefined constant keyword - assumed 'keyword' D:\wamp\www\qb\Application\Runtime\Cache\Admin\7224e4b25872e9ce0050481912a41c50.php 第 73 行.
NOTIC: [8] Undefined index: keyword D:\wamp\www\qb\Application\Runtime\Cache\Admin\7224e4b25872e9ce0050481912a41c50.php 第 73 行.
NOTIC: [8] Use of undefined constant isred - assumed 'isred' D:\wamp\www\qb\Application\Runtime\Cache\Admin\7224e4b25872e9ce0050481912a41c50.php 第 73 行.
NOTIC: [8] Use of undefined constant isred - assumed 'isred' D:\wamp\www\qb\Application\Runtime\Cache\Admin\7224e4b25872e9ce0050481912a41c50.php 第 73 行.
NOTIC: [8] Use of undefined constant isred - assumed 'isred' D:\wamp\www\qb\Application\Runtime\Cache\Admin\7224e4b25872e9ce0050481912a41c50.php 第 73 行.
NOTIC: [8] Use of undefined constant p - assumed 'p' D:\wamp\www\qb\Application\Runtime\Cache\Admin\7224e4b25872e9ce0050481912a41c50.php 第 73 行.
NOTIC: [8] Undefined index: p D:\wamp\www\qb\Application\Runtime\Cache\Admin\7224e4b25872e9ce0050481912a41c50.php 第 73 行.
NOTIC: [8] Use of undefined constant verify - assumed 'verify' D:\wamp\www\qb\Application\Runtime\Cache\Admin\7224e4b25872e9ce0050481912a41c50.php 第 73 行.
NOTIC: [8] Undefined index: verify D:\wamp\www\qb\Application\Runtime\Cache\Admin\7224e4b25872e9ce0050481912a41c50.php 第 73 行.
NOTIC: [8] Use of undefined constant keyword - assumed 'keyword' D:\wamp\www\qb\Application\Runtime\Cache\Admin\7224e4b25872e9ce0050481912a41c50.php 第 73 行.
NOTIC: [8] Undefined index: keyword D:\wamp\www\qb\Application\Runtime\Cache\Admin\7224e4b25872e9ce0050481912a41c50.php 第 73 行.
NOTIC: [8] Use of undefined constant isred - assumed 'isred' D:\wamp\www\qb\Application\Runtime\Cache\Admin\7224e4b25872e9ce0050481912a41c50.php 第 73 行.
NOTIC: [8] Use of undefined constant isred - assumed 'isred' D:\wamp\www\qb\Application\Runtime\Cache\Admin\7224e4b25872e9ce0050481912a41c50.php 第 73 行.
NOTIC: [8] Use of undefined constant isred - assumed 'isred' D:\wamp\www\qb\Application\Runtime\Cache\Admin\7224e4b25872e9ce0050481912a41c50.php 第 73 行.
NOTIC: [8] Use of undefined constant p - assumed 'p' D:\wamp\www\qb\Application\Runtime\Cache\Admin\7224e4b25872e9ce0050481912a41c50.php 第 73 行.
NOTIC: [8] Undefined index: p D:\wamp\www\qb\Application\Runtime\Cache\Admin\7224e4b25872e9ce0050481912a41c50.php 第 73 行.
NOTIC: [8] Use of undefined constant verify - assumed 'verify' D:\wamp\www\qb\Application\Runtime\Cache\Admin\7224e4b25872e9ce0050481912a41c50.php 第 73 行.
NOTIC: [8] Undefined index: verify D:\wamp\www\qb\Application\Runtime\Cache\Admin\7224e4b25872e9ce0050481912a41c50.php 第 73 行.
NOTIC: [8] Use of undefined constant keyword - assumed 'keyword' D:\wamp\www\qb\Application\Runtime\Cache\Admin\7224e4b25872e9ce0050481912a41c50.php 第 73 行.
NOTIC: [8] Undefined index: keyword D:\wamp\www\qb\Application\Runtime\Cache\Admin\7224e4b25872e9ce0050481912a41c50.php 第 73 行.
NOTIC: [8] Use of undefined constant isred - assumed 'isred' D:\wamp\www\qb\Application\Runtime\Cache\Admin\7224e4b25872e9ce0050481912a41c50.php 第 73 行.
NOTIC: [8] Use of undefined constant isred - assumed 'isred' D:\wamp\www\qb\Application\Runtime\Cache\Admin\7224e4b25872e9ce0050481912a41c50.php 第 73 行.
NOTIC: [8] Use of undefined constant isred - assumed 'isred' D:\wamp\www\qb\Application\Runtime\Cache\Admin\7224e4b25872e9ce0050481912a41c50.php 第 73 行.
NOTIC: [8] Use of undefined constant p - assumed 'p' D:\wamp\www\qb\Application\Runtime\Cache\Admin\7224e4b25872e9ce0050481912a41c50.php 第 73 行.
NOTIC: [8] Undefined index: p D:\wamp\www\qb\Application\Runtime\Cache\Admin\7224e4b25872e9ce0050481912a41c50.php 第 73 行.
NOTIC: [8] Use of undefined constant verify - assumed 'verify' D:\wamp\www\qb\Application\Runtime\Cache\Admin\7224e4b25872e9ce0050481912a41c50.php 第 73 行.
NOTIC: [8] Undefined index: verify D:\wamp\www\qb\Application\Runtime\Cache\Admin\7224e4b25872e9ce0050481912a41c50.php 第 73 行.
NOTIC: [8] Use of undefined constant keyword - assumed 'keyword' D:\wamp\www\qb\Application\Runtime\Cache\Admin\7224e4b25872e9ce0050481912a41c50.php 第 73 行.
NOTIC: [8] Undefined index: keyword D:\wamp\www\qb\Application\Runtime\Cache\Admin\7224e4b25872e9ce0050481912a41c50.php 第 73 行.
NOTIC: [8] Use of undefined constant isred - assumed 'isred' D:\wamp\www\qb\Application\Runtime\Cache\Admin\7224e4b25872e9ce0050481912a41c50.php 第 73 行.
NOTIC: [8] Use of undefined constant isred - assumed 'isred' D:\wamp\www\qb\Application\Runtime\Cache\Admin\7224e4b25872e9ce0050481912a41c50.php 第 73 行.
NOTIC: [8] Use of undefined constant isred - assumed 'isred' D:\wamp\www\qb\Application\Runtime\Cache\Admin\7224e4b25872e9ce0050481912a41c50.php 第 73 行.
NOTIC: [8] Use of undefined constant p - assumed 'p' D:\wamp\www\qb\Application\Runtime\Cache\Admin\7224e4b25872e9ce0050481912a41c50.php 第 73 行.
NOTIC: [8] Undefined index: p D:\wamp\www\qb\Application\Runtime\Cache\Admin\7224e4b25872e9ce0050481912a41c50.php 第 73 行.
NOTIC: [8] Use of undefined constant verify - assumed 'verify' D:\wamp\www\qb\Application\Runtime\Cache\Admin\7224e4b25872e9ce0050481912a41c50.php 第 73 行.
NOTIC: [8] Undefined index: verify D:\wamp\www\qb\Application\Runtime\Cache\Admin\7224e4b25872e9ce0050481912a41c50.php 第 73 行.
NOTIC: [8] Use of undefined constant keyword - assumed 'keyword' D:\wamp\www\qb\Application\Runtime\Cache\Admin\7224e4b25872e9ce0050481912a41c50.php 第 73 行.
NOTIC: [8] Undefined index: keyword D:\wamp\www\qb\Application\Runtime\Cache\Admin\7224e4b25872e9ce0050481912a41c50.php 第 73 行.
NOTIC: [8] Use of undefined constant isred - assumed 'isred' D:\wamp\www\qb\Application\Runtime\Cache\Admin\7224e4b25872e9ce0050481912a41c50.php 第 73 行.
NOTIC: [8] Use of undefined constant isred - assumed 'isred' D:\wamp\www\qb\Application\Runtime\Cache\Admin\7224e4b25872e9ce0050481912a41c50.php 第 73 行.
NOTIC: [8] Use of undefined constant isred - assumed 'isred' D:\wamp\www\qb\Application\Runtime\Cache\Admin\7224e4b25872e9ce0050481912a41c50.php 第 73 行.
NOTIC: [8] Use of undefined constant p - assumed 'p' D:\wamp\www\qb\Application\Runtime\Cache\Admin\7224e4b25872e9ce0050481912a41c50.php 第 73 行.
NOTIC: [8] Undefined index: p D:\wamp\www\qb\Application\Runtime\Cache\Admin\7224e4b25872e9ce0050481912a41c50.php 第 73 行.
NOTIC: [8] Use of undefined constant verify - assumed 'verify' D:\wamp\www\qb\Application\Runtime\Cache\Admin\7224e4b25872e9ce0050481912a41c50.php 第 73 行.
NOTIC: [8] Undefined index: verify D:\wamp\www\qb\Application\Runtime\Cache\Admin\7224e4b25872e9ce0050481912a41c50.php 第 73 行.
NOTIC: [8] Use of undefined constant keyword - assumed 'keyword' D:\wamp\www\qb\Application\Runtime\Cache\Admin\7224e4b25872e9ce0050481912a41c50.php 第 73 行.
NOTIC: [8] Undefined index: keyword D:\wamp\www\qb\Application\Runtime\Cache\Admin\7224e4b25872e9ce0050481912a41c50.php 第 73 行.
INFO: Run Behavior\ParseTemplateBehavior [ RunTime:0.011787s ]
INFO: [ view_parse ] --END-- [ RunTime:0.011840s ]
INFO: [ view_filter ] --START--
INFO: Run Behavior\WriteHtmlCacheBehavior [ RunTime:0.000411s ]
INFO: [ view_filter ] --END-- [ RunTime:0.000453s ]
INFO: [ app_end ] --START--
INFO: Run Behavior\ShowPageTraceBehavior [ RunTime:0.000853s ]
INFO: [ app_end ] --END-- [ RunTime:0.000914s ]

