[ 2016-01-06T09:01:18+08:00 ] 127.0.0.1 /
INFO: [ app_init ] --START--
INFO: Run Behavior\BuildLiteBehavior [ RunTime:0.000014s ]
INFO: [ app_init ] --END-- [ RunTime:0.000500s ]
INFO: [ app_begin ] --START--
INFO: Run Behavior\ReadHtmlCacheBehavior [ RunTime:0.000740s ]
INFO: [ app_begin ] --END-- [ RunTime:0.000808s ]
NOTIC: [8] Undefined index: userid D:\wamp\www\qb\Application\Admin\Controller\CommonController.class.php 第 19 行.

[ 2016-01-06T09:01:18+08:00 ] 127.0.0.1 /Admin/Public/admin.html
INFO: [ app_init ] --START--
INFO: Run Behavior\BuildLiteBehavior [ RunTime:0.000014s ]
INFO: [ app_init ] --END-- [ RunTime:0.000463s ]
INFO: [ app_begin ] --START--
INFO: Run Behavior\ReadHtmlCacheBehavior [ RunTime:0.000582s ]
INFO: [ app_begin ] --END-- [ RunTime:0.000634s ]
INFO: [ view_parse ] --START--
INFO: [ template_filter ] --START--
INFO: Run Behavior\ContentReplaceBehavior [ RunTime:0.000038s ]
INFO: [ template_filter ] --END-- [ RunTime:0.000100s ]
INFO: Run Behavior\ParseTemplateBehavior [ RunTime:0.066356s ]
INFO: [ view_parse ] --END-- [ RunTime:0.066464s ]
INFO: [ view_filter ] --START--
INFO: Run Behavior\WriteHtmlCacheBehavior [ RunTime:0.006598s ]
INFO: [ view_filter ] --END-- [ RunTime:0.006663s ]
INFO: [ app_end ] --START--
INFO: Run Behavior\ShowPageTraceBehavior [ RunTime:0.011096s ]
INFO: [ app_end ] --END-- [ RunTime:0.011161s ]

[ 2016-01-06T09:01:18+08:00 ] 127.0.0.1 /Admin/Public/scode
INFO: [ app_init ] --START--
INFO: Run Behavior\BuildLiteBehavior [ RunTime:0.000018s ]
INFO: [ app_init ] --END-- [ RunTime:0.000517s ]
INFO: [ app_begin ] --START--
INFO: Run Behavior\ReadHtmlCacheBehavior [ RunTime:0.000527s ]
INFO: [ app_begin ] --END-- [ RunTime:0.000594s ]
INFO: [ app_end ] --START--
INFO: Run Behavior\ShowPageTraceBehavior [ RunTime:0.000672s ]
INFO: [ app_end ] --END-- [ RunTime:0.000745s ]

[ 2016-01-06T09:01:18+08:00 ] 127.0.0.1 /favicon.ico
INFO: [ app_init ] --START--
INFO: Run Behavior\BuildLiteBehavior [ RunTime:0.000075s ]
INFO: [ app_init ] --END-- [ RunTime:0.001932s ]

[ 2016-01-06T09:01:18+08:00 ] 127.0.0.1 /favicon.ico
INFO: [ app_init ] --START--
INFO: Run Behavior\BuildLiteBehavior [ RunTime:0.000015s ]
INFO: [ app_init ] --END-- [ RunTime:0.000462s ]

[ 2016-01-06T14:28:17+08:00 ] 127.0.0.1 /Admin/Public/login
INFO: [ app_init ] --START--
INFO: Run Behavior\BuildLiteBehavior [ RunTime:0.000023s ]
INFO: [ app_init ] --END-- [ RunTime:0.000714s ]
INFO: [ app_begin ] --START--
INFO: Run Behavior\ReadHtmlCacheBehavior [ RunTime:0.000945s ]
INFO: [ app_begin ] --END-- [ RunTime:0.001052s ]

[ 2016-01-06T14:28:17+08:00 ] 127.0.0.1 /admin/public/scode/0.5181017055106865
INFO: [ app_init ] --START--
INFO: Run Behavior\BuildLiteBehavior [ RunTime:0.000013s ]
INFO: [ app_init ] --END-- [ RunTime:0.000401s ]
INFO: [ app_begin ] --START--
INFO: Run Behavior\ReadHtmlCacheBehavior [ RunTime:0.000568s ]
INFO: [ app_begin ] --END-- [ RunTime:0.000624s ]
INFO: [ app_end ] --START--
INFO: Run Behavior\ShowPageTraceBehavior [ RunTime:0.000741s ]
INFO: [ app_end ] --END-- [ RunTime:0.000807s ]

[ 2016-01-06T14:28:22+08:00 ] 127.0.0.1 /Admin/Public/login
INFO: [ app_init ] --START--
INFO: Run Behavior\BuildLiteBehavior [ RunTime:0.000021s ]
INFO: [ app_init ] --END-- [ RunTime:0.000615s ]
INFO: [ app_begin ] --START--
INFO: Run Behavior\ReadHtmlCacheBehavior [ RunTime:0.000750s ]
INFO: [ app_begin ] --END-- [ RunTime:0.000853s ]
SQL: SHOW COLUMNS FROM `t_admin` [ RunTime:0.0114s ]
SQL: SELECT `password` FROM `t_admin` WHERE `name` = 'admin' LIMIT 1   [ RunTime:0.0104s ]

[ 2016-01-06T14:28:23+08:00 ] 127.0.0.1 /Admin/Public/admin.html
INFO: [ app_init ] --START--
INFO: Run Behavior\BuildLiteBehavior [ RunTime:0.000024s ]
INFO: [ app_init ] --END-- [ RunTime:0.000627s ]
INFO: [ app_begin ] --START--
INFO: Run Behavior\ReadHtmlCacheBehavior [ RunTime:0.000731s ]
INFO: [ app_begin ] --END-- [ RunTime:0.000789s ]
SQL: SHOW COLUMNS FROM `t_admin` [ RunTime:0.0236s ]
SQL: SELECT `password`,`name` FROM `t_admin` WHERE `name` = 'admin' LIMIT 1   [ RunTime:0.0177s ]
SQL: SELECT * FROM `t_admin` WHERE `password` = '1c63129ae9db9c60c3e8aa94d3e00495' AND `name` = 'admin' LIMIT 1   [ RunTime:0.0124s ]
SQL: UPDATE `t_admin` SET `ip`='127.0.0.1',`addtime`='1452061703' WHERE `id` = 3 [ RunTime:0.0122s ]

[ 2016-01-06T14:28:23+08:00 ] 127.0.0.1 /Admin.html
INFO: [ app_init ] --START--
INFO: Run Behavior\BuildLiteBehavior [ RunTime:0.000029s ]
INFO: [ app_init ] --END-- [ RunTime:0.000682s ]
INFO: [ app_begin ] --START--
INFO: Run Behavior\ReadHtmlCacheBehavior [ RunTime:0.000896s ]
INFO: [ app_begin ] --END-- [ RunTime:0.000996s ]
SQL: SHOW COLUMNS FROM `t_admin` [ RunTime:0.0132s ]
SQL: SELECT t_admin.name,t_role.name as title FROM `t_admin` left join t_role_user on t_role_user.user_id = t_admin.id left join t_role on t_role.id = t_role_user.role_id  WHERE ( t_admin.id = 3 ) LIMIT 1   [ RunTime:0.0208s ]
INFO: [ view_parse ] --START--
INFO: [ template_filter ] --START--
INFO: Run Behavior\ContentReplaceBehavior [ RunTime:0.000104s ]
INFO: [ template_filter ] --END-- [ RunTime:0.000196s ]
INFO: Run Behavior\ParseTemplateBehavior [ RunTime:0.032729s ]
INFO: [ view_parse ] --END-- [ RunTime:0.032807s ]
INFO: [ view_filter ] --START--
INFO: Run Behavior\WriteHtmlCacheBehavior [ RunTime:0.000470s ]
INFO: [ view_filter ] --END-- [ RunTime:0.000512s ]
INFO: [ app_end ] --START--
INFO: Run Behavior\ShowPageTraceBehavior [ RunTime:0.000628s ]
INFO: [ app_end ] --END-- [ RunTime:0.000674s ]

[ 2016-01-06T14:28:23+08:00 ] 127.0.0.1 /Public/admin/logo.png
INFO: [ app_init ] --START--
INFO: Run Behavior\BuildLiteBehavior [ RunTime:0.000030s ]
INFO: [ app_init ] --END-- [ RunTime:0.000699s ]

[ 2016-01-06T14:28:23+08:00 ] 127.0.0.1 /Admin/Index/center
INFO: [ app_init ] --START--
INFO: Run Behavior\BuildLiteBehavior [ RunTime:0.000019s ]
INFO: [ app_init ] --END-- [ RunTime:0.000585s ]
INFO: [ app_begin ] --START--
INFO: Run Behavior\ReadHtmlCacheBehavior [ RunTime:0.000816s ]
INFO: [ app_begin ] --END-- [ RunTime:0.000963s ]
SQL: SHOW COLUMNS FROM `t_admin` [ RunTime:0.0160s ]
SQL: SHOW COLUMNS FROM `t_base` [ RunTime:0.0128s ]
SQL: SELECT * FROM `t_admin` WHERE `id` = 3 LIMIT 1   [ RunTime:0.0129s ]
SQL: SELECT * FROM `t_base` WHERE `id` = 1 LIMIT 1   [ RunTime:0.0186s ]
INFO: [ view_parse ] --START--
INFO: [ template_filter ] --START--
INFO: Run Behavior\ContentReplaceBehavior [ RunTime:0.000043s ]
INFO: [ template_filter ] --END-- [ RunTime:0.000099s ]
INFO: Run Behavior\ParseTemplateBehavior [ RunTime:0.022429s ]
INFO: [ view_parse ] --END-- [ RunTime:0.022511s ]
INFO: [ view_filter ] --START--
INFO: Run Behavior\WriteHtmlCacheBehavior [ RunTime:0.001004s ]
INFO: [ view_filter ] --END-- [ RunTime:0.001415s ]
INFO: [ app_end ] --START--
INFO: Run Behavior\ShowPageTraceBehavior [ RunTime:0.000978s ]
INFO: [ app_end ] --END-- [ RunTime:0.001083s ]

[ 2016-01-06T14:28:24+08:00 ] 127.0.0.1 /Admin/Nav/nav
INFO: [ app_init ] --START--
INFO: Run Behavior\BuildLiteBehavior [ RunTime:0.000020s ]
INFO: [ app_init ] --END-- [ RunTime:0.000662s ]
INFO: [ app_begin ] --START--
INFO: Run Behavior\ReadHtmlCacheBehavior [ RunTime:0.000888s ]
INFO: [ app_begin ] --END-- [ RunTime:0.000975s ]
SQL: SHOW COLUMNS FROM `t_nav` [ RunTime:0.0134s ]
SQL: SHOW COLUMNS FROM `t_nav` [ RunTime:0.0132s ]
SQL: SHOW COLUMNS FROM `t_access` [ RunTime:0.0177s ]
SQL: SELECT * FROM `t_nav` WHERE `bid` = 0 AND `state` = 1 AND `level` <> 3 ORDER BY id asc  [ RunTime:0.0231s ]
SQL: SELECT * FROM `t_nav` WHERE `bid` = 1 AND `state` = 1 AND `level` <> 3 ORDER BY id asc  [ RunTime:0.0220s ]
SQL: SELECT * FROM `t_nav` WHERE `bid` = 2 AND `state` = 1 AND `level` <> 3 ORDER BY id asc  [ RunTime:0.0145s ]
SQL: SELECT * FROM `t_nav` WHERE `bid` = 158 AND `state` = 1 AND `level` <> 3 ORDER BY id asc  [ RunTime:0.0129s ]
SQL: SELECT * FROM `t_nav` WHERE `bid` = 159 AND `state` = 1 AND `level` <> 3 ORDER BY id asc  [ RunTime:0.0134s ]
SQL: SELECT * FROM `t_nav` WHERE `bid` = 342 AND `state` = 1 AND `level` <> 3 ORDER BY id asc  [ RunTime:0.0129s ]
SQL: SELECT * FROM `t_nav` WHERE `bid` = 167 AND `state` = 1 AND `level` <> 3 ORDER BY id asc  [ RunTime:0.0131s ]
SQL: SELECT * FROM `t_nav` WHERE `bid` = 169 AND `state` = 1 AND `level` <> 3 ORDER BY id asc  [ RunTime:0.0137s ]
SQL: SELECT * FROM `t_nav` WHERE `bid` = 204 AND `state` = 1 AND `level` <> 3 ORDER BY id asc  [ RunTime:0.0133s ]
SQL: SELECT * FROM `t_nav` WHERE `bid` = 205 AND `state` = 1 AND `level` <> 3 ORDER BY id asc  [ RunTime:0.0171s ]
SQL: SELECT * FROM `t_nav` WHERE `bid` = 207 AND `state` = 1 AND `level` <> 3 ORDER BY id asc  [ RunTime:0.0175s ]
SQL: SELECT * FROM `t_nav` WHERE `bid` = 208 AND `state` = 1 AND `level` <> 3 ORDER BY id asc  [ RunTime:0.0160s ]
SQL: SELECT * FROM `t_nav` WHERE `bid` = 380 AND `state` = 1 AND `level` <> 3 ORDER BY id asc  [ RunTime:0.0164s ]
SQL: SELECT * FROM `t_nav` WHERE `bid` = 381 AND `state` = 1 AND `level` <> 3 ORDER BY id asc  [ RunTime:0.0188s ]
SQL: SELECT * FROM `t_nav` WHERE `bid` = 445 AND `state` = 1 AND `level` <> 3 ORDER BY id asc  [ RunTime:0.0199s ]
SQL: SELECT * FROM `t_nav` WHERE `bid` = 450 AND `state` = 1 AND `level` <> 3 ORDER BY id asc  [ RunTime:0.0178s ]
SQL: SELECT * FROM `t_nav` WHERE `bid` = 3 AND `state` = 1 AND `level` <> 3 ORDER BY id asc  [ RunTime:0.0223s ]
SQL: SELECT * FROM `t_nav` WHERE `bid` = 4 AND `state` = 1 AND `level` <> 3 ORDER BY id asc  [ RunTime:0.0301s ]
SQL: SELECT * FROM `t_nav` WHERE `bid` = 173 AND `state` = 1 AND `level` <> 3 ORDER BY id asc  [ RunTime:0.0188s ]
SQL: SELECT * FROM `t_nav` WHERE `bid` = 174 AND `state` = 1 AND `level` <> 3 ORDER BY id asc  [ RunTime:0.0162s ]
SQL: SELECT * FROM `t_nav` WHERE `bid` = 438 AND `state` = 1 AND `level` <> 3 ORDER BY id asc  [ RunTime:0.0149s ]
SQL: SELECT * FROM `t_nav` WHERE `bid` = 439 AND `state` = 1 AND `level` <> 3 ORDER BY id asc  [ RunTime:0.0150s ]
SQL: SELECT * FROM `t_nav` WHERE `bid` = 5 AND `state` = 1 AND `level` <> 3 ORDER BY id asc  [ RunTime:0.0125s ]
SQL: SELECT * FROM `t_nav` WHERE `bid` = 6 AND `state` = 1 AND `level` <> 3 ORDER BY id asc  [ RunTime:0.0127s ]
SQL: SELECT * FROM `t_nav` WHERE `bid` = 187 AND `state` = 1 AND `level` <> 3 ORDER BY id asc  [ RunTime:0.0134s ]
SQL: SELECT * FROM `t_nav` WHERE `bid` = 188 AND `state` = 1 AND `level` <> 3 ORDER BY id asc  [ RunTime:0.0121s ]
SQL: SELECT * FROM `t_nav` WHERE `bid` = 7 AND `state` = 1 AND `level` <> 3 ORDER BY id asc  [ RunTime:0.0149s ]
SQL: SELECT * FROM `t_nav` WHERE `bid` = 8 AND `state` = 1 AND `level` <> 3 ORDER BY id asc  [ RunTime:0.0144s ]
SQL: SELECT * FROM `t_nav` WHERE `bid` = 209 AND `state` = 1 AND `level` <> 3 ORDER BY id asc  [ RunTime:0.0117s ]
SQL: SELECT * FROM `t_nav` WHERE `bid` = 210 AND `state` = 1 AND `level` <> 3 ORDER BY id asc  [ RunTime:0.0112s ]
SQL: SELECT * FROM `t_nav` WHERE `bid` = 243 AND `state` = 1 AND `level` <> 3 ORDER BY id asc  [ RunTime:0.0127s ]
SQL: SELECT * FROM `t_nav` WHERE `bid` = 320 AND `state` = 1 AND `level` <> 3 ORDER BY id asc  [ RunTime:0.0129s ]
INFO: [ app_end ] --START--
INFO: Run Behavior\ShowPageTraceBehavior [ RunTime:0.000934s ]
INFO: [ app_end ] --END-- [ RunTime:0.000992s ]

[ 2016-01-06T14:28:28+08:00 ] 127.0.0.1 /Admin/Groups
INFO: [ app_init ] --START--
INFO: Run Behavior\BuildLiteBehavior [ RunTime:0.000013s ]
INFO: [ app_init ] --END-- [ RunTime:0.000481s ]
INFO: [ app_begin ] --START--
INFO: Run Behavior\ReadHtmlCacheBehavior [ RunTime:0.000826s ]
INFO: [ app_begin ] --END-- [ RunTime:0.000960s ]
SQL: SHOW COLUMNS FROM `t_groups` [ RunTime:0.0150s ]
NOTIC: [8] Undefined variable: data D:\wamp\www\qb\Application\Admin\Controller\GroupsController.class.php 第 18 行.
SQL: SELECT COUNT(*) AS tp_count FROM `t_groups` LIMIT 1   [ RunTime:0.0110s ]
NOTIC: [8] Undefined variable: data D:\wamp\www\qb\Application\Admin\Controller\GroupsController.class.php 第 24 行.
SQL: SELECT t_groups.*,t_user.username,t_user.phone FROM `t_groups` left join t_user on t_user.id = t_groups.uid  ORDER BY state asc,id desc LIMIT 0,15   [ RunTime:0.0128s ]
INFO: [ view_parse ] --START--
INFO: [ template_filter ] --START--
INFO: Run Behavior\ContentReplaceBehavior [ RunTime:0.000077s ]
INFO: [ template_filter ] --END-- [ RunTime:0.000173s ]
NOTIC: [8] Undefined variable: verify D:\wamp\www\qb\Application\Runtime\Cache\Admin\4327f01a89f25b0c940a04bc5fd19293.php 第 39 行.
NOTIC: [8] Undefined variable: verify D:\wamp\www\qb\Application\Runtime\Cache\Admin\4327f01a89f25b0c940a04bc5fd19293.php 第 40 行.
NOTIC: [8] Undefined variable: verify D:\wamp\www\qb\Application\Runtime\Cache\Admin\4327f01a89f25b0c940a04bc5fd19293.php 第 41 行.
NOTIC: [8] Undefined variable: verify D:\wamp\www\qb\Application\Runtime\Cache\Admin\4327f01a89f25b0c940a04bc5fd19293.php 第 42 行.
NOTIC: [8] Undefined variable: verify D:\wamp\www\qb\Application\Runtime\Cache\Admin\4327f01a89f25b0c940a04bc5fd19293.php 第 43 行.
NOTIC: [8] Use of undefined constant type - assumed 'type' D:\wamp\www\qb\Application\Runtime\Cache\Admin\4327f01a89f25b0c940a04bc5fd19293.php 第 73 行.
NOTIC: [8] Undefined index: ord D:\wamp\www\qb\Application\Runtime\Cache\Admin\4327f01a89f25b0c940a04bc5fd19293.php 第 76 行.
NOTIC: [8] Use of undefined constant istop - assumed 'istop' D:\wamp\www\qb\Application\Runtime\Cache\Admin\4327f01a89f25b0c940a04bc5fd19293.php 第 80 行.
NOTIC: [8] Undefined index: istop D:\wamp\www\qb\Application\Runtime\Cache\Admin\4327f01a89f25b0c940a04bc5fd19293.php 第 80 行.
NOTIC: [8] Use of undefined constant istop - assumed 'istop' D:\wamp\www\qb\Application\Runtime\Cache\Admin\4327f01a89f25b0c940a04bc5fd19293.php 第 80 行.
NOTIC: [8] Undefined index: istop D:\wamp\www\qb\Application\Runtime\Cache\Admin\4327f01a89f25b0c940a04bc5fd19293.php 第 80 行.
NOTIC: [8] Use of undefined constant istop - assumed 'istop' D:\wamp\www\qb\Application\Runtime\Cache\Admin\4327f01a89f25b0c940a04bc5fd19293.php 第 80 行.
NOTIC: [8] Undefined index: istop D:\wamp\www\qb\Application\Runtime\Cache\Admin\4327f01a89f25b0c940a04bc5fd19293.php 第 80 行.
NOTIC: [8] Use of undefined constant isred - assumed 'isred' D:\wamp\www\qb\Application\Runtime\Cache\Admin\4327f01a89f25b0c940a04bc5fd19293.php 第 81 行.
NOTIC: [8] Undefined index: isred D:\wamp\www\qb\Application\Runtime\Cache\Admin\4327f01a89f25b0c940a04bc5fd19293.php 第 81 行.
NOTIC: [8] Use of undefined constant isred - assumed 'isred' D:\wamp\www\qb\Application\Runtime\Cache\Admin\4327f01a89f25b0c940a04bc5fd19293.php 第 81 行.
NOTIC: [8] Undefined index: isred D:\wamp\www\qb\Application\Runtime\Cache\Admin\4327f01a89f25b0c940a04bc5fd19293.php 第 81 行.
NOTIC: [8] Use of undefined constant isred - assumed 'isred' D:\wamp\www\qb\Application\Runtime\Cache\Admin\4327f01a89f25b0c940a04bc5fd19293.php 第 81 行.
NOTIC: [8] Undefined index: isred D:\wamp\www\qb\Application\Runtime\Cache\Admin\4327f01a89f25b0c940a04bc5fd19293.php 第 81 行.
NOTIC: [8] Use of undefined constant state - assumed 'state' D:\wamp\www\qb\Application\Runtime\Cache\Admin\4327f01a89f25b0c940a04bc5fd19293.php 第 87 行.
NOTIC: [8] Use of undefined constant type - assumed 'type' D:\wamp\www\qb\Application\Runtime\Cache\Admin\4327f01a89f25b0c940a04bc5fd19293.php 第 73 行.
NOTIC: [8] Undefined index: ord D:\wamp\www\qb\Application\Runtime\Cache\Admin\4327f01a89f25b0c940a04bc5fd19293.php 第 76 行.
NOTIC: [8] Use of undefined constant istop - assumed 'istop' D:\wamp\www\qb\Application\Runtime\Cache\Admin\4327f01a89f25b0c940a04bc5fd19293.php 第 80 行.
NOTIC: [8] Undefined index: istop D:\wamp\www\qb\Application\Runtime\Cache\Admin\4327f01a89f25b0c940a04bc5fd19293.php 第 80 行.
NOTIC: [8] Use of undefined constant istop - assumed 'istop' D:\wamp\www\qb\Application\Runtime\Cache\Admin\4327f01a89f25b0c940a04bc5fd19293.php 第 80 行.
NOTIC: [8] Undefined index: istop D:\wamp\www\qb\Application\Runtime\Cache\Admin\4327f01a89f25b0c940a04bc5fd19293.php 第 80 行.
NOTIC: [8] Use of undefined constant istop - assumed 'istop' D:\wamp\www\qb\Application\Runtime\Cache\Admin\4327f01a89f25b0c940a04bc5fd19293.php 第 80 行.
NOTIC: [8] Undefined index: istop D:\wamp\www\qb\Application\Runtime\Cache\Admin\4327f01a89f25b0c940a04bc5fd19293.php 第 80 行.
NOTIC: [8] Use of undefined constant isred - assumed 'isred' D:\wamp\www\qb\Application\Runtime\Cache\Admin\4327f01a89f25b0c940a04bc5fd19293.php 第 81 行.
NOTIC: [8] Undefined index: isred D:\wamp\www\qb\Application\Runtime\Cache\Admin\4327f01a89f25b0c940a04bc5fd19293.php 第 81 行.
NOTIC: [8] Use of undefined constant isred - assumed 'isred' D:\wamp\www\qb\Application\Runtime\Cache\Admin\4327f01a89f25b0c940a04bc5fd19293.php 第 81 行.
NOTIC: [8] Undefined index: isred D:\wamp\www\qb\Application\Runtime\Cache\Admin\4327f01a89f25b0c940a04bc5fd19293.php 第 81 行.
NOTIC: [8] Use of undefined constant isred - assumed 'isred' D:\wamp\www\qb\Application\Runtime\Cache\Admin\4327f01a89f25b0c940a04bc5fd19293.php 第 81 行.
NOTIC: [8] Undefined index: isred D:\wamp\www\qb\Application\Runtime\Cache\Admin\4327f01a89f25b0c940a04bc5fd19293.php 第 81 行.
NOTIC: [8] Use of undefined constant state - assumed 'state' D:\wamp\www\qb\Application\Runtime\Cache\Admin\4327f01a89f25b0c940a04bc5fd19293.php 第 87 行.
NOTIC: [8] Use of undefined constant type - assumed 'type' D:\wamp\www\qb\Application\Runtime\Cache\Admin\4327f01a89f25b0c940a04bc5fd19293.php 第 73 行.
NOTIC: [8] Undefined index: ord D:\wamp\www\qb\Application\Runtime\Cache\Admin\4327f01a89f25b0c940a04bc5fd19293.php 第 76 行.
NOTIC: [8] Use of undefined constant istop - assumed 'istop' D:\wamp\www\qb\Application\Runtime\Cache\Admin\4327f01a89f25b0c940a04bc5fd19293.php 第 80 行.
NOTIC: [8] Undefined index: istop D:\wamp\www\qb\Application\Runtime\Cache\Admin\4327f01a89f25b0c940a04bc5fd19293.php 第 80 行.
NOTIC: [8] Use of undefined constant istop - assumed 'istop' D:\wamp\www\qb\Application\Runtime\Cache\Admin\4327f01a89f25b0c940a04bc5fd19293.php 第 80 行.
NOTIC: [8] Undefined index: istop D:\wamp\www\qb\Application\Runtime\Cache\Admin\4327f01a89f25b0c940a04bc5fd19293.php 第 80 行.
NOTIC: [8] Use of undefined constant istop - assumed 'istop' D:\wamp\www\qb\Application\Runtime\Cache\Admin\4327f01a89f25b0c940a04bc5fd19293.php 第 80 行.
NOTIC: [8] Undefined index: istop D:\wamp\www\qb\Application\Runtime\Cache\Admin\4327f01a89f25b0c940a04bc5fd19293.php 第 80 行.
NOTIC: [8] Use of undefined constant isred - assumed 'isred' D:\wamp\www\qb\Application\Runtime\Cache\Admin\4327f01a89f25b0c940a04bc5fd19293.php 第 81 行.
NOTIC: [8] Undefined index: isred D:\wamp\www\qb\Application\Runtime\Cache\Admin\4327f01a89f25b0c940a04bc5fd19293.php 第 81 行.
NOTIC: [8] Use of undefined constant isred - assumed 'isred' D:\wamp\www\qb\Application\Runtime\Cache\Admin\4327f01a89f25b0c940a04bc5fd19293.php 第 81 行.
NOTIC: [8] Undefined index: isred D:\wamp\www\qb\Application\Runtime\Cache\Admin\4327f01a89f25b0c940a04bc5fd19293.php 第 81 行.
NOTIC: [8] Use of undefined constant isred - assumed 'isred' D:\wamp\www\qb\Application\Runtime\Cache\Admin\4327f01a89f25b0c940a04bc5fd19293.php 第 81 行.
NOTIC: [8] Undefined index: isred D:\wamp\www\qb\Application\Runtime\Cache\Admin\4327f01a89f25b0c940a04bc5fd19293.php 第 81 行.
NOTIC: [8] Use of undefined constant state - assumed 'state' D:\wamp\www\qb\Application\Runtime\Cache\Admin\4327f01a89f25b0c940a04bc5fd19293.php 第 87 行.
NOTIC: [8] Use of undefined constant type - assumed 'type' D:\wamp\www\qb\Application\Runtime\Cache\Admin\4327f01a89f25b0c940a04bc5fd19293.php 第 73 行.
NOTIC: [8] Undefined index: ord D:\wamp\www\qb\Application\Runtime\Cache\Admin\4327f01a89f25b0c940a04bc5fd19293.php 第 76 行.
NOTIC: [8] Use of undefined constant istop - assumed 'istop' D:\wamp\www\qb\Application\Runtime\Cache\Admin\4327f01a89f25b0c940a04bc5fd19293.php 第 80 行.
NOTIC: [8] Undefined index: istop D:\wamp\www\qb\Application\Runtime\Cache\Admin\4327f01a89f25b0c940a04bc5fd19293.php 第 80 行.
NOTIC: [8] Use of undefined constant istop - assumed 'istop' D:\wamp\www\qb\Application\Runtime\Cache\Admin\4327f01a89f25b0c940a04bc5fd19293.php 第 80 行.
NOTIC: [8] Undefined index: istop D:\wamp\www\qb\Application\Runtime\Cache\Admin\4327f01a89f25b0c940a04bc5fd19293.php 第 80 行.
NOTIC: [8] Use of undefined constant istop - assumed 'istop' D:\wamp\www\qb\Application\Runtime\Cache\Admin\4327f01a89f25b0c940a04bc5fd19293.php 第 80 行.
NOTIC: [8] Undefined index: istop D:\wamp\www\qb\Application\Runtime\Cache\Admin\4327f01a89f25b0c940a04bc5fd19293.php 第 80 行.
NOTIC: [8] Use of undefined constant isred - assumed 'isred' D:\wamp\www\qb\Application\Runtime\Cache\Admin\4327f01a89f25b0c940a04bc5fd19293.php 第 81 行.
NOTIC: [8] Undefined index: isred D:\wamp\www\qb\Application\Runtime\Cache\Admin\4327f01a89f25b0c940a04bc5fd19293.php 第 81 行.
NOTIC: [8] Use of undefined constant isred - assumed 'isred' D:\wamp\www\qb\Application\Runtime\Cache\Admin\4327f01a89f25b0c940a04bc5fd19293.php 第 81 行.
NOTIC: [8] Undefined index: isred D:\wamp\www\qb\Application\Runtime\Cache\Admin\4327f01a89f25b0c940a04bc5fd19293.php 第 81 行.
NOTIC: [8] Use of undefined constant isred - assumed 'isred' D:\wamp\www\qb\Application\Runtime\Cache\Admin\4327f01a89f25b0c940a04bc5fd19293.php 第 81 行.
NOTIC: [8] Undefined index: isred D:\wamp\www\qb\Application\Runtime\Cache\Admin\4327f01a89f25b0c940a04bc5fd19293.php 第 81 行.
NOTIC: [8] Use of undefined constant state - assumed 'state' D:\wamp\www\qb\Application\Runtime\Cache\Admin\4327f01a89f25b0c940a04bc5fd19293.php 第 87 行.
NOTIC: [8] Use of undefined constant type - assumed 'type' D:\wamp\www\qb\Application\Runtime\Cache\Admin\4327f01a89f25b0c940a04bc5fd19293.php 第 73 行.
NOTIC: [8] Undefined index: ord D:\wamp\www\qb\Application\Runtime\Cache\Admin\4327f01a89f25b0c940a04bc5fd19293.php 第 76 行.
NOTIC: [8] Use of undefined constant istop - assumed 'istop' D:\wamp\www\qb\Application\Runtime\Cache\Admin\4327f01a89f25b0c940a04bc5fd19293.php 第 80 行.
NOTIC: [8] Undefined index: istop D:\wamp\www\qb\Application\Runtime\Cache\Admin\4327f01a89f25b0c940a04bc5fd19293.php 第 80 行.
NOTIC: [8] Use of undefined constant istop - assumed 'istop' D:\wamp\www\qb\Application\Runtime\Cache\Admin\4327f01a89f25b0c940a04bc5fd19293.php 第 80 行.
NOTIC: [8] Undefined index: istop D:\wamp\www\qb\Application\Runtime\Cache\Admin\4327f01a89f25b0c940a04bc5fd19293.php 第 80 行.
NOTIC: [8] Use of undefined constant istop - assumed 'istop' D:\wamp\www\qb\Application\Runtime\Cache\Admin\4327f01a89f25b0c940a04bc5fd19293.php 第 80 行.
NOTIC: [8] Undefined index: istop D:\wamp\www\qb\Application\Runtime\Cache\Admin\4327f01a89f25b0c940a04bc5fd19293.php 第 80 行.
NOTIC: [8] Use of undefined constant isred - assumed 'isred' D:\wamp\www\qb\Application\Runtime\Cache\Admin\4327f01a89f25b0c940a04bc5fd19293.php 第 81 行.
NOTIC: [8] Undefined index: isred D:\wamp\www\qb\Application\Runtime\Cache\Admin\4327f01a89f25b0c940a04bc5fd19293.php 第 81 行.
NOTIC: [8] Use of undefined constant isred - assumed 'isred' D:\wamp\www\qb\Application\Runtime\Cache\Admin\4327f01a89f25b0c940a04bc5fd19293.php 第 81 行.
NOTIC: [8] Undefined index: isred D:\wamp\www\qb\Application\Runtime\Cache\Admin\4327f01a89f25b0c940a04bc5fd19293.php 第 81 行.
NOTIC: [8] Use of undefined constant isred - assumed 'isred' D:\wamp\www\qb\Application\Runtime\Cache\Admin\4327f01a89f25b0c940a04bc5fd19293.php 第 81 行.
NOTIC: [8] Undefined index: isred D:\wamp\www\qb\Application\Runtime\Cache\Admin\4327f01a89f25b0c940a04bc5fd19293.php 第 81 行.
NOTIC: [8] Use of undefined constant state - assumed 'state' D:\wamp\www\qb\Application\Runtime\Cache\Admin\4327f01a89f25b0c940a04bc5fd19293.php 第 87 行.
NOTIC: [8] Use of undefined constant type - assumed 'type' D:\wamp\www\qb\Application\Runtime\Cache\Admin\4327f01a89f25b0c940a04bc5fd19293.php 第 73 行.
NOTIC: [8] Undefined index: ord D:\wamp\www\qb\Application\Runtime\Cache\Admin\4327f01a89f25b0c940a04bc5fd19293.php 第 76 行.
NOTIC: [8] Use of undefined constant istop - assumed 'istop' D:\wamp\www\qb\Application\Runtime\Cache\Admin\4327f01a89f25b0c940a04bc5fd19293.php 第 80 行.
NOTIC: [8] Undefined index: istop D:\wamp\www\qb\Application\Runtime\Cache\Admin\4327f01a89f25b0c940a04bc5fd19293.php 第 80 行.
NOTIC: [8] Use of undefined constant istop - assumed 'istop' D:\wamp\www\qb\Application\Runtime\Cache\Admin\4327f01a89f25b0c940a04bc5fd19293.php 第 80 行.
NOTIC: [8] Undefined index: istop D:\wamp\www\qb\Application\Runtime\Cache\Admin\4327f01a89f25b0c940a04bc5fd19293.php 第 80 行.
NOTIC: [8] Use of undefined constant istop - assumed 'istop' D:\wamp\www\qb\Application\Runtime\Cache\Admin\4327f01a89f25b0c940a04bc5fd19293.php 第 80 行.
NOTIC: [8] Undefined index: istop D:\wamp\www\qb\Application\Runtime\Cache\Admin\4327f01a89f25b0c940a04bc5fd19293.php 第 80 行.
NOTIC: [8] Use of undefined constant isred - assumed 'isred' D:\wamp\www\qb\Application\Runtime\Cache\Admin\4327f01a89f25b0c940a04bc5fd19293.php 第 81 行.
NOTIC: [8] Undefined index: isred D:\wamp\www\qb\Application\Runtime\Cache\Admin\4327f01a89f25b0c940a04bc5fd19293.php 第 81 行.
NOTIC: [8] Use of undefined constant isred - assumed 'isred' D:\wamp\www\qb\Application\Runtime\Cache\Admin\4327f01a89f25b0c940a04bc5fd19293.php 第 81 行.
NOTIC: [8] Undefined index: isred D:\wamp\www\qb\Application\Runtime\Cache\Admin\4327f01a89f25b0c940a04bc5fd19293.php 第 81 行.
NOTIC: [8] Use of undefined constant isred - assumed 'isred' D:\wamp\www\qb\Application\Runtime\Cache\Admin\4327f01a89f25b0c940a04bc5fd19293.php 第 81 行.
NOTIC: [8] Undefined index: isred D:\wamp\www\qb\Application\Runtime\Cache\Admin\4327f01a89f25b0c940a04bc5fd19293.php 第 81 行.
NOTIC: [8] Use of undefined constant state - assumed 'state' D:\wamp\www\qb\Application\Runtime\Cache\Admin\4327f01a89f25b0c940a04bc5fd19293.php 第 87 行.
NOTIC: [8] Use of undefined constant type - assumed 'type' D:\wamp\www\qb\Application\Runtime\Cache\Admin\4327f01a89f25b0c940a04bc5fd19293.php 第 73 行.
NOTIC: [8] Undefined index: ord D:\wamp\www\qb\Application\Runtime\Cache\Admin\4327f01a89f25b0c940a04bc5fd19293.php 第 76 行.
NOTIC: [8] Use of undefined constant istop - assumed 'istop' D:\wamp\www\qb\Application\Runtime\Cache\Admin\4327f01a89f25b0c940a04bc5fd19293.php 第 80 行.
NOTIC: [8] Undefined index: istop D:\wamp\www\qb\Application\Runtime\Cache\Admin\4327f01a89f25b0c940a04bc5fd19293.php 第 80 行.
NOTIC: [8] Use of undefined constant istop - assumed 'istop' D:\wamp\www\qb\Application\Runtime\Cache\Admin\4327f01a89f25b0c940a04bc5fd19293.php 第 80 行.
NOTIC: [8] Undefined index: istop D:\wamp\www\qb\Application\Runtime\Cache\Admin\4327f01a89f25b0c940a04bc5fd19293.php 第 80 行.
NOTIC: [8] Use of undefined constant istop - assumed 'istop' D:\wamp\www\qb\Application\Runtime\Cache\Admin\4327f01a89f25b0c940a04bc5fd19293.php 第 80 行.
NOTIC: [8] Undefined index: istop D:\wamp\www\qb\Application\Runtime\Cache\Admin\4327f01a89f25b0c940a04bc5fd19293.php 第 80 行.
NOTIC: [8] Use of undefined constant isred - assumed 'isred' D:\wamp\www\qb\Application\Runtime\Cache\Admin\4327f01a89f25b0c940a04bc5fd19293.php 第 81 行.
NOTIC: [8] Undefined index: isred D:\wamp\www\qb\Application\Runtime\Cache\Admin\4327f01a89f25b0c940a04bc5fd19293.php 第 81 行.
NOTIC: [8] Use of undefined constant isred - assumed 'isred' D:\wamp\www\qb\Application\Runtime\Cache\Admin\4327f01a89f25b0c940a04bc5fd19293.php 第 81 行.
NOTIC: [8] Undefined index: isred D:\wamp\www\qb\Application\Runtime\Cache\Admin\4327f01a89f25b0c940a04bc5fd19293.php 第 81 行.
NOTIC: [8] Use of undefined constant isred - assumed 'isred' D:\wamp\www\qb\Application\Runtime\Cache\Admin\4327f01a89f25b0c940a04bc5fd19293.php 第 81 行.
NOTIC: [8] Undefined index: isred D:\wamp\www\qb\Application\Runtime\Cache\Admin\4327f01a89f25b0c940a04bc5fd19293.php 第 81 行.
NOTIC: [8] Use of undefined constant state - assumed 'state' D:\wamp\www\qb\Application\Runtime\Cache\Admin\4327f01a89f25b0c940a04bc5fd19293.php 第 87 行.
INFO: Run Behavior\ParseTemplateBehavior [ RunTime:0.023469s ]
INFO: [ view_parse ] --END-- [ RunTime:0.023553s ]
INFO: [ view_filter ] --START--
INFO: Run Behavior\WriteHtmlCacheBehavior [ RunTime:0.000580s ]
INFO: [ view_filter ] --END-- [ RunTime:0.000656s ]
INFO: [ app_end ] --START--
INFO: Run Behavior\ShowPageTraceBehavior [ RunTime:0.000813s ]
INFO: [ app_end ] --END-- [ RunTime:0.000881s ]

[ 2016-01-06T14:28:50+08:00 ] 127.0.0.1 /Admin/Groups/state/id/394
INFO: [ app_init ] --START--
INFO: Run Behavior\BuildLiteBehavior [ RunTime:0.000016s ]
INFO: [ app_init ] --END-- [ RunTime:0.000640s ]
INFO: [ app_begin ] --START--
INFO: Run Behavior\ReadHtmlCacheBehavior [ RunTime:0.000591s ]
INFO: [ app_begin ] --END-- [ RunTime:0.000655s ]
SQL: SHOW COLUMNS FROM `t_groups` [ RunTime:0.0100s ]
SQL: UPDATE `t_groups` SET `state`='2' WHERE `id` = 394 [ RunTime:0.0123s ]
SQL: SELECT * FROM `t_groups` WHERE `id` = 394 LIMIT 1   [ RunTime:0.0085s ]
SQL: SHOW COLUMNS FROM `t_user` [ RunTime:0.0141s ]
SQL: SELECT * FROM `t_user` WHERE `id` = 111200 LIMIT 1   [ RunTime:0.0240s ]
SQL: SHOW COLUMNS FROM `t_groupuser` [ RunTime:0.0090s ]
SQL: INSERT INTO `t_groupuser` (`group_id`,`username`,`user_id`,`level`,`addtime`) VALUES ('394','婷婷兮','111200','5','1452061730') [ RunTime:0.0083s ]

[ 2016-01-06T14:28:51+08:00 ] 127.0.0.1 /Admin/Groups
INFO: [ app_init ] --START--
INFO: Run Behavior\BuildLiteBehavior [ RunTime:0.000024s ]
INFO: [ app_init ] --END-- [ RunTime:0.000839s ]
INFO: [ app_begin ] --START--
INFO: Run Behavior\ReadHtmlCacheBehavior [ RunTime:0.000572s ]
INFO: [ app_begin ] --END-- [ RunTime:0.000666s ]
SQL: SHOW COLUMNS FROM `t_groups` [ RunTime:0.0122s ]
NOTIC: [8] Undefined variable: data D:\wamp\www\qb\Application\Admin\Controller\GroupsController.class.php 第 18 行.
SQL: SELECT COUNT(*) AS tp_count FROM `t_groups` LIMIT 1   [ RunTime:0.0111s ]
NOTIC: [8] Undefined variable: data D:\wamp\www\qb\Application\Admin\Controller\GroupsController.class.php 第 24 行.
SQL: SELECT t_groups.*,t_user.username,t_user.phone FROM `t_groups` left join t_user on t_user.id = t_groups.uid  ORDER BY state asc,id desc LIMIT 0,15   [ RunTime:0.0174s ]
INFO: [ view_parse ] --START--
INFO: [ template_filter ] --START--
INFO: Run Behavior\ContentReplaceBehavior [ RunTime:0.000060s ]
INFO: [ template_filter ] --END-- [ RunTime:0.000152s ]
NOTIC: [8] Undefined variable: verify D:\wamp\www\qb\Application\Runtime\Cache\Admin\4327f01a89f25b0c940a04bc5fd19293.php 第 39 行.
NOTIC: [8] Undefined variable: verify D:\wamp\www\qb\Application\Runtime\Cache\Admin\4327f01a89f25b0c940a04bc5fd19293.php 第 40 行.
NOTIC: [8] Undefined variable: verify D:\wamp\www\qb\Application\Runtime\Cache\Admin\4327f01a89f25b0c940a04bc5fd19293.php 第 41 行.
NOTIC: [8] Undefined variable: verify D:\wamp\www\qb\Application\Runtime\Cache\Admin\4327f01a89f25b0c940a04bc5fd19293.php 第 42 行.
NOTIC: [8] Undefined variable: verify D:\wamp\www\qb\Application\Runtime\Cache\Admin\4327f01a89f25b0c940a04bc5fd19293.php 第 43 行.
NOTIC: [8] Use of undefined constant type - assumed 'type' D:\wamp\www\qb\Application\Runtime\Cache\Admin\4327f01a89f25b0c940a04bc5fd19293.php 第 73 行.
NOTIC: [8] Undefined index: ord D:\wamp\www\qb\Application\Runtime\Cache\Admin\4327f01a89f25b0c940a04bc5fd19293.php 第 76 行.
NOTIC: [8] Use of undefined constant istop - assumed 'istop' D:\wamp\www\qb\Application\Runtime\Cache\Admin\4327f01a89f25b0c940a04bc5fd19293.php 第 80 行.
NOTIC: [8] Undefined index: istop D:\wamp\www\qb\Application\Runtime\Cache\Admin\4327f01a89f25b0c940a04bc5fd19293.php 第 80 行.
NOTIC: [8] Use of undefined constant istop - assumed 'istop' D:\wamp\www\qb\Application\Runtime\Cache\Admin\4327f01a89f25b0c940a04bc5fd19293.php 第 80 行.
NOTIC: [8] Undefined index: istop D:\wamp\www\qb\Application\Runtime\Cache\Admin\4327f01a89f25b0c940a04bc5fd19293.php 第 80 行.
NOTIC: [8] Use of undefined constant istop - assumed 'istop' D:\wamp\www\qb\Application\Runtime\Cache\Admin\4327f01a89f25b0c940a04bc5fd19293.php 第 80 行.
NOTIC: [8] Undefined index: istop D:\wamp\www\qb\Application\Runtime\Cache\Admin\4327f01a89f25b0c940a04bc5fd19293.php 第 80 行.
NOTIC: [8] Use of undefined constant isred - assumed 'isred' D:\wamp\www\qb\Application\Runtime\Cache\Admin\4327f01a89f25b0c940a04bc5fd19293.php 第 81 行.
NOTIC: [8] Undefined index: isred D:\wamp\www\qb\Application\Runtime\Cache\Admin\4327f01a89f25b0c940a04bc5fd19293.php 第 81 行.
NOTIC: [8] Use of undefined constant isred - assumed 'isred' D:\wamp\www\qb\Application\Runtime\Cache\Admin\4327f01a89f25b0c940a04bc5fd19293.php 第 81 行.
NOTIC: [8] Undefined index: isred D:\wamp\www\qb\Application\Runtime\Cache\Admin\4327f01a89f25b0c940a04bc5fd19293.php 第 81 行.
NOTIC: [8] Use of undefined constant isred - assumed 'isred' D:\wamp\www\qb\Application\Runtime\Cache\Admin\4327f01a89f25b0c940a04bc5fd19293.php 第 81 行.
NOTIC: [8] Undefined index: isred D:\wamp\www\qb\Application\Runtime\Cache\Admin\4327f01a89f25b0c940a04bc5fd19293.php 第 81 行.
NOTIC: [8] Use of undefined constant state - assumed 'state' D:\wamp\www\qb\Application\Runtime\Cache\Admin\4327f01a89f25b0c940a04bc5fd19293.php 第 87 行.
NOTIC: [8] Use of undefined constant type - assumed 'type' D:\wamp\www\qb\Application\Runtime\Cache\Admin\4327f01a89f25b0c940a04bc5fd19293.php 第 73 行.
NOTIC: [8] Undefined index: ord D:\wamp\www\qb\Application\Runtime\Cache\Admin\4327f01a89f25b0c940a04bc5fd19293.php 第 76 行.
NOTIC: [8] Use of undefined constant istop - assumed 'istop' D:\wamp\www\qb\Application\Runtime\Cache\Admin\4327f01a89f25b0c940a04bc5fd19293.php 第 80 行.
NOTIC: [8] Undefined index: istop D:\wamp\www\qb\Application\Runtime\Cache\Admin\4327f01a89f25b0c940a04bc5fd19293.php 第 80 行.
NOTIC: [8] Use of undefined constant istop - assumed 'istop' D:\wamp\www\qb\Application\Runtime\Cache\Admin\4327f01a89f25b0c940a04bc5fd19293.php 第 80 行.
NOTIC: [8] Undefined index: istop D:\wamp\www\qb\Application\Runtime\Cache\Admin\4327f01a89f25b0c940a04bc5fd19293.php 第 80 行.
NOTIC: [8] Use of undefined constant istop - assumed 'istop' D:\wamp\www\qb\Application\Runtime\Cache\Admin\4327f01a89f25b0c940a04bc5fd19293.php 第 80 行.
NOTIC: [8] Undefined index: istop D:\wamp\www\qb\Application\Runtime\Cache\Admin\4327f01a89f25b0c940a04bc5fd19293.php 第 80 行.
NOTIC: [8] Use of undefined constant isred - assumed 'isred' D:\wamp\www\qb\Application\Runtime\Cache\Admin\4327f01a89f25b0c940a04bc5fd19293.php 第 81 行.
NOTIC: [8] Undefined index: isred D:\wamp\www\qb\Application\Runtime\Cache\Admin\4327f01a89f25b0c940a04bc5fd19293.php 第 81 行.
NOTIC: [8] Use of undefined constant isred - assumed 'isred' D:\wamp\www\qb\Application\Runtime\Cache\Admin\4327f01a89f25b0c940a04bc5fd19293.php 第 81 行.
NOTIC: [8] Undefined index: isred D:\wamp\www\qb\Application\Runtime\Cache\Admin\4327f01a89f25b0c940a04bc5fd19293.php 第 81 行.
NOTIC: [8] Use of undefined constant isred - assumed 'isred' D:\wamp\www\qb\Application\Runtime\Cache\Admin\4327f01a89f25b0c940a04bc5fd19293.php 第 81 行.
NOTIC: [8] Undefined index: isred D:\wamp\www\qb\Application\Runtime\Cache\Admin\4327f01a89f25b0c940a04bc5fd19293.php 第 81 行.
NOTIC: [8] Use of undefined constant state - assumed 'state' D:\wamp\www\qb\Application\Runtime\Cache\Admin\4327f01a89f25b0c940a04bc5fd19293.php 第 87 行.
NOTIC: [8] Use of undefined constant type - assumed 'type' D:\wamp\www\qb\Application\Runtime\Cache\Admin\4327f01a89f25b0c940a04bc5fd19293.php 第 73 行.
NOTIC: [8] Undefined index: ord D:\wamp\www\qb\Application\Runtime\Cache\Admin\4327f01a89f25b0c940a04bc5fd19293.php 第 76 行.
NOTIC: [8] Use of undefined constant istop - assumed 'istop' D:\wamp\www\qb\Application\Runtime\Cache\Admin\4327f01a89f25b0c940a04bc5fd19293.php 第 80 行.
NOTIC: [8] Undefined index: istop D:\wamp\www\qb\Application\Runtime\Cache\Admin\4327f01a89f25b0c940a04bc5fd19293.php 第 80 行.
NOTIC: [8] Use of undefined constant istop - assumed 'istop' D:\wamp\www\qb\Application\Runtime\Cache\Admin\4327f01a89f25b0c940a04bc5fd19293.php 第 80 行.
NOTIC: [8] Undefined index: istop D:\wamp\www\qb\Application\Runtime\Cache\Admin\4327f01a89f25b0c940a04bc5fd19293.php 第 80 行.
NOTIC: [8] Use of undefined constant istop - assumed 'istop' D:\wamp\www\qb\Application\Runtime\Cache\Admin\4327f01a89f25b0c940a04bc5fd19293.php 第 80 行.
NOTIC: [8] Undefined index: istop D:\wamp\www\qb\Application\Runtime\Cache\Admin\4327f01a89f25b0c940a04bc5fd19293.php 第 80 行.
NOTIC: [8] Use of undefined constant isred - assumed 'isred' D:\wamp\www\qb\Application\Runtime\Cache\Admin\4327f01a89f25b0c940a04bc5fd19293.php 第 81 行.
NOTIC: [8] Undefined index: isred D:\wamp\www\qb\Application\Runtime\Cache\Admin\4327f01a89f25b0c940a04bc5fd19293.php 第 81 行.
NOTIC: [8] Use of undefined constant isred - assumed 'isred' D:\wamp\www\qb\Application\Runtime\Cache\Admin\4327f01a89f25b0c940a04bc5fd19293.php 第 81 行.
NOTIC: [8] Undefined index: isred D:\wamp\www\qb\Application\Runtime\Cache\Admin\4327f01a89f25b0c940a04bc5fd19293.php 第 81 行.
NOTIC: [8] Use of undefined constant isred - assumed 'isred' D:\wamp\www\qb\Application\Runtime\Cache\Admin\4327f01a89f25b0c940a04bc5fd19293.php 第 81 行.
NOTIC: [8] Undefined index: isred D:\wamp\www\qb\Application\Runtime\Cache\Admin\4327f01a89f25b0c940a04bc5fd19293.php 第 81 行.
NOTIC: [8] Use of undefined constant state - assumed 'state' D:\wamp\www\qb\Application\Runtime\Cache\Admin\4327f01a89f25b0c940a04bc5fd19293.php 第 87 行.
NOTIC: [8] Use of undefined constant type - assumed 'type' D:\wamp\www\qb\Application\Runtime\Cache\Admin\4327f01a89f25b0c940a04bc5fd19293.php 第 73 行.
NOTIC: [8] Undefined index: ord D:\wamp\www\qb\Application\Runtime\Cache\Admin\4327f01a89f25b0c940a04bc5fd19293.php 第 76 行.
NOTIC: [8] Use of undefined constant istop - assumed 'istop' D:\wamp\www\qb\Application\Runtime\Cache\Admin\4327f01a89f25b0c940a04bc5fd19293.php 第 80 行.
NOTIC: [8] Undefined index: istop D:\wamp\www\qb\Application\Runtime\Cache\Admin\4327f01a89f25b0c940a04bc5fd19293.php 第 80 行.
NOTIC: [8] Use of undefined constant istop - assumed 'istop' D:\wamp\www\qb\Application\Runtime\Cache\Admin\4327f01a89f25b0c940a04bc5fd19293.php 第 80 行.
NOTIC: [8] Undefined index: istop D:\wamp\www\qb\Application\Runtime\Cache\Admin\4327f01a89f25b0c940a04bc5fd19293.php 第 80 行.
NOTIC: [8] Use of undefined constant istop - assumed 'istop' D:\wamp\www\qb\Application\Runtime\Cache\Admin\4327f01a89f25b0c940a04bc5fd19293.php 第 80 行.
NOTIC: [8] Undefined index: istop D:\wamp\www\qb\Application\Runtime\Cache\Admin\4327f01a89f25b0c940a04bc5fd19293.php 第 80 行.
NOTIC: [8] Use of undefined constant isred - assumed 'isred' D:\wamp\www\qb\Application\Runtime\Cache\Admin\4327f01a89f25b0c940a04bc5fd19293.php 第 81 行.
NOTIC: [8] Undefined index: isred D:\wamp\www\qb\Application\Runtime\Cache\Admin\4327f01a89f25b0c940a04bc5fd19293.php 第 81 行.
NOTIC: [8] Use of undefined constant isred - assumed 'isred' D:\wamp\www\qb\Application\Runtime\Cache\Admin\4327f01a89f25b0c940a04bc5fd19293.php 第 81 行.
NOTIC: [8] Undefined index: isred D:\wamp\www\qb\Application\Runtime\Cache\Admin\4327f01a89f25b0c940a04bc5fd19293.php 第 81 行.
NOTIC: [8] Use of undefined constant isred - assumed 'isred' D:\wamp\www\qb\Application\Runtime\Cache\Admin\4327f01a89f25b0c940a04bc5fd19293.php 第 81 行.
NOTIC: [8] Undefined index: isred D:\wamp\www\qb\Application\Runtime\Cache\Admin\4327f01a89f25b0c940a04bc5fd19293.php 第 81 行.
NOTIC: [8] Use of undefined constant state - assumed 'state' D:\wamp\www\qb\Application\Runtime\Cache\Admin\4327f01a89f25b0c940a04bc5fd19293.php 第 87 行.
NOTIC: [8] Use of undefined constant type - assumed 'type' D:\wamp\www\qb\Application\Runtime\Cache\Admin\4327f01a89f25b0c940a04bc5fd19293.php 第 73 行.
NOTIC: [8] Undefined index: ord D:\wamp\www\qb\Application\Runtime\Cache\Admin\4327f01a89f25b0c940a04bc5fd19293.php 第 76 行.
NOTIC: [8] Use of undefined constant istop - assumed 'istop' D:\wamp\www\qb\Application\Runtime\Cache\Admin\4327f01a89f25b0c940a04bc5fd19293.php 第 80 行.
NOTIC: [8] Undefined index: istop D:\wamp\www\qb\Application\Runtime\Cache\Admin\4327f01a89f25b0c940a04bc5fd19293.php 第 80 行.
NOTIC: [8] Use of undefined constant istop - assumed 'istop' D:\wamp\www\qb\Application\Runtime\Cache\Admin\4327f01a89f25b0c940a04bc5fd19293.php 第 80 行.
NOTIC: [8] Undefined index: istop D:\wamp\www\qb\Application\Runtime\Cache\Admin\4327f01a89f25b0c940a04bc5fd19293.php 第 80 行.
NOTIC: [8] Use of undefined constant istop - assumed 'istop' D:\wamp\www\qb\Application\Runtime\Cache\Admin\4327f01a89f25b0c940a04bc5fd19293.php 第 80 行.
NOTIC: [8] Undefined index: istop D:\wamp\www\qb\Application\Runtime\Cache\Admin\4327f01a89f25b0c940a04bc5fd19293.php 第 80 行.
NOTIC: [8] Use of undefined constant isred - assumed 'isred' D:\wamp\www\qb\Application\Runtime\Cache\Admin\4327f01a89f25b0c940a04bc5fd19293.php 第 81 行.
NOTIC: [8] Undefined index: isred D:\wamp\www\qb\Application\Runtime\Cache\Admin\4327f01a89f25b0c940a04bc5fd19293.php 第 81 行.
NOTIC: [8] Use of undefined constant isred - assumed 'isred' D:\wamp\www\qb\Application\Runtime\Cache\Admin\4327f01a89f25b0c940a04bc5fd19293.php 第 81 行.
NOTIC: [8] Undefined index: isred D:\wamp\www\qb\Application\Runtime\Cache\Admin\4327f01a89f25b0c940a04bc5fd19293.php 第 81 行.
NOTIC: [8] Use of undefined constant isred - assumed 'isred' D:\wamp\www\qb\Application\Runtime\Cache\Admin\4327f01a89f25b0c940a04bc5fd19293.php 第 81 行.
NOTIC: [8] Undefined index: isred D:\wamp\www\qb\Application\Runtime\Cache\Admin\4327f01a89f25b0c940a04bc5fd19293.php 第 81 行.
NOTIC: [8] Use of undefined constant state - assumed 'state' D:\wamp\www\qb\Application\Runtime\Cache\Admin\4327f01a89f25b0c940a04bc5fd19293.php 第 87 行.
NOTIC: [8] Use of undefined constant type - assumed 'type' D:\wamp\www\qb\Application\Runtime\Cache\Admin\4327f01a89f25b0c940a04bc5fd19293.php 第 73 行.
NOTIC: [8] Undefined index: ord D:\wamp\www\qb\Application\Runtime\Cache\Admin\4327f01a89f25b0c940a04bc5fd19293.php 第 76 行.
NOTIC: [8] Use of undefined constant istop - assumed 'istop' D:\wamp\www\qb\Application\Runtime\Cache\Admin\4327f01a89f25b0c940a04bc5fd19293.php 第 80 行.
NOTIC: [8] Undefined index: istop D:\wamp\www\qb\Application\Runtime\Cache\Admin\4327f01a89f25b0c940a04bc5fd19293.php 第 80 行.
NOTIC: [8] Use of undefined constant istop - assumed 'istop' D:\wamp\www\qb\Application\Runtime\Cache\Admin\4327f01a89f25b0c940a04bc5fd19293.php 第 80 行.
NOTIC: [8] Undefined index: istop D:\wamp\www\qb\Application\Runtime\Cache\Admin\4327f01a89f25b0c940a04bc5fd19293.php 第 80 行.
NOTIC: [8] Use of undefined constant istop - assumed 'istop' D:\wamp\www\qb\Application\Runtime\Cache\Admin\4327f01a89f25b0c940a04bc5fd19293.php 第 80 行.
NOTIC: [8] Undefined index: istop D:\wamp\www\qb\Application\Runtime\Cache\Admin\4327f01a89f25b0c940a04bc5fd19293.php 第 80 行.
NOTIC: [8] Use of undefined constant isred - assumed 'isred' D:\wamp\www\qb\Application\Runtime\Cache\Admin\4327f01a89f25b0c940a04bc5fd19293.php 第 81 行.
NOTIC: [8] Undefined index: isred D:\wamp\www\qb\Application\Runtime\Cache\Admin\4327f01a89f25b0c940a04bc5fd19293.php 第 81 行.
NOTIC: [8] Use of undefined constant isred - assumed 'isred' D:\wamp\www\qb\Application\Runtime\Cache\Admin\4327f01a89f25b0c940a04bc5fd19293.php 第 81 行.
NOTIC: [8] Undefined index: isred D:\wamp\www\qb\Application\Runtime\Cache\Admin\4327f01a89f25b0c940a04bc5fd19293.php 第 81 行.
NOTIC: [8] Use of undefined constant isred - assumed 'isred' D:\wamp\www\qb\Application\Runtime\Cache\Admin\4327f01a89f25b0c940a04bc5fd19293.php 第 81 行.
NOTIC: [8] Undefined index: isred D:\wamp\www\qb\Application\Runtime\Cache\Admin\4327f01a89f25b0c940a04bc5fd19293.php 第 81 行.
NOTIC: [8] Use of undefined constant state - assumed 'state' D:\wamp\www\qb\Application\Runtime\Cache\Admin\4327f01a89f25b0c940a04bc5fd19293.php 第 87 行.
NOTIC: [8] Use of undefined constant type - assumed 'type' D:\wamp\www\qb\Application\Runtime\Cache\Admin\4327f01a89f25b0c940a04bc5fd19293.php 第 73 行.
NOTIC: [8] Undefined index: ord D:\wamp\www\qb\Application\Runtime\Cache\Admin\4327f01a89f25b0c940a04bc5fd19293.php 第 76 行.
NOTIC: [8] Use of undefined constant istop - assumed 'istop' D:\wamp\www\qb\Application\Runtime\Cache\Admin\4327f01a89f25b0c940a04bc5fd19293.php 第 80 行.
NOTIC: [8] Undefined index: istop D:\wamp\www\qb\Application\Runtime\Cache\Admin\4327f01a89f25b0c940a04bc5fd19293.php 第 80 行.
NOTIC: [8] Use of undefined constant istop - assumed 'istop' D:\wamp\www\qb\Application\Runtime\Cache\Admin\4327f01a89f25b0c940a04bc5fd19293.php 第 80 行.
NOTIC: [8] Undefined index: istop D:\wamp\www\qb\Application\Runtime\Cache\Admin\4327f01a89f25b0c940a04bc5fd19293.php 第 80 行.
NOTIC: [8] Use of undefined constant istop - assumed 'istop' D:\wamp\www\qb\Application\Runtime\Cache\Admin\4327f01a89f25b0c940a04bc5fd19293.php 第 80 行.
NOTIC: [8] Undefined index: istop D:\wamp\www\qb\Application\Runtime\Cache\Admin\4327f01a89f25b0c940a04bc5fd19293.php 第 80 行.
NOTIC: [8] Use of undefined constant isred - assumed 'isred' D:\wamp\www\qb\Application\Runtime\Cache\Admin\4327f01a89f25b0c940a04bc5fd19293.php 第 81 行.
NOTIC: [8] Undefined index: isred D:\wamp\www\qb\Application\Runtime\Cache\Admin\4327f01a89f25b0c940a04bc5fd19293.php 第 81 行.
NOTIC: [8] Use of undefined constant isred - assumed 'isred' D:\wamp\www\qb\Application\Runtime\Cache\Admin\4327f01a89f25b0c940a04bc5fd19293.php 第 81 行.
NOTIC: [8] Undefined index: isred D:\wamp\www\qb\Application\Runtime\Cache\Admin\4327f01a89f25b0c940a04bc5fd19293.php 第 81 行.
NOTIC: [8] Use of undefined constant isred - assumed 'isred' D:\wamp\www\qb\Application\Runtime\Cache\Admin\4327f01a89f25b0c940a04bc5fd19293.php 第 81 行.
NOTIC: [8] Undefined index: isred D:\wamp\www\qb\Application\Runtime\Cache\Admin\4327f01a89f25b0c940a04bc5fd19293.php 第 81 行.
NOTIC: [8] Use of undefined constant state - assumed 'state' D:\wamp\www\qb\Application\Runtime\Cache\Admin\4327f01a89f25b0c940a04bc5fd19293.php 第 87 行.
INFO: Run Behavior\ParseTemplateBehavior [ RunTime:0.016998s ]
INFO: [ view_parse ] --END-- [ RunTime:0.017081s ]
INFO: [ view_filter ] --START--
INFO: Run Behavior\WriteHtmlCacheBehavior [ RunTime:0.000755s ]
INFO: [ view_filter ] --END-- [ RunTime:0.000833s ]
INFO: [ app_end ] --START--
INFO: Run Behavior\ShowPageTraceBehavior [ RunTime:0.000840s ]
INFO: [ app_end ] --END-- [ RunTime:0.000910s ]

[ 2016-01-06T14:30:22+08:00 ] 127.0.0.1 /Admin/Order
INFO: [ app_init ] --START--
INFO: Run Behavior\BuildLiteBehavior [ RunTime:0.000013s ]
INFO: [ app_init ] --END-- [ RunTime:0.000540s ]
INFO: [ app_begin ] --START--
INFO: Run Behavior\ReadHtmlCacheBehavior [ RunTime:0.000709s ]
INFO: [ app_begin ] --END-- [ RunTime:0.000765s ]
ERR: SQLSTATE[42S02]: Base table or view not found: 1146 Table 'php8082.t_service_request' doesn't exist

[ 2016-01-06T14:57:59+08:00 ] 127.0.0.1 /Admin/Groups
INFO: [ app_init ] --START--
INFO: Run Behavior\BuildLiteBehavior [ RunTime:0.000021s ]
INFO: [ app_init ] --END-- [ RunTime:0.000682s ]
INFO: [ app_begin ] --START--
INFO: Run Behavior\ReadHtmlCacheBehavior [ RunTime:0.000724s ]
INFO: [ app_begin ] --END-- [ RunTime:0.000840s ]
SQL: SHOW COLUMNS FROM `t_groups` [ RunTime:0.0158s ]
NOTIC: [8] Undefined variable: data D:\wamp\www\qb\Application\Admin\Controller\GroupsController.class.php 第 18 行.
SQL: SELECT COUNT(*) AS tp_count FROM `t_groups` LIMIT 1   [ RunTime:0.0101s ]
NOTIC: [8] Undefined variable: data D:\wamp\www\qb\Application\Admin\Controller\GroupsController.class.php 第 24 行.
SQL: SELECT t_groups.*,t_user.username,t_user.phone FROM `t_groups` left join t_user on t_user.id = t_groups.uid  ORDER BY state asc,id desc LIMIT 0,15   [ RunTime:0.0158s ]
INFO: [ view_parse ] --START--
INFO: [ template_filter ] --START--
INFO: Run Behavior\ContentReplaceBehavior [ RunTime:0.000103s ]
INFO: [ template_filter ] --END-- [ RunTime:0.000247s ]
NOTIC: [8] Undefined variable: verify D:\wamp\www\qb\Application\Runtime\Cache\Admin\4327f01a89f25b0c940a04bc5fd19293.php 第 39 行.
NOTIC: [8] Undefined variable: verify D:\wamp\www\qb\Application\Runtime\Cache\Admin\4327f01a89f25b0c940a04bc5fd19293.php 第 40 行.
NOTIC: [8] Undefined variable: verify D:\wamp\www\qb\Application\Runtime\Cache\Admin\4327f01a89f25b0c940a04bc5fd19293.php 第 41 行.
NOTIC: [8] Undefined variable: verify D:\wamp\www\qb\Application\Runtime\Cache\Admin\4327f01a89f25b0c940a04bc5fd19293.php 第 42 行.
NOTIC: [8] Undefined variable: verify D:\wamp\www\qb\Application\Runtime\Cache\Admin\4327f01a89f25b0c940a04bc5fd19293.php 第 43 行.
NOTIC: [8] Use of undefined constant type - assumed 'type' D:\wamp\www\qb\Application\Runtime\Cache\Admin\4327f01a89f25b0c940a04bc5fd19293.php 第 73 行.
NOTIC: [8] Undefined index: ord D:\wamp\www\qb\Application\Runtime\Cache\Admin\4327f01a89f25b0c940a04bc5fd19293.php 第 76 行.
NOTIC: [8] Use of undefined constant istop - assumed 'istop' D:\wamp\www\qb\Application\Runtime\Cache\Admin\4327f01a89f25b0c940a04bc5fd19293.php 第 80 行.
NOTIC: [8] Undefined index: istop D:\wamp\www\qb\Application\Runtime\Cache\Admin\4327f01a89f25b0c940a04bc5fd19293.php 第 80 行.
NOTIC: [8] Use of undefined constant istop - assumed 'istop' D:\wamp\www\qb\Application\Runtime\Cache\Admin\4327f01a89f25b0c940a04bc5fd19293.php 第 80 行.
NOTIC: [8] Undefined index: istop D:\wamp\www\qb\Application\Runtime\Cache\Admin\4327f01a89f25b0c940a04bc5fd19293.php 第 80 行.
NOTIC: [8] Use of undefined constant istop - assumed 'istop' D:\wamp\www\qb\Application\Runtime\Cache\Admin\4327f01a89f25b0c940a04bc5fd19293.php 第 80 行.
NOTIC: [8] Undefined index: istop D:\wamp\www\qb\Application\Runtime\Cache\Admin\4327f01a89f25b0c940a04bc5fd19293.php 第 80 行.
NOTIC: [8] Use of undefined constant isred - assumed 'isred' D:\wamp\www\qb\Application\Runtime\Cache\Admin\4327f01a89f25b0c940a04bc5fd19293.php 第 81 行.
NOTIC: [8] Undefined index: isred D:\wamp\www\qb\Application\Runtime\Cache\Admin\4327f01a89f25b0c940a04bc5fd19293.php 第 81 行.
NOTIC: [8] Use of undefined constant isred - assumed 'isred' D:\wamp\www\qb\Application\Runtime\Cache\Admin\4327f01a89f25b0c940a04bc5fd19293.php 第 81 行.
NOTIC: [8] Undefined index: isred D:\wamp\www\qb\Application\Runtime\Cache\Admin\4327f01a89f25b0c940a04bc5fd19293.php 第 81 行.
NOTIC: [8] Use of undefined constant isred - assumed 'isred' D:\wamp\www\qb\Application\Runtime\Cache\Admin\4327f01a89f25b0c940a04bc5fd19293.php 第 81 行.
NOTIC: [8] Undefined index: isred D:\wamp\www\qb\Application\Runtime\Cache\Admin\4327f01a89f25b0c940a04bc5fd19293.php 第 81 行.
NOTIC: [8] Use of undefined constant state - assumed 'state' D:\wamp\www\qb\Application\Runtime\Cache\Admin\4327f01a89f25b0c940a04bc5fd19293.php 第 87 行.
NOTIC: [8] Use of undefined constant type - assumed 'type' D:\wamp\www\qb\Application\Runtime\Cache\Admin\4327f01a89f25b0c940a04bc5fd19293.php 第 73 行.
NOTIC: [8] Undefined index: ord D:\wamp\www\qb\Application\Runtime\Cache\Admin\4327f01a89f25b0c940a04bc5fd19293.php 第 76 行.
NOTIC: [8] Use of undefined constant istop - assumed 'istop' D:\wamp\www\qb\Application\Runtime\Cache\Admin\4327f01a89f25b0c940a04bc5fd19293.php 第 80 行.
NOTIC: [8] Undefined index: istop D:\wamp\www\qb\Application\Runtime\Cache\Admin\4327f01a89f25b0c940a04bc5fd19293.php 第 80 行.
NOTIC: [8] Use of undefined constant istop - assumed 'istop' D:\wamp\www\qb\Application\Runtime\Cache\Admin\4327f01a89f25b0c940a04bc5fd19293.php 第 80 行.
NOTIC: [8] Undefined index: istop D:\wamp\www\qb\Application\Runtime\Cache\Admin\4327f01a89f25b0c940a04bc5fd19293.php 第 80 行.
NOTIC: [8] Use of undefined constant istop - assumed 'istop' D:\wamp\www\qb\Application\Runtime\Cache\Admin\4327f01a89f25b0c940a04bc5fd19293.php 第 80 行.
NOTIC: [8] Undefined index: istop D:\wamp\www\qb\Application\Runtime\Cache\Admin\4327f01a89f25b0c940a04bc5fd19293.php 第 80 行.
NOTIC: [8] Use of undefined constant isred - assumed 'isred' D:\wamp\www\qb\Application\Runtime\Cache\Admin\4327f01a89f25b0c940a04bc5fd19293.php 第 81 行.
NOTIC: [8] Undefined index: isred D:\wamp\www\qb\Application\Runtime\Cache\Admin\4327f01a89f25b0c940a04bc5fd19293.php 第 81 行.
NOTIC: [8] Use of undefined constant isred - assumed 'isred' D:\wamp\www\qb\Application\Runtime\Cache\Admin\4327f01a89f25b0c940a04bc5fd19293.php 第 81 行.
NOTIC: [8] Undefined index: isred D:\wamp\www\qb\Application\Runtime\Cache\Admin\4327f01a89f25b0c940a04bc5fd19293.php 第 81 行.
NOTIC: [8] Use of undefined constant isred - assumed 'isred' D:\wamp\www\qb\Application\Runtime\Cache\Admin\4327f01a89f25b0c940a04bc5fd19293.php 第 81 行.
NOTIC: [8] Undefined index: isred D:\wamp\www\qb\Application\Runtime\Cache\Admin\4327f01a89f25b0c940a04bc5fd19293.php 第 81 行.
NOTIC: [8] Use of undefined constant state - assumed 'state' D:\wamp\www\qb\Application\Runtime\Cache\Admin\4327f01a89f25b0c940a04bc5fd19293.php 第 87 行.
NOTIC: [8] Use of undefined constant type - assumed 'type' D:\wamp\www\qb\Application\Runtime\Cache\Admin\4327f01a89f25b0c940a04bc5fd19293.php 第 73 行.
NOTIC: [8] Undefined index: ord D:\wamp\www\qb\Application\Runtime\Cache\Admin\4327f01a89f25b0c940a04bc5fd19293.php 第 76 行.
NOTIC: [8] Use of undefined constant istop - assumed 'istop' D:\wamp\www\qb\Application\Runtime\Cache\Admin\4327f01a89f25b0c940a04bc5fd19293.php 第 80 行.
NOTIC: [8] Undefined index: istop D:\wamp\www\qb\Application\Runtime\Cache\Admin\4327f01a89f25b0c940a04bc5fd19293.php 第 80 行.
NOTIC: [8] Use of undefined constant istop - assumed 'istop' D:\wamp\www\qb\Application\Runtime\Cache\Admin\4327f01a89f25b0c940a04bc5fd19293.php 第 80 行.
NOTIC: [8] Undefined index: istop D:\wamp\www\qb\Application\Runtime\Cache\Admin\4327f01a89f25b0c940a04bc5fd19293.php 第 80 行.
NOTIC: [8] Use of undefined constant istop - assumed 'istop' D:\wamp\www\qb\Application\Runtime\Cache\Admin\4327f01a89f25b0c940a04bc5fd19293.php 第 80 行.
NOTIC: [8] Undefined index: istop D:\wamp\www\qb\Application\Runtime\Cache\Admin\4327f01a89f25b0c940a04bc5fd19293.php 第 80 行.
NOTIC: [8] Use of undefined constant isred - assumed 'isred' D:\wamp\www\qb\Application\Runtime\Cache\Admin\4327f01a89f25b0c940a04bc5fd19293.php 第 81 行.
NOTIC: [8] Undefined index: isred D:\wamp\www\qb\Application\Runtime\Cache\Admin\4327f01a89f25b0c940a04bc5fd19293.php 第 81 行.
NOTIC: [8] Use of undefined constant isred - assumed 'isred' D:\wamp\www\qb\Application\Runtime\Cache\Admin\4327f01a89f25b0c940a04bc5fd19293.php 第 81 行.
NOTIC: [8] Undefined index: isred D:\wamp\www\qb\Application\Runtime\Cache\Admin\4327f01a89f25b0c940a04bc5fd19293.php 第 81 行.
NOTIC: [8] Use of undefined constant isred - assumed 'isred' D:\wamp\www\qb\Application\Runtime\Cache\Admin\4327f01a89f25b0c940a04bc5fd19293.php 第 81 行.
NOTIC: [8] Undefined index: isred D:\wamp\www\qb\Application\Runtime\Cache\Admin\4327f01a89f25b0c940a04bc5fd19293.php 第 81 行.
NOTIC: [8] Use of undefined constant state - assumed 'state' D:\wamp\www\qb\Application\Runtime\Cache\Admin\4327f01a89f25b0c940a04bc5fd19293.php 第 87 行.
NOTIC: [8] Use of undefined constant type - assumed 'type' D:\wamp\www\qb\Application\Runtime\Cache\Admin\4327f01a89f25b0c940a04bc5fd19293.php 第 73 行.
NOTIC: [8] Undefined index: ord D:\wamp\www\qb\Application\Runtime\Cache\Admin\4327f01a89f25b0c940a04bc5fd19293.php 第 76 行.
NOTIC: [8] Use of undefined constant istop - assumed 'istop' D:\wamp\www\qb\Application\Runtime\Cache\Admin\4327f01a89f25b0c940a04bc5fd19293.php 第 80 行.
NOTIC: [8] Undefined index: istop D:\wamp\www\qb\Application\Runtime\Cache\Admin\4327f01a89f25b0c940a04bc5fd19293.php 第 80 行.
NOTIC: [8] Use of undefined constant istop - assumed 'istop' D:\wamp\www\qb\Application\Runtime\Cache\Admin\4327f01a89f25b0c940a04bc5fd19293.php 第 80 行.
NOTIC: [8] Undefined index: istop D:\wamp\www\qb\Application\Runtime\Cache\Admin\4327f01a89f25b0c940a04bc5fd19293.php 第 80 行.
NOTIC: [8] Use of undefined constant istop - assumed 'istop' D:\wamp\www\qb\Application\Runtime\Cache\Admin\4327f01a89f25b0c940a04bc5fd19293.php 第 80 行.
NOTIC: [8] Undefined index: istop D:\wamp\www\qb\Application\Runtime\Cache\Admin\4327f01a89f25b0c940a04bc5fd19293.php 第 80 行.
NOTIC: [8] Use of undefined constant isred - assumed 'isred' D:\wamp\www\qb\Application\Runtime\Cache\Admin\4327f01a89f25b0c940a04bc5fd19293.php 第 81 行.
NOTIC: [8] Undefined index: isred D:\wamp\www\qb\Application\Runtime\Cache\Admin\4327f01a89f25b0c940a04bc5fd19293.php 第 81 行.
NOTIC: [8] Use of undefined constant isred - assumed 'isred' D:\wamp\www\qb\Application\Runtime\Cache\Admin\4327f01a89f25b0c940a04bc5fd19293.php 第 81 行.
NOTIC: [8] Undefined index: isred D:\wamp\www\qb\Application\Runtime\Cache\Admin\4327f01a89f25b0c940a04bc5fd19293.php 第 81 行.
NOTIC: [8] Use of undefined constant isred - assumed 'isred' D:\wamp\www\qb\Application\Runtime\Cache\Admin\4327f01a89f25b0c940a04bc5fd19293.php 第 81 行.
NOTIC: [8] Undefined index: isred D:\wamp\www\qb\Application\Runtime\Cache\Admin\4327f01a89f25b0c940a04bc5fd19293.php 第 81 行.
NOTIC: [8] Use of undefined constant state - assumed 'state' D:\wamp\www\qb\Application\Runtime\Cache\Admin\4327f01a89f25b0c940a04bc5fd19293.php 第 87 行.
NOTIC: [8] Use of undefined constant type - assumed 'type' D:\wamp\www\qb\Application\Runtime\Cache\Admin\4327f01a89f25b0c940a04bc5fd19293.php 第 73 行.
NOTIC: [8] Undefined index: ord D:\wamp\www\qb\Application\Runtime\Cache\Admin\4327f01a89f25b0c940a04bc5fd19293.php 第 76 行.
NOTIC: [8] Use of undefined constant istop - assumed 'istop' D:\wamp\www\qb\Application\Runtime\Cache\Admin\4327f01a89f25b0c940a04bc5fd19293.php 第 80 行.
NOTIC: [8] Undefined index: istop D:\wamp\www\qb\Application\Runtime\Cache\Admin\4327f01a89f25b0c940a04bc5fd19293.php 第 80 行.
NOTIC: [8] Use of undefined constant istop - assumed 'istop' D:\wamp\www\qb\Application\Runtime\Cache\Admin\4327f01a89f25b0c940a04bc5fd19293.php 第 80 行.
NOTIC: [8] Undefined index: istop D:\wamp\www\qb\Application\Runtime\Cache\Admin\4327f01a89f25b0c940a04bc5fd19293.php 第 80 行.
NOTIC: [8] Use of undefined constant istop - assumed 'istop' D:\wamp\www\qb\Application\Runtime\Cache\Admin\4327f01a89f25b0c940a04bc5fd19293.php 第 80 行.
NOTIC: [8] Undefined index: istop D:\wamp\www\qb\Application\Runtime\Cache\Admin\4327f01a89f25b0c940a04bc5fd19293.php 第 80 行.
NOTIC: [8] Use of undefined constant isred - assumed 'isred' D:\wamp\www\qb\Application\Runtime\Cache\Admin\4327f01a89f25b0c940a04bc5fd19293.php 第 81 行.
NOTIC: [8] Undefined index: isred D:\wamp\www\qb\Application\Runtime\Cache\Admin\4327f01a89f25b0c940a04bc5fd19293.php 第 81 行.
NOTIC: [8] Use of undefined constant isred - assumed 'isred' D:\wamp\www\qb\Application\Runtime\Cache\Admin\4327f01a89f25b0c940a04bc5fd19293.php 第 81 行.
NOTIC: [8] Undefined index: isred D:\wamp\www\qb\Application\Runtime\Cache\Admin\4327f01a89f25b0c940a04bc5fd19293.php 第 81 行.
NOTIC: [8] Use of undefined constant isred - assumed 'isred' D:\wamp\www\qb\Application\Runtime\Cache\Admin\4327f01a89f25b0c940a04bc5fd19293.php 第 81 行.
NOTIC: [8] Undefined index: isred D:\wamp\www\qb\Application\Runtime\Cache\Admin\4327f01a89f25b0c940a04bc5fd19293.php 第 81 行.
NOTIC: [8] Use of undefined constant state - assumed 'state' D:\wamp\www\qb\Application\Runtime\Cache\Admin\4327f01a89f25b0c940a04bc5fd19293.php 第 87 行.
NOTIC: [8] Use of undefined constant type - assumed 'type' D:\wamp\www\qb\Application\Runtime\Cache\Admin\4327f01a89f25b0c940a04bc5fd19293.php 第 73 行.
NOTIC: [8] Undefined index: ord D:\wamp\www\qb\Application\Runtime\Cache\Admin\4327f01a89f25b0c940a04bc5fd19293.php 第 76 行.
NOTIC: [8] Use of undefined constant istop - assumed 'istop' D:\wamp\www\qb\Application\Runtime\Cache\Admin\4327f01a89f25b0c940a04bc5fd19293.php 第 80 行.
NOTIC: [8] Undefined index: istop D:\wamp\www\qb\Application\Runtime\Cache\Admin\4327f01a89f25b0c940a04bc5fd19293.php 第 80 行.
NOTIC: [8] Use of undefined constant istop - assumed 'istop' D:\wamp\www\qb\Application\Runtime\Cache\Admin\4327f01a89f25b0c940a04bc5fd19293.php 第 80 行.
NOTIC: [8] Undefined index: istop D:\wamp\www\qb\Application\Runtime\Cache\Admin\4327f01a89f25b0c940a04bc5fd19293.php 第 80 行.
NOTIC: [8] Use of undefined constant istop - assumed 'istop' D:\wamp\www\qb\Application\Runtime\Cache\Admin\4327f01a89f25b0c940a04bc5fd19293.php 第 80 行.
NOTIC: [8] Undefined index: istop D:\wamp\www\qb\Application\Runtime\Cache\Admin\4327f01a89f25b0c940a04bc5fd19293.php 第 80 行.
NOTIC: [8] Use of undefined constant isred - assumed 'isred' D:\wamp\www\qb\Application\Runtime\Cache\Admin\4327f01a89f25b0c940a04bc5fd19293.php 第 81 行.
NOTIC: [8] Undefined index: isred D:\wamp\www\qb\Application\Runtime\Cache\Admin\4327f01a89f25b0c940a04bc5fd19293.php 第 81 行.
NOTIC: [8] Use of undefined constant isred - assumed 'isred' D:\wamp\www\qb\Application\Runtime\Cache\Admin\4327f01a89f25b0c940a04bc5fd19293.php 第 81 行.
NOTIC: [8] Undefined index: isred D:\wamp\www\qb\Application\Runtime\Cache\Admin\4327f01a89f25b0c940a04bc5fd19293.php 第 81 行.
NOTIC: [8] Use of undefined constant isred - assumed 'isred' D:\wamp\www\qb\Application\Runtime\Cache\Admin\4327f01a89f25b0c940a04bc5fd19293.php 第 81 行.
NOTIC: [8] Undefined index: isred D:\wamp\www\qb\Application\Runtime\Cache\Admin\4327f01a89f25b0c940a04bc5fd19293.php 第 81 行.
NOTIC: [8] Use of undefined constant state - assumed 'state' D:\wamp\www\qb\Application\Runtime\Cache\Admin\4327f01a89f25b0c940a04bc5fd19293.php 第 87 行.
NOTIC: [8] Use of undefined constant type - assumed 'type' D:\wamp\www\qb\Application\Runtime\Cache\Admin\4327f01a89f25b0c940a04bc5fd19293.php 第 73 行.
NOTIC: [8] Undefined index: ord D:\wamp\www\qb\Application\Runtime\Cache\Admin\4327f01a89f25b0c940a04bc5fd19293.php 第 76 行.
NOTIC: [8] Use of undefined constant istop - assumed 'istop' D:\wamp\www\qb\Application\Runtime\Cache\Admin\4327f01a89f25b0c940a04bc5fd19293.php 第 80 行.
NOTIC: [8] Undefined index: istop D:\wamp\www\qb\Application\Runtime\Cache\Admin\4327f01a89f25b0c940a04bc5fd19293.php 第 80 行.
NOTIC: [8] Use of undefined constant istop - assumed 'istop' D:\wamp\www\qb\Application\Runtime\Cache\Admin\4327f01a89f25b0c940a04bc5fd19293.php 第 80 行.
NOTIC: [8] Undefined index: istop D:\wamp\www\qb\Application\Runtime\Cache\Admin\4327f01a89f25b0c940a04bc5fd19293.php 第 80 行.
NOTIC: [8] Use of undefined constant istop - assumed 'istop' D:\wamp\www\qb\Application\Runtime\Cache\Admin\4327f01a89f25b0c940a04bc5fd19293.php 第 80 行.
NOTIC: [8] Undefined index: istop D:\wamp\www\qb\Application\Runtime\Cache\Admin\4327f01a89f25b0c940a04bc5fd19293.php 第 80 行.
NOTIC: [8] Use of undefined constant isred - assumed 'isred' D:\wamp\www\qb\Application\Runtime\Cache\Admin\4327f01a89f25b0c940a04bc5fd19293.php 第 81 行.
NOTIC: [8] Undefined index: isred D:\wamp\www\qb\Application\Runtime\Cache\Admin\4327f01a89f25b0c940a04bc5fd19293.php 第 81 行.
NOTIC: [8] Use of undefined constant isred - assumed 'isred' D:\wamp\www\qb\Application\Runtime\Cache\Admin\4327f01a89f25b0c940a04bc5fd19293.php 第 81 行.
NOTIC: [8] Undefined index: isred D:\wamp\www\qb\Application\Runtime\Cache\Admin\4327f01a89f25b0c940a04bc5fd19293.php 第 81 行.
NOTIC: [8] Use of undefined constant isred - assumed 'isred' D:\wamp\www\qb\Application\Runtime\Cache\Admin\4327f01a89f25b0c940a04bc5fd19293.php 第 81 行.
NOTIC: [8] Undefined index: isred D:\wamp\www\qb\Application\Runtime\Cache\Admin\4327f01a89f25b0c940a04bc5fd19293.php 第 81 行.
NOTIC: [8] Use of undefined constant state - assumed 'state' D:\wamp\www\qb\Application\Runtime\Cache\Admin\4327f01a89f25b0c940a04bc5fd19293.php 第 87 行.
NOTIC: [8] Use of undefined constant type - assumed 'type' D:\wamp\www\qb\Application\Runtime\Cache\Admin\4327f01a89f25b0c940a04bc5fd19293.php 第 73 行.
NOTIC: [8] Undefined index: ord D:\wamp\www\qb\Application\Runtime\Cache\Admin\4327f01a89f25b0c940a04bc5fd19293.php 第 76 行.
NOTIC: [8] Use of undefined constant istop - assumed 'istop' D:\wamp\www\qb\Application\Runtime\Cache\Admin\4327f01a89f25b0c940a04bc5fd19293.php 第 80 行.
NOTIC: [8] Undefined index: istop D:\wamp\www\qb\Application\Runtime\Cache\Admin\4327f01a89f25b0c940a04bc5fd19293.php 第 80 行.
NOTIC: [8] Use of undefined constant istop - assumed 'istop' D:\wamp\www\qb\Application\Runtime\Cache\Admin\4327f01a89f25b0c940a04bc5fd19293.php 第 80 行.
NOTIC: [8] Undefined index: istop D:\wamp\www\qb\Application\Runtime\Cache\Admin\4327f01a89f25b0c940a04bc5fd19293.php 第 80 行.
NOTIC: [8] Use of undefined constant istop - assumed 'istop' D:\wamp\www\qb\Application\Runtime\Cache\Admin\4327f01a89f25b0c940a04bc5fd19293.php 第 80 行.
NOTIC: [8] Undefined index: istop D:\wamp\www\qb\Application\Runtime\Cache\Admin\4327f01a89f25b0c940a04bc5fd19293.php 第 80 行.
NOTIC: [8] Use of undefined constant isred - assumed 'isred' D:\wamp\www\qb\Application\Runtime\Cache\Admin\4327f01a89f25b0c940a04bc5fd19293.php 第 81 行.
NOTIC: [8] Undefined index: isred D:\wamp\www\qb\Application\Runtime\Cache\Admin\4327f01a89f25b0c940a04bc5fd19293.php 第 81 行.
NOTIC: [8] Use of undefined constant isred - assumed 'isred' D:\wamp\www\qb\Application\Runtime\Cache\Admin\4327f01a89f25b0c940a04bc5fd19293.php 第 81 行.
NOTIC: [8] Undefined index: isred D:\wamp\www\qb\Application\Runtime\Cache\Admin\4327f01a89f25b0c940a04bc5fd19293.php 第 81 行.
NOTIC: [8] Use of undefined constant isred - assumed 'isred' D:\wamp\www\qb\Application\Runtime\Cache\Admin\4327f01a89f25b0c940a04bc5fd19293.php 第 81 行.
NOTIC: [8] Undefined index: isred D:\wamp\www\qb\Application\Runtime\Cache\Admin\4327f01a89f25b0c940a04bc5fd19293.php 第 81 行.
NOTIC: [8] Use of undefined constant state - assumed 'state' D:\wamp\www\qb\Application\Runtime\Cache\Admin\4327f01a89f25b0c940a04bc5fd19293.php 第 87 行.
INFO: Run Behavior\ParseTemplateBehavior [ RunTime:0.019378s ]
INFO: [ view_parse ] --END-- [ RunTime:0.019460s ]
INFO: [ view_filter ] --START--
INFO: Run Behavior\WriteHtmlCacheBehavior [ RunTime:0.000742s ]
INFO: [ view_filter ] --END-- [ RunTime:0.000824s ]
INFO: [ app_end ] --START--
INFO: Run Behavior\ShowPageTraceBehavior [ RunTime:0.000967s ]
INFO: [ app_end ] --END-- [ RunTime:0.001034s ]

[ 2016-01-06T14:58:06+08:00 ] 127.0.0.1 /Admin/Groups/state/id/395
INFO: [ app_init ] --START--
INFO: Run Behavior\BuildLiteBehavior [ RunTime:0.000022s ]
INFO: [ app_init ] --END-- [ RunTime:0.000725s ]
INFO: [ app_begin ] --START--
INFO: Run Behavior\ReadHtmlCacheBehavior [ RunTime:0.000953s ]
INFO: [ app_begin ] --END-- [ RunTime:0.001055s ]
SQL: SHOW COLUMNS FROM `t_groups` [ RunTime:0.0153s ]
SQL: UPDATE `t_groups` SET `state`='2' WHERE `id` = 395 [ RunTime:0.0144s ]
SQL: SELECT * FROM `t_groups` WHERE `id` = 395 LIMIT 1   [ RunTime:0.0195s ]
SQL: SHOW COLUMNS FROM `t_user` [ RunTime:0.0235s ]
SQL: SELECT * FROM `t_user` WHERE `id` = 111196 LIMIT 1   [ RunTime:0.0134s ]
SQL: SHOW COLUMNS FROM `t_groupuser` [ RunTime:0.0153s ]
SQL: INSERT INTO `t_groupuser` (`group_id`,`username`,`user_id`,`level`,`addtime`) VALUES ('395','哈哈','111196','5','1452063486') [ RunTime:0.0159s ]

[ 2016-01-06T14:58:07+08:00 ] 127.0.0.1 /Admin/Groups
INFO: [ app_init ] --START--
INFO: Run Behavior\BuildLiteBehavior [ RunTime:0.000021s ]
INFO: [ app_init ] --END-- [ RunTime:0.000751s ]
INFO: [ app_begin ] --START--
INFO: Run Behavior\ReadHtmlCacheBehavior [ RunTime:0.001070s ]
INFO: [ app_begin ] --END-- [ RunTime:0.001181s ]
SQL: SHOW COLUMNS FROM `t_groups` [ RunTime:0.0573s ]
NOTIC: [8] Undefined variable: data D:\wamp\www\qb\Application\Admin\Controller\GroupsController.class.php 第 18 行.
SQL: SELECT COUNT(*) AS tp_count FROM `t_groups` LIMIT 1   [ RunTime:0.0134s ]
NOTIC: [8] Undefined variable: data D:\wamp\www\qb\Application\Admin\Controller\GroupsController.class.php 第 24 行.
SQL: SELECT t_groups.*,t_user.username,t_user.phone FROM `t_groups` left join t_user on t_user.id = t_groups.uid  ORDER BY state asc,id desc LIMIT 0,15   [ RunTime:0.0259s ]
INFO: [ view_parse ] --START--
INFO: [ template_filter ] --START--
INFO: Run Behavior\ContentReplaceBehavior [ RunTime:0.000077s ]
INFO: [ template_filter ] --END-- [ RunTime:0.000179s ]
NOTIC: [8] Undefined variable: verify D:\wamp\www\qb\Application\Runtime\Cache\Admin\4327f01a89f25b0c940a04bc5fd19293.php 第 39 行.
NOTIC: [8] Undefined variable: verify D:\wamp\www\qb\Application\Runtime\Cache\Admin\4327f01a89f25b0c940a04bc5fd19293.php 第 40 行.
NOTIC: [8] Undefined variable: verify D:\wamp\www\qb\Application\Runtime\Cache\Admin\4327f01a89f25b0c940a04bc5fd19293.php 第 41 行.
NOTIC: [8] Undefined variable: verify D:\wamp\www\qb\Application\Runtime\Cache\Admin\4327f01a89f25b0c940a04bc5fd19293.php 第 42 行.
NOTIC: [8] Undefined variable: verify D:\wamp\www\qb\Application\Runtime\Cache\Admin\4327f01a89f25b0c940a04bc5fd19293.php 第 43 行.
NOTIC: [8] Use of undefined constant type - assumed 'type' D:\wamp\www\qb\Application\Runtime\Cache\Admin\4327f01a89f25b0c940a04bc5fd19293.php 第 73 行.
NOTIC: [8] Undefined index: ord D:\wamp\www\qb\Application\Runtime\Cache\Admin\4327f01a89f25b0c940a04bc5fd19293.php 第 76 行.
NOTIC: [8] Use of undefined constant istop - assumed 'istop' D:\wamp\www\qb\Application\Runtime\Cache\Admin\4327f01a89f25b0c940a04bc5fd19293.php 第 80 行.
NOTIC: [8] Undefined index: istop D:\wamp\www\qb\Application\Runtime\Cache\Admin\4327f01a89f25b0c940a04bc5fd19293.php 第 80 行.
NOTIC: [8] Use of undefined constant istop - assumed 'istop' D:\wamp\www\qb\Application\Runtime\Cache\Admin\4327f01a89f25b0c940a04bc5fd19293.php 第 80 行.
NOTIC: [8] Undefined index: istop D:\wamp\www\qb\Application\Runtime\Cache\Admin\4327f01a89f25b0c940a04bc5fd19293.php 第 80 行.
NOTIC: [8] Use of undefined constant istop - assumed 'istop' D:\wamp\www\qb\Application\Runtime\Cache\Admin\4327f01a89f25b0c940a04bc5fd19293.php 第 80 行.
NOTIC: [8] Undefined index: istop D:\wamp\www\qb\Application\Runtime\Cache\Admin\4327f01a89f25b0c940a04bc5fd19293.php 第 80 行.
NOTIC: [8] Use of undefined constant isred - assumed 'isred' D:\wamp\www\qb\Application\Runtime\Cache\Admin\4327f01a89f25b0c940a04bc5fd19293.php 第 81 行.
NOTIC: [8] Undefined index: isred D:\wamp\www\qb\Application\Runtime\Cache\Admin\4327f01a89f25b0c940a04bc5fd19293.php 第 81 行.
NOTIC: [8] Use of undefined constant isred - assumed 'isred' D:\wamp\www\qb\Application\Runtime\Cache\Admin\4327f01a89f25b0c940a04bc5fd19293.php 第 81 行.
NOTIC: [8] Undefined index: isred D:\wamp\www\qb\Application\Runtime\Cache\Admin\4327f01a89f25b0c940a04bc5fd19293.php 第 81 行.
NOTIC: [8] Use of undefined constant isred - assumed 'isred' D:\wamp\www\qb\Application\Runtime\Cache\Admin\4327f01a89f25b0c940a04bc5fd19293.php 第 81 行.
NOTIC: [8] Undefined index: isred D:\wamp\www\qb\Application\Runtime\Cache\Admin\4327f01a89f25b0c940a04bc5fd19293.php 第 81 行.
NOTIC: [8] Use of undefined constant state - assumed 'state' D:\wamp\www\qb\Application\Runtime\Cache\Admin\4327f01a89f25b0c940a04bc5fd19293.php 第 87 行.
NOTIC: [8] Use of undefined constant type - assumed 'type' D:\wamp\www\qb\Application\Runtime\Cache\Admin\4327f01a89f25b0c940a04bc5fd19293.php 第 73 行.
NOTIC: [8] Undefined index: ord D:\wamp\www\qb\Application\Runtime\Cache\Admin\4327f01a89f25b0c940a04bc5fd19293.php 第 76 行.
NOTIC: [8] Use of undefined constant istop - assumed 'istop' D:\wamp\www\qb\Application\Runtime\Cache\Admin\4327f01a89f25b0c940a04bc5fd19293.php 第 80 行.
NOTIC: [8] Undefined index: istop D:\wamp\www\qb\Application\Runtime\Cache\Admin\4327f01a89f25b0c940a04bc5fd19293.php 第 80 行.
NOTIC: [8] Use of undefined constant istop - assumed 'istop' D:\wamp\www\qb\Application\Runtime\Cache\Admin\4327f01a89f25b0c940a04bc5fd19293.php 第 80 行.
NOTIC: [8] Undefined index: istop D:\wamp\www\qb\Application\Runtime\Cache\Admin\4327f01a89f25b0c940a04bc5fd19293.php 第 80 行.
NOTIC: [8] Use of undefined constant istop - assumed 'istop' D:\wamp\www\qb\Application\Runtime\Cache\Admin\4327f01a89f25b0c940a04bc5fd19293.php 第 80 行.
NOTIC: [8] Undefined index: istop D:\wamp\www\qb\Application\Runtime\Cache\Admin\4327f01a89f25b0c940a04bc5fd19293.php 第 80 行.
NOTIC: [8] Use of undefined constant isred - assumed 'isred' D:\wamp\www\qb\Application\Runtime\Cache\Admin\4327f01a89f25b0c940a04bc5fd19293.php 第 81 行.
NOTIC: [8] Undefined index: isred D:\wamp\www\qb\Application\Runtime\Cache\Admin\4327f01a89f25b0c940a04bc5fd19293.php 第 81 行.
NOTIC: [8] Use of undefined constant isred - assumed 'isred' D:\wamp\www\qb\Application\Runtime\Cache\Admin\4327f01a89f25b0c940a04bc5fd19293.php 第 81 行.
NOTIC: [8] Undefined index: isred D:\wamp\www\qb\Application\Runtime\Cache\Admin\4327f01a89f25b0c940a04bc5fd19293.php 第 81 行.
NOTIC: [8] Use of undefined constant isred - assumed 'isred' D:\wamp\www\qb\Application\Runtime\Cache\Admin\4327f01a89f25b0c940a04bc5fd19293.php 第 81 行.
NOTIC: [8] Undefined index: isred D:\wamp\www\qb\Application\Runtime\Cache\Admin\4327f01a89f25b0c940a04bc5fd19293.php 第 81 行.
NOTIC: [8] Use of undefined constant state - assumed 'state' D:\wamp\www\qb\Application\Runtime\Cache\Admin\4327f01a89f25b0c940a04bc5fd19293.php 第 87 行.
NOTIC: [8] Use of undefined constant type - assumed 'type' D:\wamp\www\qb\Application\Runtime\Cache\Admin\4327f01a89f25b0c940a04bc5fd19293.php 第 73 行.
NOTIC: [8] Undefined index: ord D:\wamp\www\qb\Application\Runtime\Cache\Admin\4327f01a89f25b0c940a04bc5fd19293.php 第 76 行.
NOTIC: [8] Use of undefined constant istop - assumed 'istop' D:\wamp\www\qb\Application\Runtime\Cache\Admin\4327f01a89f25b0c940a04bc5fd19293.php 第 80 行.
NOTIC: [8] Undefined index: istop D:\wamp\www\qb\Application\Runtime\Cache\Admin\4327f01a89f25b0c940a04bc5fd19293.php 第 80 行.
NOTIC: [8] Use of undefined constant istop - assumed 'istop' D:\wamp\www\qb\Application\Runtime\Cache\Admin\4327f01a89f25b0c940a04bc5fd19293.php 第 80 行.
NOTIC: [8] Undefined index: istop D:\wamp\www\qb\Application\Runtime\Cache\Admin\4327f01a89f25b0c940a04bc5fd19293.php 第 80 行.
NOTIC: [8] Use of undefined constant istop - assumed 'istop' D:\wamp\www\qb\Application\Runtime\Cache\Admin\4327f01a89f25b0c940a04bc5fd19293.php 第 80 行.
NOTIC: [8] Undefined index: istop D:\wamp\www\qb\Application\Runtime\Cache\Admin\4327f01a89f25b0c940a04bc5fd19293.php 第 80 行.
NOTIC: [8] Use of undefined constant isred - assumed 'isred' D:\wamp\www\qb\Application\Runtime\Cache\Admin\4327f01a89f25b0c940a04bc5fd19293.php 第 81 行.
NOTIC: [8] Undefined index: isred D:\wamp\www\qb\Application\Runtime\Cache\Admin\4327f01a89f25b0c940a04bc5fd19293.php 第 81 行.
NOTIC: [8] Use of undefined constant isred - assumed 'isred' D:\wamp\www\qb\Application\Runtime\Cache\Admin\4327f01a89f25b0c940a04bc5fd19293.php 第 81 行.
NOTIC: [8] Undefined index: isred D:\wamp\www\qb\Application\Runtime\Cache\Admin\4327f01a89f25b0c940a04bc5fd19293.php 第 81 行.
NOTIC: [8] Use of undefined constant isred - assumed 'isred' D:\wamp\www\qb\Application\Runtime\Cache\Admin\4327f01a89f25b0c940a04bc5fd19293.php 第 81 行.
NOTIC: [8] Undefined index: isred D:\wamp\www\qb\Application\Runtime\Cache\Admin\4327f01a89f25b0c940a04bc5fd19293.php 第 81 行.
NOTIC: [8] Use of undefined constant state - assumed 'state' D:\wamp\www\qb\Application\Runtime\Cache\Admin\4327f01a89f25b0c940a04bc5fd19293.php 第 87 行.
NOTIC: [8] Use of undefined constant type - assumed 'type' D:\wamp\www\qb\Application\Runtime\Cache\Admin\4327f01a89f25b0c940a04bc5fd19293.php 第 73 行.
NOTIC: [8] Undefined index: ord D:\wamp\www\qb\Application\Runtime\Cache\Admin\4327f01a89f25b0c940a04bc5fd19293.php 第 76 行.
NOTIC: [8] Use of undefined constant istop - assumed 'istop' D:\wamp\www\qb\Application\Runtime\Cache\Admin\4327f01a89f25b0c940a04bc5fd19293.php 第 80 行.
NOTIC: [8] Undefined index: istop D:\wamp\www\qb\Application\Runtime\Cache\Admin\4327f01a89f25b0c940a04bc5fd19293.php 第 80 行.
NOTIC: [8] Use of undefined constant istop - assumed 'istop' D:\wamp\www\qb\Application\Runtime\Cache\Admin\4327f01a89f25b0c940a04bc5fd19293.php 第 80 行.
NOTIC: [8] Undefined index: istop D:\wamp\www\qb\Application\Runtime\Cache\Admin\4327f01a89f25b0c940a04bc5fd19293.php 第 80 行.
NOTIC: [8] Use of undefined constant istop - assumed 'istop' D:\wamp\www\qb\Application\Runtime\Cache\Admin\4327f01a89f25b0c940a04bc5fd19293.php 第 80 行.
NOTIC: [8] Undefined index: istop D:\wamp\www\qb\Application\Runtime\Cache\Admin\4327f01a89f25b0c940a04bc5fd19293.php 第 80 行.
NOTIC: [8] Use of undefined constant isred - assumed 'isred' D:\wamp\www\qb\Application\Runtime\Cache\Admin\4327f01a89f25b0c940a04bc5fd19293.php 第 81 行.
NOTIC: [8] Undefined index: isred D:\wamp\www\qb\Application\Runtime\Cache\Admin\4327f01a89f25b0c940a04bc5fd19293.php 第 81 行.
NOTIC: [8] Use of undefined constant isred - assumed 'isred' D:\wamp\www\qb\Application\Runtime\Cache\Admin\4327f01a89f25b0c940a04bc5fd19293.php 第 81 行.
NOTIC: [8] Undefined index: isred D:\wamp\www\qb\Application\Runtime\Cache\Admin\4327f01a89f25b0c940a04bc5fd19293.php 第 81 行.
NOTIC: [8] Use of undefined constant isred - assumed 'isred' D:\wamp\www\qb\Application\Runtime\Cache\Admin\4327f01a89f25b0c940a04bc5fd19293.php 第 81 行.
NOTIC: [8] Undefined index: isred D:\wamp\www\qb\Application\Runtime\Cache\Admin\4327f01a89f25b0c940a04bc5fd19293.php 第 81 行.
NOTIC: [8] Use of undefined constant state - assumed 'state' D:\wamp\www\qb\Application\Runtime\Cache\Admin\4327f01a89f25b0c940a04bc5fd19293.php 第 87 行.
NOTIC: [8] Use of undefined constant type - assumed 'type' D:\wamp\www\qb\Application\Runtime\Cache\Admin\4327f01a89f25b0c940a04bc5fd19293.php 第 73 行.
NOTIC: [8] Undefined index: ord D:\wamp\www\qb\Application\Runtime\Cache\Admin\4327f01a89f25b0c940a04bc5fd19293.php 第 76 行.
NOTIC: [8] Use of undefined constant istop - assumed 'istop' D:\wamp\www\qb\Application\Runtime\Cache\Admin\4327f01a89f25b0c940a04bc5fd19293.php 第 80 行.
NOTIC: [8] Undefined index: istop D:\wamp\www\qb\Application\Runtime\Cache\Admin\4327f01a89f25b0c940a04bc5fd19293.php 第 80 行.
NOTIC: [8] Use of undefined constant istop - assumed 'istop' D:\wamp\www\qb\Application\Runtime\Cache\Admin\4327f01a89f25b0c940a04bc5fd19293.php 第 80 行.
NOTIC: [8] Undefined index: istop D:\wamp\www\qb\Application\Runtime\Cache\Admin\4327f01a89f25b0c940a04bc5fd19293.php 第 80 行.
NOTIC: [8] Use of undefined constant istop - assumed 'istop' D:\wamp\www\qb\Application\Runtime\Cache\Admin\4327f01a89f25b0c940a04bc5fd19293.php 第 80 行.
NOTIC: [8] Undefined index: istop D:\wamp\www\qb\Application\Runtime\Cache\Admin\4327f01a89f25b0c940a04bc5fd19293.php 第 80 行.
NOTIC: [8] Use of undefined constant isred - assumed 'isred' D:\wamp\www\qb\Application\Runtime\Cache\Admin\4327f01a89f25b0c940a04bc5fd19293.php 第 81 行.
NOTIC: [8] Undefined index: isred D:\wamp\www\qb\Application\Runtime\Cache\Admin\4327f01a89f25b0c940a04bc5fd19293.php 第 81 行.
NOTIC: [8] Use of undefined constant isred - assumed 'isred' D:\wamp\www\qb\Application\Runtime\Cache\Admin\4327f01a89f25b0c940a04bc5fd19293.php 第 81 行.
NOTIC: [8] Undefined index: isred D:\wamp\www\qb\Application\Runtime\Cache\Admin\4327f01a89f25b0c940a04bc5fd19293.php 第 81 行.
NOTIC: [8] Use of undefined constant isred - assumed 'isred' D:\wamp\www\qb\Application\Runtime\Cache\Admin\4327f01a89f25b0c940a04bc5fd19293.php 第 81 行.
NOTIC: [8] Undefined index: isred D:\wamp\www\qb\Application\Runtime\Cache\Admin\4327f01a89f25b0c940a04bc5fd19293.php 第 81 行.
NOTIC: [8] Use of undefined constant state - assumed 'state' D:\wamp\www\qb\Application\Runtime\Cache\Admin\4327f01a89f25b0c940a04bc5fd19293.php 第 87 行.
NOTIC: [8] Use of undefined constant type - assumed 'type' D:\wamp\www\qb\Application\Runtime\Cache\Admin\4327f01a89f25b0c940a04bc5fd19293.php 第 73 行.
NOTIC: [8] Undefined index: ord D:\wamp\www\qb\Application\Runtime\Cache\Admin\4327f01a89f25b0c940a04bc5fd19293.php 第 76 行.
NOTIC: [8] Use of undefined constant istop - assumed 'istop' D:\wamp\www\qb\Application\Runtime\Cache\Admin\4327f01a89f25b0c940a04bc5fd19293.php 第 80 行.
NOTIC: [8] Undefined index: istop D:\wamp\www\qb\Application\Runtime\Cache\Admin\4327f01a89f25b0c940a04bc5fd19293.php 第 80 行.
NOTIC: [8] Use of undefined constant istop - assumed 'istop' D:\wamp\www\qb\Application\Runtime\Cache\Admin\4327f01a89f25b0c940a04bc5fd19293.php 第 80 行.
NOTIC: [8] Undefined index: istop D:\wamp\www\qb\Application\Runtime\Cache\Admin\4327f01a89f25b0c940a04bc5fd19293.php 第 80 行.
NOTIC: [8] Use of undefined constant istop - assumed 'istop' D:\wamp\www\qb\Application\Runtime\Cache\Admin\4327f01a89f25b0c940a04bc5fd19293.php 第 80 行.
NOTIC: [8] Undefined index: istop D:\wamp\www\qb\Application\Runtime\Cache\Admin\4327f01a89f25b0c940a04bc5fd19293.php 第 80 行.
NOTIC: [8] Use of undefined constant isred - assumed 'isred' D:\wamp\www\qb\Application\Runtime\Cache\Admin\4327f01a89f25b0c940a04bc5fd19293.php 第 81 行.
NOTIC: [8] Undefined index: isred D:\wamp\www\qb\Application\Runtime\Cache\Admin\4327f01a89f25b0c940a04bc5fd19293.php 第 81 行.
NOTIC: [8] Use of undefined constant isred - assumed 'isred' D:\wamp\www\qb\Application\Runtime\Cache\Admin\4327f01a89f25b0c940a04bc5fd19293.php 第 81 行.
NOTIC: [8] Undefined index: isred D:\wamp\www\qb\Application\Runtime\Cache\Admin\4327f01a89f25b0c940a04bc5fd19293.php 第 81 行.
NOTIC: [8] Use of undefined constant isred - assumed 'isred' D:\wamp\www\qb\Application\Runtime\Cache\Admin\4327f01a89f25b0c940a04bc5fd19293.php 第 81 行.
NOTIC: [8] Undefined index: isred D:\wamp\www\qb\Application\Runtime\Cache\Admin\4327f01a89f25b0c940a04bc5fd19293.php 第 81 行.
NOTIC: [8] Use of undefined constant state - assumed 'state' D:\wamp\www\qb\Application\Runtime\Cache\Admin\4327f01a89f25b0c940a04bc5fd19293.php 第 87 行.
NOTIC: [8] Use of undefined constant type - assumed 'type' D:\wamp\www\qb\Application\Runtime\Cache\Admin\4327f01a89f25b0c940a04bc5fd19293.php 第 73 行.
NOTIC: [8] Undefined index: ord D:\wamp\www\qb\Application\Runtime\Cache\Admin\4327f01a89f25b0c940a04bc5fd19293.php 第 76 行.
NOTIC: [8] Use of undefined constant istop - assumed 'istop' D:\wamp\www\qb\Application\Runtime\Cache\Admin\4327f01a89f25b0c940a04bc5fd19293.php 第 80 行.
NOTIC: [8] Undefined index: istop D:\wamp\www\qb\Application\Runtime\Cache\Admin\4327f01a89f25b0c940a04bc5fd19293.php 第 80 行.
NOTIC: [8] Use of undefined constant istop - assumed 'istop' D:\wamp\www\qb\Application\Runtime\Cache\Admin\4327f01a89f25b0c940a04bc5fd19293.php 第 80 行.
NOTIC: [8] Undefined index: istop D:\wamp\www\qb\Application\Runtime\Cache\Admin\4327f01a89f25b0c940a04bc5fd19293.php 第 80 行.
NOTIC: [8] Use of undefined constant istop - assumed 'istop' D:\wamp\www\qb\Application\Runtime\Cache\Admin\4327f01a89f25b0c940a04bc5fd19293.php 第 80 行.
NOTIC: [8] Undefined index: istop D:\wamp\www\qb\Application\Runtime\Cache\Admin\4327f01a89f25b0c940a04bc5fd19293.php 第 80 行.
NOTIC: [8] Use of undefined constant isred - assumed 'isred' D:\wamp\www\qb\Application\Runtime\Cache\Admin\4327f01a89f25b0c940a04bc5fd19293.php 第 81 行.
NOTIC: [8] Undefined index: isred D:\wamp\www\qb\Application\Runtime\Cache\Admin\4327f01a89f25b0c940a04bc5fd19293.php 第 81 行.
NOTIC: [8] Use of undefined constant isred - assumed 'isred' D:\wamp\www\qb\Application\Runtime\Cache\Admin\4327f01a89f25b0c940a04bc5fd19293.php 第 81 行.
NOTIC: [8] Undefined index: isred D:\wamp\www\qb\Application\Runtime\Cache\Admin\4327f01a89f25b0c940a04bc5fd19293.php 第 81 行.
NOTIC: [8] Use of undefined constant isred - assumed 'isred' D:\wamp\www\qb\Application\Runtime\Cache\Admin\4327f01a89f25b0c940a04bc5fd19293.php 第 81 行.
NOTIC: [8] Undefined index: isred D:\wamp\www\qb\Application\Runtime\Cache\Admin\4327f01a89f25b0c940a04bc5fd19293.php 第 81 行.
NOTIC: [8] Use of undefined constant state - assumed 'state' D:\wamp\www\qb\Application\Runtime\Cache\Admin\4327f01a89f25b0c940a04bc5fd19293.php 第 87 行.
NOTIC: [8] Use of undefined constant type - assumed 'type' D:\wamp\www\qb\Application\Runtime\Cache\Admin\4327f01a89f25b0c940a04bc5fd19293.php 第 73 行.
NOTIC: [8] Undefined index: ord D:\wamp\www\qb\Application\Runtime\Cache\Admin\4327f01a89f25b0c940a04bc5fd19293.php 第 76 行.
NOTIC: [8] Use of undefined constant istop - assumed 'istop' D:\wamp\www\qb\Application\Runtime\Cache\Admin\4327f01a89f25b0c940a04bc5fd19293.php 第 80 行.
NOTIC: [8] Undefined index: istop D:\wamp\www\qb\Application\Runtime\Cache\Admin\4327f01a89f25b0c940a04bc5fd19293.php 第 80 行.
NOTIC: [8] Use of undefined constant istop - assumed 'istop' D:\wamp\www\qb\Application\Runtime\Cache\Admin\4327f01a89f25b0c940a04bc5fd19293.php 第 80 行.
NOTIC: [8] Undefined index: istop D:\wamp\www\qb\Application\Runtime\Cache\Admin\4327f01a89f25b0c940a04bc5fd19293.php 第 80 行.
NOTIC: [8] Use of undefined constant istop - assumed 'istop' D:\wamp\www\qb\Application\Runtime\Cache\Admin\4327f01a89f25b0c940a04bc5fd19293.php 第 80 行.
NOTIC: [8] Undefined index: istop D:\wamp\www\qb\Application\Runtime\Cache\Admin\4327f01a89f25b0c940a04bc5fd19293.php 第 80 行.
NOTIC: [8] Use of undefined constant isred - assumed 'isred' D:\wamp\www\qb\Application\Runtime\Cache\Admin\4327f01a89f25b0c940a04bc5fd19293.php 第 81 行.
NOTIC: [8] Undefined index: isred D:\wamp\www\qb\Application\Runtime\Cache\Admin\4327f01a89f25b0c940a04bc5fd19293.php 第 81 行.
NOTIC: [8] Use of undefined constant isred - assumed 'isred' D:\wamp\www\qb\Application\Runtime\Cache\Admin\4327f01a89f25b0c940a04bc5fd19293.php 第 81 行.
NOTIC: [8] Undefined index: isred D:\wamp\www\qb\Application\Runtime\Cache\Admin\4327f01a89f25b0c940a04bc5fd19293.php 第 81 行.
NOTIC: [8] Use of undefined constant isred - assumed 'isred' D:\wamp\www\qb\Application\Runtime\Cache\Admin\4327f01a89f25b0c940a04bc5fd19293.php 第 81 行.
NOTIC: [8] Undefined index: isred D:\wamp\www\qb\Application\Runtime\Cache\Admin\4327f01a89f25b0c940a04bc5fd19293.php 第 81 行.
NOTIC: [8] Use of undefined constant state - assumed 'state' D:\wamp\www\qb\Application\Runtime\Cache\Admin\4327f01a89f25b0c940a04bc5fd19293.php 第 87 行.
INFO: Run Behavior\ParseTemplateBehavior [ RunTime:0.020169s ]
INFO: [ view_parse ] --END-- [ RunTime:0.020247s ]
INFO: [ view_filter ] --START--
INFO: Run Behavior\WriteHtmlCacheBehavior [ RunTime:0.000738s ]
INFO: [ view_filter ] --END-- [ RunTime:0.000812s ]
INFO: [ app_end ] --START--
INFO: Run Behavior\ShowPageTraceBehavior [ RunTime:0.001062s ]
INFO: [ app_end ] --END-- [ RunTime:0.001151s ]

