[ 2016-01-05T09:02:55+08:00 ] 127.0.0.1 /
INFO: [ app_init ] --START--
INFO: Run Behavior\BuildLiteBehavior [ RunTime:0.000013s ]
INFO: [ app_init ] --END-- [ RunTime:0.000574s ]
INFO: [ app_begin ] --START--
INFO: Run Behavior\ReadHtmlCacheBehavior [ RunTime:0.000821s ]
INFO: [ app_begin ] --END-- [ RunTime:0.000885s ]
NOTIC: [8] Undefined index: userid D:\wamp\www\qb\Application\Admin\Controller\CommonController.class.php 第 19 行.

[ 2016-01-05T09:02:56+08:00 ] 127.0.0.1 /Admin/Public/admin.html
INFO: [ app_init ] --START--
INFO: Run Behavior\BuildLiteBehavior [ RunTime:0.000015s ]
INFO: [ app_init ] --END-- [ RunTime:0.000470s ]
INFO: [ app_begin ] --START--
INFO: Run Behavior\ReadHtmlCacheBehavior [ RunTime:0.000898s ]
INFO: [ app_begin ] --END-- [ RunTime:0.000969s ]
INFO: [ view_parse ] --START--
INFO: [ template_filter ] --START--
INFO: Run Behavior\ContentReplaceBehavior [ RunTime:0.000037s ]
INFO: [ template_filter ] --END-- [ RunTime:0.000098s ]
INFO: Run Behavior\ParseTemplateBehavior [ RunTime:0.050756s ]
INFO: [ view_parse ] --END-- [ RunTime:0.050831s ]
INFO: [ view_filter ] --START--
INFO: Run Behavior\WriteHtmlCacheBehavior [ RunTime:0.010369s ]
INFO: [ view_filter ] --END-- [ RunTime:0.010429s ]
INFO: [ app_end ] --START--
INFO: Run Behavior\ShowPageTraceBehavior [ RunTime:0.001185s ]
INFO: [ app_end ] --END-- [ RunTime:0.001243s ]

[ 2016-01-05T09:02:56+08:00 ] 127.0.0.1 /Admin/Public/scode
INFO: [ app_init ] --START--
INFO: Run Behavior\BuildLiteBehavior [ RunTime:0.000013s ]
INFO: [ app_init ] --END-- [ RunTime:0.000444s ]
INFO: [ app_begin ] --START--
INFO: Run Behavior\ReadHtmlCacheBehavior [ RunTime:0.000522s ]
INFO: [ app_begin ] --END-- [ RunTime:0.000571s ]
INFO: [ app_end ] --START--
INFO: Run Behavior\ShowPageTraceBehavior [ RunTime:0.000585s ]
INFO: [ app_end ] --END-- [ RunTime:0.000645s ]

[ 2016-01-05T09:02:56+08:00 ] 127.0.0.1 /favicon.ico
INFO: [ app_init ] --START--
INFO: Run Behavior\BuildLiteBehavior [ RunTime:0.000012s ]
INFO: [ app_init ] --END-- [ RunTime:0.000418s ]

[ 2016-01-05T09:02:56+08:00 ] 127.0.0.1 /favicon.ico
INFO: [ app_init ] --START--
INFO: Run Behavior\BuildLiteBehavior [ RunTime:0.000014s ]
INFO: [ app_init ] --END-- [ RunTime:0.000403s ]

[ 2016-01-05T09:03:11+08:00 ] 127.0.0.1 /Admin/Public/login
INFO: [ app_init ] --START--
INFO: Run Behavior\BuildLiteBehavior [ RunTime:0.000031s ]
INFO: [ app_init ] --END-- [ RunTime:0.000635s ]
INFO: [ app_begin ] --START--
INFO: Run Behavior\ReadHtmlCacheBehavior [ RunTime:0.000671s ]
INFO: [ app_begin ] --END-- [ RunTime:0.000724s ]

[ 2016-01-05T09:03:11+08:00 ] 127.0.0.1 /admin/public/scode/0.7886334902851666
INFO: [ app_init ] --START--
INFO: Run Behavior\BuildLiteBehavior [ RunTime:0.000012s ]
INFO: [ app_init ] --END-- [ RunTime:0.000415s ]
INFO: [ app_begin ] --START--
INFO: Run Behavior\ReadHtmlCacheBehavior [ RunTime:0.000507s ]
INFO: [ app_begin ] --END-- [ RunTime:0.000566s ]
INFO: [ app_end ] --START--
INFO: Run Behavior\ShowPageTraceBehavior [ RunTime:0.000719s ]
INFO: [ app_end ] --END-- [ RunTime:0.000792s ]

[ 2016-01-05T09:03:16+08:00 ] 127.0.0.1 /Admin/Public/login
INFO: [ app_init ] --START--
INFO: Run Behavior\BuildLiteBehavior [ RunTime:0.000014s ]
INFO: [ app_init ] --END-- [ RunTime:0.000466s ]
INFO: [ app_begin ] --START--
INFO: Run Behavior\ReadHtmlCacheBehavior [ RunTime:0.000586s ]
INFO: [ app_begin ] --END-- [ RunTime:0.000634s ]
SQL: SHOW COLUMNS FROM `t_admin` [ RunTime:0.0094s ]
SQL: SELECT `password` FROM `t_admin` WHERE `name` = 'admin' LIMIT 1   [ RunTime:0.0099s ]

[ 2016-01-05T09:03:16+08:00 ] 127.0.0.1 /Admin/Public/admin.html
INFO: [ app_init ] --START--
INFO: Run Behavior\BuildLiteBehavior [ RunTime:0.000013s ]
INFO: [ app_init ] --END-- [ RunTime:0.000472s ]
INFO: [ app_begin ] --START--
INFO: Run Behavior\ReadHtmlCacheBehavior [ RunTime:0.000580s ]
INFO: [ app_begin ] --END-- [ RunTime:0.000640s ]
SQL: SHOW COLUMNS FROM `t_admin` [ RunTime:0.0095s ]
SQL: SELECT `password`,`name` FROM `t_admin` WHERE `name` = 'admin' LIMIT 1   [ RunTime:0.0079s ]
SQL: SELECT * FROM `t_admin` WHERE `password` = '1c63129ae9db9c60c3e8aa94d3e00495' AND `name` = 'admin' LIMIT 1   [ RunTime:0.0099s ]
SQL: UPDATE `t_admin` SET `ip`='127.0.0.1',`addtime`='1451955796' WHERE `id` = 3 [ RunTime:0.0112s ]

[ 2016-01-05T09:03:16+08:00 ] 127.0.0.1 /Admin.html
INFO: [ app_init ] --START--
INFO: Run Behavior\BuildLiteBehavior [ RunTime:0.000018s ]
INFO: [ app_init ] --END-- [ RunTime:0.000501s ]
INFO: [ app_begin ] --START--
INFO: Run Behavior\ReadHtmlCacheBehavior [ RunTime:0.000623s ]
INFO: [ app_begin ] --END-- [ RunTime:0.000675s ]
SQL: SHOW COLUMNS FROM `t_admin` [ RunTime:0.0091s ]
SQL: SELECT t_admin.name,t_role.name as title FROM `t_admin` left join t_role_user on t_role_user.user_id = t_admin.id left join t_role on t_role.id = t_role_user.role_id  WHERE ( t_admin.id = 3 ) LIMIT 1   [ RunTime:0.0094s ]
INFO: [ view_parse ] --START--
INFO: [ template_filter ] --START--
INFO: Run Behavior\ContentReplaceBehavior [ RunTime:0.000100s ]
INFO: [ template_filter ] --END-- [ RunTime:0.000177s ]
INFO: Run Behavior\ParseTemplateBehavior [ RunTime:0.016484s ]
INFO: [ view_parse ] --END-- [ RunTime:0.016541s ]
INFO: [ view_filter ] --START--
INFO: Run Behavior\WriteHtmlCacheBehavior [ RunTime:0.000373s ]
INFO: [ view_filter ] --END-- [ RunTime:0.000415s ]
INFO: [ app_end ] --START--
INFO: Run Behavior\ShowPageTraceBehavior [ RunTime:0.000601s ]
INFO: [ app_end ] --END-- [ RunTime:0.000658s ]

[ 2016-01-05T09:03:16+08:00 ] 127.0.0.1 /Public/admin/logo.png
INFO: [ app_init ] --START--
INFO: Run Behavior\BuildLiteBehavior [ RunTime:0.000013s ]
INFO: [ app_init ] --END-- [ RunTime:0.000435s ]

[ 2016-01-05T09:03:16+08:00 ] 127.0.0.1 /Admin/Index/center
INFO: [ app_init ] --START--
INFO: Run Behavior\BuildLiteBehavior [ RunTime:0.000019s ]
INFO: [ app_init ] --END-- [ RunTime:0.000548s ]
INFO: [ app_begin ] --START--
INFO: Run Behavior\ReadHtmlCacheBehavior [ RunTime:0.000733s ]
INFO: [ app_begin ] --END-- [ RunTime:0.000815s ]
SQL: SHOW COLUMNS FROM `t_admin` [ RunTime:0.0120s ]
SQL: SHOW COLUMNS FROM `t_base` [ RunTime:0.0123s ]
SQL: SELECT * FROM `t_admin` WHERE `id` = 3 LIMIT 1   [ RunTime:0.0106s ]
SQL: SELECT * FROM `t_base` WHERE `id` = 1 LIMIT 1   [ RunTime:0.0130s ]
INFO: [ view_parse ] --START--
INFO: [ template_filter ] --START--
INFO: Run Behavior\ContentReplaceBehavior [ RunTime:0.000043s ]
INFO: [ template_filter ] --END-- [ RunTime:0.000102s ]
INFO: Run Behavior\ParseTemplateBehavior [ RunTime:0.025724s ]
INFO: [ view_parse ] --END-- [ RunTime:0.025789s ]
INFO: [ view_filter ] --START--
INFO: Run Behavior\WriteHtmlCacheBehavior [ RunTime:0.000371s ]
INFO: [ view_filter ] --END-- [ RunTime:0.000413s ]
INFO: [ app_end ] --START--
INFO: Run Behavior\ShowPageTraceBehavior [ RunTime:0.000638s ]
INFO: [ app_end ] --END-- [ RunTime:0.000680s ]

[ 2016-01-05T09:03:16+08:00 ] 127.0.0.1 /Admin/Nav/nav
INFO: [ app_init ] --START--
INFO: Run Behavior\BuildLiteBehavior [ RunTime:0.000013s ]
INFO: [ app_init ] --END-- [ RunTime:0.000400s ]
INFO: [ app_begin ] --START--
INFO: Run Behavior\ReadHtmlCacheBehavior [ RunTime:0.000563s ]
INFO: [ app_begin ] --END-- [ RunTime:0.000631s ]
SQL: SHOW COLUMNS FROM `t_nav` [ RunTime:0.0103s ]
SQL: SHOW COLUMNS FROM `t_nav` [ RunTime:0.0147s ]
SQL: SHOW COLUMNS FROM `t_access` [ RunTime:0.0102s ]
SQL: SELECT * FROM `t_nav` WHERE `bid` = 0 AND `state` = 1 AND `level` <> 3 ORDER BY id asc  [ RunTime:0.0098s ]
SQL: SELECT * FROM `t_nav` WHERE `bid` = 1 AND `state` = 1 AND `level` <> 3 ORDER BY id asc  [ RunTime:0.0093s ]
SQL: SELECT * FROM `t_nav` WHERE `bid` = 2 AND `state` = 1 AND `level` <> 3 ORDER BY id asc  [ RunTime:0.0119s ]
SQL: SELECT * FROM `t_nav` WHERE `bid` = 158 AND `state` = 1 AND `level` <> 3 ORDER BY id asc  [ RunTime:0.0086s ]
SQL: SELECT * FROM `t_nav` WHERE `bid` = 159 AND `state` = 1 AND `level` <> 3 ORDER BY id asc  [ RunTime:0.0104s ]
SQL: SELECT * FROM `t_nav` WHERE `bid` = 342 AND `state` = 1 AND `level` <> 3 ORDER BY id asc  [ RunTime:0.0094s ]
SQL: SELECT * FROM `t_nav` WHERE `bid` = 167 AND `state` = 1 AND `level` <> 3 ORDER BY id asc  [ RunTime:0.0092s ]
SQL: SELECT * FROM `t_nav` WHERE `bid` = 169 AND `state` = 1 AND `level` <> 3 ORDER BY id asc  [ RunTime:0.0085s ]
SQL: SELECT * FROM `t_nav` WHERE `bid` = 204 AND `state` = 1 AND `level` <> 3 ORDER BY id asc  [ RunTime:0.0108s ]
SQL: SELECT * FROM `t_nav` WHERE `bid` = 205 AND `state` = 1 AND `level` <> 3 ORDER BY id asc  [ RunTime:0.0094s ]
SQL: SELECT * FROM `t_nav` WHERE `bid` = 207 AND `state` = 1 AND `level` <> 3 ORDER BY id asc  [ RunTime:0.0109s ]
SQL: SELECT * FROM `t_nav` WHERE `bid` = 208 AND `state` = 1 AND `level` <> 3 ORDER BY id asc  [ RunTime:0.0122s ]
SQL: SELECT * FROM `t_nav` WHERE `bid` = 380 AND `state` = 1 AND `level` <> 3 ORDER BY id asc  [ RunTime:0.0099s ]
SQL: SELECT * FROM `t_nav` WHERE `bid` = 381 AND `state` = 1 AND `level` <> 3 ORDER BY id asc  [ RunTime:0.0108s ]
SQL: SELECT * FROM `t_nav` WHERE `bid` = 445 AND `state` = 1 AND `level` <> 3 ORDER BY id asc  [ RunTime:0.0121s ]
SQL: SELECT * FROM `t_nav` WHERE `bid` = 450 AND `state` = 1 AND `level` <> 3 ORDER BY id asc  [ RunTime:0.0109s ]
SQL: SELECT * FROM `t_nav` WHERE `bid` = 3 AND `state` = 1 AND `level` <> 3 ORDER BY id asc  [ RunTime:0.0129s ]
SQL: SELECT * FROM `t_nav` WHERE `bid` = 4 AND `state` = 1 AND `level` <> 3 ORDER BY id asc  [ RunTime:0.0110s ]
SQL: SELECT * FROM `t_nav` WHERE `bid` = 173 AND `state` = 1 AND `level` <> 3 ORDER BY id asc  [ RunTime:0.0112s ]
SQL: SELECT * FROM `t_nav` WHERE `bid` = 174 AND `state` = 1 AND `level` <> 3 ORDER BY id asc  [ RunTime:0.0113s ]
SQL: SELECT * FROM `t_nav` WHERE `bid` = 438 AND `state` = 1 AND `level` <> 3 ORDER BY id asc  [ RunTime:0.0123s ]
SQL: SELECT * FROM `t_nav` WHERE `bid` = 439 AND `state` = 1 AND `level` <> 3 ORDER BY id asc  [ RunTime:0.0128s ]
SQL: SELECT * FROM `t_nav` WHERE `bid` = 5 AND `state` = 1 AND `level` <> 3 ORDER BY id asc  [ RunTime:0.0100s ]
SQL: SELECT * FROM `t_nav` WHERE `bid` = 6 AND `state` = 1 AND `level` <> 3 ORDER BY id asc  [ RunTime:0.0104s ]
SQL: SELECT * FROM `t_nav` WHERE `bid` = 187 AND `state` = 1 AND `level` <> 3 ORDER BY id asc  [ RunTime:0.0112s ]
SQL: SELECT * FROM `t_nav` WHERE `bid` = 188 AND `state` = 1 AND `level` <> 3 ORDER BY id asc  [ RunTime:0.0099s ]
SQL: SELECT * FROM `t_nav` WHERE `bid` = 7 AND `state` = 1 AND `level` <> 3 ORDER BY id asc  [ RunTime:0.0087s ]
SQL: SELECT * FROM `t_nav` WHERE `bid` = 8 AND `state` = 1 AND `level` <> 3 ORDER BY id asc  [ RunTime:0.0098s ]
SQL: SELECT * FROM `t_nav` WHERE `bid` = 209 AND `state` = 1 AND `level` <> 3 ORDER BY id asc  [ RunTime:0.0108s ]
SQL: SELECT * FROM `t_nav` WHERE `bid` = 210 AND `state` = 1 AND `level` <> 3 ORDER BY id asc  [ RunTime:0.0102s ]
SQL: SELECT * FROM `t_nav` WHERE `bid` = 243 AND `state` = 1 AND `level` <> 3 ORDER BY id asc  [ RunTime:0.0089s ]
SQL: SELECT * FROM `t_nav` WHERE `bid` = 320 AND `state` = 1 AND `level` <> 3 ORDER BY id asc  [ RunTime:0.0101s ]
INFO: [ app_end ] --START--
INFO: Run Behavior\ShowPageTraceBehavior [ RunTime:0.000907s ]
INFO: [ app_end ] --END-- [ RunTime:0.000967s ]

[ 2016-01-05T09:03:21+08:00 ] 127.0.0.1 /Admin/User
INFO: [ app_init ] --START--
INFO: Run Behavior\BuildLiteBehavior [ RunTime:0.000012s ]
INFO: [ app_init ] --END-- [ RunTime:0.000433s ]
INFO: [ app_begin ] --START--
INFO: Run Behavior\ReadHtmlCacheBehavior [ RunTime:0.000618s ]
INFO: [ app_begin ] --END-- [ RunTime:0.000686s ]
SQL: SHOW COLUMNS FROM `t_user` [ RunTime:0.0143s ]
SQL: SELECT COUNT(*) AS tp_count FROM `t_user` LIMIT 1   [ RunTime:0.0124s ]
NOTIC: [8] Undefined variable: data D:\wamp\www\qb\Application\Admin\Controller\UserController.class.php 第 26 行.
SQL: SELECT * FROM `t_user` ORDER BY id desc LIMIT 0,10   [ RunTime:0.0153s ]
INFO: [ view_parse ] --START--
INFO: [ template_filter ] --START--
INFO: Run Behavior\ContentReplaceBehavior [ RunTime:0.000050s ]
INFO: [ template_filter ] --END-- [ RunTime:0.000103s ]
NOTIC: [8] Undefined variable: verify D:\wamp\www\qb\Application\Runtime\Cache\Admin\5d69f8c4d2442b936a99d5818ebdd6d3.php 第 78 行.
NOTIC: [8] Undefined variable: verify D:\wamp\www\qb\Application\Runtime\Cache\Admin\5d69f8c4d2442b936a99d5818ebdd6d3.php 第 79 行.
NOTIC: [8] Undefined variable: verify D:\wamp\www\qb\Application\Runtime\Cache\Admin\5d69f8c4d2442b936a99d5818ebdd6d3.php 第 80 行.
NOTIC: [8] Undefined variable: verify D:\wamp\www\qb\Application\Runtime\Cache\Admin\5d69f8c4d2442b936a99d5818ebdd6d3.php 第 81 行.
INFO: Run Behavior\ParseTemplateBehavior [ RunTime:0.023365s ]
INFO: [ view_parse ] --END-- [ RunTime:0.023442s ]
INFO: [ view_filter ] --START--
INFO: Run Behavior\WriteHtmlCacheBehavior [ RunTime:0.000707s ]
INFO: [ view_filter ] --END-- [ RunTime:0.000798s ]
INFO: [ app_end ] --START--
INFO: Run Behavior\ShowPageTraceBehavior [ RunTime:0.000713s ]
INFO: [ app_end ] --END-- [ RunTime:0.000768s ]

[ 2016-01-05T09:03:21+08:00 ] 127.0.0.1 /Public/upfile/20151231093550120203.jpg
INFO: [ app_init ] --START--
INFO: Run Behavior\BuildLiteBehavior [ RunTime:0.000020s ]
INFO: [ app_init ] --END-- [ RunTime:0.000597s ]

[ 2016-01-05T09:03:21+08:00 ] 127.0.0.1 /Public/upfile/20151230153332861799.jpg
INFO: [ app_init ] --START--
INFO: Run Behavior\BuildLiteBehavior [ RunTime:0.000020s ]
INFO: [ app_init ] --END-- [ RunTime:0.000593s ]

[ 2016-01-05T09:03:21+08:00 ] 127.0.0.1 /Public/upfile/20160101105940884085.jpg
INFO: [ app_init ] --START--
INFO: Run Behavior\BuildLiteBehavior [ RunTime:0.000025s ]
INFO: [ app_init ] --END-- [ RunTime:0.000855s ]

[ 2016-01-05T09:03:21+08:00 ] 127.0.0.1 /Public/upfile/20151230141212025456.jpg
INFO: [ app_init ] --START--
INFO: Run Behavior\BuildLiteBehavior [ RunTime:0.000022s ]
INFO: [ app_init ] --END-- [ RunTime:0.000723s ]

[ 2016-01-05T09:03:21+08:00 ] 127.0.0.1 /Public/upfile/20151230145341433863.jpg
INFO: [ app_init ] --START--
INFO: Run Behavior\BuildLiteBehavior [ RunTime:0.000021s ]
INFO: [ app_init ] --END-- [ RunTime:0.000630s ]

[ 2016-01-05T09:03:21+08:00 ] 127.0.0.1 /Public/upfile/20160101105940884085.jpg
INFO: [ app_init ] --START--
INFO: Run Behavior\BuildLiteBehavior [ RunTime:0.000019s ]
INFO: [ app_init ] --END-- [ RunTime:0.000585s ]

[ 2016-01-05T09:03:21+08:00 ] 127.0.0.1 /Public/upfile/20151231093550120203.jpg
INFO: [ app_init ] --START--
INFO: Run Behavior\BuildLiteBehavior [ RunTime:0.000020s ]
INFO: [ app_init ] --END-- [ RunTime:0.000571s ]

[ 2016-01-05T09:03:21+08:00 ] 127.0.0.1 /Public/upfile/20151230141212025456.jpg
INFO: [ app_init ] --START--
INFO: Run Behavior\BuildLiteBehavior [ RunTime:0.000012s ]
INFO: [ app_init ] --END-- [ RunTime:0.000433s ]

[ 2016-01-05T09:03:21+08:00 ] 127.0.0.1 /Public/upfile/20151230153332861799.jpg
INFO: [ app_init ] --START--
INFO: Run Behavior\BuildLiteBehavior [ RunTime:0.000017s ]
INFO: [ app_init ] --END-- [ RunTime:0.000433s ]

[ 2016-01-05T09:03:21+08:00 ] 127.0.0.1 /Public/upfile/20151225120228751531.jpg
INFO: [ app_init ] --START--
INFO: Run Behavior\BuildLiteBehavior [ RunTime:0.000017s ]
INFO: [ app_init ] --END-- [ RunTime:0.000541s ]

[ 2016-01-05T09:03:21+08:00 ] 127.0.0.1 /Public/upfile/20151225161527285680.jpg
INFO: [ app_init ] --START--
INFO: Run Behavior\BuildLiteBehavior [ RunTime:0.000021s ]
INFO: [ app_init ] --END-- [ RunTime:0.000613s ]

[ 2016-01-05T09:03:21+08:00 ] 127.0.0.1 /Public/upfile/20151216133408136649.jpg
INFO: [ app_init ] --START--
INFO: Run Behavior\BuildLiteBehavior [ RunTime:0.000023s ]
INFO: [ app_init ] --END-- [ RunTime:0.000847s ]

[ 2016-01-05T09:03:21+08:00 ] 127.0.0.1 /Public/upfile/20151216132541712689.jpg
INFO: [ app_init ] --START--
INFO: Run Behavior\BuildLiteBehavior [ RunTime:0.000030s ]
INFO: [ app_init ] --END-- [ RunTime:0.000871s ]

[ 2016-01-05T17:42:58+08:00 ] 127.0.0.1 /Admin/Groups
INFO: [ app_init ] --START--
INFO: Run Behavior\BuildLiteBehavior [ RunTime:0.000015s ]
INFO: [ app_init ] --END-- [ RunTime:0.000551s ]
INFO: [ app_begin ] --START--
INFO: Run Behavior\ReadHtmlCacheBehavior [ RunTime:0.001035s ]
INFO: [ app_begin ] --END-- [ RunTime:0.001212s ]
SQL: SHOW COLUMNS FROM `t_groups` [ RunTime:0.0103s ]
NOTIC: [8] Undefined variable: data D:\wamp\www\qb\Application\Admin\Controller\GroupsController.class.php 第 18 行.
SQL: SELECT COUNT(*) AS tp_count FROM `t_groups` LIMIT 1   [ RunTime:0.0091s ]
NOTIC: [8] Undefined variable: data D:\wamp\www\qb\Application\Admin\Controller\GroupsController.class.php 第 24 行.
SQL: SELECT t_groups.*,t_user.username,t_user.phone FROM `t_groups` left join t_user on t_user.id = t_groups.uid  ORDER BY state asc,id desc LIMIT 0,15   [ RunTime:0.0114s ]
INFO: [ view_parse ] --START--
INFO: [ template_filter ] --START--
INFO: Run Behavior\ContentReplaceBehavior [ RunTime:0.000060s ]
INFO: [ template_filter ] --END-- [ RunTime:0.000126s ]
NOTIC: [8] Undefined variable: verify D:\wamp\www\qb\Application\Runtime\Cache\Admin\4327f01a89f25b0c940a04bc5fd19293.php 第 39 行.
NOTIC: [8] Undefined variable: verify D:\wamp\www\qb\Application\Runtime\Cache\Admin\4327f01a89f25b0c940a04bc5fd19293.php 第 40 行.
NOTIC: [8] Undefined variable: verify D:\wamp\www\qb\Application\Runtime\Cache\Admin\4327f01a89f25b0c940a04bc5fd19293.php 第 41 行.
NOTIC: [8] Undefined variable: verify D:\wamp\www\qb\Application\Runtime\Cache\Admin\4327f01a89f25b0c940a04bc5fd19293.php 第 42 行.
NOTIC: [8] Undefined variable: verify D:\wamp\www\qb\Application\Runtime\Cache\Admin\4327f01a89f25b0c940a04bc5fd19293.php 第 43 行.
NOTIC: [8] Use of undefined constant type - assumed 'type' D:\wamp\www\qb\Application\Runtime\Cache\Admin\4327f01a89f25b0c940a04bc5fd19293.php 第 73 行.
NOTIC: [8] Undefined index: ord D:\wamp\www\qb\Application\Runtime\Cache\Admin\4327f01a89f25b0c940a04bc5fd19293.php 第 76 行.
NOTIC: [8] Use of undefined constant istop - assumed 'istop' D:\wamp\www\qb\Application\Runtime\Cache\Admin\4327f01a89f25b0c940a04bc5fd19293.php 第 80 行.
NOTIC: [8] Undefined index: istop D:\wamp\www\qb\Application\Runtime\Cache\Admin\4327f01a89f25b0c940a04bc5fd19293.php 第 80 行.
NOTIC: [8] Use of undefined constant istop - assumed 'istop' D:\wamp\www\qb\Application\Runtime\Cache\Admin\4327f01a89f25b0c940a04bc5fd19293.php 第 80 行.
NOTIC: [8] Undefined index: istop D:\wamp\www\qb\Application\Runtime\Cache\Admin\4327f01a89f25b0c940a04bc5fd19293.php 第 80 行.
NOTIC: [8] Use of undefined constant istop - assumed 'istop' D:\wamp\www\qb\Application\Runtime\Cache\Admin\4327f01a89f25b0c940a04bc5fd19293.php 第 80 行.
NOTIC: [8] Undefined index: istop D:\wamp\www\qb\Application\Runtime\Cache\Admin\4327f01a89f25b0c940a04bc5fd19293.php 第 80 行.
NOTIC: [8] Use of undefined constant isred - assumed 'isred' D:\wamp\www\qb\Application\Runtime\Cache\Admin\4327f01a89f25b0c940a04bc5fd19293.php 第 81 行.
NOTIC: [8] Undefined index: isred D:\wamp\www\qb\Application\Runtime\Cache\Admin\4327f01a89f25b0c940a04bc5fd19293.php 第 81 行.
NOTIC: [8] Use of undefined constant isred - assumed 'isred' D:\wamp\www\qb\Application\Runtime\Cache\Admin\4327f01a89f25b0c940a04bc5fd19293.php 第 81 行.
NOTIC: [8] Undefined index: isred D:\wamp\www\qb\Application\Runtime\Cache\Admin\4327f01a89f25b0c940a04bc5fd19293.php 第 81 行.
NOTIC: [8] Use of undefined constant isred - assumed 'isred' D:\wamp\www\qb\Application\Runtime\Cache\Admin\4327f01a89f25b0c940a04bc5fd19293.php 第 81 行.
NOTIC: [8] Undefined index: isred D:\wamp\www\qb\Application\Runtime\Cache\Admin\4327f01a89f25b0c940a04bc5fd19293.php 第 81 行.
NOTIC: [8] Use of undefined constant state - assumed 'state' D:\wamp\www\qb\Application\Runtime\Cache\Admin\4327f01a89f25b0c940a04bc5fd19293.php 第 87 行.
NOTIC: [8] Use of undefined constant type - assumed 'type' D:\wamp\www\qb\Application\Runtime\Cache\Admin\4327f01a89f25b0c940a04bc5fd19293.php 第 73 行.
NOTIC: [8] Undefined index: ord D:\wamp\www\qb\Application\Runtime\Cache\Admin\4327f01a89f25b0c940a04bc5fd19293.php 第 76 行.
NOTIC: [8] Use of undefined constant istop - assumed 'istop' D:\wamp\www\qb\Application\Runtime\Cache\Admin\4327f01a89f25b0c940a04bc5fd19293.php 第 80 行.
NOTIC: [8] Undefined index: istop D:\wamp\www\qb\Application\Runtime\Cache\Admin\4327f01a89f25b0c940a04bc5fd19293.php 第 80 行.
NOTIC: [8] Use of undefined constant istop - assumed 'istop' D:\wamp\www\qb\Application\Runtime\Cache\Admin\4327f01a89f25b0c940a04bc5fd19293.php 第 80 行.
NOTIC: [8] Undefined index: istop D:\wamp\www\qb\Application\Runtime\Cache\Admin\4327f01a89f25b0c940a04bc5fd19293.php 第 80 行.
NOTIC: [8] Use of undefined constant istop - assumed 'istop' D:\wamp\www\qb\Application\Runtime\Cache\Admin\4327f01a89f25b0c940a04bc5fd19293.php 第 80 行.
NOTIC: [8] Undefined index: istop D:\wamp\www\qb\Application\Runtime\Cache\Admin\4327f01a89f25b0c940a04bc5fd19293.php 第 80 行.
NOTIC: [8] Use of undefined constant isred - assumed 'isred' D:\wamp\www\qb\Application\Runtime\Cache\Admin\4327f01a89f25b0c940a04bc5fd19293.php 第 81 行.
NOTIC: [8] Undefined index: isred D:\wamp\www\qb\Application\Runtime\Cache\Admin\4327f01a89f25b0c940a04bc5fd19293.php 第 81 行.
NOTIC: [8] Use of undefined constant isred - assumed 'isred' D:\wamp\www\qb\Application\Runtime\Cache\Admin\4327f01a89f25b0c940a04bc5fd19293.php 第 81 行.
NOTIC: [8] Undefined index: isred D:\wamp\www\qb\Application\Runtime\Cache\Admin\4327f01a89f25b0c940a04bc5fd19293.php 第 81 行.
NOTIC: [8] Use of undefined constant isred - assumed 'isred' D:\wamp\www\qb\Application\Runtime\Cache\Admin\4327f01a89f25b0c940a04bc5fd19293.php 第 81 行.
NOTIC: [8] Undefined index: isred D:\wamp\www\qb\Application\Runtime\Cache\Admin\4327f01a89f25b0c940a04bc5fd19293.php 第 81 行.
NOTIC: [8] Use of undefined constant state - assumed 'state' D:\wamp\www\qb\Application\Runtime\Cache\Admin\4327f01a89f25b0c940a04bc5fd19293.php 第 87 行.
NOTIC: [8] Use of undefined constant type - assumed 'type' D:\wamp\www\qb\Application\Runtime\Cache\Admin\4327f01a89f25b0c940a04bc5fd19293.php 第 73 行.
NOTIC: [8] Undefined index: ord D:\wamp\www\qb\Application\Runtime\Cache\Admin\4327f01a89f25b0c940a04bc5fd19293.php 第 76 行.
NOTIC: [8] Use of undefined constant istop - assumed 'istop' D:\wamp\www\qb\Application\Runtime\Cache\Admin\4327f01a89f25b0c940a04bc5fd19293.php 第 80 行.
NOTIC: [8] Undefined index: istop D:\wamp\www\qb\Application\Runtime\Cache\Admin\4327f01a89f25b0c940a04bc5fd19293.php 第 80 行.
NOTIC: [8] Use of undefined constant istop - assumed 'istop' D:\wamp\www\qb\Application\Runtime\Cache\Admin\4327f01a89f25b0c940a04bc5fd19293.php 第 80 行.
NOTIC: [8] Undefined index: istop D:\wamp\www\qb\Application\Runtime\Cache\Admin\4327f01a89f25b0c940a04bc5fd19293.php 第 80 行.
NOTIC: [8] Use of undefined constant istop - assumed 'istop' D:\wamp\www\qb\Application\Runtime\Cache\Admin\4327f01a89f25b0c940a04bc5fd19293.php 第 80 行.
NOTIC: [8] Undefined index: istop D:\wamp\www\qb\Application\Runtime\Cache\Admin\4327f01a89f25b0c940a04bc5fd19293.php 第 80 行.
NOTIC: [8] Use of undefined constant isred - assumed 'isred' D:\wamp\www\qb\Application\Runtime\Cache\Admin\4327f01a89f25b0c940a04bc5fd19293.php 第 81 行.
NOTIC: [8] Undefined index: isred D:\wamp\www\qb\Application\Runtime\Cache\Admin\4327f01a89f25b0c940a04bc5fd19293.php 第 81 行.
NOTIC: [8] Use of undefined constant isred - assumed 'isred' D:\wamp\www\qb\Application\Runtime\Cache\Admin\4327f01a89f25b0c940a04bc5fd19293.php 第 81 行.
NOTIC: [8] Undefined index: isred D:\wamp\www\qb\Application\Runtime\Cache\Admin\4327f01a89f25b0c940a04bc5fd19293.php 第 81 行.
NOTIC: [8] Use of undefined constant isred - assumed 'isred' D:\wamp\www\qb\Application\Runtime\Cache\Admin\4327f01a89f25b0c940a04bc5fd19293.php 第 81 行.
NOTIC: [8] Undefined index: isred D:\wamp\www\qb\Application\Runtime\Cache\Admin\4327f01a89f25b0c940a04bc5fd19293.php 第 81 行.
NOTIC: [8] Use of undefined constant state - assumed 'state' D:\wamp\www\qb\Application\Runtime\Cache\Admin\4327f01a89f25b0c940a04bc5fd19293.php 第 87 行.
NOTIC: [8] Use of undefined constant type - assumed 'type' D:\wamp\www\qb\Application\Runtime\Cache\Admin\4327f01a89f25b0c940a04bc5fd19293.php 第 73 行.
NOTIC: [8] Undefined index: ord D:\wamp\www\qb\Application\Runtime\Cache\Admin\4327f01a89f25b0c940a04bc5fd19293.php 第 76 行.
NOTIC: [8] Use of undefined constant istop - assumed 'istop' D:\wamp\www\qb\Application\Runtime\Cache\Admin\4327f01a89f25b0c940a04bc5fd19293.php 第 80 行.
NOTIC: [8] Undefined index: istop D:\wamp\www\qb\Application\Runtime\Cache\Admin\4327f01a89f25b0c940a04bc5fd19293.php 第 80 行.
NOTIC: [8] Use of undefined constant istop - assumed 'istop' D:\wamp\www\qb\Application\Runtime\Cache\Admin\4327f01a89f25b0c940a04bc5fd19293.php 第 80 行.
NOTIC: [8] Undefined index: istop D:\wamp\www\qb\Application\Runtime\Cache\Admin\4327f01a89f25b0c940a04bc5fd19293.php 第 80 行.
NOTIC: [8] Use of undefined constant istop - assumed 'istop' D:\wamp\www\qb\Application\Runtime\Cache\Admin\4327f01a89f25b0c940a04bc5fd19293.php 第 80 行.
NOTIC: [8] Undefined index: istop D:\wamp\www\qb\Application\Runtime\Cache\Admin\4327f01a89f25b0c940a04bc5fd19293.php 第 80 行.
NOTIC: [8] Use of undefined constant isred - assumed 'isred' D:\wamp\www\qb\Application\Runtime\Cache\Admin\4327f01a89f25b0c940a04bc5fd19293.php 第 81 行.
NOTIC: [8] Undefined index: isred D:\wamp\www\qb\Application\Runtime\Cache\Admin\4327f01a89f25b0c940a04bc5fd19293.php 第 81 行.
NOTIC: [8] Use of undefined constant isred - assumed 'isred' D:\wamp\www\qb\Application\Runtime\Cache\Admin\4327f01a89f25b0c940a04bc5fd19293.php 第 81 行.
NOTIC: [8] Undefined index: isred D:\wamp\www\qb\Application\Runtime\Cache\Admin\4327f01a89f25b0c940a04bc5fd19293.php 第 81 行.
NOTIC: [8] Use of undefined constant isred - assumed 'isred' D:\wamp\www\qb\Application\Runtime\Cache\Admin\4327f01a89f25b0c940a04bc5fd19293.php 第 81 行.
NOTIC: [8] Undefined index: isred D:\wamp\www\qb\Application\Runtime\Cache\Admin\4327f01a89f25b0c940a04bc5fd19293.php 第 81 行.
NOTIC: [8] Use of undefined constant state - assumed 'state' D:\wamp\www\qb\Application\Runtime\Cache\Admin\4327f01a89f25b0c940a04bc5fd19293.php 第 87 行.
NOTIC: [8] Use of undefined constant type - assumed 'type' D:\wamp\www\qb\Application\Runtime\Cache\Admin\4327f01a89f25b0c940a04bc5fd19293.php 第 73 行.
NOTIC: [8] Undefined index: ord D:\wamp\www\qb\Application\Runtime\Cache\Admin\4327f01a89f25b0c940a04bc5fd19293.php 第 76 行.
NOTIC: [8] Use of undefined constant istop - assumed 'istop' D:\wamp\www\qb\Application\Runtime\Cache\Admin\4327f01a89f25b0c940a04bc5fd19293.php 第 80 行.
NOTIC: [8] Undefined index: istop D:\wamp\www\qb\Application\Runtime\Cache\Admin\4327f01a89f25b0c940a04bc5fd19293.php 第 80 行.
NOTIC: [8] Use of undefined constant istop - assumed 'istop' D:\wamp\www\qb\Application\Runtime\Cache\Admin\4327f01a89f25b0c940a04bc5fd19293.php 第 80 行.
NOTIC: [8] Undefined index: istop D:\wamp\www\qb\Application\Runtime\Cache\Admin\4327f01a89f25b0c940a04bc5fd19293.php 第 80 行.
NOTIC: [8] Use of undefined constant istop - assumed 'istop' D:\wamp\www\qb\Application\Runtime\Cache\Admin\4327f01a89f25b0c940a04bc5fd19293.php 第 80 行.
NOTIC: [8] Undefined index: istop D:\wamp\www\qb\Application\Runtime\Cache\Admin\4327f01a89f25b0c940a04bc5fd19293.php 第 80 行.
NOTIC: [8] Use of undefined constant isred - assumed 'isred' D:\wamp\www\qb\Application\Runtime\Cache\Admin\4327f01a89f25b0c940a04bc5fd19293.php 第 81 行.
NOTIC: [8] Undefined index: isred D:\wamp\www\qb\Application\Runtime\Cache\Admin\4327f01a89f25b0c940a04bc5fd19293.php 第 81 行.
NOTIC: [8] Use of undefined constant isred - assumed 'isred' D:\wamp\www\qb\Application\Runtime\Cache\Admin\4327f01a89f25b0c940a04bc5fd19293.php 第 81 行.
NOTIC: [8] Undefined index: isred D:\wamp\www\qb\Application\Runtime\Cache\Admin\4327f01a89f25b0c940a04bc5fd19293.php 第 81 行.
NOTIC: [8] Use of undefined constant isred - assumed 'isred' D:\wamp\www\qb\Application\Runtime\Cache\Admin\4327f01a89f25b0c940a04bc5fd19293.php 第 81 行.
NOTIC: [8] Undefined index: isred D:\wamp\www\qb\Application\Runtime\Cache\Admin\4327f01a89f25b0c940a04bc5fd19293.php 第 81 行.
NOTIC: [8] Use of undefined constant state - assumed 'state' D:\wamp\www\qb\Application\Runtime\Cache\Admin\4327f01a89f25b0c940a04bc5fd19293.php 第 87 行.
NOTIC: [8] Use of undefined constant type - assumed 'type' D:\wamp\www\qb\Application\Runtime\Cache\Admin\4327f01a89f25b0c940a04bc5fd19293.php 第 73 行.
NOTIC: [8] Undefined index: ord D:\wamp\www\qb\Application\Runtime\Cache\Admin\4327f01a89f25b0c940a04bc5fd19293.php 第 76 行.
NOTIC: [8] Use of undefined constant istop - assumed 'istop' D:\wamp\www\qb\Application\Runtime\Cache\Admin\4327f01a89f25b0c940a04bc5fd19293.php 第 80 行.
NOTIC: [8] Undefined index: istop D:\wamp\www\qb\Application\Runtime\Cache\Admin\4327f01a89f25b0c940a04bc5fd19293.php 第 80 行.
NOTIC: [8] Use of undefined constant istop - assumed 'istop' D:\wamp\www\qb\Application\Runtime\Cache\Admin\4327f01a89f25b0c940a04bc5fd19293.php 第 80 行.
NOTIC: [8] Undefined index: istop D:\wamp\www\qb\Application\Runtime\Cache\Admin\4327f01a89f25b0c940a04bc5fd19293.php 第 80 行.
NOTIC: [8] Use of undefined constant istop - assumed 'istop' D:\wamp\www\qb\Application\Runtime\Cache\Admin\4327f01a89f25b0c940a04bc5fd19293.php 第 80 行.
NOTIC: [8] Undefined index: istop D:\wamp\www\qb\Application\Runtime\Cache\Admin\4327f01a89f25b0c940a04bc5fd19293.php 第 80 行.
NOTIC: [8] Use of undefined constant isred - assumed 'isred' D:\wamp\www\qb\Application\Runtime\Cache\Admin\4327f01a89f25b0c940a04bc5fd19293.php 第 81 行.
NOTIC: [8] Undefined index: isred D:\wamp\www\qb\Application\Runtime\Cache\Admin\4327f01a89f25b0c940a04bc5fd19293.php 第 81 行.
NOTIC: [8] Use of undefined constant isred - assumed 'isred' D:\wamp\www\qb\Application\Runtime\Cache\Admin\4327f01a89f25b0c940a04bc5fd19293.php 第 81 行.
NOTIC: [8] Undefined index: isred D:\wamp\www\qb\Application\Runtime\Cache\Admin\4327f01a89f25b0c940a04bc5fd19293.php 第 81 行.
NOTIC: [8] Use of undefined constant isred - assumed 'isred' D:\wamp\www\qb\Application\Runtime\Cache\Admin\4327f01a89f25b0c940a04bc5fd19293.php 第 81 行.
NOTIC: [8] Undefined index: isred D:\wamp\www\qb\Application\Runtime\Cache\Admin\4327f01a89f25b0c940a04bc5fd19293.php 第 81 行.
NOTIC: [8] Use of undefined constant state - assumed 'state' D:\wamp\www\qb\Application\Runtime\Cache\Admin\4327f01a89f25b0c940a04bc5fd19293.php 第 87 行.
INFO: Run Behavior\ParseTemplateBehavior [ RunTime:0.022511s ]
INFO: [ view_parse ] --END-- [ RunTime:0.022575s ]
INFO: [ view_filter ] --START--
INFO: Run Behavior\WriteHtmlCacheBehavior [ RunTime:0.000506s ]
INFO: [ view_filter ] --END-- [ RunTime:0.000547s ]
INFO: [ app_end ] --START--
INFO: Run Behavior\ShowPageTraceBehavior [ RunTime:0.000632s ]
INFO: [ app_end ] --END-- [ RunTime:0.000673s ]

[ 2016-01-05T17:43:05+08:00 ] 127.0.0.1 /Admin/Groups/state/id/391
INFO: [ app_init ] --START--
INFO: Run Behavior\BuildLiteBehavior [ RunTime:0.000013s ]
INFO: [ app_init ] --END-- [ RunTime:0.000552s ]
INFO: [ app_begin ] --START--
INFO: Run Behavior\ReadHtmlCacheBehavior [ RunTime:0.002632s ]
INFO: [ app_begin ] --END-- [ RunTime:0.002799s ]
SQL: SHOW COLUMNS FROM `t_groups` [ RunTime:0.0117s ]
SQL: UPDATE `t_groups` SET `state`='2' WHERE `id` = 391 [ RunTime:0.0120s ]
SQL: SELECT * FROM `t_groups` WHERE `id` = 391 LIMIT 1   [ RunTime:0.0113s ]
SQL: SHOW COLUMNS FROM `t_user` [ RunTime:0.0121s ]
SQL: SELECT * FROM `t_user` WHERE `id` = 111200 LIMIT 1   [ RunTime:0.0121s ]
SQL: SHOW COLUMNS FROM `t_groupuser` [ RunTime:0.0131s ]
SQL: INSERT INTO `t_groupuser` (`group_id`,`username`,`user_id`,`level`,`addtime`) VALUES ('391','婷婷兮','111200','5','1451986985') [ RunTime:0.0094s ]

[ 2016-01-05T17:43:06+08:00 ] 127.0.0.1 /Admin/Groups
INFO: [ app_init ] --START--
INFO: Run Behavior\BuildLiteBehavior [ RunTime:0.000013s ]
INFO: [ app_init ] --END-- [ RunTime:0.000550s ]
INFO: [ app_begin ] --START--
INFO: Run Behavior\ReadHtmlCacheBehavior [ RunTime:0.000595s ]
INFO: [ app_begin ] --END-- [ RunTime:0.000646s ]
SQL: SHOW COLUMNS FROM `t_groups` [ RunTime:0.0104s ]
NOTIC: [8] Undefined variable: data D:\wamp\www\qb\Application\Admin\Controller\GroupsController.class.php 第 18 行.
SQL: SELECT COUNT(*) AS tp_count FROM `t_groups` LIMIT 1   [ RunTime:0.0089s ]
NOTIC: [8] Undefined variable: data D:\wamp\www\qb\Application\Admin\Controller\GroupsController.class.php 第 24 行.
SQL: SELECT t_groups.*,t_user.username,t_user.phone FROM `t_groups` left join t_user on t_user.id = t_groups.uid  ORDER BY state asc,id desc LIMIT 0,15   [ RunTime:0.0080s ]
INFO: [ view_parse ] --START--
INFO: [ template_filter ] --START--
INFO: Run Behavior\ContentReplaceBehavior [ RunTime:0.000048s ]
INFO: [ template_filter ] --END-- [ RunTime:0.000103s ]
NOTIC: [8] Undefined variable: verify D:\wamp\www\qb\Application\Runtime\Cache\Admin\4327f01a89f25b0c940a04bc5fd19293.php 第 39 行.
NOTIC: [8] Undefined variable: verify D:\wamp\www\qb\Application\Runtime\Cache\Admin\4327f01a89f25b0c940a04bc5fd19293.php 第 40 行.
NOTIC: [8] Undefined variable: verify D:\wamp\www\qb\Application\Runtime\Cache\Admin\4327f01a89f25b0c940a04bc5fd19293.php 第 41 行.
NOTIC: [8] Undefined variable: verify D:\wamp\www\qb\Application\Runtime\Cache\Admin\4327f01a89f25b0c940a04bc5fd19293.php 第 42 行.
NOTIC: [8] Undefined variable: verify D:\wamp\www\qb\Application\Runtime\Cache\Admin\4327f01a89f25b0c940a04bc5fd19293.php 第 43 行.
NOTIC: [8] Use of undefined constant type - assumed 'type' D:\wamp\www\qb\Application\Runtime\Cache\Admin\4327f01a89f25b0c940a04bc5fd19293.php 第 73 行.
NOTIC: [8] Undefined index: ord D:\wamp\www\qb\Application\Runtime\Cache\Admin\4327f01a89f25b0c940a04bc5fd19293.php 第 76 行.
NOTIC: [8] Use of undefined constant istop - assumed 'istop' D:\wamp\www\qb\Application\Runtime\Cache\Admin\4327f01a89f25b0c940a04bc5fd19293.php 第 80 行.
NOTIC: [8] Undefined index: istop D:\wamp\www\qb\Application\Runtime\Cache\Admin\4327f01a89f25b0c940a04bc5fd19293.php 第 80 行.
NOTIC: [8] Use of undefined constant istop - assumed 'istop' D:\wamp\www\qb\Application\Runtime\Cache\Admin\4327f01a89f25b0c940a04bc5fd19293.php 第 80 行.
NOTIC: [8] Undefined index: istop D:\wamp\www\qb\Application\Runtime\Cache\Admin\4327f01a89f25b0c940a04bc5fd19293.php 第 80 行.
NOTIC: [8] Use of undefined constant istop - assumed 'istop' D:\wamp\www\qb\Application\Runtime\Cache\Admin\4327f01a89f25b0c940a04bc5fd19293.php 第 80 行.
NOTIC: [8] Undefined index: istop D:\wamp\www\qb\Application\Runtime\Cache\Admin\4327f01a89f25b0c940a04bc5fd19293.php 第 80 行.
NOTIC: [8] Use of undefined constant isred - assumed 'isred' D:\wamp\www\qb\Application\Runtime\Cache\Admin\4327f01a89f25b0c940a04bc5fd19293.php 第 81 行.
NOTIC: [8] Undefined index: isred D:\wamp\www\qb\Application\Runtime\Cache\Admin\4327f01a89f25b0c940a04bc5fd19293.php 第 81 行.
NOTIC: [8] Use of undefined constant isred - assumed 'isred' D:\wamp\www\qb\Application\Runtime\Cache\Admin\4327f01a89f25b0c940a04bc5fd19293.php 第 81 行.
NOTIC: [8] Undefined index: isred D:\wamp\www\qb\Application\Runtime\Cache\Admin\4327f01a89f25b0c940a04bc5fd19293.php 第 81 行.
NOTIC: [8] Use of undefined constant isred - assumed 'isred' D:\wamp\www\qb\Application\Runtime\Cache\Admin\4327f01a89f25b0c940a04bc5fd19293.php 第 81 行.
NOTIC: [8] Undefined index: isred D:\wamp\www\qb\Application\Runtime\Cache\Admin\4327f01a89f25b0c940a04bc5fd19293.php 第 81 行.
NOTIC: [8] Use of undefined constant state - assumed 'state' D:\wamp\www\qb\Application\Runtime\Cache\Admin\4327f01a89f25b0c940a04bc5fd19293.php 第 87 行.
NOTIC: [8] Use of undefined constant type - assumed 'type' D:\wamp\www\qb\Application\Runtime\Cache\Admin\4327f01a89f25b0c940a04bc5fd19293.php 第 73 行.
NOTIC: [8] Undefined index: ord D:\wamp\www\qb\Application\Runtime\Cache\Admin\4327f01a89f25b0c940a04bc5fd19293.php 第 76 行.
NOTIC: [8] Use of undefined constant istop - assumed 'istop' D:\wamp\www\qb\Application\Runtime\Cache\Admin\4327f01a89f25b0c940a04bc5fd19293.php 第 80 行.
NOTIC: [8] Undefined index: istop D:\wamp\www\qb\Application\Runtime\Cache\Admin\4327f01a89f25b0c940a04bc5fd19293.php 第 80 行.
NOTIC: [8] Use of undefined constant istop - assumed 'istop' D:\wamp\www\qb\Application\Runtime\Cache\Admin\4327f01a89f25b0c940a04bc5fd19293.php 第 80 行.
NOTIC: [8] Undefined index: istop D:\wamp\www\qb\Application\Runtime\Cache\Admin\4327f01a89f25b0c940a04bc5fd19293.php 第 80 行.
NOTIC: [8] Use of undefined constant istop - assumed 'istop' D:\wamp\www\qb\Application\Runtime\Cache\Admin\4327f01a89f25b0c940a04bc5fd19293.php 第 80 行.
NOTIC: [8] Undefined index: istop D:\wamp\www\qb\Application\Runtime\Cache\Admin\4327f01a89f25b0c940a04bc5fd19293.php 第 80 行.
NOTIC: [8] Use of undefined constant isred - assumed 'isred' D:\wamp\www\qb\Application\Runtime\Cache\Admin\4327f01a89f25b0c940a04bc5fd19293.php 第 81 行.
NOTIC: [8] Undefined index: isred D:\wamp\www\qb\Application\Runtime\Cache\Admin\4327f01a89f25b0c940a04bc5fd19293.php 第 81 行.
NOTIC: [8] Use of undefined constant isred - assumed 'isred' D:\wamp\www\qb\Application\Runtime\Cache\Admin\4327f01a89f25b0c940a04bc5fd19293.php 第 81 行.
NOTIC: [8] Undefined index: isred D:\wamp\www\qb\Application\Runtime\Cache\Admin\4327f01a89f25b0c940a04bc5fd19293.php 第 81 行.
NOTIC: [8] Use of undefined constant isred - assumed 'isred' D:\wamp\www\qb\Application\Runtime\Cache\Admin\4327f01a89f25b0c940a04bc5fd19293.php 第 81 行.
NOTIC: [8] Undefined index: isred D:\wamp\www\qb\Application\Runtime\Cache\Admin\4327f01a89f25b0c940a04bc5fd19293.php 第 81 行.
NOTIC: [8] Use of undefined constant state - assumed 'state' D:\wamp\www\qb\Application\Runtime\Cache\Admin\4327f01a89f25b0c940a04bc5fd19293.php 第 87 行.
NOTIC: [8] Use of undefined constant type - assumed 'type' D:\wamp\www\qb\Application\Runtime\Cache\Admin\4327f01a89f25b0c940a04bc5fd19293.php 第 73 行.
NOTIC: [8] Undefined index: ord D:\wamp\www\qb\Application\Runtime\Cache\Admin\4327f01a89f25b0c940a04bc5fd19293.php 第 76 行.
NOTIC: [8] Use of undefined constant istop - assumed 'istop' D:\wamp\www\qb\Application\Runtime\Cache\Admin\4327f01a89f25b0c940a04bc5fd19293.php 第 80 行.
NOTIC: [8] Undefined index: istop D:\wamp\www\qb\Application\Runtime\Cache\Admin\4327f01a89f25b0c940a04bc5fd19293.php 第 80 行.
NOTIC: [8] Use of undefined constant istop - assumed 'istop' D:\wamp\www\qb\Application\Runtime\Cache\Admin\4327f01a89f25b0c940a04bc5fd19293.php 第 80 行.
NOTIC: [8] Undefined index: istop D:\wamp\www\qb\Application\Runtime\Cache\Admin\4327f01a89f25b0c940a04bc5fd19293.php 第 80 行.
NOTIC: [8] Use of undefined constant istop - assumed 'istop' D:\wamp\www\qb\Application\Runtime\Cache\Admin\4327f01a89f25b0c940a04bc5fd19293.php 第 80 行.
NOTIC: [8] Undefined index: istop D:\wamp\www\qb\Application\Runtime\Cache\Admin\4327f01a89f25b0c940a04bc5fd19293.php 第 80 行.
NOTIC: [8] Use of undefined constant isred - assumed 'isred' D:\wamp\www\qb\Application\Runtime\Cache\Admin\4327f01a89f25b0c940a04bc5fd19293.php 第 81 行.
NOTIC: [8] Undefined index: isred D:\wamp\www\qb\Application\Runtime\Cache\Admin\4327f01a89f25b0c940a04bc5fd19293.php 第 81 行.
NOTIC: [8] Use of undefined constant isred - assumed 'isred' D:\wamp\www\qb\Application\Runtime\Cache\Admin\4327f01a89f25b0c940a04bc5fd19293.php 第 81 行.
NOTIC: [8] Undefined index: isred D:\wamp\www\qb\Application\Runtime\Cache\Admin\4327f01a89f25b0c940a04bc5fd19293.php 第 81 行.
NOTIC: [8] Use of undefined constant isred - assumed 'isred' D:\wamp\www\qb\Application\Runtime\Cache\Admin\4327f01a89f25b0c940a04bc5fd19293.php 第 81 行.
NOTIC: [8] Undefined index: isred D:\wamp\www\qb\Application\Runtime\Cache\Admin\4327f01a89f25b0c940a04bc5fd19293.php 第 81 行.
NOTIC: [8] Use of undefined constant state - assumed 'state' D:\wamp\www\qb\Application\Runtime\Cache\Admin\4327f01a89f25b0c940a04bc5fd19293.php 第 87 行.
NOTIC: [8] Use of undefined constant type - assumed 'type' D:\wamp\www\qb\Application\Runtime\Cache\Admin\4327f01a89f25b0c940a04bc5fd19293.php 第 73 行.
NOTIC: [8] Undefined index: ord D:\wamp\www\qb\Application\Runtime\Cache\Admin\4327f01a89f25b0c940a04bc5fd19293.php 第 76 行.
NOTIC: [8] Use of undefined constant istop - assumed 'istop' D:\wamp\www\qb\Application\Runtime\Cache\Admin\4327f01a89f25b0c940a04bc5fd19293.php 第 80 行.
NOTIC: [8] Undefined index: istop D:\wamp\www\qb\Application\Runtime\Cache\Admin\4327f01a89f25b0c940a04bc5fd19293.php 第 80 行.
NOTIC: [8] Use of undefined constant istop - assumed 'istop' D:\wamp\www\qb\Application\Runtime\Cache\Admin\4327f01a89f25b0c940a04bc5fd19293.php 第 80 行.
NOTIC: [8] Undefined index: istop D:\wamp\www\qb\Application\Runtime\Cache\Admin\4327f01a89f25b0c940a04bc5fd19293.php 第 80 行.
NOTIC: [8] Use of undefined constant istop - assumed 'istop' D:\wamp\www\qb\Application\Runtime\Cache\Admin\4327f01a89f25b0c940a04bc5fd19293.php 第 80 行.
NOTIC: [8] Undefined index: istop D:\wamp\www\qb\Application\Runtime\Cache\Admin\4327f01a89f25b0c940a04bc5fd19293.php 第 80 行.
NOTIC: [8] Use of undefined constant isred - assumed 'isred' D:\wamp\www\qb\Application\Runtime\Cache\Admin\4327f01a89f25b0c940a04bc5fd19293.php 第 81 行.
NOTIC: [8] Undefined index: isred D:\wamp\www\qb\Application\Runtime\Cache\Admin\4327f01a89f25b0c940a04bc5fd19293.php 第 81 行.
NOTIC: [8] Use of undefined constant isred - assumed 'isred' D:\wamp\www\qb\Application\Runtime\Cache\Admin\4327f01a89f25b0c940a04bc5fd19293.php 第 81 行.
NOTIC: [8] Undefined index: isred D:\wamp\www\qb\Application\Runtime\Cache\Admin\4327f01a89f25b0c940a04bc5fd19293.php 第 81 行.
NOTIC: [8] Use of undefined constant isred - assumed 'isred' D:\wamp\www\qb\Application\Runtime\Cache\Admin\4327f01a89f25b0c940a04bc5fd19293.php 第 81 行.
NOTIC: [8] Undefined index: isred D:\wamp\www\qb\Application\Runtime\Cache\Admin\4327f01a89f25b0c940a04bc5fd19293.php 第 81 行.
NOTIC: [8] Use of undefined constant state - assumed 'state' D:\wamp\www\qb\Application\Runtime\Cache\Admin\4327f01a89f25b0c940a04bc5fd19293.php 第 87 行.
NOTIC: [8] Use of undefined constant type - assumed 'type' D:\wamp\www\qb\Application\Runtime\Cache\Admin\4327f01a89f25b0c940a04bc5fd19293.php 第 73 行.
NOTIC: [8] Undefined index: ord D:\wamp\www\qb\Application\Runtime\Cache\Admin\4327f01a89f25b0c940a04bc5fd19293.php 第 76 行.
NOTIC: [8] Use of undefined constant istop - assumed 'istop' D:\wamp\www\qb\Application\Runtime\Cache\Admin\4327f01a89f25b0c940a04bc5fd19293.php 第 80 行.
NOTIC: [8] Undefined index: istop D:\wamp\www\qb\Application\Runtime\Cache\Admin\4327f01a89f25b0c940a04bc5fd19293.php 第 80 行.
NOTIC: [8] Use of undefined constant istop - assumed 'istop' D:\wamp\www\qb\Application\Runtime\Cache\Admin\4327f01a89f25b0c940a04bc5fd19293.php 第 80 行.
NOTIC: [8] Undefined index: istop D:\wamp\www\qb\Application\Runtime\Cache\Admin\4327f01a89f25b0c940a04bc5fd19293.php 第 80 行.
NOTIC: [8] Use of undefined constant istop - assumed 'istop' D:\wamp\www\qb\Application\Runtime\Cache\Admin\4327f01a89f25b0c940a04bc5fd19293.php 第 80 行.
NOTIC: [8] Undefined index: istop D:\wamp\www\qb\Application\Runtime\Cache\Admin\4327f01a89f25b0c940a04bc5fd19293.php 第 80 行.
NOTIC: [8] Use of undefined constant isred - assumed 'isred' D:\wamp\www\qb\Application\Runtime\Cache\Admin\4327f01a89f25b0c940a04bc5fd19293.php 第 81 行.
NOTIC: [8] Undefined index: isred D:\wamp\www\qb\Application\Runtime\Cache\Admin\4327f01a89f25b0c940a04bc5fd19293.php 第 81 行.
NOTIC: [8] Use of undefined constant isred - assumed 'isred' D:\wamp\www\qb\Application\Runtime\Cache\Admin\4327f01a89f25b0c940a04bc5fd19293.php 第 81 行.
NOTIC: [8] Undefined index: isred D:\wamp\www\qb\Application\Runtime\Cache\Admin\4327f01a89f25b0c940a04bc5fd19293.php 第 81 行.
NOTIC: [8] Use of undefined constant isred - assumed 'isred' D:\wamp\www\qb\Application\Runtime\Cache\Admin\4327f01a89f25b0c940a04bc5fd19293.php 第 81 行.
NOTIC: [8] Undefined index: isred D:\wamp\www\qb\Application\Runtime\Cache\Admin\4327f01a89f25b0c940a04bc5fd19293.php 第 81 行.
NOTIC: [8] Use of undefined constant state - assumed 'state' D:\wamp\www\qb\Application\Runtime\Cache\Admin\4327f01a89f25b0c940a04bc5fd19293.php 第 87 行.
NOTIC: [8] Use of undefined constant type - assumed 'type' D:\wamp\www\qb\Application\Runtime\Cache\Admin\4327f01a89f25b0c940a04bc5fd19293.php 第 73 行.
NOTIC: [8] Undefined index: ord D:\wamp\www\qb\Application\Runtime\Cache\Admin\4327f01a89f25b0c940a04bc5fd19293.php 第 76 行.
NOTIC: [8] Use of undefined constant istop - assumed 'istop' D:\wamp\www\qb\Application\Runtime\Cache\Admin\4327f01a89f25b0c940a04bc5fd19293.php 第 80 行.
NOTIC: [8] Undefined index: istop D:\wamp\www\qb\Application\Runtime\Cache\Admin\4327f01a89f25b0c940a04bc5fd19293.php 第 80 行.
NOTIC: [8] Use of undefined constant istop - assumed 'istop' D:\wamp\www\qb\Application\Runtime\Cache\Admin\4327f01a89f25b0c940a04bc5fd19293.php 第 80 行.
NOTIC: [8] Undefined index: istop D:\wamp\www\qb\Application\Runtime\Cache\Admin\4327f01a89f25b0c940a04bc5fd19293.php 第 80 行.
NOTIC: [8] Use of undefined constant istop - assumed 'istop' D:\wamp\www\qb\Application\Runtime\Cache\Admin\4327f01a89f25b0c940a04bc5fd19293.php 第 80 行.
NOTIC: [8] Undefined index: istop D:\wamp\www\qb\Application\Runtime\Cache\Admin\4327f01a89f25b0c940a04bc5fd19293.php 第 80 行.
NOTIC: [8] Use of undefined constant isred - assumed 'isred' D:\wamp\www\qb\Application\Runtime\Cache\Admin\4327f01a89f25b0c940a04bc5fd19293.php 第 81 行.
NOTIC: [8] Undefined index: isred D:\wamp\www\qb\Application\Runtime\Cache\Admin\4327f01a89f25b0c940a04bc5fd19293.php 第 81 行.
NOTIC: [8] Use of undefined constant isred - assumed 'isred' D:\wamp\www\qb\Application\Runtime\Cache\Admin\4327f01a89f25b0c940a04bc5fd19293.php 第 81 行.
NOTIC: [8] Undefined index: isred D:\wamp\www\qb\Application\Runtime\Cache\Admin\4327f01a89f25b0c940a04bc5fd19293.php 第 81 行.
NOTIC: [8] Use of undefined constant isred - assumed 'isred' D:\wamp\www\qb\Application\Runtime\Cache\Admin\4327f01a89f25b0c940a04bc5fd19293.php 第 81 行.
NOTIC: [8] Undefined index: isred D:\wamp\www\qb\Application\Runtime\Cache\Admin\4327f01a89f25b0c940a04bc5fd19293.php 第 81 行.
NOTIC: [8] Use of undefined constant state - assumed 'state' D:\wamp\www\qb\Application\Runtime\Cache\Admin\4327f01a89f25b0c940a04bc5fd19293.php 第 87 行.
INFO: Run Behavior\ParseTemplateBehavior [ RunTime:0.013280s ]
INFO: [ view_parse ] --END-- [ RunTime:0.013334s ]
INFO: [ view_filter ] --START--
INFO: Run Behavior\WriteHtmlCacheBehavior [ RunTime:0.000558s ]
INFO: [ view_filter ] --END-- [ RunTime:0.000607s ]
INFO: [ app_end ] --START--
INFO: Run Behavior\ShowPageTraceBehavior [ RunTime:0.000751s ]
INFO: [ app_end ] --END-- [ RunTime:0.000797s ]

[ 2016-01-05T17:43:13+08:00 ] 127.0.0.1 /Admin/Groups/edit/id/391
INFO: [ app_init ] --START--
INFO: Run Behavior\BuildLiteBehavior [ RunTime:0.000022s ]
INFO: [ app_init ] --END-- [ RunTime:0.000650s ]
INFO: [ app_begin ] --START--
INFO: Run Behavior\ReadHtmlCacheBehavior [ RunTime:0.000839s ]
INFO: [ app_begin ] --END-- [ RunTime:0.000937s ]
SQL: SHOW COLUMNS FROM `t_news` [ RunTime:0.0163s ]
SQL: SHOW COLUMNS FROM `t_group` [ RunTime:0.0102s ]
SQL: SHOW COLUMNS FROM `t_selfcity` [ RunTime:0.0134s ]
SQL: SHOW COLUMNS FROM `t_img` [ RunTime:0.0128s ]
SQL: SELECT * FROM `t_img` WHERE ( pid = 391 ) ORDER BY id asc  [ RunTime:0.0108s ]
SQL: SELECT * FROM `t_news` WHERE ( id = 391 ) LIMIT 1   [ RunTime:0.0131s ]
SQL: SELECT * FROM `t_group` WHERE ( pid = 0 )  [ RunTime:0.0097s ]
NOTIC: [8] Undefined index: gourpid D:\wamp\www\qb\Application\Admin\Controller\GroupsController.class.php 第 135 行.
SQL: SELECT * FROM `t_group` WHERE ( pid = '' )  [ RunTime:0.0107s ]
SQL: SELECT * FROM `t_selfcity` ORDER BY isred desc,id desc  [ RunTime:0.0111s ]
ERR: 模板不存在:./Application/Admin/View/Groups_edit.html

[ 2016-01-05T17:43:15+08:00 ] 127.0.0.1 /Admin/Groups
INFO: [ app_init ] --START--
INFO: Run Behavior\BuildLiteBehavior [ RunTime:0.000022s ]
INFO: [ app_init ] --END-- [ RunTime:0.000597s ]
INFO: [ app_begin ] --START--
INFO: Run Behavior\ReadHtmlCacheBehavior [ RunTime:0.000588s ]
INFO: [ app_begin ] --END-- [ RunTime:0.000642s ]
SQL: SHOW COLUMNS FROM `t_groups` [ RunTime:0.0137s ]
NOTIC: [8] Undefined variable: data D:\wamp\www\qb\Application\Admin\Controller\GroupsController.class.php 第 18 行.
SQL: SELECT COUNT(*) AS tp_count FROM `t_groups` LIMIT 1   [ RunTime:0.0113s ]
NOTIC: [8] Undefined variable: data D:\wamp\www\qb\Application\Admin\Controller\GroupsController.class.php 第 24 行.
SQL: SELECT t_groups.*,t_user.username,t_user.phone FROM `t_groups` left join t_user on t_user.id = t_groups.uid  ORDER BY state asc,id desc LIMIT 0,15   [ RunTime:0.0126s ]
INFO: [ view_parse ] --START--
INFO: [ template_filter ] --START--
INFO: Run Behavior\ContentReplaceBehavior [ RunTime:0.000046s ]
INFO: [ template_filter ] --END-- [ RunTime:0.000100s ]
NOTIC: [8] Undefined variable: verify D:\wamp\www\qb\Application\Runtime\Cache\Admin\4327f01a89f25b0c940a04bc5fd19293.php 第 39 行.
NOTIC: [8] Undefined variable: verify D:\wamp\www\qb\Application\Runtime\Cache\Admin\4327f01a89f25b0c940a04bc5fd19293.php 第 40 行.
NOTIC: [8] Undefined variable: verify D:\wamp\www\qb\Application\Runtime\Cache\Admin\4327f01a89f25b0c940a04bc5fd19293.php 第 41 行.
NOTIC: [8] Undefined variable: verify D:\wamp\www\qb\Application\Runtime\Cache\Admin\4327f01a89f25b0c940a04bc5fd19293.php 第 42 行.
NOTIC: [8] Undefined variable: verify D:\wamp\www\qb\Application\Runtime\Cache\Admin\4327f01a89f25b0c940a04bc5fd19293.php 第 43 行.
NOTIC: [8] Use of undefined constant type - assumed 'type' D:\wamp\www\qb\Application\Runtime\Cache\Admin\4327f01a89f25b0c940a04bc5fd19293.php 第 73 行.
NOTIC: [8] Undefined index: ord D:\wamp\www\qb\Application\Runtime\Cache\Admin\4327f01a89f25b0c940a04bc5fd19293.php 第 76 行.
NOTIC: [8] Use of undefined constant istop - assumed 'istop' D:\wamp\www\qb\Application\Runtime\Cache\Admin\4327f01a89f25b0c940a04bc5fd19293.php 第 80 行.
NOTIC: [8] Undefined index: istop D:\wamp\www\qb\Application\Runtime\Cache\Admin\4327f01a89f25b0c940a04bc5fd19293.php 第 80 行.
NOTIC: [8] Use of undefined constant istop - assumed 'istop' D:\wamp\www\qb\Application\Runtime\Cache\Admin\4327f01a89f25b0c940a04bc5fd19293.php 第 80 行.
NOTIC: [8] Undefined index: istop D:\wamp\www\qb\Application\Runtime\Cache\Admin\4327f01a89f25b0c940a04bc5fd19293.php 第 80 行.
NOTIC: [8] Use of undefined constant istop - assumed 'istop' D:\wamp\www\qb\Application\Runtime\Cache\Admin\4327f01a89f25b0c940a04bc5fd19293.php 第 80 行.
NOTIC: [8] Undefined index: istop D:\wamp\www\qb\Application\Runtime\Cache\Admin\4327f01a89f25b0c940a04bc5fd19293.php 第 80 行.
NOTIC: [8] Use of undefined constant isred - assumed 'isred' D:\wamp\www\qb\Application\Runtime\Cache\Admin\4327f01a89f25b0c940a04bc5fd19293.php 第 81 行.
NOTIC: [8] Undefined index: isred D:\wamp\www\qb\Application\Runtime\Cache\Admin\4327f01a89f25b0c940a04bc5fd19293.php 第 81 行.
NOTIC: [8] Use of undefined constant isred - assumed 'isred' D:\wamp\www\qb\Application\Runtime\Cache\Admin\4327f01a89f25b0c940a04bc5fd19293.php 第 81 行.
NOTIC: [8] Undefined index: isred D:\wamp\www\qb\Application\Runtime\Cache\Admin\4327f01a89f25b0c940a04bc5fd19293.php 第 81 行.
NOTIC: [8] Use of undefined constant isred - assumed 'isred' D:\wamp\www\qb\Application\Runtime\Cache\Admin\4327f01a89f25b0c940a04bc5fd19293.php 第 81 行.
NOTIC: [8] Undefined index: isred D:\wamp\www\qb\Application\Runtime\Cache\Admin\4327f01a89f25b0c940a04bc5fd19293.php 第 81 行.
NOTIC: [8] Use of undefined constant state - assumed 'state' D:\wamp\www\qb\Application\Runtime\Cache\Admin\4327f01a89f25b0c940a04bc5fd19293.php 第 87 行.
NOTIC: [8] Use of undefined constant type - assumed 'type' D:\wamp\www\qb\Application\Runtime\Cache\Admin\4327f01a89f25b0c940a04bc5fd19293.php 第 73 行.
NOTIC: [8] Undefined index: ord D:\wamp\www\qb\Application\Runtime\Cache\Admin\4327f01a89f25b0c940a04bc5fd19293.php 第 76 行.
NOTIC: [8] Use of undefined constant istop - assumed 'istop' D:\wamp\www\qb\Application\Runtime\Cache\Admin\4327f01a89f25b0c940a04bc5fd19293.php 第 80 行.
NOTIC: [8] Undefined index: istop D:\wamp\www\qb\Application\Runtime\Cache\Admin\4327f01a89f25b0c940a04bc5fd19293.php 第 80 行.
NOTIC: [8] Use of undefined constant istop - assumed 'istop' D:\wamp\www\qb\Application\Runtime\Cache\Admin\4327f01a89f25b0c940a04bc5fd19293.php 第 80 行.
NOTIC: [8] Undefined index: istop D:\wamp\www\qb\Application\Runtime\Cache\Admin\4327f01a89f25b0c940a04bc5fd19293.php 第 80 行.
NOTIC: [8] Use of undefined constant istop - assumed 'istop' D:\wamp\www\qb\Application\Runtime\Cache\Admin\4327f01a89f25b0c940a04bc5fd19293.php 第 80 行.
NOTIC: [8] Undefined index: istop D:\wamp\www\qb\Application\Runtime\Cache\Admin\4327f01a89f25b0c940a04bc5fd19293.php 第 80 行.
NOTIC: [8] Use of undefined constant isred - assumed 'isred' D:\wamp\www\qb\Application\Runtime\Cache\Admin\4327f01a89f25b0c940a04bc5fd19293.php 第 81 行.
NOTIC: [8] Undefined index: isred D:\wamp\www\qb\Application\Runtime\Cache\Admin\4327f01a89f25b0c940a04bc5fd19293.php 第 81 行.
NOTIC: [8] Use of undefined constant isred - assumed 'isred' D:\wamp\www\qb\Application\Runtime\Cache\Admin\4327f01a89f25b0c940a04bc5fd19293.php 第 81 行.
NOTIC: [8] Undefined index: isred D:\wamp\www\qb\Application\Runtime\Cache\Admin\4327f01a89f25b0c940a04bc5fd19293.php 第 81 行.
NOTIC: [8] Use of undefined constant isred - assumed 'isred' D:\wamp\www\qb\Application\Runtime\Cache\Admin\4327f01a89f25b0c940a04bc5fd19293.php 第 81 行.
NOTIC: [8] Undefined index: isred D:\wamp\www\qb\Application\Runtime\Cache\Admin\4327f01a89f25b0c940a04bc5fd19293.php 第 81 行.
NOTIC: [8] Use of undefined constant state - assumed 'state' D:\wamp\www\qb\Application\Runtime\Cache\Admin\4327f01a89f25b0c940a04bc5fd19293.php 第 87 行.
NOTIC: [8] Use of undefined constant type - assumed 'type' D:\wamp\www\qb\Application\Runtime\Cache\Admin\4327f01a89f25b0c940a04bc5fd19293.php 第 73 行.
NOTIC: [8] Undefined index: ord D:\wamp\www\qb\Application\Runtime\Cache\Admin\4327f01a89f25b0c940a04bc5fd19293.php 第 76 行.
NOTIC: [8] Use of undefined constant istop - assumed 'istop' D:\wamp\www\qb\Application\Runtime\Cache\Admin\4327f01a89f25b0c940a04bc5fd19293.php 第 80 行.
NOTIC: [8] Undefined index: istop D:\wamp\www\qb\Application\Runtime\Cache\Admin\4327f01a89f25b0c940a04bc5fd19293.php 第 80 行.
NOTIC: [8] Use of undefined constant istop - assumed 'istop' D:\wamp\www\qb\Application\Runtime\Cache\Admin\4327f01a89f25b0c940a04bc5fd19293.php 第 80 行.
NOTIC: [8] Undefined index: istop D:\wamp\www\qb\Application\Runtime\Cache\Admin\4327f01a89f25b0c940a04bc5fd19293.php 第 80 行.
NOTIC: [8] Use of undefined constant istop - assumed 'istop' D:\wamp\www\qb\Application\Runtime\Cache\Admin\4327f01a89f25b0c940a04bc5fd19293.php 第 80 行.
NOTIC: [8] Undefined index: istop D:\wamp\www\qb\Application\Runtime\Cache\Admin\4327f01a89f25b0c940a04bc5fd19293.php 第 80 行.
NOTIC: [8] Use of undefined constant isred - assumed 'isred' D:\wamp\www\qb\Application\Runtime\Cache\Admin\4327f01a89f25b0c940a04bc5fd19293.php 第 81 行.
NOTIC: [8] Undefined index: isred D:\wamp\www\qb\Application\Runtime\Cache\Admin\4327f01a89f25b0c940a04bc5fd19293.php 第 81 行.
NOTIC: [8] Use of undefined constant isred - assumed 'isred' D:\wamp\www\qb\Application\Runtime\Cache\Admin\4327f01a89f25b0c940a04bc5fd19293.php 第 81 行.
NOTIC: [8] Undefined index: isred D:\wamp\www\qb\Application\Runtime\Cache\Admin\4327f01a89f25b0c940a04bc5fd19293.php 第 81 行.
NOTIC: [8] Use of undefined constant isred - assumed 'isred' D:\wamp\www\qb\Application\Runtime\Cache\Admin\4327f01a89f25b0c940a04bc5fd19293.php 第 81 行.
NOTIC: [8] Undefined index: isred D:\wamp\www\qb\Application\Runtime\Cache\Admin\4327f01a89f25b0c940a04bc5fd19293.php 第 81 行.
NOTIC: [8] Use of undefined constant state - assumed 'state' D:\wamp\www\qb\Application\Runtime\Cache\Admin\4327f01a89f25b0c940a04bc5fd19293.php 第 87 行.
NOTIC: [8] Use of undefined constant type - assumed 'type' D:\wamp\www\qb\Application\Runtime\Cache\Admin\4327f01a89f25b0c940a04bc5fd19293.php 第 73 行.
NOTIC: [8] Undefined index: ord D:\wamp\www\qb\Application\Runtime\Cache\Admin\4327f01a89f25b0c940a04bc5fd19293.php 第 76 行.
NOTIC: [8] Use of undefined constant istop - assumed 'istop' D:\wamp\www\qb\Application\Runtime\Cache\Admin\4327f01a89f25b0c940a04bc5fd19293.php 第 80 行.
NOTIC: [8] Undefined index: istop D:\wamp\www\qb\Application\Runtime\Cache\Admin\4327f01a89f25b0c940a04bc5fd19293.php 第 80 行.
NOTIC: [8] Use of undefined constant istop - assumed 'istop' D:\wamp\www\qb\Application\Runtime\Cache\Admin\4327f01a89f25b0c940a04bc5fd19293.php 第 80 行.
NOTIC: [8] Undefined index: istop D:\wamp\www\qb\Application\Runtime\Cache\Admin\4327f01a89f25b0c940a04bc5fd19293.php 第 80 行.
NOTIC: [8] Use of undefined constant istop - assumed 'istop' D:\wamp\www\qb\Application\Runtime\Cache\Admin\4327f01a89f25b0c940a04bc5fd19293.php 第 80 行.
NOTIC: [8] Undefined index: istop D:\wamp\www\qb\Application\Runtime\Cache\Admin\4327f01a89f25b0c940a04bc5fd19293.php 第 80 行.
NOTIC: [8] Use of undefined constant isred - assumed 'isred' D:\wamp\www\qb\Application\Runtime\Cache\Admin\4327f01a89f25b0c940a04bc5fd19293.php 第 81 行.
NOTIC: [8] Undefined index: isred D:\wamp\www\qb\Application\Runtime\Cache\Admin\4327f01a89f25b0c940a04bc5fd19293.php 第 81 行.
NOTIC: [8] Use of undefined constant isred - assumed 'isred' D:\wamp\www\qb\Application\Runtime\Cache\Admin\4327f01a89f25b0c940a04bc5fd19293.php 第 81 行.
NOTIC: [8] Undefined index: isred D:\wamp\www\qb\Application\Runtime\Cache\Admin\4327f01a89f25b0c940a04bc5fd19293.php 第 81 行.
NOTIC: [8] Use of undefined constant isred - assumed 'isred' D:\wamp\www\qb\Application\Runtime\Cache\Admin\4327f01a89f25b0c940a04bc5fd19293.php 第 81 行.
NOTIC: [8] Undefined index: isred D:\wamp\www\qb\Application\Runtime\Cache\Admin\4327f01a89f25b0c940a04bc5fd19293.php 第 81 行.
NOTIC: [8] Use of undefined constant state - assumed 'state' D:\wamp\www\qb\Application\Runtime\Cache\Admin\4327f01a89f25b0c940a04bc5fd19293.php 第 87 行.
NOTIC: [8] Use of undefined constant type - assumed 'type' D:\wamp\www\qb\Application\Runtime\Cache\Admin\4327f01a89f25b0c940a04bc5fd19293.php 第 73 行.
NOTIC: [8] Undefined index: ord D:\wamp\www\qb\Application\Runtime\Cache\Admin\4327f01a89f25b0c940a04bc5fd19293.php 第 76 行.
NOTIC: [8] Use of undefined constant istop - assumed 'istop' D:\wamp\www\qb\Application\Runtime\Cache\Admin\4327f01a89f25b0c940a04bc5fd19293.php 第 80 行.
NOTIC: [8] Undefined index: istop D:\wamp\www\qb\Application\Runtime\Cache\Admin\4327f01a89f25b0c940a04bc5fd19293.php 第 80 行.
NOTIC: [8] Use of undefined constant istop - assumed 'istop' D:\wamp\www\qb\Application\Runtime\Cache\Admin\4327f01a89f25b0c940a04bc5fd19293.php 第 80 行.
NOTIC: [8] Undefined index: istop D:\wamp\www\qb\Application\Runtime\Cache\Admin\4327f01a89f25b0c940a04bc5fd19293.php 第 80 行.
NOTIC: [8] Use of undefined constant istop - assumed 'istop' D:\wamp\www\qb\Application\Runtime\Cache\Admin\4327f01a89f25b0c940a04bc5fd19293.php 第 80 行.
NOTIC: [8] Undefined index: istop D:\wamp\www\qb\Application\Runtime\Cache\Admin\4327f01a89f25b0c940a04bc5fd19293.php 第 80 行.
NOTIC: [8] Use of undefined constant isred - assumed 'isred' D:\wamp\www\qb\Application\Runtime\Cache\Admin\4327f01a89f25b0c940a04bc5fd19293.php 第 81 行.
NOTIC: [8] Undefined index: isred D:\wamp\www\qb\Application\Runtime\Cache\Admin\4327f01a89f25b0c940a04bc5fd19293.php 第 81 行.
NOTIC: [8] Use of undefined constant isred - assumed 'isred' D:\wamp\www\qb\Application\Runtime\Cache\Admin\4327f01a89f25b0c940a04bc5fd19293.php 第 81 行.
NOTIC: [8] Undefined index: isred D:\wamp\www\qb\Application\Runtime\Cache\Admin\4327f01a89f25b0c940a04bc5fd19293.php 第 81 行.
NOTIC: [8] Use of undefined constant isred - assumed 'isred' D:\wamp\www\qb\Application\Runtime\Cache\Admin\4327f01a89f25b0c940a04bc5fd19293.php 第 81 行.
NOTIC: [8] Undefined index: isred D:\wamp\www\qb\Application\Runtime\Cache\Admin\4327f01a89f25b0c940a04bc5fd19293.php 第 81 行.
NOTIC: [8] Use of undefined constant state - assumed 'state' D:\wamp\www\qb\Application\Runtime\Cache\Admin\4327f01a89f25b0c940a04bc5fd19293.php 第 87 行.
NOTIC: [8] Use of undefined constant type - assumed 'type' D:\wamp\www\qb\Application\Runtime\Cache\Admin\4327f01a89f25b0c940a04bc5fd19293.php 第 73 行.
NOTIC: [8] Undefined index: ord D:\wamp\www\qb\Application\Runtime\Cache\Admin\4327f01a89f25b0c940a04bc5fd19293.php 第 76 行.
NOTIC: [8] Use of undefined constant istop - assumed 'istop' D:\wamp\www\qb\Application\Runtime\Cache\Admin\4327f01a89f25b0c940a04bc5fd19293.php 第 80 行.
NOTIC: [8] Undefined index: istop D:\wamp\www\qb\Application\Runtime\Cache\Admin\4327f01a89f25b0c940a04bc5fd19293.php 第 80 行.
NOTIC: [8] Use of undefined constant istop - assumed 'istop' D:\wamp\www\qb\Application\Runtime\Cache\Admin\4327f01a89f25b0c940a04bc5fd19293.php 第 80 行.
NOTIC: [8] Undefined index: istop D:\wamp\www\qb\Application\Runtime\Cache\Admin\4327f01a89f25b0c940a04bc5fd19293.php 第 80 行.
NOTIC: [8] Use of undefined constant istop - assumed 'istop' D:\wamp\www\qb\Application\Runtime\Cache\Admin\4327f01a89f25b0c940a04bc5fd19293.php 第 80 行.
NOTIC: [8] Undefined index: istop D:\wamp\www\qb\Application\Runtime\Cache\Admin\4327f01a89f25b0c940a04bc5fd19293.php 第 80 行.
NOTIC: [8] Use of undefined constant isred - assumed 'isred' D:\wamp\www\qb\Application\Runtime\Cache\Admin\4327f01a89f25b0c940a04bc5fd19293.php 第 81 行.
NOTIC: [8] Undefined index: isred D:\wamp\www\qb\Application\Runtime\Cache\Admin\4327f01a89f25b0c940a04bc5fd19293.php 第 81 行.
NOTIC: [8] Use of undefined constant isred - assumed 'isred' D:\wamp\www\qb\Application\Runtime\Cache\Admin\4327f01a89f25b0c940a04bc5fd19293.php 第 81 行.
NOTIC: [8] Undefined index: isred D:\wamp\www\qb\Application\Runtime\Cache\Admin\4327f01a89f25b0c940a04bc5fd19293.php 第 81 行.
NOTIC: [8] Use of undefined constant isred - assumed 'isred' D:\wamp\www\qb\Application\Runtime\Cache\Admin\4327f01a89f25b0c940a04bc5fd19293.php 第 81 行.
NOTIC: [8] Undefined index: isred D:\wamp\www\qb\Application\Runtime\Cache\Admin\4327f01a89f25b0c940a04bc5fd19293.php 第 81 行.
NOTIC: [8] Use of undefined constant state - assumed 'state' D:\wamp\www\qb\Application\Runtime\Cache\Admin\4327f01a89f25b0c940a04bc5fd19293.php 第 87 行.
INFO: Run Behavior\ParseTemplateBehavior [ RunTime:0.012841s ]
INFO: [ view_parse ] --END-- [ RunTime:0.012948s ]
INFO: [ view_filter ] --START--
INFO: Run Behavior\WriteHtmlCacheBehavior [ RunTime:0.000553s ]
INFO: [ view_filter ] --END-- [ RunTime:0.000609s ]
INFO: [ app_end ] --START--
INFO: Run Behavior\ShowPageTraceBehavior [ RunTime:0.000789s ]
INFO: [ app_end ] --END-- [ RunTime:0.000854s ]

[ 2016-01-05T17:49:31+08:00 ] 127.0.0.1 /Admin/Groups
INFO: [ app_init ] --START--
INFO: Run Behavior\BuildLiteBehavior [ RunTime:0.000012s ]
INFO: [ app_init ] --END-- [ RunTime:0.000440s ]
INFO: [ app_begin ] --START--
INFO: Run Behavior\ReadHtmlCacheBehavior [ RunTime:0.000865s ]
INFO: [ app_begin ] --END-- [ RunTime:0.000978s ]
SQL: SHOW COLUMNS FROM `t_groups` [ RunTime:0.0112s ]
NOTIC: [8] Undefined variable: data D:\wamp\www\qb\Application\Admin\Controller\GroupsController.class.php 第 18 行.
SQL: SELECT COUNT(*) AS tp_count FROM `t_groups` LIMIT 1   [ RunTime:0.0121s ]
NOTIC: [8] Undefined variable: data D:\wamp\www\qb\Application\Admin\Controller\GroupsController.class.php 第 24 行.
SQL: SELECT t_groups.*,t_user.username,t_user.phone FROM `t_groups` left join t_user on t_user.id = t_groups.uid  ORDER BY state asc,id desc LIMIT 0,15   [ RunTime:0.0121s ]
INFO: [ view_parse ] --START--
INFO: [ template_filter ] --START--
INFO: Run Behavior\ContentReplaceBehavior [ RunTime:0.000052s ]
INFO: [ template_filter ] --END-- [ RunTime:0.000111s ]
NOTIC: [8] Undefined variable: verify D:\wamp\www\qb\Application\Runtime\Cache\Admin\4327f01a89f25b0c940a04bc5fd19293.php 第 39 行.
NOTIC: [8] Undefined variable: verify D:\wamp\www\qb\Application\Runtime\Cache\Admin\4327f01a89f25b0c940a04bc5fd19293.php 第 40 行.
NOTIC: [8] Undefined variable: verify D:\wamp\www\qb\Application\Runtime\Cache\Admin\4327f01a89f25b0c940a04bc5fd19293.php 第 41 行.
NOTIC: [8] Undefined variable: verify D:\wamp\www\qb\Application\Runtime\Cache\Admin\4327f01a89f25b0c940a04bc5fd19293.php 第 42 行.
NOTIC: [8] Undefined variable: verify D:\wamp\www\qb\Application\Runtime\Cache\Admin\4327f01a89f25b0c940a04bc5fd19293.php 第 43 行.
NOTIC: [8] Use of undefined constant type - assumed 'type' D:\wamp\www\qb\Application\Runtime\Cache\Admin\4327f01a89f25b0c940a04bc5fd19293.php 第 73 行.
NOTIC: [8] Undefined index: ord D:\wamp\www\qb\Application\Runtime\Cache\Admin\4327f01a89f25b0c940a04bc5fd19293.php 第 76 行.
NOTIC: [8] Use of undefined constant istop - assumed 'istop' D:\wamp\www\qb\Application\Runtime\Cache\Admin\4327f01a89f25b0c940a04bc5fd19293.php 第 80 行.
NOTIC: [8] Undefined index: istop D:\wamp\www\qb\Application\Runtime\Cache\Admin\4327f01a89f25b0c940a04bc5fd19293.php 第 80 行.
NOTIC: [8] Use of undefined constant istop - assumed 'istop' D:\wamp\www\qb\Application\Runtime\Cache\Admin\4327f01a89f25b0c940a04bc5fd19293.php 第 80 行.
NOTIC: [8] Undefined index: istop D:\wamp\www\qb\Application\Runtime\Cache\Admin\4327f01a89f25b0c940a04bc5fd19293.php 第 80 行.
NOTIC: [8] Use of undefined constant istop - assumed 'istop' D:\wamp\www\qb\Application\Runtime\Cache\Admin\4327f01a89f25b0c940a04bc5fd19293.php 第 80 行.
NOTIC: [8] Undefined index: istop D:\wamp\www\qb\Application\Runtime\Cache\Admin\4327f01a89f25b0c940a04bc5fd19293.php 第 80 行.
NOTIC: [8] Use of undefined constant isred - assumed 'isred' D:\wamp\www\qb\Application\Runtime\Cache\Admin\4327f01a89f25b0c940a04bc5fd19293.php 第 81 行.
NOTIC: [8] Undefined index: isred D:\wamp\www\qb\Application\Runtime\Cache\Admin\4327f01a89f25b0c940a04bc5fd19293.php 第 81 行.
NOTIC: [8] Use of undefined constant isred - assumed 'isred' D:\wamp\www\qb\Application\Runtime\Cache\Admin\4327f01a89f25b0c940a04bc5fd19293.php 第 81 行.
NOTIC: [8] Undefined index: isred D:\wamp\www\qb\Application\Runtime\Cache\Admin\4327f01a89f25b0c940a04bc5fd19293.php 第 81 行.
NOTIC: [8] Use of undefined constant isred - assumed 'isred' D:\wamp\www\qb\Application\Runtime\Cache\Admin\4327f01a89f25b0c940a04bc5fd19293.php 第 81 行.
NOTIC: [8] Undefined index: isred D:\wamp\www\qb\Application\Runtime\Cache\Admin\4327f01a89f25b0c940a04bc5fd19293.php 第 81 行.
NOTIC: [8] Use of undefined constant state - assumed 'state' D:\wamp\www\qb\Application\Runtime\Cache\Admin\4327f01a89f25b0c940a04bc5fd19293.php 第 87 行.
NOTIC: [8] Use of undefined constant type - assumed 'type' D:\wamp\www\qb\Application\Runtime\Cache\Admin\4327f01a89f25b0c940a04bc5fd19293.php 第 73 行.
NOTIC: [8] Undefined index: ord D:\wamp\www\qb\Application\Runtime\Cache\Admin\4327f01a89f25b0c940a04bc5fd19293.php 第 76 行.
NOTIC: [8] Use of undefined constant istop - assumed 'istop' D:\wamp\www\qb\Application\Runtime\Cache\Admin\4327f01a89f25b0c940a04bc5fd19293.php 第 80 行.
NOTIC: [8] Undefined index: istop D:\wamp\www\qb\Application\Runtime\Cache\Admin\4327f01a89f25b0c940a04bc5fd19293.php 第 80 行.
NOTIC: [8] Use of undefined constant istop - assumed 'istop' D:\wamp\www\qb\Application\Runtime\Cache\Admin\4327f01a89f25b0c940a04bc5fd19293.php 第 80 行.
NOTIC: [8] Undefined index: istop D:\wamp\www\qb\Application\Runtime\Cache\Admin\4327f01a89f25b0c940a04bc5fd19293.php 第 80 行.
NOTIC: [8] Use of undefined constant istop - assumed 'istop' D:\wamp\www\qb\Application\Runtime\Cache\Admin\4327f01a89f25b0c940a04bc5fd19293.php 第 80 行.
NOTIC: [8] Undefined index: istop D:\wamp\www\qb\Application\Runtime\Cache\Admin\4327f01a89f25b0c940a04bc5fd19293.php 第 80 行.
NOTIC: [8] Use of undefined constant isred - assumed 'isred' D:\wamp\www\qb\Application\Runtime\Cache\Admin\4327f01a89f25b0c940a04bc5fd19293.php 第 81 行.
NOTIC: [8] Undefined index: isred D:\wamp\www\qb\Application\Runtime\Cache\Admin\4327f01a89f25b0c940a04bc5fd19293.php 第 81 行.
NOTIC: [8] Use of undefined constant isred - assumed 'isred' D:\wamp\www\qb\Application\Runtime\Cache\Admin\4327f01a89f25b0c940a04bc5fd19293.php 第 81 行.
NOTIC: [8] Undefined index: isred D:\wamp\www\qb\Application\Runtime\Cache\Admin\4327f01a89f25b0c940a04bc5fd19293.php 第 81 行.
NOTIC: [8] Use of undefined constant isred - assumed 'isred' D:\wamp\www\qb\Application\Runtime\Cache\Admin\4327f01a89f25b0c940a04bc5fd19293.php 第 81 行.
NOTIC: [8] Undefined index: isred D:\wamp\www\qb\Application\Runtime\Cache\Admin\4327f01a89f25b0c940a04bc5fd19293.php 第 81 行.
NOTIC: [8] Use of undefined constant state - assumed 'state' D:\wamp\www\qb\Application\Runtime\Cache\Admin\4327f01a89f25b0c940a04bc5fd19293.php 第 87 行.
NOTIC: [8] Use of undefined constant type - assumed 'type' D:\wamp\www\qb\Application\Runtime\Cache\Admin\4327f01a89f25b0c940a04bc5fd19293.php 第 73 行.
NOTIC: [8] Undefined index: ord D:\wamp\www\qb\Application\Runtime\Cache\Admin\4327f01a89f25b0c940a04bc5fd19293.php 第 76 行.
NOTIC: [8] Use of undefined constant istop - assumed 'istop' D:\wamp\www\qb\Application\Runtime\Cache\Admin\4327f01a89f25b0c940a04bc5fd19293.php 第 80 行.
NOTIC: [8] Undefined index: istop D:\wamp\www\qb\Application\Runtime\Cache\Admin\4327f01a89f25b0c940a04bc5fd19293.php 第 80 行.
NOTIC: [8] Use of undefined constant istop - assumed 'istop' D:\wamp\www\qb\Application\Runtime\Cache\Admin\4327f01a89f25b0c940a04bc5fd19293.php 第 80 行.
NOTIC: [8] Undefined index: istop D:\wamp\www\qb\Application\Runtime\Cache\Admin\4327f01a89f25b0c940a04bc5fd19293.php 第 80 行.
NOTIC: [8] Use of undefined constant istop - assumed 'istop' D:\wamp\www\qb\Application\Runtime\Cache\Admin\4327f01a89f25b0c940a04bc5fd19293.php 第 80 行.
NOTIC: [8] Undefined index: istop D:\wamp\www\qb\Application\Runtime\Cache\Admin\4327f01a89f25b0c940a04bc5fd19293.php 第 80 行.
NOTIC: [8] Use of undefined constant isred - assumed 'isred' D:\wamp\www\qb\Application\Runtime\Cache\Admin\4327f01a89f25b0c940a04bc5fd19293.php 第 81 行.
NOTIC: [8] Undefined index: isred D:\wamp\www\qb\Application\Runtime\Cache\Admin\4327f01a89f25b0c940a04bc5fd19293.php 第 81 行.
NOTIC: [8] Use of undefined constant isred - assumed 'isred' D:\wamp\www\qb\Application\Runtime\Cache\Admin\4327f01a89f25b0c940a04bc5fd19293.php 第 81 行.
NOTIC: [8] Undefined index: isred D:\wamp\www\qb\Application\Runtime\Cache\Admin\4327f01a89f25b0c940a04bc5fd19293.php 第 81 行.
NOTIC: [8] Use of undefined constant isred - assumed 'isred' D:\wamp\www\qb\Application\Runtime\Cache\Admin\4327f01a89f25b0c940a04bc5fd19293.php 第 81 行.
NOTIC: [8] Undefined index: isred D:\wamp\www\qb\Application\Runtime\Cache\Admin\4327f01a89f25b0c940a04bc5fd19293.php 第 81 行.
NOTIC: [8] Use of undefined constant state - assumed 'state' D:\wamp\www\qb\Application\Runtime\Cache\Admin\4327f01a89f25b0c940a04bc5fd19293.php 第 87 行.
NOTIC: [8] Use of undefined constant type - assumed 'type' D:\wamp\www\qb\Application\Runtime\Cache\Admin\4327f01a89f25b0c940a04bc5fd19293.php 第 73 行.
NOTIC: [8] Undefined index: ord D:\wamp\www\qb\Application\Runtime\Cache\Admin\4327f01a89f25b0c940a04bc5fd19293.php 第 76 行.
NOTIC: [8] Use of undefined constant istop - assumed 'istop' D:\wamp\www\qb\Application\Runtime\Cache\Admin\4327f01a89f25b0c940a04bc5fd19293.php 第 80 行.
NOTIC: [8] Undefined index: istop D:\wamp\www\qb\Application\Runtime\Cache\Admin\4327f01a89f25b0c940a04bc5fd19293.php 第 80 行.
NOTIC: [8] Use of undefined constant istop - assumed 'istop' D:\wamp\www\qb\Application\Runtime\Cache\Admin\4327f01a89f25b0c940a04bc5fd19293.php 第 80 行.
NOTIC: [8] Undefined index: istop D:\wamp\www\qb\Application\Runtime\Cache\Admin\4327f01a89f25b0c940a04bc5fd19293.php 第 80 行.
NOTIC: [8] Use of undefined constant istop - assumed 'istop' D:\wamp\www\qb\Application\Runtime\Cache\Admin\4327f01a89f25b0c940a04bc5fd19293.php 第 80 行.
NOTIC: [8] Undefined index: istop D:\wamp\www\qb\Application\Runtime\Cache\Admin\4327f01a89f25b0c940a04bc5fd19293.php 第 80 行.
NOTIC: [8] Use of undefined constant isred - assumed 'isred' D:\wamp\www\qb\Application\Runtime\Cache\Admin\4327f01a89f25b0c940a04bc5fd19293.php 第 81 行.
NOTIC: [8] Undefined index: isred D:\wamp\www\qb\Application\Runtime\Cache\Admin\4327f01a89f25b0c940a04bc5fd19293.php 第 81 行.
NOTIC: [8] Use of undefined constant isred - assumed 'isred' D:\wamp\www\qb\Application\Runtime\Cache\Admin\4327f01a89f25b0c940a04bc5fd19293.php 第 81 行.
NOTIC: [8] Undefined index: isred D:\wamp\www\qb\Application\Runtime\Cache\Admin\4327f01a89f25b0c940a04bc5fd19293.php 第 81 行.
NOTIC: [8] Use of undefined constant isred - assumed 'isred' D:\wamp\www\qb\Application\Runtime\Cache\Admin\4327f01a89f25b0c940a04bc5fd19293.php 第 81 行.
NOTIC: [8] Undefined index: isred D:\wamp\www\qb\Application\Runtime\Cache\Admin\4327f01a89f25b0c940a04bc5fd19293.php 第 81 行.
NOTIC: [8] Use of undefined constant state - assumed 'state' D:\wamp\www\qb\Application\Runtime\Cache\Admin\4327f01a89f25b0c940a04bc5fd19293.php 第 87 行.
NOTIC: [8] Use of undefined constant type - assumed 'type' D:\wamp\www\qb\Application\Runtime\Cache\Admin\4327f01a89f25b0c940a04bc5fd19293.php 第 73 行.
NOTIC: [8] Undefined index: ord D:\wamp\www\qb\Application\Runtime\Cache\Admin\4327f01a89f25b0c940a04bc5fd19293.php 第 76 行.
NOTIC: [8] Use of undefined constant istop - assumed 'istop' D:\wamp\www\qb\Application\Runtime\Cache\Admin\4327f01a89f25b0c940a04bc5fd19293.php 第 80 行.
NOTIC: [8] Undefined index: istop D:\wamp\www\qb\Application\Runtime\Cache\Admin\4327f01a89f25b0c940a04bc5fd19293.php 第 80 行.
NOTIC: [8] Use of undefined constant istop - assumed 'istop' D:\wamp\www\qb\Application\Runtime\Cache\Admin\4327f01a89f25b0c940a04bc5fd19293.php 第 80 行.
NOTIC: [8] Undefined index: istop D:\wamp\www\qb\Application\Runtime\Cache\Admin\4327f01a89f25b0c940a04bc5fd19293.php 第 80 行.
NOTIC: [8] Use of undefined constant istop - assumed 'istop' D:\wamp\www\qb\Application\Runtime\Cache\Admin\4327f01a89f25b0c940a04bc5fd19293.php 第 80 行.
NOTIC: [8] Undefined index: istop D:\wamp\www\qb\Application\Runtime\Cache\Admin\4327f01a89f25b0c940a04bc5fd19293.php 第 80 行.
NOTIC: [8] Use of undefined constant isred - assumed 'isred' D:\wamp\www\qb\Application\Runtime\Cache\Admin\4327f01a89f25b0c940a04bc5fd19293.php 第 81 行.
NOTIC: [8] Undefined index: isred D:\wamp\www\qb\Application\Runtime\Cache\Admin\4327f01a89f25b0c940a04bc5fd19293.php 第 81 行.
NOTIC: [8] Use of undefined constant isred - assumed 'isred' D:\wamp\www\qb\Application\Runtime\Cache\Admin\4327f01a89f25b0c940a04bc5fd19293.php 第 81 行.
NOTIC: [8] Undefined index: isred D:\wamp\www\qb\Application\Runtime\Cache\Admin\4327f01a89f25b0c940a04bc5fd19293.php 第 81 行.
NOTIC: [8] Use of undefined constant isred - assumed 'isred' D:\wamp\www\qb\Application\Runtime\Cache\Admin\4327f01a89f25b0c940a04bc5fd19293.php 第 81 行.
NOTIC: [8] Undefined index: isred D:\wamp\www\qb\Application\Runtime\Cache\Admin\4327f01a89f25b0c940a04bc5fd19293.php 第 81 行.
NOTIC: [8] Use of undefined constant state - assumed 'state' D:\wamp\www\qb\Application\Runtime\Cache\Admin\4327f01a89f25b0c940a04bc5fd19293.php 第 87 行.
NOTIC: [8] Use of undefined constant type - assumed 'type' D:\wamp\www\qb\Application\Runtime\Cache\Admin\4327f01a89f25b0c940a04bc5fd19293.php 第 73 行.
NOTIC: [8] Undefined index: ord D:\wamp\www\qb\Application\Runtime\Cache\Admin\4327f01a89f25b0c940a04bc5fd19293.php 第 76 行.
NOTIC: [8] Use of undefined constant istop - assumed 'istop' D:\wamp\www\qb\Application\Runtime\Cache\Admin\4327f01a89f25b0c940a04bc5fd19293.php 第 80 行.
NOTIC: [8] Undefined index: istop D:\wamp\www\qb\Application\Runtime\Cache\Admin\4327f01a89f25b0c940a04bc5fd19293.php 第 80 行.
NOTIC: [8] Use of undefined constant istop - assumed 'istop' D:\wamp\www\qb\Application\Runtime\Cache\Admin\4327f01a89f25b0c940a04bc5fd19293.php 第 80 行.
NOTIC: [8] Undefined index: istop D:\wamp\www\qb\Application\Runtime\Cache\Admin\4327f01a89f25b0c940a04bc5fd19293.php 第 80 行.
NOTIC: [8] Use of undefined constant istop - assumed 'istop' D:\wamp\www\qb\Application\Runtime\Cache\Admin\4327f01a89f25b0c940a04bc5fd19293.php 第 80 行.
NOTIC: [8] Undefined index: istop D:\wamp\www\qb\Application\Runtime\Cache\Admin\4327f01a89f25b0c940a04bc5fd19293.php 第 80 行.
NOTIC: [8] Use of undefined constant isred - assumed 'isred' D:\wamp\www\qb\Application\Runtime\Cache\Admin\4327f01a89f25b0c940a04bc5fd19293.php 第 81 行.
NOTIC: [8] Undefined index: isred D:\wamp\www\qb\Application\Runtime\Cache\Admin\4327f01a89f25b0c940a04bc5fd19293.php 第 81 行.
NOTIC: [8] Use of undefined constant isred - assumed 'isred' D:\wamp\www\qb\Application\Runtime\Cache\Admin\4327f01a89f25b0c940a04bc5fd19293.php 第 81 行.
NOTIC: [8] Undefined index: isred D:\wamp\www\qb\Application\Runtime\Cache\Admin\4327f01a89f25b0c940a04bc5fd19293.php 第 81 行.
NOTIC: [8] Use of undefined constant isred - assumed 'isred' D:\wamp\www\qb\Application\Runtime\Cache\Admin\4327f01a89f25b0c940a04bc5fd19293.php 第 81 行.
NOTIC: [8] Undefined index: isred D:\wamp\www\qb\Application\Runtime\Cache\Admin\4327f01a89f25b0c940a04bc5fd19293.php 第 81 行.
NOTIC: [8] Use of undefined constant state - assumed 'state' D:\wamp\www\qb\Application\Runtime\Cache\Admin\4327f01a89f25b0c940a04bc5fd19293.php 第 87 行.
INFO: Run Behavior\ParseTemplateBehavior [ RunTime:0.014042s ]
INFO: [ view_parse ] --END-- [ RunTime:0.014232s ]
INFO: [ view_filter ] --START--
INFO: Run Behavior\WriteHtmlCacheBehavior [ RunTime:0.000893s ]
INFO: [ view_filter ] --END-- [ RunTime:0.001020s ]
INFO: [ app_end ] --START--
INFO: Run Behavior\ShowPageTraceBehavior [ RunTime:0.000971s ]
INFO: [ app_end ] --END-- [ RunTime:0.001036s ]

[ 2016-01-05T17:49:37+08:00 ] 127.0.0.1 /Admin/Groups/state/id/392
INFO: [ app_init ] --START--
INFO: Run Behavior\BuildLiteBehavior [ RunTime:0.000013s ]
INFO: [ app_init ] --END-- [ RunTime:0.000466s ]
INFO: [ app_begin ] --START--
INFO: Run Behavior\ReadHtmlCacheBehavior [ RunTime:0.000623s ]
INFO: [ app_begin ] --END-- [ RunTime:0.000682s ]
SQL: SHOW COLUMNS FROM `t_groups` [ RunTime:0.0107s ]
SQL: UPDATE `t_groups` SET `state`='2' WHERE `id` = 392 [ RunTime:0.0092s ]
SQL: SELECT * FROM `t_groups` WHERE `id` = 392 LIMIT 1   [ RunTime:0.0166s ]
SQL: SHOW COLUMNS FROM `t_user` [ RunTime:0.0092s ]
SQL: SELECT * FROM `t_user` WHERE `id` = 111200 LIMIT 1   [ RunTime:0.0094s ]
SQL: SHOW COLUMNS FROM `t_groupuser` [ RunTime:0.0083s ]
SQL: INSERT INTO `t_groupuser` (`group_id`,`username`,`user_id`,`level`,`addtime`) VALUES ('392','婷婷兮','111200','5','1451987377') [ RunTime:0.0121s ]

[ 2016-01-05T17:49:38+08:00 ] 127.0.0.1 /Admin/Groups
INFO: [ app_init ] --START--
INFO: Run Behavior\BuildLiteBehavior [ RunTime:0.000013s ]
INFO: [ app_init ] --END-- [ RunTime:0.000431s ]
INFO: [ app_begin ] --START--
INFO: Run Behavior\ReadHtmlCacheBehavior [ RunTime:0.000712s ]
INFO: [ app_begin ] --END-- [ RunTime:0.000785s ]
SQL: SHOW COLUMNS FROM `t_groups` [ RunTime:0.0104s ]
NOTIC: [8] Undefined variable: data D:\wamp\www\qb\Application\Admin\Controller\GroupsController.class.php 第 18 行.
SQL: SELECT COUNT(*) AS tp_count FROM `t_groups` LIMIT 1   [ RunTime:0.0104s ]
NOTIC: [8] Undefined variable: data D:\wamp\www\qb\Application\Admin\Controller\GroupsController.class.php 第 24 行.
SQL: SELECT t_groups.*,t_user.username,t_user.phone FROM `t_groups` left join t_user on t_user.id = t_groups.uid  ORDER BY state asc,id desc LIMIT 0,15   [ RunTime:0.0126s ]
INFO: [ view_parse ] --START--
INFO: [ template_filter ] --START--
INFO: Run Behavior\ContentReplaceBehavior [ RunTime:0.000077s ]
INFO: [ template_filter ] --END-- [ RunTime:0.000237s ]
NOTIC: [8] Undefined variable: verify D:\wamp\www\qb\Application\Runtime\Cache\Admin\4327f01a89f25b0c940a04bc5fd19293.php 第 39 行.
NOTIC: [8] Undefined variable: verify D:\wamp\www\qb\Application\Runtime\Cache\Admin\4327f01a89f25b0c940a04bc5fd19293.php 第 40 行.
NOTIC: [8] Undefined variable: verify D:\wamp\www\qb\Application\Runtime\Cache\Admin\4327f01a89f25b0c940a04bc5fd19293.php 第 41 行.
NOTIC: [8] Undefined variable: verify D:\wamp\www\qb\Application\Runtime\Cache\Admin\4327f01a89f25b0c940a04bc5fd19293.php 第 42 行.
NOTIC: [8] Undefined variable: verify D:\wamp\www\qb\Application\Runtime\Cache\Admin\4327f01a89f25b0c940a04bc5fd19293.php 第 43 行.
NOTIC: [8] Use of undefined constant type - assumed 'type' D:\wamp\www\qb\Application\Runtime\Cache\Admin\4327f01a89f25b0c940a04bc5fd19293.php 第 73 行.
NOTIC: [8] Undefined index: ord D:\wamp\www\qb\Application\Runtime\Cache\Admin\4327f01a89f25b0c940a04bc5fd19293.php 第 76 行.
NOTIC: [8] Use of undefined constant istop - assumed 'istop' D:\wamp\www\qb\Application\Runtime\Cache\Admin\4327f01a89f25b0c940a04bc5fd19293.php 第 80 行.
NOTIC: [8] Undefined index: istop D:\wamp\www\qb\Application\Runtime\Cache\Admin\4327f01a89f25b0c940a04bc5fd19293.php 第 80 行.
NOTIC: [8] Use of undefined constant istop - assumed 'istop' D:\wamp\www\qb\Application\Runtime\Cache\Admin\4327f01a89f25b0c940a04bc5fd19293.php 第 80 行.
NOTIC: [8] Undefined index: istop D:\wamp\www\qb\Application\Runtime\Cache\Admin\4327f01a89f25b0c940a04bc5fd19293.php 第 80 行.
NOTIC: [8] Use of undefined constant istop - assumed 'istop' D:\wamp\www\qb\Application\Runtime\Cache\Admin\4327f01a89f25b0c940a04bc5fd19293.php 第 80 行.
NOTIC: [8] Undefined index: istop D:\wamp\www\qb\Application\Runtime\Cache\Admin\4327f01a89f25b0c940a04bc5fd19293.php 第 80 行.
NOTIC: [8] Use of undefined constant isred - assumed 'isred' D:\wamp\www\qb\Application\Runtime\Cache\Admin\4327f01a89f25b0c940a04bc5fd19293.php 第 81 行.
NOTIC: [8] Undefined index: isred D:\wamp\www\qb\Application\Runtime\Cache\Admin\4327f01a89f25b0c940a04bc5fd19293.php 第 81 行.
NOTIC: [8] Use of undefined constant isred - assumed 'isred' D:\wamp\www\qb\Application\Runtime\Cache\Admin\4327f01a89f25b0c940a04bc5fd19293.php 第 81 行.
NOTIC: [8] Undefined index: isred D:\wamp\www\qb\Application\Runtime\Cache\Admin\4327f01a89f25b0c940a04bc5fd19293.php 第 81 行.
NOTIC: [8] Use of undefined constant isred - assumed 'isred' D:\wamp\www\qb\Application\Runtime\Cache\Admin\4327f01a89f25b0c940a04bc5fd19293.php 第 81 行.
NOTIC: [8] Undefined index: isred D:\wamp\www\qb\Application\Runtime\Cache\Admin\4327f01a89f25b0c940a04bc5fd19293.php 第 81 行.
NOTIC: [8] Use of undefined constant state - assumed 'state' D:\wamp\www\qb\Application\Runtime\Cache\Admin\4327f01a89f25b0c940a04bc5fd19293.php 第 87 行.
NOTIC: [8] Use of undefined constant type - assumed 'type' D:\wamp\www\qb\Application\Runtime\Cache\Admin\4327f01a89f25b0c940a04bc5fd19293.php 第 73 行.
NOTIC: [8] Undefined index: ord D:\wamp\www\qb\Application\Runtime\Cache\Admin\4327f01a89f25b0c940a04bc5fd19293.php 第 76 行.
NOTIC: [8] Use of undefined constant istop - assumed 'istop' D:\wamp\www\qb\Application\Runtime\Cache\Admin\4327f01a89f25b0c940a04bc5fd19293.php 第 80 行.
NOTIC: [8] Undefined index: istop D:\wamp\www\qb\Application\Runtime\Cache\Admin\4327f01a89f25b0c940a04bc5fd19293.php 第 80 行.
NOTIC: [8] Use of undefined constant istop - assumed 'istop' D:\wamp\www\qb\Application\Runtime\Cache\Admin\4327f01a89f25b0c940a04bc5fd19293.php 第 80 行.
NOTIC: [8] Undefined index: istop D:\wamp\www\qb\Application\Runtime\Cache\Admin\4327f01a89f25b0c940a04bc5fd19293.php 第 80 行.
NOTIC: [8] Use of undefined constant istop - assumed 'istop' D:\wamp\www\qb\Application\Runtime\Cache\Admin\4327f01a89f25b0c940a04bc5fd19293.php 第 80 行.
NOTIC: [8] Undefined index: istop D:\wamp\www\qb\Application\Runtime\Cache\Admin\4327f01a89f25b0c940a04bc5fd19293.php 第 80 行.
NOTIC: [8] Use of undefined constant isred - assumed 'isred' D:\wamp\www\qb\Application\Runtime\Cache\Admin\4327f01a89f25b0c940a04bc5fd19293.php 第 81 行.
NOTIC: [8] Undefined index: isred D:\wamp\www\qb\Application\Runtime\Cache\Admin\4327f01a89f25b0c940a04bc5fd19293.php 第 81 行.
NOTIC: [8] Use of undefined constant isred - assumed 'isred' D:\wamp\www\qb\Application\Runtime\Cache\Admin\4327f01a89f25b0c940a04bc5fd19293.php 第 81 行.
NOTIC: [8] Undefined index: isred D:\wamp\www\qb\Application\Runtime\Cache\Admin\4327f01a89f25b0c940a04bc5fd19293.php 第 81 行.
NOTIC: [8] Use of undefined constant isred - assumed 'isred' D:\wamp\www\qb\Application\Runtime\Cache\Admin\4327f01a89f25b0c940a04bc5fd19293.php 第 81 行.
NOTIC: [8] Undefined index: isred D:\wamp\www\qb\Application\Runtime\Cache\Admin\4327f01a89f25b0c940a04bc5fd19293.php 第 81 行.
NOTIC: [8] Use of undefined constant state - assumed 'state' D:\wamp\www\qb\Application\Runtime\Cache\Admin\4327f01a89f25b0c940a04bc5fd19293.php 第 87 行.
NOTIC: [8] Use of undefined constant type - assumed 'type' D:\wamp\www\qb\Application\Runtime\Cache\Admin\4327f01a89f25b0c940a04bc5fd19293.php 第 73 行.
NOTIC: [8] Undefined index: ord D:\wamp\www\qb\Application\Runtime\Cache\Admin\4327f01a89f25b0c940a04bc5fd19293.php 第 76 行.
NOTIC: [8] Use of undefined constant istop - assumed 'istop' D:\wamp\www\qb\Application\Runtime\Cache\Admin\4327f01a89f25b0c940a04bc5fd19293.php 第 80 行.
NOTIC: [8] Undefined index: istop D:\wamp\www\qb\Application\Runtime\Cache\Admin\4327f01a89f25b0c940a04bc5fd19293.php 第 80 行.
NOTIC: [8] Use of undefined constant istop - assumed 'istop' D:\wamp\www\qb\Application\Runtime\Cache\Admin\4327f01a89f25b0c940a04bc5fd19293.php 第 80 行.
NOTIC: [8] Undefined index: istop D:\wamp\www\qb\Application\Runtime\Cache\Admin\4327f01a89f25b0c940a04bc5fd19293.php 第 80 行.
NOTIC: [8] Use of undefined constant istop - assumed 'istop' D:\wamp\www\qb\Application\Runtime\Cache\Admin\4327f01a89f25b0c940a04bc5fd19293.php 第 80 行.
NOTIC: [8] Undefined index: istop D:\wamp\www\qb\Application\Runtime\Cache\Admin\4327f01a89f25b0c940a04bc5fd19293.php 第 80 行.
NOTIC: [8] Use of undefined constant isred - assumed 'isred' D:\wamp\www\qb\Application\Runtime\Cache\Admin\4327f01a89f25b0c940a04bc5fd19293.php 第 81 行.
NOTIC: [8] Undefined index: isred D:\wamp\www\qb\Application\Runtime\Cache\Admin\4327f01a89f25b0c940a04bc5fd19293.php 第 81 行.
NOTIC: [8] Use of undefined constant isred - assumed 'isred' D:\wamp\www\qb\Application\Runtime\Cache\Admin\4327f01a89f25b0c940a04bc5fd19293.php 第 81 行.
NOTIC: [8] Undefined index: isred D:\wamp\www\qb\Application\Runtime\Cache\Admin\4327f01a89f25b0c940a04bc5fd19293.php 第 81 行.
NOTIC: [8] Use of undefined constant isred - assumed 'isred' D:\wamp\www\qb\Application\Runtime\Cache\Admin\4327f01a89f25b0c940a04bc5fd19293.php 第 81 行.
NOTIC: [8] Undefined index: isred D:\wamp\www\qb\Application\Runtime\Cache\Admin\4327f01a89f25b0c940a04bc5fd19293.php 第 81 行.
NOTIC: [8] Use of undefined constant state - assumed 'state' D:\wamp\www\qb\Application\Runtime\Cache\Admin\4327f01a89f25b0c940a04bc5fd19293.php 第 87 行.
NOTIC: [8] Use of undefined constant type - assumed 'type' D:\wamp\www\qb\Application\Runtime\Cache\Admin\4327f01a89f25b0c940a04bc5fd19293.php 第 73 行.
NOTIC: [8] Undefined index: ord D:\wamp\www\qb\Application\Runtime\Cache\Admin\4327f01a89f25b0c940a04bc5fd19293.php 第 76 行.
NOTIC: [8] Use of undefined constant istop - assumed 'istop' D:\wamp\www\qb\Application\Runtime\Cache\Admin\4327f01a89f25b0c940a04bc5fd19293.php 第 80 行.
NOTIC: [8] Undefined index: istop D:\wamp\www\qb\Application\Runtime\Cache\Admin\4327f01a89f25b0c940a04bc5fd19293.php 第 80 行.
NOTIC: [8] Use of undefined constant istop - assumed 'istop' D:\wamp\www\qb\Application\Runtime\Cache\Admin\4327f01a89f25b0c940a04bc5fd19293.php 第 80 行.
NOTIC: [8] Undefined index: istop D:\wamp\www\qb\Application\Runtime\Cache\Admin\4327f01a89f25b0c940a04bc5fd19293.php 第 80 行.
NOTIC: [8] Use of undefined constant istop - assumed 'istop' D:\wamp\www\qb\Application\Runtime\Cache\Admin\4327f01a89f25b0c940a04bc5fd19293.php 第 80 行.
NOTIC: [8] Undefined index: istop D:\wamp\www\qb\Application\Runtime\Cache\Admin\4327f01a89f25b0c940a04bc5fd19293.php 第 80 行.
NOTIC: [8] Use of undefined constant isred - assumed 'isred' D:\wamp\www\qb\Application\Runtime\Cache\Admin\4327f01a89f25b0c940a04bc5fd19293.php 第 81 行.
NOTIC: [8] Undefined index: isred D:\wamp\www\qb\Application\Runtime\Cache\Admin\4327f01a89f25b0c940a04bc5fd19293.php 第 81 行.
NOTIC: [8] Use of undefined constant isred - assumed 'isred' D:\wamp\www\qb\Application\Runtime\Cache\Admin\4327f01a89f25b0c940a04bc5fd19293.php 第 81 行.
NOTIC: [8] Undefined index: isred D:\wamp\www\qb\Application\Runtime\Cache\Admin\4327f01a89f25b0c940a04bc5fd19293.php 第 81 行.
NOTIC: [8] Use of undefined constant isred - assumed 'isred' D:\wamp\www\qb\Application\Runtime\Cache\Admin\4327f01a89f25b0c940a04bc5fd19293.php 第 81 行.
NOTIC: [8] Undefined index: isred D:\wamp\www\qb\Application\Runtime\Cache\Admin\4327f01a89f25b0c940a04bc5fd19293.php 第 81 行.
NOTIC: [8] Use of undefined constant state - assumed 'state' D:\wamp\www\qb\Application\Runtime\Cache\Admin\4327f01a89f25b0c940a04bc5fd19293.php 第 87 行.
NOTIC: [8] Use of undefined constant type - assumed 'type' D:\wamp\www\qb\Application\Runtime\Cache\Admin\4327f01a89f25b0c940a04bc5fd19293.php 第 73 行.
NOTIC: [8] Undefined index: ord D:\wamp\www\qb\Application\Runtime\Cache\Admin\4327f01a89f25b0c940a04bc5fd19293.php 第 76 行.
NOTIC: [8] Use of undefined constant istop - assumed 'istop' D:\wamp\www\qb\Application\Runtime\Cache\Admin\4327f01a89f25b0c940a04bc5fd19293.php 第 80 行.
NOTIC: [8] Undefined index: istop D:\wamp\www\qb\Application\Runtime\Cache\Admin\4327f01a89f25b0c940a04bc5fd19293.php 第 80 行.
NOTIC: [8] Use of undefined constant istop - assumed 'istop' D:\wamp\www\qb\Application\Runtime\Cache\Admin\4327f01a89f25b0c940a04bc5fd19293.php 第 80 行.
NOTIC: [8] Undefined index: istop D:\wamp\www\qb\Application\Runtime\Cache\Admin\4327f01a89f25b0c940a04bc5fd19293.php 第 80 行.
NOTIC: [8] Use of undefined constant istop - assumed 'istop' D:\wamp\www\qb\Application\Runtime\Cache\Admin\4327f01a89f25b0c940a04bc5fd19293.php 第 80 行.
NOTIC: [8] Undefined index: istop D:\wamp\www\qb\Application\Runtime\Cache\Admin\4327f01a89f25b0c940a04bc5fd19293.php 第 80 行.
NOTIC: [8] Use of undefined constant isred - assumed 'isred' D:\wamp\www\qb\Application\Runtime\Cache\Admin\4327f01a89f25b0c940a04bc5fd19293.php 第 81 行.
NOTIC: [8] Undefined index: isred D:\wamp\www\qb\Application\Runtime\Cache\Admin\4327f01a89f25b0c940a04bc5fd19293.php 第 81 行.
NOTIC: [8] Use of undefined constant isred - assumed 'isred' D:\wamp\www\qb\Application\Runtime\Cache\Admin\4327f01a89f25b0c940a04bc5fd19293.php 第 81 行.
NOTIC: [8] Undefined index: isred D:\wamp\www\qb\Application\Runtime\Cache\Admin\4327f01a89f25b0c940a04bc5fd19293.php 第 81 行.
NOTIC: [8] Use of undefined constant isred - assumed 'isred' D:\wamp\www\qb\Application\Runtime\Cache\Admin\4327f01a89f25b0c940a04bc5fd19293.php 第 81 行.
NOTIC: [8] Undefined index: isred D:\wamp\www\qb\Application\Runtime\Cache\Admin\4327f01a89f25b0c940a04bc5fd19293.php 第 81 行.
NOTIC: [8] Use of undefined constant state - assumed 'state' D:\wamp\www\qb\Application\Runtime\Cache\Admin\4327f01a89f25b0c940a04bc5fd19293.php 第 87 行.
NOTIC: [8] Use of undefined constant type - assumed 'type' D:\wamp\www\qb\Application\Runtime\Cache\Admin\4327f01a89f25b0c940a04bc5fd19293.php 第 73 行.
NOTIC: [8] Undefined index: ord D:\wamp\www\qb\Application\Runtime\Cache\Admin\4327f01a89f25b0c940a04bc5fd19293.php 第 76 行.
NOTIC: [8] Use of undefined constant istop - assumed 'istop' D:\wamp\www\qb\Application\Runtime\Cache\Admin\4327f01a89f25b0c940a04bc5fd19293.php 第 80 行.
NOTIC: [8] Undefined index: istop D:\wamp\www\qb\Application\Runtime\Cache\Admin\4327f01a89f25b0c940a04bc5fd19293.php 第 80 行.
NOTIC: [8] Use of undefined constant istop - assumed 'istop' D:\wamp\www\qb\Application\Runtime\Cache\Admin\4327f01a89f25b0c940a04bc5fd19293.php 第 80 行.
NOTIC: [8] Undefined index: istop D:\wamp\www\qb\Application\Runtime\Cache\Admin\4327f01a89f25b0c940a04bc5fd19293.php 第 80 行.
NOTIC: [8] Use of undefined constant istop - assumed 'istop' D:\wamp\www\qb\Application\Runtime\Cache\Admin\4327f01a89f25b0c940a04bc5fd19293.php 第 80 行.
NOTIC: [8] Undefined index: istop D:\wamp\www\qb\Application\Runtime\Cache\Admin\4327f01a89f25b0c940a04bc5fd19293.php 第 80 行.
NOTIC: [8] Use of undefined constant isred - assumed 'isred' D:\wamp\www\qb\Application\Runtime\Cache\Admin\4327f01a89f25b0c940a04bc5fd19293.php 第 81 行.
NOTIC: [8] Undefined index: isred D:\wamp\www\qb\Application\Runtime\Cache\Admin\4327f01a89f25b0c940a04bc5fd19293.php 第 81 行.
NOTIC: [8] Use of undefined constant isred - assumed 'isred' D:\wamp\www\qb\Application\Runtime\Cache\Admin\4327f01a89f25b0c940a04bc5fd19293.php 第 81 行.
NOTIC: [8] Undefined index: isred D:\wamp\www\qb\Application\Runtime\Cache\Admin\4327f01a89f25b0c940a04bc5fd19293.php 第 81 行.
NOTIC: [8] Use of undefined constant isred - assumed 'isred' D:\wamp\www\qb\Application\Runtime\Cache\Admin\4327f01a89f25b0c940a04bc5fd19293.php 第 81 行.
NOTIC: [8] Undefined index: isred D:\wamp\www\qb\Application\Runtime\Cache\Admin\4327f01a89f25b0c940a04bc5fd19293.php 第 81 行.
NOTIC: [8] Use of undefined constant state - assumed 'state' D:\wamp\www\qb\Application\Runtime\Cache\Admin\4327f01a89f25b0c940a04bc5fd19293.php 第 87 行.
INFO: Run Behavior\ParseTemplateBehavior [ RunTime:0.014534s ]
INFO: [ view_parse ] --END-- [ RunTime:0.014600s ]
INFO: [ view_filter ] --START--
INFO: Run Behavior\WriteHtmlCacheBehavior [ RunTime:0.000506s ]
INFO: [ view_filter ] --END-- [ RunTime:0.000550s ]
INFO: [ app_end ] --START--
INFO: Run Behavior\ShowPageTraceBehavior [ RunTime:0.000703s ]
INFO: [ app_end ] --END-- [ RunTime:0.000751s ]

